Rewrote 3992 muxes to qmuxes
Rewrote 0 inverted muxes to qmuxes
Reduced all qmuxes
Found 3 memory(ies):
	Memory 0: width = 8, height = 512
		Read port 0:
			Read address: (10825, 10823, 10821, 10819, 10817)...
			Read data: (602, 604, 606, 608, 610)...
			Registers: [(8857, 8848, 8839, 8830, 8821), (8858, 8849, 8840, 8831, 8822), (8859, 8850, 8841, 8832, 8823), (8860, 8851, 8842, 8833, 8824), (8861, 8852, 8843, 8834, 8825)]...
		Write port:
			Write enable: 100000000
			Write address: (100001279, 100001534, 100001725, 100001852, 100001931)...
			Write data: (4249, 4252, 4254, 4256, 4258)...
	Memory 1: width = 50, height = 64
		Read port 0:
			Read address: (16172, 16169, 16166, 16163, 16160)...
			Read data: (620, 622, 624, 626, 628)...
			Registers: [(8866, 4199, 4148, 4097, 4046), (8867, 4200, 4149, 4098, 4047), (8868, 4201, 4150, 4099, 4048), (8869, 4202, 4151, 4100, 4049), (8870, 4203, 4152, 4101, 4050)]...
		Write port:
			Write enable: 100002029
			Write address: (100002188, 100002219, 100002242, 100002257, 100002266)...
			Write data: (986, 989, 991, 993, 995)...
	Memory 2: width = 43, height = 16
		Read port 0:
			Read address: (10518, 10516, 10514, 10512, 10510)...
			Read data: (412, 413, 414, 415)
			Registers: [(888, 8975, 9019, 9063, 9107), (890, 8976, 9020, 9064, 9108), (892, 8977, 9021, 9065, 9109), (894, 8978, 9022, 9066, 9110), (896, 8979, 9023, 9067, 9111)]...
		Write port:
			Write enable: 100002272
			Write address: (100002311, 100002318, 100002323, 100002326)
			Write data: (886, 889, 891, 893, 895)...
Time elapsed: 0.46s
