Rewrote 141177 muxes to qmuxes
Rewrote 0 inverted muxes to qmuxes
Reduced all qmuxes
Found 13 memory(ies):
	Memory 0: width = 64, height = 512
		Read port 0:
			Read address: (1404520, 1404517, 1404514, 1404511, 1404508)...
			Read data: (1156, 1158, 1160, 1162, 1164)...
			Registers: [(7762, 7697, 7632, 7567, 7502), (7763, 7698, 7633, 7568, 7503), (7764, 7699, 7634, 7569, 7504), (7765, 7700, 7635, 7570, 7505), (7766, 7701, 7636, 7571, 7506)]...
		Write port:
			Write enable: 100000000
			Write address: (100001279, 100001534, 100001725, 100001852, 100001931)...
			Write data: (3757, 3760, 3762, 3764, 3766)...
	Memory 1: width = 64, height = 512
		Read port 0:
			Read address: (1437224, 1437221, 1437218, 1437215, 1437212)...
			Read data: (1174, 1176, 1178, 1180, 1182)...
			Registers: [(7828, 276008, 275943, 275878, 275813), (7830, 276009, 275944, 275879, 275814), (7832, 276010, 275945, 275880, 275815), (7834, 276011, 275946, 275881, 275816), (7836, 276012, 275947, 275882, 275817)]...
		Write port:
			Write enable: 100002029
			Write address: (100003308, 100003563, 100003754, 100003881, 100003960)...
			Write data: (7826, 7829, 7831, 7833, 7835)...
	Memory 2: width = 64, height = 512
		Read port 0:
			Read address: (1469928, 1469925, 1469922, 1469919, 1469916)...
			Read data: (1192, 1194, 1196, 1198, 1200)...
			Registers: [(7957, 242793, 242728, 242663, 242598), (7959, 242794, 242729, 242664, 242599), (7961, 242795, 242730, 242665, 242600), (7963, 242796, 242731, 242666, 242601), (7965, 242797, 242732, 242667, 242602)]...
		Write port:
			Write enable: 100004058
			Write address: (100005337, 100005592, 100005783, 100005910, 100005989)...
			Write data: (7955, 7958, 7960, 7962, 7964)...
	Memory 3: width = 64, height = 512
		Read port 0:
			Read address: (1502632, 1502629, 1502626, 1502623, 1502620)...
			Read data: (1210, 1212, 1214, 1216, 1218)...
			Registers: [(8086, 209578, 209513, 209448, 209383), (8088, 209579, 209514, 209449, 209384), (8090, 209580, 209515, 209450, 209385), (8092, 209581, 209516, 209451, 209386), (8094, 209582, 209517, 209452, 209387)]...
		Write port:
			Write enable: 100006087
			Write address: (100007366, 100007621, 100007812, 100007939, 100008018)...
			Write data: (8084, 8087, 8089, 8091, 8093)...
	Memory 4: width = 64, height = 512
		Read port 0:
			Read address: (1535336, 1535333, 1535330, 1535327, 1535324)...
			Read data: (1228, 1230, 1232, 1234, 1236)...
			Registers: [(8215, 176363, 176298, 176233, 176168), (8217, 176364, 176299, 176234, 176169), (8219, 176365, 176300, 176235, 176170), (8221, 176366, 176301, 176236, 176171), (8223, 176367, 176302, 176237, 176172)]...
		Write port:
			Write enable: 100008116
			Write address: (100009395, 100009650, 100009841, 100009968, 100010047)...
			Write data: (8213, 8216, 8218, 8220, 8222)...
	Memory 5: width = 64, height = 512
		Read port 0:
			Read address: (1568040, 1568037, 1568034, 1568031, 1568028)...
			Read data: (1246, 1248, 1250, 1252, 1254)...
			Registers: [(8344, 143148, 143083, 143018, 142953), (8346, 143149, 143084, 143019, 142954), (8348, 143150, 143085, 143020, 142955), (8350, 143151, 143086, 143021, 142956), (8352, 143152, 143087, 143022, 142957)]...
		Write port:
			Write enable: 100010145
			Write address: (100011424, 100011679, 100011870, 100011997, 100012076)...
			Write data: (8342, 8345, 8347, 8349, 8351)...
	Memory 6: width = 64, height = 512
		Read port 0:
			Read address: (1600744, 1600741, 1600738, 1600735, 1600732)...
			Read data: (1264, 1266, 1268, 1270, 1272)...
			Registers: [(8473, 109933, 109868, 109803, 109738), (8475, 109934, 109869, 109804, 109739), (8477, 109935, 109870, 109805, 109740), (8479, 109936, 109871, 109806, 109741), (8481, 109937, 109872, 109807, 109742)]...
		Write port:
			Write enable: 100012174
			Write address: (100013453, 100013708, 100013899, 100014026, 100014105)...
			Write data: (8471, 8474, 8476, 8478, 8480)...
	Memory 7: width = 64, height = 512
		Read port 0:
			Read address: (1633448, 1633445, 1633442, 1633439, 1633436)...
			Read data: (1282, 1284, 1286, 1288, 1290)...
			Registers: [(8602, 76718, 76653, 76588, 76523), (8604, 76719, 76654, 76589, 76524), (8606, 76720, 76655, 76590, 76525), (8608, 76721, 76656, 76591, 76526), (8610, 76722, 76657, 76592, 76527)]...
		Write port:
			Write enable: 100014203
			Write address: (100015482, 100015737, 100015928, 100016055, 100016134)...
			Write data: (8600, 8603, 8605, 8607, 8609)...
	Memory 8: width = 8, height = 512
		Read port 0:
			Read address: (1671309, 1671306, 1671303, 1671300, 1671297)...
			Read data: (1324, 1326, 1328, 1330, 1332)...
			Registers: [(8955, 39125, 39116, 39107, 39098), (8957, 39126, 39117, 39108, 39099), (8959, 39127, 39118, 39109, 39100), (8961, 39128, 39119, 39110, 39101), (8963, 39129, 39120, 39111, 39102)]...
		Write port:
			Write enable: 100016232
			Write address: (100017511, 100017766, 100017957, 100018084, 100018163)...
			Write data: (8953, 8956, 8958, 8960, 8962)...
	Memory 9: width = 184, height = 64
		Read port 0:
			Read address: (320008, 319993, 319978, 319963, 319948)...
			Read data: (305250, 305252, 305254, 305256, 305258)...
			Registers: [(31331, 24803, 25187, 25571, 25955), (31333, 24805, 25189, 25573, 25957), (31335, 24807, 25191, 25575, 25959), (31338, 24810, 25194, 25578, 25962), (31340, 24812, 25196, 25580, 25964)]...
		Write port:
			Write enable: 100018261
			Write address: (100018420, 100018451, 100018474, 100018489, 100018498)...
			Write data: (31329, 31332, 31334, 31336, 31339)...
	Memory 10: width = 50, height = 64
		Read port 0:
			Read address: (1668285, 1668282, 1668279, 1668276, 1668273)...
			Read data: (1312, 1314, 1316, 1318, 1320)...
			Registers: [(8903, 8852, 8752, 42194, 42143), (8904, 8853, 8754, 42195, 42144), (8905, 8854, 8756, 42196, 42145), (8906, 8855, 8758, 42197, 42146), (8907, 8856, 8760, 42198, 42147)]...
		Write port:
			Write enable: 100018504
			Write address: (100018663, 100018694, 100018717, 100018732, 100018741)...
			Write data: (8750, 8753, 8755, 8757, 8759)...
	Memory 11: width = 14, height = 32
		Read port 0:
			Read address: (1665973, 1665971, 1665969, 1665967, 1665965)...
			Read data: (1300, 1302, 1304, 1306, 1308)
			Registers: [(8731, 43548, 43527, 43506, 43485), (8734, 43551, 43530, 43509, 43488), (8737, 43554, 43533, 43512, 43491), (8740, 43557, 43536, 43515, 43494), (8743, 43560, 43539, 43518, 43497)]...
		Write port:
			Write enable: 100018747
			Write address: (100018826, 100018841, 100018852, 100018859, 100018863)
			Write data: (8729, 8732, 8735, 8738, 8741)...
	Memory 12: width = 43, height = 16
		Read port 0:
			Read address: (1675502, 1675499, 1675496, 1675493, 1675490)...
			Read data: (221, 222, 223, 224)
			Registers: [(8972, 34491, 34447, 34403, 34359), (8974, 34492, 34448, 34404, 34360), (8976, 34493, 34449, 34405, 34361), (8978, 34494, 34450, 34406, 34362), (8980, 34495, 34451, 34407, 34363)]...
		Write port:
			Write enable: 100018864
			Write address: (100018903, 100018910, 100018915, 100018918)
			Write data: (8970, 8973, 8975, 8977, 8979)...
Time elapsed: 34.95s
