Rewrote 2973 muxes to qmuxes
Rewrote 3928 inverted muxes to qmuxes
Reduced all qmuxes
Found 19 memory(ies):
	Memory 0: width = 33, height = 32
		Read port 0:
			Read address: (600690, 600881, 600952, 601004, 601051)...
			Read data: (600570, 600577, 600591, 600610, 600642)
			Registers: [(600682, 600684, 600677, 600679, 600671), (600706, 600682, 600684, 600677, 600679), (600704, 600706, 600682, 600684, 600677), (600711, 600704, 600706, 600682, 600684), (600709, 600711, 600704, 600706, 600682)]...
		Write port:
			Write enable: 100000000
			Write address: (100000011, 100000011, 100000011, 100000011, 100000011)
			Write data: (618859, 618848, 618837, 618826, 618815)...
	Memory 1: width = 34, height = 32
		Read port 0:
			Read address: (602452, 602475, 602507, 602530, 602549)...
			Read data: (600570, 600826, 600828, 600830, 600832)
			Registers: [(600659, 600668, 600666, 600673, 600671), (600668, 600666, 600673, 600671, 600679), (600666, 600673, 600671, 600679, 600677), (600673, 600671, 600679, 600677, 600684), (600671, 600679, 600677, 600684, 600682)]...
		Write port:
			Write enable: 100000012
			Write address: (100000011, 100000011, 100000011, 100000011, 100000011)
			Write data: (618939, 618929, 618919, 618909, 618899)...
	Memory 2: width = 66, height = 32
		Read port 0:
			Read address: (622278, 622401, 622502, 622603, 622704)...
			Read data: (622183, 622190, 622203, 622228, 622277)
			Registers: [(622179, 622181, 622185, 622187, 622192), (622307, 622309, 622312, 622314, 622318), (622408, 622410, 622413, 622415, 622419), (622509, 622511, 622514, 622516, 622520), (622610, 622612, 622615, 622617, 622621)]...
		Write port:
			Write enable: 100000015
			Write address: (100000094, 100000109, 100000120, 100000127, 100000131)
			Write data: (622303, 622404, 622505, 622606, 622707)...
	Memory 3: width = 132, height = 32
		Read port 0:
			Read address: (633465, 633559, 633629, 633699, 633769)...
			Read data: (628870, 628873, 628878, 628887, 628904)
			Registers: [(633403, 633404, 633406, 633407, 633410), (633497, 633498, 633500, 633501, 633504), (633567, 633568, 633570, 633571, 633574), (633637, 633638, 633640, 633641, 633644), (633707, 633708, 633710, 633711, 633714)]...
		Read port 1:
			Read address: (631170, 638077, 638130, 638165, 638200)...
			Read data: (631135, 631138, 631143, 631152, 631169)
			Registers: [(622179, 622181, 622185, 622187, 622192), (633403, 633404, 633406, 633407, 633410), (633497, 633498, 633500, 633501, 633504), (633567, 633568, 633570, 633571, 633574), (633637, 633638, 633640, 633641, 633644)]...
		Write port:
			Write enable: 100000132
			Write address: (100000211, 100000226, 100000237, 100000244, 100000248)
			Write data: (633493, 633563, 633633, 633703, 633773)...
	Memory 4: width = 20, height = 32
		Read port 0:
			Read address: (21553, 21486, 21425, 21361, 21300)...
			Read data: (10324, 10308, 19166, 19170, 19174)
			Registers: [(10697, 10715, 10663, 10013, 10768), (10013, 10697, 10647, 10663, 10751), (10663, 10013, 10630, 10647, 10732), (10647, 10663, 10614, 10630, 10715), (10630, 10647, 10596, 10614, 10697)]...
		Write port:
			Write enable: 100000249
			Write address: (100000011, 100000011, 100000011, 100000011, 100000011)
			Write data: (676279, 676304, 676328, 676356, 676380)...
	Memory 5: width = 20, height = 32
		Read port 0:
			Read address: (24723, 24772, 24812, 24840, 24868)...
			Read data: (11708, 11670, 24522, 24528, 24538)
			Registers: [(12492, 12539, 12415, 12455, 12647), (12455, 12492, 12378, 12415, 12612), (12415, 12455, 12335, 12378, 12574), (12378, 12415, 12298, 12335, 12539), (12335, 12378, 12260, 12298, 12492)]...
		Write port:
			Write enable: 100000252
			Write address: (100000011, 100000011, 100000011, 100000011, 100000011)
			Write data: (673980, 673997, 674014, 674031, 674048)...
	Memory 6: width = 20, height = 32
		Read port 0:
			Read address: (21656, 21615, 21578, 21511, 21450)...
			Read data: (1253, 1254, 19217, 19221, 19225)
			Registers: [(12554, 12592, 12472, 9964, 12703), (9964, 12554, 12435, 12472, 12668), (12472, 9964, 12395, 12435, 12627), (12435, 12472, 12358, 12395, 12592), (12395, 12435, 12315, 12358, 12554)]...
		Write port:
			Write enable: 100000255
			Write address: (100000011, 100000011, 100000011, 100000011, 100000011)
			Write data: (674971, 674982, 674993, 675004, 675015)...
	Memory 7: width = 8, height = 8
		Read port 0:
			Read address: (617542, 617533, 617526, 617518, 617511)...
			Read data: (602666, 602644, 602622)
			Registers: [(600668, 600666, 600673, 600671, 600679), (600706, 600704, 600711, 600709, 600717), (600729, 600727, 600734, 600732, 600740), (600753, 600751, 600758, 600756, 600764), (600776, 600774, 600781, 600779, 600787)]...
		Write port:
			Write enable: 100000258
			Write address: (100000009, 100000009, 100000009)
			Write data: (618929, 618848, 618760, 618671, 618556)...
	Memory 8: width = 80, height = 8
		Read port 0:
			Read address: (643800, 643784, 644062, 644046, 644028)...
			Read data: (619974, 619990, 620002)
			Registers: [(643796, 643797, 643793, 643794, 643789), (643780, 643781, 643777, 643778, 643773), (644058, 644059, 644055, 644056, 644051), (644042, 644043, 644039, 644040, 644035), (644024, 644025, 644021, 644022, 644017)]...
		Write port:
			Write enable: 100000261
			Write address: (100000280, 100000283, 100000285)
			Write data: (120, 121, 122, 123, 124)...
	Memory 9: width = 94, height = 8
		Read port 0:
			Read address: (6130, 6145, 6160, 619919, 619902)...
			Read data: (3427, 3432, 3435)
			Registers: [(6116, 6117, 6119, 6120, 6123), (6131, 6132, 6134, 6135, 6138), (6146, 6147, 6149, 6150, 6153), (619905, 619906, 619908, 619909, 619912), (619888, 619889, 619891, 619892, 619895)]...
		Write port:
			Write enable: 100000286
			Write address: (100000297, 100000300, 100000302)
			Write data: (65, 66, 67, 68, 69)...
	Memory 10: width = 113, height = 4
		Read port 0:
			Read address: (241, 242, 243, 244, 245)...
			Read data: (619174, 619179)
			Registers: [(619172, 619173, 619176, 619177), (619180, 619181, 619183, 619184), (619186, 619187, 619189, 619190), (619192, 619193, 619195, 619196), (619198, 619199, 619201, 619202)]...
		Write port:
			Write enable: 100000303
			Write address: (100000312, 100000313)
			Write data: (622152, 622153, 622154, 622155, 622156)...
	Memory 11: width = 128, height = 2
		Read port 0:
			Read address: (590256, 600846, 589941, 589946, 589951)...
			Read data: (589940,)
			Registers: [(590254, 590255), (600845, 589939), (589938, 589939), (589944, 589945), (589949, 589950)]...
		Write port:
			Write enable: 100000314
			Write address: (100000007,)
			Write data: (23814, 10139, 19189, 23863, 19243)...
	Memory 12: width = 64, height = 2
		Read port 0:
			Read address: (602608, 602627, 600918, 600807, 601024)...
			Read data: (600806,)
			Registers: [(14142, 600787), (14063, 600785), (16165, 600563), (16165, 600565), (16165, 600578)]...
		Read port 1:
			Read address: (677667, 677658, 677643, 677633, 677621)...
			Read data: (603128,)
			Registers: [(16165, 600666), (16109, 600673), (16053, 600671), (15992, 600679), (15938, 600677)]...
		Write port:
			Write enable: 100000317
			Write address: (100000007,)
			Write data: (13538, 13558, 11141, 11141, 11141)...
	Memory 13: width = 64, height = 2
		Read port 0:
			Read address: (603086, 604922, 604893, 604864, 604835)...
			Read data: (603085,)
			Registers: [(589939, 600565), (589945, 600563), (589950, 600580), (589955, 600578), (589960, 600594)]...
		Write port:
			Write enable: 100000320
			Write address: (100000007,)
			Write data: (618532, 618526, 618515, 618504, 618493)...
	Memory 14: width = 32, height = 2
		Read port 0:
			Read address: (608657, 608704, 608751, 608798, 608845)...
			Read data: (608656,)
			Registers: [(7729, 604977), (7728, 604997), (7726, 605017), (7725, 605037), (7722, 605057)]...
		Write port:
			Write enable: 100000323
			Write address: (100000007,)
			Write data: (991920, 991921, 991922, 991923, 991924)...
	Memory 15: width = 8, height = 2
		Read port 0:
			Read address: (10122, 13463, 13438, 10066, 10072)...
			Read data: (10065,)
			Registers: [(10120, 10118), (13461, 13458), (13436, 13433), (10063, 10061), (10070, 10068)]...
		Write port:
			Write enable: 100000326
			Write address: (100000007,)
			Write data: (673302, 673330, 673358, 673103, 673177)...
	Memory 16: width = 14, height = 2
		Read port 0:
			Read address: (11128, 13589, 11229, 11125, 13567)...
			Read data: (10066,)
			Registers: [(10144, 11126), (11126, 10144), (11126, 11121), (11121, 11123), (11121, 11126)]...
		Write port:
			Write enable: 100000329
			Write address: (100000007,)
			Write data: (675463, 675487, 675487, 675513, 675513)...
	Memory 17: width = 8, height = 2
		Read port 0:
			Read address: (13605, 13584, 13560, 13540, 13514)...
			Read data: (11143,)
			Registers: [(9945, 10144), (13582, 11126), (13558, 11121), (13538, 11123), (13512, 11115)]...
		Read port 1:
			Read address: (13998, 13996, 14051, 14131, 14187)...
			Read data: (9947,)
			Registers: [(9945, 10144), (13582, 11126), (13558, 11121), (13538, 11123), (13512, 11115)]...
		Write port:
			Write enable: 100000332
			Write address: (100000007,)
			Write data: (13974, 14024, 14102, 14161, 14221)...
	Memory 18: width = 8, height = 2
		Read port 0:
			Read address: (672328, 672100, 671990, 671886, 671782)...
			Read data: (13926,)
			Registers: [(10061, 10144), (10068, 11126), (10084, 11121), (10095, 11123), (10106, 11115)]...
		Write port:
			Write enable: 100000335
			Write address: (100000007,)
			Write data: (674641, 674652, 674663, 674674, 674685)...
Time elapsed: 10.25s
