Rewrote 3168 muxes to qmuxes
Rewrote 0 inverted muxes to qmuxes
Reduced all qmuxes
Found 1 memory(ies):
	Memory 0: width = 66, height = 32
		Read port 0:
			Read address: (4771, 4806, 4839, 4872, 4905)...
			Read data: (4736, 4739, 4744, 4753, 4770)
			Registers: [(292, 293, 296, 297, 301), (365, 366, 368, 369, 372), (431, 432, 434, 435, 438), (497, 498, 500, 501, 504), (563, 564, 566, 567, 570)]...
		Read port 1:
			Read address: (7037, 7072, 7105, 7138, 7171)...
			Read data: (7002, 7005, 7010, 7019, 7036)
			Registers: [(292, 293, 296, 297, 301), (365, 366, 368, 369, 372), (431, 432, 434, 435, 438), (497, 498, 500, 501, 504), (563, 564, 566, 567, 570)]...
		Read port 2:
			Read address: (359, 427, 493, 559, 625)...
			Read data: (294, 299, 308, 325, 358)
			Registers: [(292, 293, 296, 297, 301), (365, 366, 368, 369, 372), (431, 432, 434, 435, 438), (497, 498, 500, 501, 504), (563, 564, 566, 567, 570)]...
		Write port:
			Write enable: 100000000
			Write address: (100000079, 100000094, 100000105, 100000112, 100000116)
			Write data: (226, 227, 228, 229, 230)...
Time elapsed: 0.15s
