Rewrote 138186 muxes to qmuxes
Rewrote 3074 inverted muxes to qmuxes
Reduced all qmuxes
Found 14 memory(ies):
	Memory 0: width = 8, height = 512
		Read port 0:
			Read address: (144730, 185539, 149341, 187080, 147804)...
			Read data: (142409, 142414, 142423, 142440, 142473)...
			Registers: [(143705, 143706, 143708, 143709, 143712), (184005, 184007, 184010, 184012, 184016), (147807, 147809, 147812, 147814, 147818), (185546, 185548, 185551, 185553, 185557), (146270, 146272, 146275, 146277, 146281)]...
		Write port:
			Write enable: 100000000
			Write address: (100001279, 100001534, 100001725, 100001852, 100001931)...
			Write data: (129812, 183644, 129781, 183648, 129792)...
	Memory 1: width = 64, height = 512
		Read port 0:
			Read address: (134200, 134213, 134225, 134237, 134249)...
			Read data: (190601, 190606, 190615, 190632, 190665)...
			Registers: [(255067, 255068, 255070, 255071, 255074), (254044, 254045, 254047, 254048, 254051), (253021, 253022, 253024, 253025, 253028), (251998, 251999, 252001, 252002, 252005), (250975, 250976, 250978, 250979, 250982)]...
		Write port:
			Write enable: 100002029
			Write address: (100003308, 100003563, 100003754, 100003881, 100003960)...
			Write data: (55264, 54239, 53214, 52189, 51164)...
	Memory 2: width = 64, height = 512
		Read port 0:
			Read address: (134199, 134212, 134224, 134236, 134248)...
			Read data: (256092, 256097, 256106, 256123, 256156)...
			Registers: [(320548, 320549, 320551, 320552, 320555), (319525, 319526, 319528, 319529, 319532), (318502, 318503, 318505, 318506, 318509), (317479, 317480, 317482, 317483, 317486), (316456, 316457, 316459, 316460, 316463)]...
		Write port:
			Write enable: 100004058
			Write address: (100005337, 100005592, 100005783, 100005910, 100005989)...
			Write data: (120873, 119848, 118823, 117798, 116773)...
	Memory 3: width = 64, height = 512
		Read port 0:
			Read address: (134197, 134210, 134222, 134234, 134246)...
			Read data: (321573, 321578, 321587, 321604, 321637)...
			Registers: [(386029, 386030, 386032, 386033, 386036), (385006, 385007, 385009, 385010, 385013), (383983, 383984, 383986, 383987, 383990), (382960, 382961, 382963, 382964, 382967), (381937, 381938, 381940, 381941, 381944)]...
		Write port:
			Write enable: 100006087
			Write address: (100007366, 100007621, 100007812, 100007939, 100008018)...
			Write data: (55264, 54239, 53214, 52189, 51164)...
	Memory 4: width = 64, height = 512
		Read port 0:
			Read address: (134196, 134209, 134221, 134233, 134245)...
			Read data: (387054, 387059, 387068, 387085, 387118)...
			Registers: [(451510, 451511, 451513, 451514, 451517), (450487, 450488, 450490, 450491, 450494), (449464, 449465, 449467, 449468, 449471), (448441, 448442, 448444, 448445, 448448), (447418, 447419, 447421, 447422, 447425)]...
		Write port:
			Write enable: 100008116
			Write address: (100009395, 100009650, 100009841, 100009968, 100010047)...
			Write data: (120873, 119848, 118823, 117798, 116773)...
	Memory 5: width = 64, height = 512
		Read port 0:
			Read address: (134192, 134206, 134218, 134230, 134242)...
			Read data: (452535, 452540, 452549, 452566, 452599)...
			Registers: [(516991, 516992, 516994, 516995, 516998), (515968, 515969, 515971, 515972, 515975), (514945, 514946, 514948, 514949, 514952), (513922, 513923, 513925, 513926, 513929), (512899, 512900, 512902, 512903, 512906)]...
		Write port:
			Write enable: 100010145
			Write address: (100011424, 100011679, 100011870, 100011997, 100012076)...
			Write data: (55264, 54239, 53214, 52189, 51164)...
	Memory 6: width = 64, height = 512
		Read port 0:
			Read address: (134191, 134205, 134217, 134229, 134241)...
			Read data: (518016, 518021, 518030, 518047, 518080)...
			Registers: [(582472, 582473, 582475, 582476, 582479), (581449, 581450, 581452, 581453, 581456), (580426, 580427, 580429, 580430, 580433), (579403, 579404, 579406, 579407, 579410), (578380, 578381, 578383, 578384, 578387)]...
		Write port:
			Write enable: 100012174
			Write address: (100013453, 100013708, 100013899, 100014026, 100014105)...
			Write data: (120873, 119848, 118823, 117798, 116773)...
	Memory 7: width = 64, height = 512
		Read port 0:
			Read address: (120872, 119847, 118822, 117797, 116772)...
			Read data: (55268, 55273, 55282, 55299, 55332)...
			Registers: [(119850, 119851, 119853, 119854, 119857), (118825, 118826, 118828, 118829, 118832), (117800, 117801, 117803, 117804, 117807), (116775, 116776, 116778, 116779, 116782), (115750, 115751, 115753, 115754, 115757)]...
		Write port:
			Write enable: 100014203
			Write address: (100015482, 100015737, 100015928, 100016055, 100016134)...
			Write data: (120873, 119848, 118823, 117798, 116773)...
	Memory 8: width = 64, height = 512
		Read port 0:
			Read address: (55263, 54238, 53213, 52188, 51163)...
			Read data: (1153, 1156, 1165, 1182, 1185)...
			Registers: [(54241, 54242, 54244, 54245, 54248), (53216, 53217, 53219, 53220, 53223), (52191, 52192, 52194, 52195, 52198), (51166, 51167, 51169, 51170, 51173), (50141, 50142, 50144, 50145, 50148)]...
		Write port:
			Write enable: 100016232
			Write address: (100017511, 100017766, 100017957, 100018084, 100018163)...
			Write data: (55264, 54239, 53214, 52189, 51164)...
	Memory 9: width = 184, height = 64
		Read port 0:
			Read address: (121187, 121205, 121220, 121235, 121250)...
			Read data: (156972, 156977, 156986, 157003, 157036)...
			Registers: [(170012, 170013, 170015, 170016, 170019), (170139, 170140, 170142, 170143, 170146), (170267, 170268, 170270, 170271, 170274), (170394, 170395, 170397, 170398, 170401), (170523, 170524, 170526, 170527, 170530)]...
		Write port:
			Write enable: 100018261
			Write address: (100018420, 100018451, 100018474, 100018489, 100018498)...
			Write data: (121050, 121051, 121052, 121053, 121054)...
	Memory 10: width = 14, height = 32
		Read port 0:
			Read address: (182844, 182781, 182718, 182592, 182466)...
			Read data: (181959, 181964, 181973, 181990, 182023)
			Registers: [(182782, 182783, 182785, 182786, 182789), (182719, 182720, 182722, 182723, 182726), (182656, 182657, 182659, 182660, 182663), (182530, 182531, 182533, 182534, 182537), (182404, 182405, 182407, 182408, 182411)]...
		Write port:
			Write enable: 100018504
			Write address: (100018583, 100018598, 100018609, 100018616, 100018620)
			Write data: (120902, 120902, 120899, 120897, 120894)...
	Memory 11: width = 43, height = 16
		Read port 0:
			Read address: (138007, 138040, 138074, 138107, 138142)...
			Read data: (137975, 137980, 137989, 138006)
			Registers: [(137973, 137974, 137977, 137978, 137982), (138010, 138011, 138013, 138014, 138017), (138044, 138045, 138047, 138048, 138051), (138077, 138078, 138080, 138081, 138084), (138112, 138113, 138115, 138116, 138119)]...
		Write port:
			Write enable: 100018621
			Write address: (100018660, 100018667, 100018672, 100018675)
			Write data: (183073, 183075, 183077, 183078, 183079)...
	Memory 12: width = 39, height = 2
		Read port 0:
			Read address: (354, 353, 352, 351, 350)...
			Read data: (122026,)
			Registers: [(121981, 141219), (121972, 141197), (121964, 141183), (121955, 141157), (121947, 141140)]...
		Write port:
			Write enable: 100018676
			Write address: (100018679,)
			Write data: (595015, 595016, 595017, 595018, 595019)...
	Memory 13: width = 36, height = 2
		Read port 0:
			Read address: (595929, 595930, 595931, 595932, 595933)...
			Read data: (141354,)
			Registers: [(188, 595170), (187, 595172), (201, 595144), (200, 595146), (199, 595148)]...
		Write port:
			Write enable: 100018680
			Write address: (100018679,)
			Write data: (595000, 595001, 595002, 595003, 595004)...
Time elapsed: 191.18s
