Rewrote 959 muxes to qmuxes
Rewrote 3073 inverted muxes to qmuxes
Reduced all qmuxes
Found 3 memory(ies):
	Memory 0: width = 8, height = 512
		Read port 0:
			Read address: (3411, 19534, 8022, 21075, 6485)...
			Read data: (2382, 2387, 2396, 2413, 2446)...
			Registers: [(2380, 2381, 2384, 2385, 2389), (18000, 18002, 18005, 18007, 18011), (6488, 6490, 6493, 6495, 6499), (19541, 19543, 19546, 19548, 19552), (4951, 4953, 4956, 4958, 4962)]...
		Write port:
			Write enable: 100000000
			Write address: (100001279, 100001534, 100001725, 100001852, 100001931)...
			Write data: (25502, 24570, 25526, 24563, 25518)...
	Memory 1: width = 43, height = 16
		Read port 0:
			Read address: (1111, 1143, 1176, 1208, 1242)...
			Read data: (1079, 1084, 1093, 1110)
			Registers: [(1077, 1078, 1081, 1082, 1086), (1113, 1114, 1116, 1117, 1120), (1146, 1147, 1149, 1150, 1153), (1178, 1179, 1181, 1182, 1185), (1212, 1213, 1215, 1216, 1219)]...
		Write port:
			Write enable: 100002029
			Write address: (100002068, 100002075, 100002080, 100002083)
			Write data: (24729, 24731, 24732, 24733, 24734)...
	Memory 2: width = 36, height = 2
		Read port 0:
			Read address: (26527, 26528, 26529, 26530, 26531)...
			Read data: (616,)
			Registers: [(394, 26264), (395, 26266), (396, 26268), (397, 26270), (398, 26272)]...
		Write port:
			Write enable: 100002084
			Write address: (100002087,)
			Write data: (26326, 26327, 26328, 26329, 26330)...
Time elapsed: 12.46s
