Rewrote 225 muxes to qmuxes
Reduced all qmuxes
Found 11 memory(ies):
	Memory 0: width = 32, height = 2
		Read port 0:
			Read address: (170, 171, 172, 173, 174)...
			Read data: (76110,)
			Registers: [(76215, 76279), (76212, 76277), (76209, 76275), (76206, 76273), (76203, 76271)]...
		Write port:
			Write enable: 10000000
			Write address: (10000003,)
			Write data: (76217, 76214, 76211, 76208, 76205)...
	Memory 1: width = 28, height = 2
		Read port 0:
			Read address: (77482, 77479, 77477, 77475, 77473)...
			Read data: (76935,)
			Registers: [(1097, 77389), (1093, 77387), (1089, 76923), (1085, 76786), (1081, 76784)]...
		Write port:
			Write enable: 10000004
			Write address: (10000003,)
			Write data: (1100, 1096, 1092, 1088, 1084)...
	Memory 2: width = 8, height = 2
		Read port 0:
			Read address: (77304, 77301, 77298, 77295, 77292)...
			Read data: (77016,)
			Registers: [(77302, 77303), (77299, 77300), (77296, 77297), (77293, 77294), (77290, 77291)]...
		Write port:
			Write enable: 10000007
			Write address: (10000003,)
			Write data: (77516, 77514, 77512, 77510, 77508)...
	Memory 3: width = 28, height = 2
		Read port 0:
			Read address: (77578, 77577, 1458, 1449, 1441)...
			Read data: (77118,)
			Registers: [(1097, 77483), (1093, 77480), (1089, 77196), (1085, 77192), (1081, 77128)]...
		Write port:
			Write enable: 10000010
			Write address: (10000003,)
			Write data: (1100, 1096, 1092, 1088, 1084)...
	Memory 4: width = 8, height = 2
		Read port 0:
			Read address: (77322, 77319, 77316, 77313, 77310)...
			Read data: (77214,)
			Registers: [(77320, 77321), (77317, 77318), (77314, 77315), (77311, 77312), (77308, 77309)]...
		Write port:
			Write enable: 10000013
			Write address: (10000003,)
			Write data: (77532, 77530, 77528, 77526, 77524)...
	Memory 5: width = 8, height = 2
		Read port 0:
			Read address: (77340, 77337, 77334, 77331, 77328)...
			Read data: (77224,)
			Registers: [(77338, 77339), (77335, 77336), (77332, 77333), (77329, 77330), (77326, 77327)]...
		Write port:
			Write enable: 10000016
			Write address: (10000003,)
			Write data: (77548, 77546, 77544, 77542, 77540)...
	Memory 6: width = 8, height = 2
		Read port 0:
			Read address: (77286, 77283, 77280, 77277, 77274)...
			Read data: (77238,)
			Registers: [(77284, 77285), (77281, 77282), (77278, 77279), (77275, 77276), (77272, 77273)]...
		Write port:
			Write enable: 10000019
			Write address: (10000003,)
			Write data: (77500, 77498, 77496, 77494, 77492)...
	Memory 7: width = 28, height = 2
		Read port 0:
			Read address: (77390, 77388, 77386, 77385, 77384)...
			Read data: (77265,)
			Registers: [(77389, 1097), (77387, 1093), (76923, 1089), (76786, 1085), (76784, 1081)]...
		Write port:
			Write enable: 10000022
			Write address: (10000003,)
			Write data: (77390, 77388, 77386, 77385, 77384)...
	Memory 8: width = 18, height = 2
		Read port 0:
			Read address: (76663, 76661, 76659, 76657, 76655)...
			Read data: (1391,)
			Registers: [(1302, 826), (277, 231), (290, 229), (245, 227), (890, 809)]...
		Write port:
			Write enable: 10000025
			Write address: (10000003,)
			Write data: (1306, 1301, 2203, 898, 894)...
	Memory 9: width = 20, height = 2
		Read port 0:
			Read address: (1986, 1973, 1962, 1951, 1940)...
			Read data: (273,)
			Registers: [(1302, 826), (277, 231), (290, 229), (245, 227), (890, 809)]...
		Write port:
			Write enable: 10000028
			Write address: (10000003,)
			Write data: (1306, 1301, 2203, 898, 894)...
	Memory 10: width = 33, height = 2
		Read port 0:
			Read address: (2473, 2471, 2469, 2467, 2465)...
			Read data: (304,)
			Registers: [(1287, 1191), (1284, 1188), (1281, 1185), (1278, 1182), (1275, 1179)]...
		Write port:
			Write enable: 10000031
			Write address: (10000003,)
			Write data: (1289, 1286, 1283, 1280, 1277)...
Time elapsed: 0.07s
