Rewrote 26112 muxes to qmuxes
Reduced all qmuxes
Found 4 memory(ies):
	Memory 0: width = 64, height = 256
		Read port 0:
			Read address: (6, 7, 8, 9, 10)...
			Read data: (39401, 39400, 39399, 39398, 39397)...
			Registers: [(39903, 39904, 39900, 39901, 39896), (40413, 40414, 40410, 40411, 40406), (40923, 40924, 40920, 40921, 40916), (41433, 41434, 41430, 41431, 41426), (41943, 41944, 41940, 41941, 41936)]...
		Write port:
			Write enable: 10000000
			Write address: (10000639, 10000766, 10000861, 10000924, 10000963)...
			Write data: (105526, 105428, 105645, 105617, 105757)...
	Memory 1: width = 64, height = 256
		Read port 0:
			Read address: (72, 73, 74, 75, 76)...
			Read data: (72049, 72048, 72047, 72046, 72045)...
			Registers: [(72551, 72552, 72548, 72549, 72544), (73061, 73062, 73058, 73059, 73054), (73571, 73572, 73568, 73569, 73564), (74081, 74082, 74078, 74079, 74074), (74591, 74592, 74588, 74589, 74584)]...
		Write port:
			Write enable: 10001007
			Write address: (10001646, 10001773, 10001868, 10001931, 10001970)...
			Write data: (105567, 105560, 105553, 105543, 105724)...
	Memory 2: width = 12, height = 256
		Read port 0:
			Read address: (35297, 37344, 39391, 33763, 35810)...
			Read data: (33252, 33251, 33250, 33249, 33248)...
			Registers: [(35288, 35289, 35285, 35286, 35281), (37335, 37336, 37332, 37333, 37328), (39382, 39383, 39379, 39380, 39375), (33754, 33755, 33751, 33752, 33747), (35801, 35802, 35798, 35799, 35794)]...
		Write port:
			Write enable: 10002014
			Write address: (10002653, 10002780, 10002875, 10002938, 10002977)...
			Write data: (341, 379, 417, 341, 379)...
	Memory 3: width = 64, height = 256
		Read port 0:
			Read address: (138, 139, 140, 141, 142)...
			Read data: (600, 599, 598, 597, 596)...
			Registers: [(1102, 1103, 1099, 1100, 1095), (1612, 1613, 1609, 1610, 1605), (2122, 2123, 2119, 2120, 2115), (2632, 2633, 2629, 2630, 2625), (3142, 3143, 3139, 3140, 3135)]...
		Write port:
			Write enable: 10003021
			Write address: (10003660, 10003787, 10003882, 10003945, 10003984)...
			Write data: (105422, 105408, 105593, 105592, 105589)...
Time elapsed: 3.64s
