Rewrote 5055 muxes to qmuxes
Reduced all qmuxes
Found 2 memory(ies):
	Memory 0: width = 78, height = 128
		Read port 0:
			Read address: (1472, 1727, 1982, 2237, 2492)...
			Read data: (1103, 1220, 1194, 1174, 1153)...
			Registers: [(1274, 1275, 1271, 1272, 1267), (1529, 1530, 1526, 1527, 1522), (1784, 1785, 1781, 1782, 1777), (2039, 2040, 2036, 2037, 2032), (2294, 2295, 2291, 2292, 2287)]...
		Write port:
			Write enable: 10000001
			Write address: (10000320, 10000383, 10000430, 10000461, 10000480)...
			Write data: (25816, 25813, 26018, 26054, 26051)...
	Memory 1: width = 62, height = 2
		Read port 0:
			Read address: (907, 881, 884, 889, 845)...
			Read data: (535,)
			Registers: [(905, 906), (879, 880), (882, 883), (887, 888), (843, 844)]...
		Write port:
			Write enable: 10000498
			Write address: (10000501,)
			Write data: (22595, 22647, 22700, 22753, 22809)...
Time elapsed: 0.37s
