Input Wire, reset_i has been deemed useless by optimization
Input Wire, reset_i has been deemed useless by optimization
Input Wire, reset_i has been deemed useless by optimization
Input Wire, reset_i has been deemed useless by optimization
reg_tmp151295[66]: 
reg_tmp151175[66]: 
reg_tmp24374[66]: 
reg_tmp151635[66]: 
reg_tmp151595[66]: 
reg_tmp151675[66]: 
reg_tmp151215[66]: 
reg_tmp151555[66]: 
reg_tmp151255[66]: 
reg_tmp151135[66]: 
reg_tmp151435[66]: 
reg_tmp151115[66]: 
reg_tmp151535[66]: 
reg_tmp151415[66]: 
reg_tmp151395[66]: 
reg_tmp151315[66]: 
reg_tmp151155[66]: 
reg_tmp151355[66]: 
reg_tmp151275[66]: 
reg_tmp151075[66]: 
reg_tmp151195[66]: 
reg_tmp151335[66]: 
reg_tmp151495[66]: 
reg_tmp151235[66]: 
reg_tmp151575[66]: 
reg_tmp151455[66]: 
reg_tmp151515[66]: 
reg_tmp24298[66]: 
reg_tmp151375[66]: 
reg_tmp151615[66]: 
reg_tmp151475[66]: 
reg_tmp151655[66]: 
reg_tmp151095[66]: 
reg_tmp24336[66]: 
reg_tmp151695[66]: 
reg_rs_r_v_i[1][5]: 
reg_rs_r_v_i[0][5]: 
reg_rs_r_v_i[2][5]: 
Error: addr_width from address logic not the same as from register count
Error: addr_width from address logic not the same as from register count
Error: addr_width from address logic not the same as from register count
Error: addr_width from address logic not the same as from register count
Error: addr_width from address logic not the same as from register count
Error: addr_width from address logic not the same as from register count
Error: addr_width from address logic not the same as from register count
Error: addr_width from address logic not the same as from register count
Error: addr_width from address logic not the same as from register count
Error: addr_width from address logic not the same as from register count
Error: addr_width from address logic not the same as from register count
Error: addr_width from address logic not the same as from register count
Error: addr_width from address logic not the same as from register count
Error: addr_width from address logic not the same as from register count
Error: addr_width from address logic not the same as from register count
Error: addr_width from address logic not the same as from register count
Error: addr_width from address logic not the same as from register count
Error: addr_width from address logic not the same as from register count
Error: addr_width from address logic not the same as from register count
Error: addr_width from address logic not the same as from register count
Error: addr_width from address logic not the same as from register count
Error: addr_width from address logic not the same as from register count
Error: addr_width from address logic not the same as from register count
Error: addr_width from address logic not the same as from register count
Error: addr_width from address logic not the same as from register count
Error: addr_width from address logic not the same as from register count
Error: addr_width from address logic not the same as from register count
Error: addr_width from address logic not the same as from register count
Error: addr_width from address logic not the same as from register count
Error: addr_width from address logic not the same as from register count
Error: addr_width from address logic not the same as from register count
Error: addr_width from address logic not the same as from register count
decomp time: 45.40816402435303 s
