Input Wire, reset_i has been deemed useless by optimization
Input Wire, reset_i has been deemed useless by optimization
Input Wire, reset_i has been deemed useless by optimization
Input Wire, reset_i has been deemed useless by optimization
reg_tmp106297[66]: 
reg_tmp105977[66]: 
reg_tmp106077[66]: 
reg_tmp105997[66]: 
reg_tmp106157[66]: 
reg_tmp106277[66]: 
reg_tmp106397[66]: 
reg_tmp106197[66]: 
reg_tmp106317[66]: 
reg_tmp106037[66]: 
reg_tmp106137[66]: 
reg_tmp106017[66]: 
reg_tmp106057[66]: 
reg_tmp105777[66]: 
reg_tmp106357[66]: 
reg_tmp106097[66]: 
reg_tmp105797[66]: 
reg_tmp105817[66]: 
reg_tmp105857[66]: 
reg_tmp105837[66]: 
reg_tmp21283[66]: 
reg_tmp106237[66]: 
reg_tmp21207[66]: 
reg_tmp105877[66]: 
reg_tmp105917[66]: 
reg_tmp105897[66]: 
reg_tmp105957[66]: 
reg_tmp106117[66]: 
reg_rs_r_v_i[0][5]: 
reg_tmp105937[66]: 
reg_tmp106377[66]: 
reg_tmp106337[66]: 
reg_tmp106177[66]: 
reg_tmp106217[66]: 
reg_tmp106257[66]: 
reg_rs_r_v_i[1][5]: 
Error: addr_width from address logic not the same as from register count
Error: addr_width from address logic not the same as from register count
Error: addr_width from address logic not the same as from register count
Error: addr_width from address logic not the same as from register count
Error: addr_width from address logic not the same as from register count
Error: addr_width from address logic not the same as from register count
Error: addr_width from address logic not the same as from register count
Error: addr_width from address logic not the same as from register count
Error: addr_width from address logic not the same as from register count
Error: addr_width from address logic not the same as from register count
Error: addr_width from address logic not the same as from register count
Error: addr_width from address logic not the same as from register count
Error: addr_width from address logic not the same as from register count
Error: addr_width from address logic not the same as from register count
Error: addr_width from address logic not the same as from register count
Error: addr_width from address logic not the same as from register count
Error: addr_width from address logic not the same as from register count
Error: addr_width from address logic not the same as from register count
Error: addr_width from address logic not the same as from register count
Error: addr_width from address logic not the same as from register count
Error: addr_width from address logic not the same as from register count
Error: addr_width from address logic not the same as from register count
Error: addr_width from address logic not the same as from register count
Error: addr_width from address logic not the same as from register count
Error: addr_width from address logic not the same as from register count
Error: addr_width from address logic not the same as from register count
Error: addr_width from address logic not the same as from register count
Error: addr_width from address logic not the same as from register count
Error: addr_width from address logic not the same as from register count
Error: addr_width from address logic not the same as from register count
Error: addr_width from address logic not the same as from register count
Error: addr_width from address logic not the same as from register count
decomp time: 31.480891942977905 s
