Input Wire, commit_pkt_i[2] has been deemed useless by optimization
Input Wire, commit_pkt_i[3] has been deemed useless by optimization
Input Wire, commit_pkt_i[10] has been deemed useless by optimization
Input Wire, commit_pkt_i[11] has been deemed useless by optimization
Input Wire, commit_pkt_i[12] has been deemed useless by optimization
Input Wire, commit_pkt_i[15] has been deemed useless by optimization
Input Wire, commit_pkt_i[17] has been deemed useless by optimization
Input Wire, commit_pkt_i[19] has been deemed useless by optimization
Input Wire, commit_pkt_i[14] has been deemed useless by optimization
Input Wire, iwb_pkt_i[76] has been deemed useless by optimization
Input Wire, commit_pkt_i[20] has been deemed useless by optimization
Input Wire, commit_pkt_i[21] has been deemed useless by optimization
Input Wire, commit_pkt_i[22] has been deemed useless by optimization
Input Wire, iwb_pkt_i[77] has been deemed useless by optimization
Input Wire, commit_pkt_i[23] has been deemed useless by optimization
Input Wire, commit_pkt_i[24] has been deemed useless by optimization
Input Wire, commit_pkt_i[25] has been deemed useless by optimization
Input Wire, commit_pkt_i[26] has been deemed useless by optimization
Input Wire, commit_pkt_i[27] has been deemed useless by optimization
Input Wire, commit_pkt_i[28] has been deemed useless by optimization
Input Wire, commit_pkt_i[29] has been deemed useless by optimization
Input Wire, commit_pkt_i[30] has been deemed useless by optimization
Input Wire, commit_pkt_i[31] has been deemed useless by optimization
Input Wire, commit_pkt_i[32] has been deemed useless by optimization
Input Wire, commit_pkt_i[33] has been deemed useless by optimization
Input Wire, commit_pkt_i[34] has been deemed useless by optimization
Input Wire, commit_pkt_i[35] has been deemed useless by optimization
Input Wire, commit_pkt_i[36] has been deemed useless by optimization
Input Wire, commit_pkt_i[37] has been deemed useless by optimization
Input Wire, commit_pkt_i[38] has been deemed useless by optimization
Input Wire, commit_pkt_i[40] has been deemed useless by optimization
Input Wire, commit_pkt_i[41] has been deemed useless by optimization
Input Wire, commit_pkt_i[142] has been deemed useless by optimization
Input Wire, commit_pkt_i[44] has been deemed useless by optimization
Input Wire, commit_pkt_i[46] has been deemed useless by optimization
Input Wire, commit_pkt_i[39] has been deemed useless by optimization
Input Wire, commit_pkt_i[47] has been deemed useless by optimization
Input Wire, commit_pkt_i[48] has been deemed useless by optimization
Input Wire, commit_pkt_i[49] has been deemed useless by optimization
Input Wire, commit_pkt_i[50] has been deemed useless by optimization
Input Wire, commit_pkt_i[51] has been deemed useless by optimization
Input Wire, commit_pkt_i[52] has been deemed useless by optimization
Input Wire, commit_pkt_i[53] has been deemed useless by optimization
Input Wire, commit_pkt_i[54] has been deemed useless by optimization
Input Wire, commit_pkt_i[55] has been deemed useless by optimization
Input Wire, commit_pkt_i[56] has been deemed useless by optimization
Input Wire, commit_pkt_i[57] has been deemed useless by optimization
Input Wire, commit_pkt_i[58] has been deemed useless by optimization
Input Wire, commit_pkt_i[59] has been deemed useless by optimization
Input Wire, commit_pkt_i[60] has been deemed useless by optimization
Input Wire, commit_pkt_i[61] has been deemed useless by optimization
Input Wire, commit_pkt_i[42] has been deemed useless by optimization
Input Wire, commit_pkt_i[62] has been deemed useless by optimization
Input Wire, commit_pkt_i[63] has been deemed useless by optimization
Input Wire, commit_pkt_i[64] has been deemed useless by optimization
Input Wire, commit_pkt_i[65] has been deemed useless by optimization
Input Wire, commit_pkt_i[66] has been deemed useless by optimization
Input Wire, commit_pkt_i[43] has been deemed useless by optimization
Input Wire, commit_pkt_i[67] has been deemed useless by optimization
Input Wire, commit_pkt_i[69] has been deemed useless by optimization
Input Wire, commit_pkt_i[71] has been deemed useless by optimization
Input Wire, commit_pkt_i[72] has been deemed useless by optimization
Input Wire, commit_pkt_i[73] has been deemed useless by optimization
Input Wire, commit_pkt_i[74] has been deemed useless by optimization
Input Wire, commit_pkt_i[75] has been deemed useless by optimization
Input Wire, commit_pkt_i[76] has been deemed useless by optimization
Input Wire, commit_pkt_i[45] has been deemed useless by optimization
Input Wire, commit_pkt_i[77] has been deemed useless by optimization
Input Wire, commit_pkt_i[78] has been deemed useless by optimization
Input Wire, commit_pkt_i[79] has been deemed useless by optimization
Input Wire, commit_pkt_i[80] has been deemed useless by optimization
Input Wire, commit_pkt_i[81] has been deemed useless by optimization
Input Wire, commit_pkt_i[82] has been deemed useless by optimization
Input Wire, commit_pkt_i[83] has been deemed useless by optimization
Input Wire, commit_pkt_i[84] has been deemed useless by optimization
Input Wire, commit_pkt_i[85] has been deemed useless by optimization
Input Wire, commit_pkt_i[86] has been deemed useless by optimization
Input Wire, commit_pkt_i[87] has been deemed useless by optimization
Input Wire, commit_pkt_i[88] has been deemed useless by optimization
Input Wire, commit_pkt_i[128] has been deemed useless by optimization
Input Wire, commit_pkt_i[129] has been deemed useless by optimization
Input Wire, commit_pkt_i[130] has been deemed useless by optimization
Input Wire, commit_pkt_i[131] has been deemed useless by optimization
Input Wire, commit_pkt_i[132] has been deemed useless by optimization
Input Wire, commit_pkt_i[133] has been deemed useless by optimization
Input Wire, commit_pkt_i[134] has been deemed useless by optimization
Input Wire, commit_pkt_i[135] has been deemed useless by optimization
Input Wire, commit_pkt_i[136] has been deemed useless by optimization
Input Wire, commit_pkt_i[137] has been deemed useless by optimization
Input Wire, commit_pkt_i[138] has been deemed useless by optimization
Input Wire, commit_pkt_i[139] has been deemed useless by optimization
Input Wire, commit_pkt_i[140] has been deemed useless by optimization
Input Wire, commit_pkt_i[141] has been deemed useless by optimization
Input Wire, commit_pkt_i[143] has been deemed useless by optimization
Input Wire, commit_pkt_i[144] has been deemed useless by optimization
Input Wire, commit_pkt_i[145] has been deemed useless by optimization
Input Wire, commit_pkt_i[146] has been deemed useless by optimization
Input Wire, commit_pkt_i[147] has been deemed useless by optimization
Input Wire, commit_pkt_i[148] has been deemed useless by optimization
Input Wire, commit_pkt_i[149] has been deemed useless by optimization
Input Wire, commit_pkt_i[150] has been deemed useless by optimization
Input Wire, commit_pkt_i[151] has been deemed useless by optimization
Input Wire, commit_pkt_i[152] has been deemed useless by optimization
Input Wire, commit_pkt_i[153] has been deemed useless by optimization
Input Wire, commit_pkt_i[154] has been deemed useless by optimization
Input Wire, commit_pkt_i[155] has been deemed useless by optimization
Input Wire, commit_pkt_i[156] has been deemed useless by optimization
Input Wire, commit_pkt_i[157] has been deemed useless by optimization
Input Wire, commit_pkt_i[158] has been deemed useless by optimization
Input Wire, commit_pkt_i[159] has been deemed useless by optimization
Input Wire, commit_pkt_i[160] has been deemed useless by optimization
Input Wire, commit_pkt_i[161] has been deemed useless by optimization
Input Wire, commit_pkt_i[162] has been deemed useless by optimization
Input Wire, commit_pkt_i[163] has been deemed useless by optimization
Input Wire, commit_pkt_i[164] has been deemed useless by optimization
Input Wire, commit_pkt_i[165] has been deemed useless by optimization
Input Wire, commit_pkt_i[166] has been deemed useless by optimization
Input Wire, commit_pkt_i[167] has been deemed useless by optimization
Input Wire, commit_pkt_i[168] has been deemed useless by optimization
Input Wire, commit_pkt_i[170] has been deemed useless by optimization
Input Wire, commit_pkt_i[172] has been deemed useless by optimization
Input Wire, commit_pkt_i[173] has been deemed useless by optimization
Input Wire, commit_pkt_i[174] has been deemed useless by optimization
Input Wire, commit_pkt_i[175] has been deemed useless by optimization
Input Wire, commit_pkt_i[176] has been deemed useless by optimization
Input Wire, commit_pkt_i[177] has been deemed useless by optimization
Input Wire, commit_pkt_i[179] has been deemed useless by optimization
Input Wire, commit_pkt_i[180] has been deemed useless by optimization
Input Wire, commit_pkt_i[169] has been deemed useless by optimization
Input Wire, commit_pkt_i[181] has been deemed useless by optimization
Input Wire, commit_pkt_i[182] has been deemed useless by optimization
Input Wire, fwb_pkt_i[4] has been deemed useless by optimization
Input Wire, commit_pkt_i[183] has been deemed useless by optimization
Input Wire, commit_pkt_i[184] has been deemed useless by optimization
Input Wire, commit_pkt_i[185] has been deemed useless by optimization
Input Wire, commit_pkt_i[186] has been deemed useless by optimization
Input Wire, commit_pkt_i[187] has been deemed useless by optimization
Input Wire, commit_pkt_i[188] has been deemed useless by optimization
Input Wire, commit_pkt_i[189] has been deemed useless by optimization
Input Wire, commit_pkt_i[190] has been deemed useless by optimization
Input Wire, commit_pkt_i[171] has been deemed useless by optimization
Input Wire, commit_pkt_i[191] has been deemed useless by optimization
Input Wire, commit_pkt_i[192] has been deemed useless by optimization
Input Wire, commit_pkt_i[193] has been deemed useless by optimization
Input Wire, commit_pkt_i[194] has been deemed useless by optimization
Input Wire, commit_pkt_i[68] has been deemed useless by optimization
Input Wire, commit_pkt_i[195] has been deemed useless by optimization
Input Wire, commit_pkt_i[197] has been deemed useless by optimization
Input Wire, commit_pkt_i[198] has been deemed useless by optimization
Input Wire, commit_pkt_i[200] has been deemed useless by optimization
Input Wire, commit_pkt_i[201] has been deemed useless by optimization
Input Wire, commit_pkt_i[202] has been deemed useless by optimization
Input Wire, commit_pkt_i[203] has been deemed useless by optimization
Input Wire, commit_pkt_i[204] has been deemed useless by optimization
Input Wire, commit_pkt_i[70] has been deemed useless by optimization
Input Wire, commit_pkt_i[205] has been deemed useless by optimization
Input Wire, commit_pkt_i[212] has been deemed useless by optimization
Input Wire, trans_info_i[2] has been deemed useless by optimization
Input Wire, commit_pkt_i[178] has been deemed useless by optimization
Input Wire, fwb_pkt_i[0] has been deemed useless by optimization
Input Wire, fwb_pkt_i[1] has been deemed useless by optimization
Input Wire, fwb_pkt_i[2] has been deemed useless by optimization
Input Wire, fwb_pkt_i[3] has been deemed useless by optimization
Input Wire, commit_pkt_i[0] has been deemed useless by optimization
Input Wire, commit_pkt_i[196] has been deemed useless by optimization
Input Wire, commit_pkt_i[1] has been deemed useless by optimization
Input Wire, commit_pkt_i[199] has been deemed useless by optimization
Input Wire, commit_pkt_i[5] has been deemed useless by optimization
Input Wire, commit_pkt_i[8] has been deemed useless by optimization
Input Wire, fwb_pkt_i[76] has been deemed useless by optimization
Input Wire, fwb_pkt_i[78] has been deemed useless by optimization
Input Wire, iwb_pkt_i[0] has been deemed useless by optimization
Input Wire, iwb_pkt_i[2] has been deemed useless by optimization
Input Wire, iwb_pkt_i[4] has been deemed useless by optimization
Input Wire, commit_pkt_i[13] has been deemed useless by optimization
Input Wire, iwb_pkt_i[1] has been deemed useless by optimization
Input Wire, commit_pkt_i[16] has been deemed useless by optimization
Input Wire, commit_pkt_i[18] has been deemed useless by optimization
Input Wire, iwb_pkt_i[3] has been deemed useless by optimization
Input Wire, iwb_pkt_i[4] has been deemed useless by optimization
Input Wire, iwb_pkt_i[76] has been deemed useless by optimization
Input Wire, iwb_pkt_i[77] has been deemed useless by optimization
Input Wire, commit_pkt_i[13] has been deemed useless by optimization
Input Wire, commit_pkt_i[14] has been deemed useless by optimization
Input Wire, commit_pkt_i[20] has been deemed useless by optimization
Input Wire, commit_pkt_i[21] has been deemed useless by optimization
Input Wire, commit_pkt_i[22] has been deemed useless by optimization
Input Wire, commit_pkt_i[23] has been deemed useless by optimization
Input Wire, commit_pkt_i[24] has been deemed useless by optimization
Input Wire, commit_pkt_i[25] has been deemed useless by optimization
Input Wire, commit_pkt_i[26] has been deemed useless by optimization
Input Wire, commit_pkt_i[27] has been deemed useless by optimization
Input Wire, commit_pkt_i[28] has been deemed useless by optimization
Input Wire, commit_pkt_i[29] has been deemed useless by optimization
Input Wire, commit_pkt_i[30] has been deemed useless by optimization
Input Wire, commit_pkt_i[31] has been deemed useless by optimization
Input Wire, commit_pkt_i[32] has been deemed useless by optimization
Input Wire, commit_pkt_i[33] has been deemed useless by optimization
Input Wire, commit_pkt_i[34] has been deemed useless by optimization
Input Wire, commit_pkt_i[35] has been deemed useless by optimization
Input Wire, commit_pkt_i[36] has been deemed useless by optimization
Input Wire, commit_pkt_i[37] has been deemed useless by optimization
Input Wire, commit_pkt_i[39] has been deemed useless by optimization
Input Wire, commit_pkt_i[40] has been deemed useless by optimization
Input Wire, commit_pkt_i[38] has been deemed useless by optimization
Input Wire, commit_pkt_i[42] has been deemed useless by optimization
Input Wire, commit_pkt_i[142] has been deemed useless by optimization
Input Wire, commit_pkt_i[43] has been deemed useless by optimization
Input Wire, commit_pkt_i[44] has been deemed useless by optimization
Input Wire, commit_pkt_i[45] has been deemed useless by optimization
Input Wire, commit_pkt_i[47] has been deemed useless by optimization
Input Wire, commit_pkt_i[48] has been deemed useless by optimization
Input Wire, commit_pkt_i[49] has been deemed useless by optimization
Input Wire, commit_pkt_i[50] has been deemed useless by optimization
Input Wire, commit_pkt_i[51] has been deemed useless by optimization
Input Wire, commit_pkt_i[52] has been deemed useless by optimization
Input Wire, commit_pkt_i[144] has been deemed useless by optimization
Input Wire, commit_pkt_i[54] has been deemed useless by optimization
Input Wire, commit_pkt_i[41] has been deemed useless by optimization
Input Wire, commit_pkt_i[57] has been deemed useless by optimization
Input Wire, commit_pkt_i[58] has been deemed useless by optimization
Input Wire, commit_pkt_i[59] has been deemed useless by optimization
Input Wire, commit_pkt_i[60] has been deemed useless by optimization
Input Wire, commit_pkt_i[61] has been deemed useless by optimization
Input Wire, commit_pkt_i[62] has been deemed useless by optimization
Input Wire, commit_pkt_i[63] has been deemed useless by optimization
Input Wire, commit_pkt_i[66] has been deemed useless by optimization
Input Wire, commit_pkt_i[67] has been deemed useless by optimization
Input Wire, commit_pkt_i[68] has been deemed useless by optimization
Input Wire, commit_pkt_i[69] has been deemed useless by optimization
Input Wire, commit_pkt_i[70] has been deemed useless by optimization
Input Wire, commit_pkt_i[72] has been deemed useless by optimization
Input Wire, commit_pkt_i[73] has been deemed useless by optimization
Input Wire, commit_pkt_i[74] has been deemed useless by optimization
Input Wire, commit_pkt_i[75] has been deemed useless by optimization
Input Wire, commit_pkt_i[76] has been deemed useless by optimization
Input Wire, commit_pkt_i[79] has been deemed useless by optimization
Input Wire, commit_pkt_i[80] has been deemed useless by optimization
Input Wire, commit_pkt_i[81] has been deemed useless by optimization
Input Wire, commit_pkt_i[82] has been deemed useless by optimization
Input Wire, commit_pkt_i[46] has been deemed useless by optimization
Input Wire, commit_pkt_i[83] has been deemed useless by optimization
Input Wire, commit_pkt_i[84] has been deemed useless by optimization
Input Wire, commit_pkt_i[85] has been deemed useless by optimization
Input Wire, commit_pkt_i[86] has been deemed useless by optimization
Input Wire, commit_pkt_i[87] has been deemed useless by optimization
Input Wire, commit_pkt_i[88] has been deemed useless by optimization
Input Wire, commit_pkt_i[53] has been deemed useless by optimization
Input Wire, commit_pkt_i[128] has been deemed useless by optimization
Input Wire, commit_pkt_i[129] has been deemed useless by optimization
Input Wire, commit_pkt_i[55] has been deemed useless by optimization
Input Wire, commit_pkt_i[130] has been deemed useless by optimization
Input Wire, commit_pkt_i[131] has been deemed useless by optimization
Input Wire, commit_pkt_i[132] has been deemed useless by optimization
Input Wire, commit_pkt_i[133] has been deemed useless by optimization
Input Wire, commit_pkt_i[134] has been deemed useless by optimization
Input Wire, commit_pkt_i[56] has been deemed useless by optimization
Input Wire, commit_pkt_i[135] has been deemed useless by optimization
Input Wire, commit_pkt_i[136] has been deemed useless by optimization
Input Wire, commit_pkt_i[137] has been deemed useless by optimization
Input Wire, commit_pkt_i[138] has been deemed useless by optimization
Input Wire, commit_pkt_i[139] has been deemed useless by optimization
Input Wire, commit_pkt_i[140] has been deemed useless by optimization
Input Wire, commit_pkt_i[141] has been deemed useless by optimization
Input Wire, commit_pkt_i[143] has been deemed useless by optimization
Input Wire, commit_pkt_i[145] has been deemed useless by optimization
Input Wire, commit_pkt_i[146] has been deemed useless by optimization
Input Wire, commit_pkt_i[147] has been deemed useless by optimization
Input Wire, commit_pkt_i[148] has been deemed useless by optimization
Input Wire, commit_pkt_i[149] has been deemed useless by optimization
Input Wire, commit_pkt_i[150] has been deemed useless by optimization
Input Wire, commit_pkt_i[151] has been deemed useless by optimization
Input Wire, commit_pkt_i[152] has been deemed useless by optimization
Input Wire, commit_pkt_i[153] has been deemed useless by optimization
Input Wire, commit_pkt_i[154] has been deemed useless by optimization
Input Wire, commit_pkt_i[155] has been deemed useless by optimization
Input Wire, commit_pkt_i[156] has been deemed useless by optimization
Input Wire, commit_pkt_i[157] has been deemed useless by optimization
Input Wire, commit_pkt_i[158] has been deemed useless by optimization
Input Wire, commit_pkt_i[159] has been deemed useless by optimization
Input Wire, commit_pkt_i[160] has been deemed useless by optimization
Input Wire, commit_pkt_i[161] has been deemed useless by optimization
Input Wire, commit_pkt_i[162] has been deemed useless by optimization
Input Wire, commit_pkt_i[163] has been deemed useless by optimization
Input Wire, commit_pkt_i[164] has been deemed useless by optimization
Input Wire, commit_pkt_i[165] has been deemed useless by optimization
Input Wire, commit_pkt_i[166] has been deemed useless by optimization
Input Wire, commit_pkt_i[167] has been deemed useless by optimization
Input Wire, commit_pkt_i[168] has been deemed useless by optimization
Input Wire, commit_pkt_i[169] has been deemed useless by optimization
Input Wire, commit_pkt_i[171] has been deemed useless by optimization
Input Wire, commit_pkt_i[173] has been deemed useless by optimization
Input Wire, commit_pkt_i[174] has been deemed useless by optimization
Input Wire, commit_pkt_i[64] has been deemed useless by optimization
Input Wire, commit_pkt_i[176] has been deemed useless by optimization
Input Wire, commit_pkt_i[65] has been deemed useless by optimization
Input Wire, commit_pkt_i[180] has been deemed useless by optimization
Input Wire, commit_pkt_i[181] has been deemed useless by optimization
Input Wire, commit_pkt_i[182] has been deemed useless by optimization
Input Wire, commit_pkt_i[183] has been deemed useless by optimization
Input Wire, commit_pkt_i[185] has been deemed useless by optimization
Input Wire, commit_pkt_i[170] has been deemed useless by optimization
Input Wire, commit_pkt_i[186] has been deemed useless by optimization
Input Wire, commit_pkt_i[187] has been deemed useless by optimization
Input Wire, commit_pkt_i[188] has been deemed useless by optimization
Input Wire, commit_pkt_i[189] has been deemed useless by optimization
Input Wire, commit_pkt_i[190] has been deemed useless by optimization
Input Wire, commit_pkt_i[191] has been deemed useless by optimization
Input Wire, commit_pkt_i[192] has been deemed useless by optimization
Input Wire, commit_pkt_i[193] has been deemed useless by optimization
Input Wire, commit_pkt_i[194] has been deemed useless by optimization
Input Wire, commit_pkt_i[195] has been deemed useless by optimization
Input Wire, commit_pkt_i[172] has been deemed useless by optimization
Input Wire, commit_pkt_i[197] has been deemed useless by optimization
Input Wire, commit_pkt_i[200] has been deemed useless by optimization
Input Wire, commit_pkt_i[202] has been deemed useless by optimization
Input Wire, commit_pkt_i[205] has been deemed useless by optimization
Input Wire, commit_pkt_i[71] has been deemed useless by optimization
Input Wire, commit_pkt_i[175] has been deemed useless by optimization
Input Wire, commit_pkt_i[212] has been deemed useless by optimization
Input Wire, commit_pkt_i[177] has been deemed useless by optimization
Input Wire, commit_pkt_i[178] has been deemed useless by optimization
Input Wire, commit_pkt_i[179] has been deemed useless by optimization
Input Wire, commit_pkt_i[77] has been deemed useless by optimization
Input Wire, commit_pkt_i[78] has been deemed useless by optimization
Input Wire, commit_pkt_i[184] has been deemed useless by optimization
Input Wire, fwb_pkt_i[0] has been deemed useless by optimization
Input Wire, fwb_pkt_i[1] has been deemed useless by optimization
Input Wire, fwb_pkt_i[2] has been deemed useless by optimization
Input Wire, fwb_pkt_i[3] has been deemed useless by optimization
Input Wire, fwb_pkt_i[4] has been deemed useless by optimization
Input Wire, commit_pkt_i[0] has been deemed useless by optimization
Input Wire, commit_pkt_i[196] has been deemed useless by optimization
Input Wire, commit_pkt_i[1] has been deemed useless by optimization
Input Wire, commit_pkt_i[198] has been deemed useless by optimization
Input Wire, commit_pkt_i[199] has been deemed useless by optimization
Input Wire, commit_pkt_i[2] has been deemed useless by optimization
Input Wire, commit_pkt_i[201] has been deemed useless by optimization
Input Wire, commit_pkt_i[3] has been deemed useless by optimization
Input Wire, commit_pkt_i[203] has been deemed useless by optimization
Input Wire, commit_pkt_i[204] has been deemed useless by optimization
Input Wire, commit_pkt_i[5] has been deemed useless by optimization
Input Wire, commit_pkt_i[8] has been deemed useless by optimization
Input Wire, fwb_pkt_i[76] has been deemed useless by optimization
Input Wire, commit_pkt_i[10] has been deemed useless by optimization
Input Wire, fwb_pkt_i[78] has been deemed useless by optimization
Input Wire, iwb_pkt_i[0] has been deemed useless by optimization
Input Wire, commit_pkt_i[11] has been deemed useless by optimization
Input Wire, iwb_pkt_i[1] has been deemed useless by optimization
Input Wire, commit_pkt_i[12] has been deemed useless by optimization
Input Wire, commit_pkt_i[15] has been deemed useless by optimization
Input Wire, commit_pkt_i[16] has been deemed useless by optimization
Input Wire, iwb_pkt_i[2] has been deemed useless by optimization
Input Wire, commit_pkt_i[17] has been deemed useless by optimization
Input Wire, commit_pkt_i[18] has been deemed useless by optimization
Input Wire, iwb_pkt_i[3] has been deemed useless by optimization
Input Wire, trans_info_i[2] has been deemed useless by optimization
Input Wire, commit_pkt_i[19] has been deemed useless by optimization
Input Wire, commit_pkt_i[168] has been deemed useless by optimization
Input Wire, iwb_pkt_i[3] has been deemed useless by optimization
Input Wire, commit_pkt_i[203] has been deemed useless by optimization
Input Wire, commit_pkt_i[38] has been deemed useless by optimization
Input Wire, commit_pkt_i[22] has been deemed useless by optimization
Input Wire, commit_pkt_i[30] has been deemed useless by optimization
Input Wire, commit_pkt_i[46] has been deemed useless by optimization
Input Wire, commit_pkt_i[54] has been deemed useless by optimization
Input Wire, commit_pkt_i[176] has been deemed useless by optimization
Input Wire, commit_pkt_i[62] has been deemed useless by optimization
Input Wire, commit_pkt_i[128] has been deemed useless by optimization
Input Wire, commit_pkt_i[70] has been deemed useless by optimization
Input Wire, commit_pkt_i[86] has been deemed useless by optimization
Input Wire, commit_pkt_i[15] has been deemed useless by optimization
Input Wire, commit_pkt_i[149] has been deemed useless by optimization
Input Wire, commit_pkt_i[184] has been deemed useless by optimization
Input Wire, commit_pkt_i[157] has been deemed useless by optimization
Input Wire, commit_pkt_i[3] has been deemed useless by optimization
Input Wire, commit_pkt_i[192] has been deemed useless by optimization
Input Wire, commit_pkt_i[165] has been deemed useless by optimization
Input Wire, fwb_pkt_i[1] has been deemed useless by optimization
Input Wire, commit_pkt_i[200] has been deemed useless by optimization
Input Wire, commit_pkt_i[138] has been deemed useless by optimization
Input Wire, commit_pkt_i[173] has been deemed useless by optimization
Input Wire, commit_pkt_i[12] has been deemed useless by optimization
Input Wire, commit_pkt_i[71] has been deemed useless by optimization
Input Wire, commit_pkt_i[87] has been deemed useless by optimization
Input Wire, commit_pkt_i[79] has been deemed useless by optimization
Input Wire, commit_pkt_i[23] has been deemed useless by optimization
Input Wire, commit_pkt_i[31] has been deemed useless by optimization
Input Wire, commit_pkt_i[39] has been deemed useless by optimization
Input Wire, commit_pkt_i[47] has been deemed useless by optimization
Input Wire, commit_pkt_i[55] has been deemed useless by optimization
Input Wire, commit_pkt_i[177] has been deemed useless by optimization
Input Wire, commit_pkt_i[63] has been deemed useless by optimization
Input Wire, commit_pkt_i[146] has been deemed useless by optimization
Input Wire, commit_pkt_i[181] has been deemed useless by optimization
Input Wire, iwb_pkt_i[76] has been deemed useless by optimization
Input Wire, commit_pkt_i[154] has been deemed useless by optimization
Input Wire, commit_pkt_i[189] has been deemed useless by optimization
Input Wire, commit_pkt_i[162] has been deemed useless by optimization
Input Wire, iwb_pkt_i[0] has been deemed useless by optimization
Input Wire, commit_pkt_i[197] has been deemed useless by optimization
Input Wire, commit_pkt_i[170] has been deemed useless by optimization
Input Wire, iwb_pkt_i[4] has been deemed useless by optimization
Input Wire, commit_pkt_i[205] has been deemed useless by optimization
Input Wire, commit_pkt_i[143] has been deemed useless by optimization
Input Wire, commit_pkt_i[40] has been deemed useless by optimization
Input Wire, commit_pkt_i[24] has been deemed useless by optimization
Input Wire, commit_pkt_i[32] has been deemed useless by optimization
Input Wire, commit_pkt_i[48] has been deemed useless by optimization
Input Wire, commit_pkt_i[56] has been deemed useless by optimization
Input Wire, commit_pkt_i[64] has been deemed useless by optimization
Input Wire, commit_pkt_i[130] has been deemed useless by optimization
Input Wire, commit_pkt_i[72] has been deemed useless by optimization
Input Wire, commit_pkt_i[80] has been deemed useless by optimization
Input Wire, commit_pkt_i[88] has been deemed useless by optimization
Input Wire, commit_pkt_i[178] has been deemed useless by optimization
Input Wire, commit_pkt_i[212] has been deemed useless by optimization
Input Wire, commit_pkt_i[17] has been deemed useless by optimization
Input Wire, commit_pkt_i[151] has been deemed useless by optimization
Input Wire, commit_pkt_i[0] has been deemed useless by optimization
Input Wire, commit_pkt_i[186] has been deemed useless by optimization
Input Wire, trans_info_i[2] has been deemed useless by optimization
Input Wire, commit_pkt_i[159] has been deemed useless by optimization
Input Wire, commit_pkt_i[194] has been deemed useless by optimization
Input Wire, commit_pkt_i[167] has been deemed useless by optimization
Input Wire, fwb_pkt_i[2] has been deemed useless by optimization
Input Wire, commit_pkt_i[8] has been deemed useless by optimization
Input Wire, commit_pkt_i[202] has been deemed useless by optimization
Input Wire, commit_pkt_i[175] has been deemed useless by optimization
Input Wire, commit_pkt_i[73] has been deemed useless by optimization
Input Wire, commit_pkt_i[81] has been deemed useless by optimization
Input Wire, commit_pkt_i[131] has been deemed useless by optimization
Input Wire, commit_pkt_i[41] has been deemed useless by optimization
Input Wire, commit_pkt_i[33] has been deemed useless by optimization
Input Wire, commit_pkt_i[25] has been deemed useless by optimization
Input Wire, commit_pkt_i[49] has been deemed useless by optimization
Input Wire, commit_pkt_i[57] has been deemed useless by optimization
Input Wire, commit_pkt_i[65] has been deemed useless by optimization
Input Wire, commit_pkt_i[139] has been deemed useless by optimization
Input Wire, commit_pkt_i[148] has been deemed useless by optimization
Input Wire, commit_pkt_i[183] has been deemed useless by optimization
Input Wire, iwb_pkt_i[77] has been deemed useless by optimization
Input Wire, commit_pkt_i[156] has been deemed useless by optimization
Input Wire, fwb_pkt_i[76] has been deemed useless by optimization
Input Wire, commit_pkt_i[191] has been deemed useless by optimization
Input Wire, commit_pkt_i[129] has been deemed useless by optimization
Input Wire, commit_pkt_i[164] has been deemed useless by optimization
Input Wire, iwb_pkt_i[1] has been deemed useless by optimization
Input Wire, commit_pkt_i[199] has been deemed useless by optimization
Input Wire, commit_pkt_i[137] has been deemed useless by optimization
Input Wire, commit_pkt_i[172] has been deemed useless by optimization
Input Wire, commit_pkt_i[11] has been deemed useless by optimization
Input Wire, commit_pkt_i[42] has been deemed useless by optimization
Input Wire, commit_pkt_i[34] has been deemed useless by optimization
Input Wire, commit_pkt_i[26] has been deemed useless by optimization
Input Wire, commit_pkt_i[50] has been deemed useless by optimization
Input Wire, commit_pkt_i[58] has been deemed useless by optimization
Input Wire, commit_pkt_i[66] has been deemed useless by optimization
Input Wire, commit_pkt_i[132] has been deemed useless by optimization
Input Wire, commit_pkt_i[74] has been deemed useless by optimization
Input Wire, commit_pkt_i[82] has been deemed useless by optimization
Input Wire, commit_pkt_i[140] has been deemed useless by optimization
Input Wire, commit_pkt_i[180] has been deemed useless by optimization
Input Wire, commit_pkt_i[145] has been deemed useless by optimization
Input Wire, commit_pkt_i[19] has been deemed useless by optimization
Input Wire, commit_pkt_i[153] has been deemed useless by optimization
Input Wire, commit_pkt_i[1] has been deemed useless by optimization
Input Wire, commit_pkt_i[188] has been deemed useless by optimization
Input Wire, commit_pkt_i[161] has been deemed useless by optimization
Input Wire, commit_pkt_i[5] has been deemed useless by optimization
Input Wire, commit_pkt_i[196] has been deemed useless by optimization
Input Wire, commit_pkt_i[169] has been deemed useless by optimization
Input Wire, fwb_pkt_i[3] has been deemed useless by optimization
Input Wire, commit_pkt_i[204] has been deemed useless by optimization
Input Wire, commit_pkt_i[142] has been deemed useless by optimization
Input Wire, commit_pkt_i[75] has been deemed useless by optimization
Input Wire, commit_pkt_i[83] has been deemed useless by optimization
Input Wire, commit_pkt_i[133] has been deemed useless by optimization
Input Wire, commit_pkt_i[43] has been deemed useless by optimization
Input Wire, commit_pkt_i[35] has been deemed useless by optimization
Input Wire, commit_pkt_i[27] has been deemed useless by optimization
Input Wire, commit_pkt_i[51] has been deemed useless by optimization
Input Wire, commit_pkt_i[59] has been deemed useless by optimization
Input Wire, commit_pkt_i[67] has been deemed useless by optimization
Input Wire, commit_pkt_i[141] has been deemed useless by optimization
Input Wire, commit_pkt_i[14] has been deemed useless by optimization
Input Wire, commit_pkt_i[16] has been deemed useless by optimization
Input Wire, commit_pkt_i[150] has been deemed useless by optimization
Input Wire, commit_pkt_i[185] has been deemed useless by optimization
Input Wire, commit_pkt_i[158] has been deemed useless by optimization
Input Wire, commit_pkt_i[193] has been deemed useless by optimization
Input Wire, commit_pkt_i[166] has been deemed useless by optimization
Input Wire, iwb_pkt_i[2] has been deemed useless by optimization
Input Wire, commit_pkt_i[201] has been deemed useless by optimization
Input Wire, commit_pkt_i[174] has been deemed useless by optimization
Input Wire, commit_pkt_i[13] has been deemed useless by optimization
Input Wire, commit_pkt_i[44] has been deemed useless by optimization
Input Wire, commit_pkt_i[20] has been deemed useless by optimization
Input Wire, commit_pkt_i[28] has been deemed useless by optimization
Input Wire, commit_pkt_i[36] has been deemed useless by optimization
Input Wire, commit_pkt_i[52] has been deemed useless by optimization
Input Wire, commit_pkt_i[60] has been deemed useless by optimization
Input Wire, commit_pkt_i[68] has been deemed useless by optimization
Input Wire, commit_pkt_i[134] has been deemed useless by optimization
Input Wire, commit_pkt_i[76] has been deemed useless by optimization
Input Wire, commit_pkt_i[84] has been deemed useless by optimization
Input Wire, commit_pkt_i[147] has been deemed useless by optimization
Input Wire, commit_pkt_i[182] has been deemed useless by optimization
Input Wire, commit_pkt_i[155] has been deemed useless by optimization
Input Wire, commit_pkt_i[2] has been deemed useless by optimization
Input Wire, commit_pkt_i[190] has been deemed useless by optimization
Input Wire, commit_pkt_i[163] has been deemed useless by optimization
Input Wire, fwb_pkt_i[0] has been deemed useless by optimization
Input Wire, commit_pkt_i[198] has been deemed useless by optimization
Input Wire, commit_pkt_i[136] has been deemed useless by optimization
Input Wire, commit_pkt_i[171] has been deemed useless by optimization
Input Wire, fwb_pkt_i[4] has been deemed useless by optimization
Input Wire, commit_pkt_i[10] has been deemed useless by optimization
Input Wire, commit_pkt_i[77] has been deemed useless by optimization
Input Wire, commit_pkt_i[85] has been deemed useless by optimization
Input Wire, commit_pkt_i[45] has been deemed useless by optimization
Input Wire, commit_pkt_i[21] has been deemed useless by optimization
Input Wire, commit_pkt_i[29] has been deemed useless by optimization
Input Wire, commit_pkt_i[37] has been deemed useless by optimization
Input Wire, commit_pkt_i[53] has been deemed useless by optimization
Input Wire, commit_pkt_i[61] has been deemed useless by optimization
Input Wire, commit_pkt_i[69] has been deemed useless by optimization
Input Wire, commit_pkt_i[135] has been deemed useless by optimization
Input Wire, commit_pkt_i[144] has been deemed useless by optimization
Input Wire, commit_pkt_i[179] has been deemed useless by optimization
Input Wire, commit_pkt_i[18] has been deemed useless by optimization
Input Wire, commit_pkt_i[78] has been deemed useless by optimization
Input Wire, commit_pkt_i[152] has been deemed useless by optimization
Input Wire, commit_pkt_i[187] has been deemed useless by optimization
Input Wire, commit_pkt_i[160] has been deemed useless by optimization
Input Wire, fwb_pkt_i[78] has been deemed useless by optimization
Input Wire, commit_pkt_i[195] has been deemed useless by optimization
Input Wire, commit_pkt_i[21] has been deemed useless by optimization
Input Wire, commit_pkt_i[22] has been deemed useless by optimization
Input Wire, commit_pkt_i[23] has been deemed useless by optimization
Input Wire, commit_pkt_i[24] has been deemed useless by optimization
Input Wire, commit_pkt_i[25] has been deemed useless by optimization
Input Wire, commit_pkt_i[26] has been deemed useless by optimization
Input Wire, commit_pkt_i[27] has been deemed useless by optimization
Input Wire, commit_pkt_i[32] has been deemed useless by optimization
Input Wire, commit_pkt_i[34] has been deemed useless by optimization
Input Wire, commit_pkt_i[35] has been deemed useless by optimization
Input Wire, commit_pkt_i[37] has been deemed useless by optimization
Input Wire, commit_pkt_i[39] has been deemed useless by optimization
Input Wire, commit_pkt_i[40] has been deemed useless by optimization
Input Wire, commit_pkt_i[41] has been deemed useless by optimization
Input Wire, commit_pkt_i[42] has been deemed useless by optimization
Input Wire, commit_pkt_i[45] has been deemed useless by optimization
Input Wire, commit_pkt_i[46] has been deemed useless by optimization
Input Wire, commit_pkt_i[47] has been deemed useless by optimization
Input Wire, commit_pkt_i[49] has been deemed useless by optimization
Input Wire, commit_pkt_i[50] has been deemed useless by optimization
Input Wire, commit_pkt_i[51] has been deemed useless by optimization
Input Wire, commit_pkt_i[52] has been deemed useless by optimization
Input Wire, commit_pkt_i[53] has been deemed useless by optimization
Input Wire, commit_pkt_i[55] has been deemed useless by optimization
Input Wire, commit_pkt_i[56] has been deemed useless by optimization
Input Wire, commit_pkt_i[57] has been deemed useless by optimization
Input Wire, commit_pkt_i[58] has been deemed useless by optimization
Input Wire, commit_pkt_i[59] has been deemed useless by optimization
Input Wire, commit_pkt_i[60] has been deemed useless by optimization
Input Wire, commit_pkt_i[61] has been deemed useless by optimization
Input Wire, commit_pkt_i[63] has been deemed useless by optimization
Input Wire, commit_pkt_i[64] has been deemed useless by optimization
Input Wire, commit_pkt_i[65] has been deemed useless by optimization
Input Wire, commit_pkt_i[67] has been deemed useless by optimization
Input Wire, commit_pkt_i[68] has been deemed useless by optimization
Input Wire, commit_pkt_i[69] has been deemed useless by optimization
Input Wire, commit_pkt_i[70] has been deemed useless by optimization
Input Wire, commit_pkt_i[71] has been deemed useless by optimization
Input Wire, commit_pkt_i[72] has been deemed useless by optimization
Input Wire, commit_pkt_i[73] has been deemed useless by optimization
Input Wire, commit_pkt_i[74] has been deemed useless by optimization
Input Wire, commit_pkt_i[75] has been deemed useless by optimization
Input Wire, commit_pkt_i[77] has been deemed useless by optimization
Input Wire, commit_pkt_i[83] has been deemed useless by optimization
Input Wire, commit_pkt_i[85] has been deemed useless by optimization
Input Wire, commit_pkt_i[86] has been deemed useless by optimization
Input Wire, commit_pkt_i[87] has been deemed useless by optimization
Input Wire, commit_pkt_i[88] has been deemed useless by optimization
Input Wire, commit_pkt_i[10] has been deemed useless by optimization
Input Wire, commit_pkt_i[131] has been deemed useless by optimization
Input Wire, commit_pkt_i[132] has been deemed useless by optimization
Input Wire, commit_pkt_i[133] has been deemed useless by optimization
Input Wire, commit_pkt_i[134] has been deemed useless by optimization
Input Wire, commit_pkt_i[135] has been deemed useless by optimization
Input Wire, commit_pkt_i[136] has been deemed useless by optimization
Input Wire, commit_pkt_i[137] has been deemed useless by optimization
Input Wire, commit_pkt_i[140] has been deemed useless by optimization
Input Wire, commit_pkt_i[141] has been deemed useless by optimization
Input Wire, commit_pkt_i[142] has been deemed useless by optimization
Input Wire, commit_pkt_i[15] has been deemed useless by optimization
Input Wire, commit_pkt_i[145] has been deemed useless by optimization
Input Wire, commit_pkt_i[147] has been deemed useless by optimization
Input Wire, commit_pkt_i[16] has been deemed useless by optimization
Input Wire, commit_pkt_i[148] has been deemed useless by optimization
Input Wire, commit_pkt_i[149] has been deemed useless by optimization
Input Wire, commit_pkt_i[150] has been deemed useless by optimization
Input Wire, commit_pkt_i[151] has been deemed useless by optimization
Input Wire, commit_pkt_i[152] has been deemed useless by optimization
Input Wire, commit_pkt_i[154] has been deemed useless by optimization
Input Wire, commit_pkt_i[155] has been deemed useless by optimization
Input Wire, commit_pkt_i[156] has been deemed useless by optimization
Input Wire, commit_pkt_i[157] has been deemed useless by optimization
Input Wire, commit_pkt_i[18] has been deemed useless by optimization
Input Wire, commit_pkt_i[158] has been deemed useless by optimization
Input Wire, commit_pkt_i[159] has been deemed useless by optimization
Input Wire, commit_pkt_i[160] has been deemed useless by optimization
Input Wire, commit_pkt_i[161] has been deemed useless by optimization
Input Wire, commit_pkt_i[162] has been deemed useless by optimization
Input Wire, commit_pkt_i[164] has been deemed useless by optimization
Input Wire, commit_pkt_i[165] has been deemed useless by optimization
Input Wire, commit_pkt_i[166] has been deemed useless by optimization
Input Wire, commit_pkt_i[167] has been deemed useless by optimization
Input Wire, commit_pkt_i[168] has been deemed useless by optimization
Input Wire, commit_pkt_i[169] has been deemed useless by optimization
Input Wire, commit_pkt_i[170] has been deemed useless by optimization
Input Wire, commit_pkt_i[171] has been deemed useless by optimization
Input Wire, commit_pkt_i[172] has been deemed useless by optimization
Input Wire, commit_pkt_i[173] has been deemed useless by optimization
Input Wire, commit_pkt_i[174] has been deemed useless by optimization
Input Wire, commit_pkt_i[175] has been deemed useless by optimization
Input Wire, commit_pkt_i[176] has been deemed useless by optimization
Input Wire, commit_pkt_i[177] has been deemed useless by optimization
Input Wire, commit_pkt_i[178] has been deemed useless by optimization
Input Wire, commit_pkt_i[179] has been deemed useless by optimization
Input Wire, commit_pkt_i[180] has been deemed useless by optimization
Input Wire, commit_pkt_i[181] has been deemed useless by optimization
Input Wire, commit_pkt_i[182] has been deemed useless by optimization
Input Wire, commit_pkt_i[183] has been deemed useless by optimization
Input Wire, commit_pkt_i[185] has been deemed useless by optimization
Input Wire, commit_pkt_i[187] has been deemed useless by optimization
Input Wire, commit_pkt_i[188] has been deemed useless by optimization
Input Wire, commit_pkt_i[190] has been deemed useless by optimization
Input Wire, commit_pkt_i[191] has been deemed useless by optimization
Input Wire, commit_pkt_i[192] has been deemed useless by optimization
Input Wire, commit_pkt_i[193] has been deemed useless by optimization
Input Wire, commit_pkt_i[194] has been deemed useless by optimization
Input Wire, commit_pkt_i[195] has been deemed useless by optimization
Input Wire, commit_pkt_i[196] has been deemed useless by optimization
Input Wire, commit_pkt_i[197] has been deemed useless by optimization
Input Wire, commit_pkt_i[199] has been deemed useless by optimization
Input Wire, commit_pkt_i[201] has been deemed useless by optimization
Input Wire, commit_pkt_i[202] has been deemed useless by optimization
Input Wire, commit_pkt_i[204] has been deemed useless by optimization
Input Wire, commit_pkt_i[205] has been deemed useless by optimization
Input Wire, iwb_pkt_i[76] has been deemed useless by optimization
Input Wire, iwb_pkt_i[77] has been deemed useless by optimization
Input Wire, commit_pkt_i[14] has been deemed useless by optimization
Input Wire, commit_pkt_i[20] has been deemed useless by optimization
Input Wire, commit_pkt_i[28] has been deemed useless by optimization
Input Wire, commit_pkt_i[29] has been deemed useless by optimization
Input Wire, commit_pkt_i[30] has been deemed useless by optimization
Input Wire, commit_pkt_i[31] has been deemed useless by optimization
Input Wire, commit_pkt_i[33] has been deemed useless by optimization
Input Wire, commit_pkt_i[36] has been deemed useless by optimization
Input Wire, commit_pkt_i[38] has been deemed useless by optimization
Input Wire, commit_pkt_i[43] has been deemed useless by optimization
Input Wire, commit_pkt_i[44] has been deemed useless by optimization
Input Wire, commit_pkt_i[48] has been deemed useless by optimization
Input Wire, commit_pkt_i[54] has been deemed useless by optimization
Input Wire, commit_pkt_i[62] has been deemed useless by optimization
Input Wire, commit_pkt_i[66] has been deemed useless by optimization
Input Wire, commit_pkt_i[76] has been deemed useless by optimization
Input Wire, commit_pkt_i[78] has been deemed useless by optimization
Input Wire, commit_pkt_i[79] has been deemed useless by optimization
Input Wire, commit_pkt_i[80] has been deemed useless by optimization
Input Wire, commit_pkt_i[81] has been deemed useless by optimization
Input Wire, commit_pkt_i[82] has been deemed useless by optimization
Input Wire, commit_pkt_i[84] has been deemed useless by optimization
Input Wire, commit_pkt_i[128] has been deemed useless by optimization
Input Wire, commit_pkt_i[129] has been deemed useless by optimization
Input Wire, commit_pkt_i[130] has been deemed useless by optimization
Input Wire, commit_pkt_i[138] has been deemed useless by optimization
Input Wire, commit_pkt_i[139] has been deemed useless by optimization
Input Wire, commit_pkt_i[143] has been deemed useless by optimization
Input Wire, commit_pkt_i[144] has been deemed useless by optimization
Input Wire, commit_pkt_i[146] has been deemed useless by optimization
Input Wire, commit_pkt_i[153] has been deemed useless by optimization
Input Wire, commit_pkt_i[163] has been deemed useless by optimization
Input Wire, commit_pkt_i[184] has been deemed useless by optimization
Input Wire, commit_pkt_i[186] has been deemed useless by optimization
Input Wire, commit_pkt_i[189] has been deemed useless by optimization
Input Wire, commit_pkt_i[198] has been deemed useless by optimization
Input Wire, commit_pkt_i[200] has been deemed useless by optimization
Input Wire, commit_pkt_i[203] has been deemed useless by optimization
Input Wire, commit_pkt_i[212] has been deemed useless by optimization
Input Wire, trans_info_i[2] has been deemed useless by optimization
Input Wire, fwb_pkt_i[76] has been deemed useless by optimization
Input Wire, fwb_pkt_i[78] has been deemed useless by optimization
Input Wire, iwb_pkt_i[0] has been deemed useless by optimization
Input Wire, iwb_pkt_i[1] has been deemed useless by optimization
Input Wire, iwb_pkt_i[2] has been deemed useless by optimization
Input Wire, iwb_pkt_i[3] has been deemed useless by optimization
Input Wire, iwb_pkt_i[4] has been deemed useless by optimization
Input Wire, fwb_pkt_i[0] has been deemed useless by optimization
Input Wire, fwb_pkt_i[1] has been deemed useless by optimization
Input Wire, fwb_pkt_i[2] has been deemed useless by optimization
Input Wire, fwb_pkt_i[3] has been deemed useless by optimization
Input Wire, fwb_pkt_i[4] has been deemed useless by optimization
Input Wire, commit_pkt_i[0] has been deemed useless by optimization
Input Wire, commit_pkt_i[1] has been deemed useless by optimization
Input Wire, commit_pkt_i[2] has been deemed useless by optimization
Input Wire, commit_pkt_i[3] has been deemed useless by optimization
Input Wire, commit_pkt_i[5] has been deemed useless by optimization
Input Wire, commit_pkt_i[8] has been deemed useless by optimization
Input Wire, commit_pkt_i[11] has been deemed useless by optimization
Input Wire, commit_pkt_i[12] has been deemed useless by optimization
Input Wire, commit_pkt_i[13] has been deemed useless by optimization
Input Wire, commit_pkt_i[17] has been deemed useless by optimization
Input Wire, commit_pkt_i[19] has been deemed useless by optimization
reg_tmp585405[174]: 
reg_tmp196623[66]: 
reg_tmp281711[66]: 
reg_tmp175089[66]: 
reg_tmp175209[66]: 
reg_tmp174929[66]: 
reg_tmp585505[174]: 
reg_tmp175009[66]: 
reg_tmp174889[66]: 
reg_tmp585445[174]: 
reg_tmp281391[66]: 
reg_tmp175049[66]: 
reg_tmp281451[66]: 
reg_tmp585425[174]: 
reg_tmp585525[174]: 
reg_tmp175109[66]: 
reg_tmp174989[66]: 
reg_tmp594055[5]: 
reg_tmp174909[66]: 
reg_tmp281311[66]: 
reg_tmp281471[66]: 
reg_tmp175329[66]: 
reg_tmp296845[66]: 
reg_tmp281411[66]: 
reg_tmp281671[66]: 
reg_tmp281751[66]: 
reg_tmp281771[66]: 
reg_tmp175509[66]: 
reg_tmp175229[66]: 
reg_tmp281551[66]: 
reg_tmp281491[66]: 
reg_tmp281371[66]: 
reg_tmp281611[66]: 
reg_tmp281291[66]: 
reg_tmp281831[66]: 
reg_tmp175429[66]: 
reg_tmp281631[66]: 
reg_tmp175449[66]: 
reg_tmp175149[66]: 
reg_tmp175489[66]: 
reg_tmp175129[66]: 
reg_tmp175249[66]: 
reg_tmp175169[66]: 
reg_tmp196585[66]: 
reg_tmp585465[174]: 
reg_tmp175189[66]: 
reg_tmp175389[66]: 
reg_tmp174969[66]: 
reg_tmp175469[66]: 
reg_tmp585545[174]: 
reg_tmp281851[66]: 
reg_tmp175269[66]: 
reg_tmp281891[66]: 
reg_tmp585485[174]: 
reg_tmp281571[66]: 
reg_tmp175349[66]: 
reg_tmp175309[66]: 
reg_tmp196661[66]: 
reg_tmp281331[66]: 
reg_tmp281911[66]: 
reg_tmp281791[66]: 
reg_tmp296769[66]: 
reg_tmp175289[66]: 
reg_tmp281691[66]: 
reg_tmp281651[66]: 
reg_tmp281511[66]: 
reg_tmp175069[66]: 
reg_tmp281351[66]: 
reg_tmp281591[66]: 
reg_tmp175029[66]: 
reg_tmp175409[66]: 
reg_tmp175369[66]: 
reg_tmp281731[66]: 
reg_tmp281531[66]: 
reg_tmp281871[66]: 
reg_tmp594452[5]: 
reg_tmp594414[5]: 
reg_tmp281431[66]: 
reg_tmp281811[66]: 
reg_tmp613496[45]: 
reg_tmp594483[5]: 
reg_tmp174949[66]: 
reg_tmp594433[5]: 
reg_tmp613661[2]: 
Error: addr_width from address logic not the same as from register count
Error: addr_width from address logic not the same as from register count
Error: addr_width from address logic not the same as from register count
Error: addr_width from address logic not the same as from register count
Error: addr_width from address logic not the same as from register count
Error: addr_width from address logic not the same as from register count
Error: addr_width from address logic not the same as from register count
Error: addr_width from address logic not the same as from register count
Error: addr_width from address logic not the same as from register count
Error: addr_width from address logic not the same as from register count
Error: addr_width from address logic not the same as from register count
Error: addr_width from address logic not the same as from register count
Error: addr_width from address logic not the same as from register count
Error: addr_width from address logic not the same as from register count
Error: addr_width from address logic not the same as from register count
Error: addr_width from address logic not the same as from register count
Error: addr_width from address logic not the same as from register count
Error: addr_width from address logic not the same as from register count
Error: addr_width from address logic not the same as from register count
Error: addr_width from address logic not the same as from register count
Error: addr_width from address logic not the same as from register count
Error: addr_width from address logic not the same as from register count
Error: addr_width from address logic not the same as from register count
Error: addr_width from address logic not the same as from register count
Error: addr_width from address logic not the same as from register count
Error: addr_width from address logic not the same as from register count
Error: addr_width from address logic not the same as from register count
Error: addr_width from address logic not the same as from register count
Error: addr_width from address logic not the same as from register count
Error: addr_width from address logic not the same as from register count
Error: addr_width from address logic not the same as from register count
Error: addr_width from address logic not the same as from register count
Error: addr_width from address logic not the same as from register count
Error: addr_width from address logic not the same as from register count
Error: addr_width from address logic not the same as from register count
Error: addr_width from address logic not the same as from register count
Error: addr_width from address logic not the same as from register count
Error: addr_width from address logic not the same as from register count
Error: addr_width from address logic not the same as from register count
Error: addr_width from address logic not the same as from register count
Error: addr_width from address logic not the same as from register count
Error: addr_width from address logic not the same as from register count
Error: addr_width from address logic not the same as from register count
Error: addr_width from address logic not the same as from register count
Error: addr_width from address logic not the same as from register count
Error: addr_width from address logic not the same as from register count
Error: addr_width from address logic not the same as from register count
Error: addr_width from address logic not the same as from register count
Error: addr_width from address logic not the same as from register count
Error: addr_width from address logic not the same as from register count
Error: addr_width from address logic not the same as from register count
Error: addr_width from address logic not the same as from register count
Error: addr_width from address logic not the same as from register count
Error: addr_width from address logic not the same as from register count
Error: addr_width from address logic not the same as from register count
Error: addr_width from address logic not the same as from register count
Error: addr_width from address logic not the same as from register count
Error: addr_width from address logic not the same as from register count
Error: addr_width from address logic not the same as from register count
Error: addr_width from address logic not the same as from register count
Error: addr_width from address logic not the same as from register count
Error: addr_width from address logic not the same as from register count
Error: addr_width from address logic not the same as from register count
Error: addr_width from address logic not the same as from register count
Error: addr_width from address logic not the same as from register count
Error: addr_width from address logic not the same as from register count
Error: addr_width from address logic not the same as from register count
mem_tmp602975, 3 x 174
{'tmp585910', 'tmp585872', 'tmp572045', 'tmp585948', 'tmp581394', 'tmp586011', 'tmp585352', 'tmp580401', 'tmp578155', 'tmp585986', 'tmp582706', 'tmp585935', 'tmp585897', 'tmp578771', 'tmp585973'}(15)(15) --> ('tmp573123', 'tmp579663', 'tmp573923', 'tmp573283', 'tmp570723', 'tmp578550', 'tmp583638', 'tmp579186', 'tmp581412', 'tmp576003', 'tmp577437', 'tmp585230', 'tmp582366', 'tmp570563', 'tmp584751', 'tmp576323', 'tmp571523', 'tmp582207', 'tmp572323', 'tmp583956', 'tmp579981', 'tmp576960', 'tmp570883', 'tmp573763', 'tmp574083', 'tmp571203', 'tmp583479', 'tmp578868', 'tmp578391', 'tmp577119', 'tmp584115', 'tmp574883', 'tmp583797', 'tmp573603', 'tmp578073', 'tmp572483', 'tmp575523', 'tmp583161', 'tmp583320', 'tmp579345', 'tmp575203', 'tmp575363', 'tmp583002', 'tmp578709', 'tmp580776', 'tmp580140', 'tmp584592', 'tmp582684', 'tmp574563', 'tmp577596', 'tmp577755', 'tmp572963', 'tmp574243', 'tmp581889', 'tmp576483', 'tmp585390', 'tmp574403', 'tmp573443', 'tmp572803', 'tmp571683', 'tmp580458', 'tmp571043', 'tmp579504', 'tmp584433', 'tmp581253', 'tmp571843', 'tmp580617', 'tmp584274', 'tmp577278', 'tmp575043', 'tmp576642', 'tmp580935', 'tmp572163', 'tmp579027', 'tmp584910', 'tmp572003', 'tmp576801', 'tmp580299', 'tmp578232', 'tmp577914', 'tmp582048', 'tmp581730', 'tmp572643', 'tmp571363', 'tmp574723', 'tmp585070', 'tmp575683', 'tmp579822', 'tmp582525', 'tmp582843', 'tmp576163', 'tmp581571', 'tmp575843', 'tmp581094'), (3 x 174)
{'tmp570389', 'tmp558724', 'tmp570313', 'tmp570326', 'tmp562124', 'tmp569504', 'tmp570351', 'tmp570250', 'tmp560344', 'tmp570275', 'tmp570364', 'tmp570288', 'tmp562364', 'tmp560424', 'tmp562704', 'tmp587893'}(16)(16) --> ('tmp590560', 'tmp590161', 'tmp589268', 'tmp589515', 'tmp590294', 'tmp590180', 'tmp590104', 'tmp589420', 'tmp589192', 'tmp589572', 'tmp590541', 'tmp589686', 'tmp590332', 'tmp589914', 'tmp590484', 'tmp589952', 'tmp589325', 'tmp589838', 'tmp590123', 'tmp589382', 'tmp589534', 'tmp590636', 'tmp589648', 'tmp590237', 'tmp589477', 'tmp589306', 'tmp590066', 'tmp590617', 'tmp590142', 'tmp589249', 'tmp589154', 'tmp589895', 'tmp589990', 'tmp589401', 'tmp590655', 'tmp589610', 'tmp589933', 'tmp589363', 'tmp590256', 'tmp589724', 'tmp589439', 'tmp589667', 'tmp589458', 'tmp589971', 'tmp589496', 'tmp590408', 'tmp589876', 'tmp590028', 'tmp590351', 'tmp590503', 'tmp590579', 'tmp590370', 'tmp589287', 'tmp590313', 'tmp589591', 'tmp589781', 'tmp589211', 'tmp590427', 'tmp589629', 'tmp590047', 'tmp589762', 'tmp589553', 'tmp590389', 'tmp589743', 'tmp590085', 'tmp589857', 'tmp589819', 'tmp590446', 'tmp590522', 'tmp589173', 'tmp589344', 'tmp590218', 'tmp590598', 'tmp589230', 'tmp589705', 'tmp590465', 'tmp590275', 'tmp590199', 'tmp589800', 'tmp590009'), (3 x 174)
++++++++++
mem_tmp602975
addr_width: 3
val_width: 174
write enable: tmp602975/1W
write_address: (3), ['tmp719/1R', 'tmp723/1R', 'tmp727/1R']
write_port: (174), ['fe_queue_i[50]/1I', 'fe_queue_i[149]/1I', 'fe_queue_i[116]/1I', 'fe_queue_i[65]/1I', 'fe_queue_i[6]/1I', 'fe_queue_i[91]/1I', 'fe_queue_i[106]/1I', 'fe_queue_i[11]/1I', 'fe_queue_i[113]/1I', 'fe_queue_i[164]/1I', 'fe_queue_i[128]/1I', 'fe_queue_i[57]/1I', 'fe_queue_i[163]/1I', 'fe_queue_i[31]/1I', 'fe_queue_i[125]/1I', 'fe_queue_i[13]/1I', 'fe_queue_i[68]/1I', 'fe_queue_i[51]/1I', 'fe_queue_i[3]/1I', 'fe_queue_i[35]/1I', 'fe_queue_i[77]/1I', 'fe_queue_i[151]/1I', 'fe_queue_i[71]/1I', 'fe_queue_i[87]/1I', 'fe_queue_i[167]/1I', 'fe_queue_i[16]/1I', 'fe_queue_i[136]/1I', 'fe_queue_i[49]/1I', 'fe_queue_i[110]/1I', 'fe_queue_i[94]/1I', 'fe_queue_i[21]/1I', 'fe_queue_i[158]/1I', 'fe_queue_i[166]/1I', 'fe_queue_i[95]/1I', 'fe_queue_i[123]/1I', 'fe_queue_i[121]/1I', 'fe_queue_i[114]/1I', 'fe_queue_i[171]/1I', 'fe_queue_i[30]/1I', 'fe_queue_i[60]/1I', 'fe_queue_i[131]/1I', 'fe_queue_i[153]/1I', 'fe_queue_i[12]/1I', 'fe_queue_i[5]/1I', 'fe_queue_i[63]/1I', 'fe_queue_i[9]/1I', 'fe_queue_i[124]/1I', 'fe_queue_i[115]/1I', 'fe_queue_i[165]/1I', 'fe_queue_i[10]/1I', 'fe_queue_i[74]/1I', 'fe_queue_i[17]/1I', 'fe_queue_i[93]/1I', 'fe_queue_i[126]/1I', 'fe_queue_i[47]/1I', 'fe_queue_i[32]/1I', 'fe_queue_i[120]/1I', 'fe_queue_i[109]/1I', 'fe_queue_i[55]/1I', 'fe_queue_i[83]/1I', 'fe_queue_i[84]/1I', 'fe_queue_i[43]/1I', 'fe_queue_i[61]/1I', 'fe_queue_i[85]/1I', 'fe_queue_i[24]/1I', 'fe_queue_i[81]/1I', 'fe_queue_i[135]/1I', 'fe_queue_i[127]/1I', 'fe_queue_i[155]/1I', 'fe_queue_i[134]/1I', 'fe_queue_i[8]/1I', 'fe_queue_i[26]/1I', 'fe_queue_i[22]/1I', 'fe_queue_i[159]/1I', 'fe_queue_i[145]/1I', 'fe_queue_i[67]/1I', 'fe_queue_i[117]/1I', 'fe_queue_i[2]/1I', 'fe_queue_i[161]/1I', 'fe_queue_i[40]/1I', 'fe_queue_i[66]/1I', 'fe_queue_i[150]/1I', 'fe_queue_i[64]/1I', 'fe_queue_i[89]/1I', 'fe_queue_i[133]/1I', 'fe_queue_i[20]/1I', 'fe_queue_i[54]/1I', 'fe_queue_i[102]/1I', 'fe_queue_i[122]/1I', 'fe_queue_i[119]/1I', 'fe_queue_i[170]/1I', 'fe_queue_i[14]/1I', 'fe_queue_i[53]/1I', 'fe_queue_i[130]/1I', 'fe_queue_i[33]/1I', 'fe_queue_i[138]/1I', 'fe_queue_i[36]/1I', 'fe_queue_i[104]/1I', 'fe_queue_i[108]/1I', 'fe_queue_i[1]/1I', 'fe_queue_i[137]/1I', 'fe_queue_i[69]/1I', 'fe_queue_i[88]/1I', 'fe_queue_i[4]/1I', 'fe_queue_i[99]/1I', 'fe_queue_i[25]/1I', 'fe_queue_i[139]/1I', 'fe_queue_i[154]/1I', 'fe_queue_i[62]/1I', 'fe_queue_i[7]/1I', 'fe_queue_i[44]/1I', 'fe_queue_i[105]/1I', 'fe_queue_i[0]/1I', 'fe_queue_i[152]/1I', 'fe_queue_i[59]/1I', 'fe_queue_i[90]/1I', 'fe_queue_i[107]/1I', 'fe_queue_i[147]/1I', 'fe_queue_i[142]/1I', 'fe_queue_i[48]/1I', 'fe_queue_i[92]/1I', 'fe_queue_i[28]/1I', 'fe_queue_i[79]/1I', 'fe_queue_i[160]/1I', 'fe_queue_i[56]/1I', 'fe_queue_i[37]/1I', 'fe_queue_i[42]/1I', 'fe_queue_i[162]/1I', 'fe_queue_i[103]/1I', 'fe_queue_i[38]/1I', 'fe_queue_i[18]/1I', 'fe_queue_i[98]/1I', 'fe_queue_i[58]/1I', 'fe_queue_i[172]/1I', 'fe_queue_i[29]/1I', 'fe_queue_i[96]/1I', 'fe_queue_i[132]/1I', 'fe_queue_i[15]/1I', 'fe_queue_i[19]/1I', 'fe_queue_i[76]/1I', 'fe_queue_i[72]/1I', 'fe_queue_i[52]/1I', 'fe_queue_i[34]/1I', 'fe_queue_i[169]/1I', 'fe_queue_i[46]/1I', 'fe_queue_i[23]/1I', 'fe_queue_i[82]/1I', 'fe_queue_i[41]/1I', 'fe_queue_i[168]/1I', 'fe_queue_i[27]/1I', 'fe_queue_i[112]/1I', 'fe_queue_i[140]/1I', 'fe_queue_i[97]/1I', 'fe_queue_i[111]/1I', 'fe_queue_i[78]/1I', 'fe_queue_i[129]/1I', 'fe_queue_i[70]/1I', 'fe_queue_i[118]/1I', 'fe_queue_i[39]/1I', 'fe_queue_i[157]/1I', 'fe_queue_i[144]/1I', 'fe_queue_i[100]/1I', 'fe_queue_i[146]/1I', 'fe_queue_i[73]/1I', 'fe_queue_i[173]/1I', 'fe_queue_i[75]/1I', 'fe_queue_i[143]/1I', 'fe_queue_i[86]/1I', 'fe_queue_i[141]/1I', 'fe_queue_i[101]/1I', 'fe_queue_i[148]/1I', 'fe_queue_i[156]/1I', 'fe_queue_i[80]/1I', 'fe_queue_i[45]/1I']
read_ports:
----------
decomp time: 320.28336477279663 s
