reg_tmp21879[16]: tmp1206 tmp1218 tmp1230 tmp1194 tmp1184 tmp1197 tmp1209 tmp1221 tmp1188 tmp1200 tmp1212 tmp1224 tmp1191 tmp1227 tmp1203 tmp1215 
reg_tmp21954[16]: tmp992 tmp980 tmp1016 tmp1004 tmp986 tmp995 tmp983 tmp1007 tmp1019 tmp973 tmp998 tmp1010 tmp977 tmp989 tmp1001 tmp1013 
reg_tmp21902[16]: tmp729 tmp741 tmp753 tmp717 tmp720 tmp744 tmp756 tmp713 tmp723 tmp735 tmp747 tmp732 tmp726 tmp738 tmp750 tmp759 
reg_tmp21951[16]: tmp86 tmp1634 tmp1646 tmp89 tmp83 tmp1637 tmp76 tmp93 tmp1643 tmp1628 tmp80 tmp1640 tmp97 tmp101 tmp1631 tmp1625 
reg_tmp21899[16]: tmp766 tmp781 tmp805 tmp762 tmp772 tmp784 tmp796 tmp793 tmp808 tmp775 tmp787 tmp799 tmp778 tmp790 tmp802 tmp769 
reg_tmp21908[16]: tmp1086 tmp1096 tmp1111 tmp1123 tmp1099 tmp1090 tmp1114 tmp1126 tmp1102 tmp1105 tmp1117 tmp1129 tmp1093 tmp1120 tmp1132 tmp1108 
reg_tmp21995[16]: tmp615 tmp622 tmp634 tmp646 tmp619 tmp625 tmp637 tmp649 tmp658 tmp628 tmp640 tmp652 tmp661 tmp643 tmp655 tmp631 
reg_tmp21948[16]: tmp1622 tmp1580 tmp1592 tmp1604 tmp1595 tmp1607 tmp1576 tmp1616 tmp1610 tmp1586 tmp1598 tmp1583 tmp1619 tmp1589 tmp1601 tmp1613 
reg_tmp21962[16]: tmp184 tmp196 tmp178 tmp208 tmp220 tmp199 tmp211 tmp190 tmp202 tmp214 tmp181 tmp193 tmp205 tmp217 tmp187 tmp174 
reg_tmp21981[16]: tmp465 tmp441 tmp453 tmp429 tmp423 tmp456 tmp432 tmp444 tmp459 tmp435 tmp447 tmp426 tmp450 tmp462 tmp438 tmp419 
reg_tmp21884[16]: tmp116 tmp72 tmp56 tmp40 tmp105 tmp119 tmp60 tmp122 tmp35 tmp48 tmp109 tmp64 tmp44 tmp113 tmp68 tmp52 
reg_tmp21989[16]: tmp524 tmp539 tmp551 tmp527 tmp563 tmp517 tmp542 tmp554 tmp530 tmp521 tmp545 tmp557 tmp533 tmp536 tmp548 tmp560 
reg_tmp21968[16]: tmp285 tmp297 tmp291 tmp303 tmp315 tmp272 tmp318 tmp276 tmp279 tmp309 tmp282 tmp294 tmp306 tmp288 tmp300 tmp312 
reg_tmp21945[16]: tmp1543 tmp1555 tmp1537 tmp1549 tmp1561 tmp1531 tmp1546 tmp1558 tmp1534 tmp1552 tmp1564 tmp1573 tmp1567 tmp1540 tmp1570 tmp1527 
reg_tmp21918[16]: tmp710 tmp668 tmp677 tmp689 tmp701 tmp698 tmp680 tmp692 tmp704 tmp671 tmp683 tmp695 tmp707 tmp664 tmp674 tmp686 
reg_openram_h32_w16_2rw_ren_0[5]: tmp866 tmp860 tmp869 tmp863 tmp872 
reg_tmp21921[16]: tmp1255 tmp1267 tmp1279 tmp1246 tmp1233 tmp1258 tmp1270 tmp1249 tmp1237 tmp1261 tmp1273 tmp1252 tmp1264 tmp1276 tmp1240 tmp1243 
reg_tmp21959[16]: tmp153 tmp141 tmp165 tmp132 tmp144 tmp156 tmp168 tmp135 tmp147 tmp159 tmp171 tmp138 tmp150 tmp162 tmp125 tmp129 
reg_tmp21932[16]: tmp1399 tmp1387 tmp1411 tmp1423 tmp1390 tmp1402 tmp1414 tmp1426 tmp1380 tmp1393 tmp1405 tmp1417 tmp1384 tmp1396 tmp1408 tmp1420 
reg_tmp21935[16]: tmp1454 tmp1466 tmp1445 tmp1457 tmp1469 tmp1451 tmp1436 tmp1448 tmp1460 tmp1442 tmp1472 tmp1429 tmp1439 tmp1463 tmp1475 tmp1433 
reg_tmp21894[16]: tmp815 tmp827 tmp839 tmp857 tmp848 tmp818 tmp830 tmp842 tmp811 tmp821 tmp833 tmp845 tmp851 tmp824 tmp836 tmp854 
reg_tmp21905[16]: tmp1029 tmp1062 tmp1032 tmp1041 tmp1053 tmp1065 tmp1022 tmp1035 tmp1047 tmp1044 tmp1056 tmp1068 tmp1026 tmp1038 tmp1050 tmp1059 
reg_tmp21915[16]: tmp1135 tmp1172 tmp1148 tmp1139 tmp1175 tmp1160 tmp1178 tmp1142 tmp1154 tmp1151 tmp1163 tmp1169 tmp1181 tmp1145 tmp1157 tmp1166 
reg_openram_h32_w16_2rw_ren_1[5]: tmp1080 tmp1074 tmp1083 tmp1077 tmp1071 
reg_tmp21998[16]: tmp921 tmp909 tmp882 tmp894 tmp906 tmp888 tmp875 tmp912 tmp885 tmp897 tmp879 tmp915 tmp900 tmp918 tmp891 tmp903 
reg_tmp21965[16]: tmp227 tmp230 tmp239 tmp251 tmp263 tmp223 tmp233 tmp242 tmp254 tmp266 tmp236 tmp245 tmp257 tmp269 tmp248 tmp260 
reg_tmp21975[16]: tmp334 tmp346 tmp337 tmp349 tmp361 tmp358 tmp328 tmp340 tmp352 tmp321 tmp331 tmp343 tmp355 tmp367 tmp325 tmp364 
reg_tmp21978[16]: tmp370 tmp398 tmp410 tmp401 tmp413 tmp386 tmp416 tmp377 tmp389 tmp374 tmp383 tmp395 tmp407 tmp404 tmp380 tmp392 
reg_tmp21984[16]: tmp481 tmp493 tmp505 tmp468 tmp484 tmp496 tmp508 tmp472 tmp487 tmp511 tmp499 tmp475 tmp478 tmp490 tmp502 tmp514 
reg_tmp21924[16]: tmp1292 tmp1316 tmp1304 tmp1328 tmp1282 tmp1307 tmp1319 tmp1295 tmp1286 tmp1298 tmp1310 tmp1322 tmp1289 tmp1313 tmp1325 tmp1301 
reg_tmp21889[16]: tmp582 tmp606 tmp573 tmp566 tmp585 tmp597 tmp609 tmp576 tmp570 tmp588 tmp600 tmp594 tmp612 tmp579 tmp591 tmp603 
reg_tmp21992[16]: tmp958 tmp970 tmp946 tmp934 tmp924 tmp961 tmp949 tmp937 tmp928 tmp964 tmp952 tmp940 tmp955 tmp967 tmp943 tmp931 
reg_tmp21929[16]: tmp1365 tmp1377 tmp1341 tmp1353 tmp1331 tmp1368 tmp1344 tmp1356 tmp1335 tmp1371 tmp1347 tmp1359 tmp1374 tmp1338 tmp1350 tmp1362 
reg_tmp21938[16]: tmp1485 tmp1497 tmp1509 tmp1518 tmp1488 tmp1500 tmp1512 tmp1521 tmp1482 tmp1478 tmp1491 tmp1503 tmp1515 tmp1524 tmp1506 tmp1494 
++++++++++
mem_openram_h32_w16_2rw_wen
addr_width: 5
val_width: 16
write enable: openram_h32_w16_2rw_wen/1I
write_address: (5), ['openram_h32_w16_2rw_waddr[0]/1I', 'openram_h32_w16_2rw_waddr[1]/1I', 'openram_h32_w16_2rw_waddr[2]/1I', 'openram_h32_w16_2rw_waddr[3]/1I', 'openram_h32_w16_2rw_waddr[4]/1I']
write_port: (16), ['openram_h32_w16_2rw_wdata[5]/1I', 'openram_h32_w16_2rw_wdata[8]/1I', 'openram_h32_w16_2rw_wdata[4]/1I', 'openram_h32_w16_2rw_wdata[12]/1I', 'openram_h32_w16_2rw_wdata[1]/1I', 'openram_h32_w16_2rw_wdata[3]/1I', 'openram_h32_w16_2rw_wdata[9]/1I', 'openram_h32_w16_2rw_wdata[2]/1I', 'openram_h32_w16_2rw_wdata[11]/1I', 'openram_h32_w16_2rw_wdata[7]/1I', 'openram_h32_w16_2rw_wdata[6]/1I', 'openram_h32_w16_2rw_wdata[14]/1I', 'openram_h32_w16_2rw_wdata[0]/1I', 'openram_h32_w16_2rw_wdata[10]/1I', 'openram_h32_w16_2rw_wdata[15]/1I', 'openram_h32_w16_2rw_wdata[13]/1I']
read_ports:
 addr: ('read_addr_0/5I', ['tmp872_o', 'tmp860_o', 'tmp866_o', 'tmp869_o', 'tmp863_o'])
 enable: openram_h32_w16_2rw_ren_0
 data: ('read_data_0/16O', ('tmp11888', 'tmp11783', 'tmp11867', 'tmp11741', 'tmp11678', 'tmp11720', 'tmp11762', 'tmp11594', 'tmp11825', 'tmp11657', 'tmp11699', 'tmp11615', 'tmp11804', 'tmp11846', 'tmp11636', 'tmp11573'))
 addr: ('read_addr_1/5I', ['tmp1071_o', 'tmp1077_o', 'tmp1083_o', 'tmp1080_o', 'tmp1074_o'])
 enable: openram_h32_w16_2rw_ren_1
 data: ('read_data_1/16O', ('tmp1879', 'tmp1900', 'tmp1837', 'tmp1711', 'tmp1669', 'tmp1858', 'tmp1816', 'tmp1795', 'tmp1963', 'tmp1921', 'tmp1753', 'tmp1732', 'tmp1690', 'tmp1984', 'tmp1774', 'tmp1942'))
----------
decomp time: 3.4090688228607178 s
