reg_tmp6039[16]: tmp213 tmp180 tmp192 tmp183 tmp216 tmp170 tmp174 tmp177 tmp186 tmp189 tmp195 tmp198 tmp201 tmp204 tmp207 tmp210 
reg_tmp6033[16]: tmp88 tmp81 tmp77 tmp85 tmp91 tmp52 tmp97 tmp57 tmp106 tmp61 tmp65 tmp69 tmp73 tmp103 tmp100 tmp94 
reg_tmp6064[16]: tmp743 tmp746 tmp749 tmp752 tmp755 tmp709 tmp713 tmp719 tmp716 tmp722 tmp725 tmp728 tmp731 tmp734 tmp737 tmp740 
reg_tmp6018[16]: tmp299 tmp302 tmp305 tmp308 tmp311 tmp314 tmp268 tmp272 tmp281 tmp284 tmp287 tmp278 tmp275 tmp290 tmp293 tmp296 
reg_tmp6061[16]: tmp660 tmp664 tmp667 tmp670 tmp673 tmp676 tmp682 tmp685 tmp688 tmp679 tmp691 tmp694 tmp697 tmp700 tmp703 tmp706 
reg_tmp6070[16]: tmp333 tmp327 tmp336 tmp330 tmp317 tmp321 tmp339 tmp342 tmp345 tmp324 tmp348 tmp351 tmp354 tmp357 tmp363 tmp360 
reg_tmp6036[16]: tmp385 tmp388 tmp391 tmp394 tmp397 tmp400 tmp403 tmp406 tmp382 tmp373 tmp409 tmp412 tmp366 tmp370 tmp376 tmp379 
reg_tmp6047[16]: tmp471 tmp483 tmp486 tmp489 tmp495 tmp498 tmp501 tmp504 tmp507 tmp510 tmp492 tmp464 tmp468 tmp480 tmp474 tmp477 
reg_tmp6023[16]: tmp219 tmp223 tmp253 tmp256 tmp259 tmp226 tmp262 tmp232 tmp235 tmp238 tmp229 tmp241 tmp244 tmp247 tmp250 tmp265 
reg_openram_h16_w16_1r1w_ren[4]: tmp161 tmp167 tmp158 tmp164 
reg_tmp6050[16]: tmp40 tmp48 tmp24 tmp807 tmp19 tmp28 tmp819 tmp822 tmp825 tmp828 tmp32 tmp36 tmp44 tmp810 tmp813 tmp816 
reg_tmp6028[16]: tmp134 tmp109 tmp143 tmp128 tmp146 tmp140 tmp113 tmp131 tmp149 tmp152 tmp155 tmp116 tmp119 tmp122 tmp125 tmp137 
reg_tmp6056[16]: tmp636 tmp615 tmp611 tmp627 tmp630 tmp633 tmp639 tmp642 tmp645 tmp648 tmp618 tmp621 tmp624 tmp651 tmp654 tmp657 
reg_tmp6013[16]: tmp526 tmp529 tmp517 tmp520 tmp523 tmp513 tmp532 tmp535 tmp538 tmp541 tmp544 tmp547 tmp550 tmp553 tmp556 tmp559 
reg_tmp6067[16]: tmp804 tmp758 tmp762 tmp783 tmp786 tmp789 tmp792 tmp768 tmp765 tmp771 tmp774 tmp777 tmp780 tmp795 tmp798 tmp801 
reg_tmp6053[16]: tmp566 tmp581 tmp584 tmp587 tmp593 tmp596 tmp599 tmp575 tmp572 tmp569 tmp590 tmp578 tmp602 tmp605 tmp608 tmp562 
reg_tmp6042[16]: tmp422 tmp415 tmp419 tmp434 tmp437 tmp440 tmp443 tmp446 tmp449 tmp452 tmp455 tmp425 tmp428 tmp431 tmp458 tmp461 
++++++++++
mem_openram_h16_w16_1r1w_wen
addr_width: 4
val_width: 16
write enable: openram_h16_w16_1r1w_wen/1I
write_address: (4), ['openram_h16_w16_1r1w_waddr[0]/1I', 'openram_h16_w16_1r1w_waddr[1]/1I', 'openram_h16_w16_1r1w_waddr[2]/1I', 'openram_h16_w16_1r1w_waddr[3]/1I']
write_port: (16), ['openram_h16_w16_1r1w_wdata[14]/1I', 'openram_h16_w16_1r1w_wdata[0]/1I', 'openram_h16_w16_1r1w_wdata[11]/1I', 'openram_h16_w16_1r1w_wdata[5]/1I', 'openram_h16_w16_1r1w_wdata[8]/1I', 'openram_h16_w16_1r1w_wdata[12]/1I', 'openram_h16_w16_1r1w_wdata[7]/1I', 'openram_h16_w16_1r1w_wdata[2]/1I', 'openram_h16_w16_1r1w_wdata[10]/1I', 'openram_h16_w16_1r1w_wdata[4]/1I', 'openram_h16_w16_1r1w_wdata[13]/1I', 'openram_h16_w16_1r1w_wdata[3]/1I', 'openram_h16_w16_1r1w_wdata[6]/1I', 'openram_h16_w16_1r1w_wdata[15]/1I', 'openram_h16_w16_1r1w_wdata[9]/1I', 'openram_h16_w16_1r1w_wdata[1]/1I']
read_ports:
 addr: ('read_addr_0/4I', ['tmp164_o', 'tmp167_o', 'tmp161_o', 'tmp158_o'])
 enable: openram_h16_w16_1r1w_ren
 data: ('read_data_0/16O', ('tmp1529', 'tmp1319', 'tmp1277', 'tmp1445', 'tmp1298', 'tmp1508', 'tmp1424', 'tmp1340', 'tmp1550', 'tmp1382', 'tmp1466', 'tmp1256', 'tmp1235', 'tmp1487', 'tmp1403', 'tmp1361'))
----------
decomp time: 0.5313756465911865 s
