reg_tmp11959[16]: tmp418 tmp406 tmp397 tmp415 tmp385 tmp421 tmp375 tmp388 tmp400 tmp409 tmp379 tmp394 tmp391 tmp412 tmp403 tmp382 
reg_tmp11980[16]: tmp749 tmp740 tmp764 tmp737 tmp752 tmp743 tmp767 tmp779 tmp776 tmp733 tmp758 tmp755 tmp746 tmp770 tmp773 tmp761 
reg_tmp12000[16]: tmp1058 tmp1046 tmp1034 tmp1073 tmp1037 tmp1049 tmp1061 tmp1027 tmp1040 tmp1052 tmp1064 tmp1031 tmp1055 tmp1067 tmp1043 tmp1070 
reg_tmp11970[16]: tmp449 tmp473 tmp446 tmp461 tmp485 tmp476 tmp455 tmp479 tmp443 tmp467 tmp458 tmp482 tmp470 tmp452 tmp439 tmp464 
reg_tmp11983[16]: tmp293 tmp305 tmp284 tmp314 tmp308 tmp296 tmp277 tmp299 tmp290 tmp320 tmp287 tmp302 tmp281 tmp311 tmp317 tmp323 
reg_tmp11949[16]: tmp1272 tmp1306 tmp1297 tmp1276 tmp1315 tmp1285 tmp1288 tmp1312 tmp1300 tmp1279 tmp1294 tmp1291 tmp1309 tmp1282 tmp1303 tmp1318 
reg_tmp11954[16]: tmp225 tmp213 tmp179 tmp192 tmp201 tmp189 tmp216 tmp204 tmp183 tmp219 tmp195 tmp222 tmp207 tmp210 tmp186 tmp198 
reg_tmp12024[16]: tmp1331 tmp1343 tmp1355 tmp1367 tmp1334 tmp1358 tmp1346 tmp1325 tmp1337 tmp1349 tmp1361 tmp1340 tmp1328 tmp1364 tmp1352 tmp1321 
reg_tmp12046[16]: tmp1615 tmp48 tmp52 tmp24 tmp56 tmp72 tmp36 tmp32 tmp60 tmp76 tmp44 tmp19 tmp40 tmp64 tmp28 tmp68 
reg_tmp11973[16]: tmp694 tmp727 tmp730 tmp688 tmp718 tmp721 tmp697 tmp709 tmp684 tmp691 tmp712 tmp706 tmp724 tmp715 tmp703 tmp700 
reg_tmp11997[16]: tmp1021 tmp1000 tmp1012 tmp1024 tmp988 tmp978 tmp991 tmp1003 tmp1015 tmp982 tmp1018 tmp994 tmp1006 tmp1009 tmp997 tmp985 
reg_tmp12019[16]: tmp605 tmp617 tmp629 tmp611 tmp596 tmp608 tmp602 tmp586 tmp599 tmp623 tmp593 tmp614 tmp626 tmp620 tmp632 tmp590 
reg_tmp12054[16]: tmp134 tmp146 tmp149 tmp173 tmp130 tmp137 tmp161 tmp140 tmp176 tmp152 tmp164 tmp143 tmp167 tmp155 tmp158 tmp170 
reg_tmp11967[16]: tmp678 tmp648 tmp635 tmp660 tmp675 tmp651 tmp642 tmp681 tmp666 tmp654 tmp663 tmp645 tmp669 tmp657 tmp639 tmp672 
reg_tmp12060[16]: tmp271 tmp262 tmp274 tmp238 tmp228 tmp250 tmp265 tmp253 tmp241 tmp232 tmp256 tmp244 tmp268 tmp247 tmp259 tmp235 
reg_tmp12003[16]: tmp1095 tmp1083 tmp1113 tmp1119 tmp1104 tmp1086 tmp1116 tmp1122 tmp1076 tmp1089 tmp1101 tmp1107 tmp1080 tmp1098 tmp1092 tmp1110 
reg_tmp12016[16]: tmp1263 tmp1257 tmp1266 tmp1254 tmp1227 tmp1248 tmp1260 tmp1233 tmp1245 tmp1269 tmp1239 tmp1251 tmp1223 tmp1236 tmp1230 tmp1242 
reg_tmp12057[16]: tmp556 tmp550 tmp583 tmp559 tmp537 tmp571 tmp553 tmp562 tmp541 tmp574 tmp544 tmp565 tmp577 tmp547 tmp568 tmp580 
reg_tmp12030[16]: tmp1447 tmp1429 tmp1453 tmp1438 tmp1419 tmp1456 tmp1441 tmp1423 tmp1465 tmp1459 tmp1435 tmp1432 tmp1444 tmp1426 tmp1450 tmp1462 
reg_tmp12013[16]: tmp1214 tmp1208 tmp1181 tmp1193 tmp1217 tmp1184 tmp1196 tmp1220 tmp1174 tmp1187 tmp1199 tmp1211 tmp1205 tmp1178 tmp1190 tmp1202 
reg_tmp11994[16]: tmp951 tmp966 tmp957 tmp942 tmp954 tmp969 tmp936 tmp933 tmp948 tmp945 tmp972 tmp929 tmp939 tmp960 tmp963 tmp975 
reg_tmp12040[16]: tmp1524 tmp1548 tmp1527 tmp1563 tmp1536 tmp1560 tmp1517 tmp1554 tmp1539 tmp1551 tmp1521 tmp1530 tmp1533 tmp1545 tmp1557 tmp1542 
reg_tmp11964[16]: tmp339 tmp326 tmp351 tmp363 tmp342 tmp366 tmp354 tmp333 tmp369 tmp345 tmp357 tmp336 tmp372 tmp330 tmp348 tmp360 
reg_tmp12063[16]: tmp522 tmp510 tmp534 tmp513 tmp525 tmp501 tmp488 tmp498 tmp504 tmp528 tmp516 tmp492 tmp531 tmp519 tmp495 tmp507 
reg_tmp12033[16]: tmp1499 tmp1502 tmp1481 tmp1490 tmp1493 tmp1514 tmp1468 tmp1484 tmp1496 tmp1505 tmp1472 tmp1475 tmp1487 tmp1508 tmp1511 tmp1478 
reg_tmp11986[16]: tmp831 tmp856 tmp868 tmp844 tmp859 tmp871 tmp847 tmp862 tmp874 tmp850 tmp838 tmp853 tmp865 tmp877 tmp835 tmp841 
reg_tmp12049[16]: tmp97 tmp124 tmp112 tmp100 tmp109 tmp121 tmp127 tmp103 tmp88 tmp80 tmp118 tmp106 tmp91 tmp94 tmp85 tmp115 
reg_tmp12027[16]: tmp1404 tmp1416 tmp1377 tmp1389 tmp1370 tmp1407 tmp1380 tmp1392 tmp1374 tmp1410 tmp1383 tmp1395 tmp1401 tmp1413 tmp1386 tmp1398 
reg_tmp12043[16]: tmp1573 tmp1585 tmp1570 tmp1609 tmp1597 tmp1579 tmp1591 tmp1576 tmp1588 tmp1612 tmp1600 tmp1566 tmp1603 tmp1594 tmp1582 tmp1606 
reg_tmp12010[16]: tmp1132 tmp1144 tmp1168 tmp1165 tmp1135 tmp1159 tmp1171 tmp1147 tmp1156 tmp1125 tmp1150 tmp1162 tmp1129 tmp1138 tmp1141 tmp1153 
reg_tmp11989[16]: tmp880 tmp890 tmp902 tmp893 tmp914 tmp884 tmp905 tmp896 tmp917 tmp908 tmp923 tmp887 tmp911 tmp920 tmp926 tmp899 
reg_tmp11944[16]: tmp822 tmp798 tmp825 tmp810 tmp789 tmp807 tmp813 tmp801 tmp786 tmp816 tmp792 tmp828 tmp782 tmp795 tmp804 tmp819 
reg_openram_h32_w16_1rw_ren[5]: tmp430 tmp433 tmp424 tmp436 tmp427 
++++++++++
mem_openram_h32_w16_1rw_wen
addr_width: 5
val_width: 16
write enable: openram_h32_w16_1rw_wen/1I
write_address: (5), ['openram_h32_w16_1rw_waddr[0]/1I', 'openram_h32_w16_1rw_waddr[1]/1I', 'openram_h32_w16_1rw_waddr[2]/1I', 'openram_h32_w16_1rw_waddr[3]/1I', 'openram_h32_w16_1rw_waddr[4]/1I']
write_port: (16), ['openram_h32_w16_1rw_wdata[12]/1I', 'openram_h32_w16_1rw_wdata[8]/1I', 'openram_h32_w16_1rw_wdata[1]/1I', 'openram_h32_w16_1rw_wdata[14]/1I', 'openram_h32_w16_1rw_wdata[5]/1I', 'openram_h32_w16_1rw_wdata[11]/1I', 'openram_h32_w16_1rw_wdata[9]/1I', 'openram_h32_w16_1rw_wdata[13]/1I', 'openram_h32_w16_1rw_wdata[6]/1I', 'openram_h32_w16_1rw_wdata[2]/1I', 'openram_h32_w16_1rw_wdata[0]/1I', 'openram_h32_w16_1rw_wdata[7]/1I', 'openram_h32_w16_1rw_wdata[4]/1I', 'openram_h32_w16_1rw_wdata[15]/1I', 'openram_h32_w16_1rw_wdata[3]/1I', 'openram_h32_w16_1rw_wdata[10]/1I']
read_ports:
 addr: ('read_addr_0/5I', ['tmp427_o', 'tmp436_o', 'tmp433_o', 'tmp430_o', 'tmp424_o'])
 enable: openram_h32_w16_1rw_ren
 data: ('read_data_0/16O', ('tmp1722', 'tmp1953', 'tmp1659', 'tmp1806', 'tmp1785', 'tmp1890', 'tmp1848', 'tmp1827', 'tmp1638', 'tmp1911', 'tmp1869', 'tmp1764', 'tmp1680', 'tmp1743', 'tmp1701', 'tmp1932'))
----------
decomp time: 1.921386480331421 s
