Input Wire, pcpi_wait has been deemed useless by optimization
Input Wire, pcpi_ready has been deemed useless by optimization
Input Wire, irq[0] has been deemed useless by optimization
Input Wire, irq[15] has been deemed useless by optimization
Input Wire, irq[1] has been deemed useless by optimization
Input Wire, irq[2] has been deemed useless by optimization
Input Wire, irq[3] has been deemed useless by optimization
Input Wire, irq[5] has been deemed useless by optimization
Input Wire, irq[6] has been deemed useless by optimization
Input Wire, irq[7] has been deemed useless by optimization
Input Wire, irq[4] has been deemed useless by optimization
Input Wire, irq[9] has been deemed useless by optimization
Input Wire, irq[10] has been deemed useless by optimization
Input Wire, irq[17] has been deemed useless by optimization
Input Wire, irq[11] has been deemed useless by optimization
Input Wire, irq[12] has been deemed useless by optimization
Input Wire, irq[13] has been deemed useless by optimization
Input Wire, irq[14] has been deemed useless by optimization
Input Wire, irq[16] has been deemed useless by optimization
Input Wire, irq[18] has been deemed useless by optimization
Input Wire, irq[20] has been deemed useless by optimization
Input Wire, irq[19] has been deemed useless by optimization
Input Wire, irq[21] has been deemed useless by optimization
Input Wire, irq[22] has been deemed useless by optimization
Input Wire, irq[23] has been deemed useless by optimization
Input Wire, irq[25] has been deemed useless by optimization
Input Wire, irq[26] has been deemed useless by optimization
Input Wire, irq[27] has been deemed useless by optimization
Input Wire, irq[28] has been deemed useless by optimization
Input Wire, irq[8] has been deemed useless by optimization
Input Wire, irq[29] has been deemed useless by optimization
Input Wire, pcpi_wr has been deemed useless by optimization
Input Wire, irq[30] has been deemed useless by optimization
Input Wire, pcpi_rd[0] has been deemed useless by optimization
Input Wire, irq[31] has been deemed useless by optimization
Input Wire, pcpi_rd[1] has been deemed useless by optimization
Input Wire, pcpi_rd[2] has been deemed useless by optimization
Input Wire, pcpi_rd[3] has been deemed useless by optimization
Input Wire, pcpi_rd[4] has been deemed useless by optimization
Input Wire, pcpi_rd[5] has been deemed useless by optimization
Input Wire, pcpi_rd[6] has been deemed useless by optimization
Input Wire, pcpi_rd[7] has been deemed useless by optimization
Input Wire, pcpi_rd[8] has been deemed useless by optimization
Input Wire, pcpi_rd[9] has been deemed useless by optimization
Input Wire, pcpi_rd[10] has been deemed useless by optimization
Input Wire, pcpi_rd[11] has been deemed useless by optimization
Input Wire, pcpi_rd[12] has been deemed useless by optimization
Input Wire, pcpi_rd[13] has been deemed useless by optimization
Input Wire, pcpi_rd[14] has been deemed useless by optimization
Input Wire, irq[24] has been deemed useless by optimization
Input Wire, pcpi_rd[15] has been deemed useless by optimization
Input Wire, pcpi_rd[19] has been deemed useless by optimization
Input Wire, pcpi_rd[16] has been deemed useless by optimization
Input Wire, pcpi_rd[17] has been deemed useless by optimization
Input Wire, pcpi_rd[18] has been deemed useless by optimization
Input Wire, pcpi_rd[20] has been deemed useless by optimization
Input Wire, pcpi_rd[21] has been deemed useless by optimization
Input Wire, pcpi_rd[22] has been deemed useless by optimization
Input Wire, pcpi_rd[23] has been deemed useless by optimization
Input Wire, pcpi_rd[24] has been deemed useless by optimization
Input Wire, pcpi_rd[25] has been deemed useless by optimization
Input Wire, pcpi_rd[26] has been deemed useless by optimization
Input Wire, pcpi_rd[27] has been deemed useless by optimization
Input Wire, pcpi_rd[28] has been deemed useless by optimization
Input Wire, pcpi_rd[29] has been deemed useless by optimization
Input Wire, pcpi_rd[30] has been deemed useless by optimization
Input Wire, pcpi_rd[31] has been deemed useless by optimization
Input Wire, pcpi_wait has been deemed useless by optimization
Input Wire, irq[2] has been deemed useless by optimization
Input Wire, pcpi_ready has been deemed useless by optimization
Input Wire, irq[15] has been deemed useless by optimization
Input Wire, irq[28] has been deemed useless by optimization
Input Wire, pcpi_rd[23] has been deemed useless by optimization
Input Wire, irq[3] has been deemed useless by optimization
Input Wire, irq[5] has been deemed useless by optimization
Input Wire, irq[16] has been deemed useless by optimization
Input Wire, irq[29] has been deemed useless by optimization
Input Wire, irq[7] has been deemed useless by optimization
Input Wire, pcpi_rd[24] has been deemed useless by optimization
Input Wire, irq[4] has been deemed useless by optimization
Input Wire, irq[17] has been deemed useless by optimization
Input Wire, irq[11] has been deemed useless by optimization
Input Wire, irq[30] has been deemed useless by optimization
Input Wire, pcpi_rd[25] has been deemed useless by optimization
Input Wire, irq[13] has been deemed useless by optimization
Input Wire, irq[18] has been deemed useless by optimization
Input Wire, irq[31] has been deemed useless by optimization
Input Wire, pcpi_rd[26] has been deemed useless by optimization
Input Wire, irq[6] has been deemed useless by optimization
Input Wire, irq[19] has been deemed useless by optimization
Input Wire, irq[21] has been deemed useless by optimization
Input Wire, pcpi_rd[2] has been deemed useless by optimization
Input Wire, irq[20] has been deemed useless by optimization
Input Wire, pcpi_rd[28] has been deemed useless by optimization
Input Wire, irq[8] has been deemed useless by optimization
Input Wire, pcpi_rd[3] has been deemed useless by optimization
Input Wire, pcpi_wr has been deemed useless by optimization
Input Wire, pcpi_rd[0] has been deemed useless by optimization
Input Wire, pcpi_rd[1] has been deemed useless by optimization
Input Wire, irq[9] has been deemed useless by optimization
Input Wire, pcpi_rd[4] has been deemed useless by optimization
Input Wire, irq[22] has been deemed useless by optimization
Input Wire, pcpi_rd[5] has been deemed useless by optimization
Input Wire, pcpi_rd[17] has been deemed useless by optimization
Input Wire, pcpi_rd[6] has been deemed useless by optimization
Input Wire, pcpi_rd[7] has been deemed useless by optimization
Input Wire, irq[10] has been deemed useless by optimization
Input Wire, pcpi_rd[8] has been deemed useless by optimization
Input Wire, pcpi_rd[9] has been deemed useless by optimization
Input Wire, irq[23] has been deemed useless by optimization
Input Wire, pcpi_rd[10] has been deemed useless by optimization
Input Wire, pcpi_rd[18] has been deemed useless by optimization
Input Wire, pcpi_rd[11] has been deemed useless by optimization
Input Wire, pcpi_rd[31] has been deemed useless by optimization
Input Wire, pcpi_rd[12] has been deemed useless by optimization
Input Wire, pcpi_rd[13] has been deemed useless by optimization
Input Wire, pcpi_rd[14] has been deemed useless by optimization
Input Wire, irq[24] has been deemed useless by optimization
Input Wire, pcpi_rd[15] has been deemed useless by optimization
Input Wire, pcpi_rd[16] has been deemed useless by optimization
Input Wire, irq[12] has been deemed useless by optimization
Input Wire, pcpi_rd[19] has been deemed useless by optimization
Input Wire, irq[25] has been deemed useless by optimization
Input Wire, pcpi_rd[20] has been deemed useless by optimization
Input Wire, pcpi_rd[21] has been deemed useless by optimization
Input Wire, irq[0] has been deemed useless by optimization
Input Wire, pcpi_rd[22] has been deemed useless by optimization
Input Wire, irq[26] has been deemed useless by optimization
Input Wire, irq[1] has been deemed useless by optimization
Input Wire, pcpi_rd[27] has been deemed useless by optimization
Input Wire, irq[14] has been deemed useless by optimization
Input Wire, pcpi_rd[29] has been deemed useless by optimization
Input Wire, irq[27] has been deemed useless by optimization
Input Wire, pcpi_rd[30] has been deemed useless by optimization
Input Wire, irq[29] has been deemed useless by optimization
Input Wire, pcpi_wait has been deemed useless by optimization
Input Wire, pcpi_rd[28] has been deemed useless by optimization
Input Wire, pcpi_ready has been deemed useless by optimization
Input Wire, pcpi_rd[4] has been deemed useless by optimization
Input Wire, irq[3] has been deemed useless by optimization
Input Wire, pcpi_rd[8] has been deemed useless by optimization
Input Wire, irq[7] has been deemed useless by optimization
Input Wire, pcpi_rd[12] has been deemed useless by optimization
Input Wire, irq[11] has been deemed useless by optimization
Input Wire, pcpi_rd[0] has been deemed useless by optimization
Input Wire, pcpi_rd[16] has been deemed useless by optimization
Input Wire, irq[18] has been deemed useless by optimization
Input Wire, pcpi_rd[20] has been deemed useless by optimization
Input Wire, irq[22] has been deemed useless by optimization
Input Wire, pcpi_rd[24] has been deemed useless by optimization
Input Wire, irq[26] has been deemed useless by optimization
Input Wire, irq[30] has been deemed useless by optimization
Input Wire, pcpi_rd[1] has been deemed useless by optimization
Input Wire, pcpi_rd[29] has been deemed useless by optimization
Input Wire, irq[0] has been deemed useless by optimization
Input Wire, irq[24] has been deemed useless by optimization
Input Wire, pcpi_rd[5] has been deemed useless by optimization
Input Wire, irq[4] has been deemed useless by optimization
Input Wire, pcpi_rd[9] has been deemed useless by optimization
Input Wire, irq[8] has been deemed useless by optimization
Input Wire, pcpi_rd[13] has been deemed useless by optimization
Input Wire, irq[12] has been deemed useless by optimization
Input Wire, pcpi_rd[17] has been deemed useless by optimization
Input Wire, irq[15] has been deemed useless by optimization
Input Wire, irq[19] has been deemed useless by optimization
Input Wire, pcpi_rd[21] has been deemed useless by optimization
Input Wire, irq[23] has been deemed useless by optimization
Input Wire, pcpi_rd[25] has been deemed useless by optimization
Input Wire, irq[27] has been deemed useless by optimization
Input Wire, irq[31] has been deemed useless by optimization
Input Wire, pcpi_rd[2] has been deemed useless by optimization
Input Wire, pcpi_rd[30] has been deemed useless by optimization
Input Wire, irq[1] has been deemed useless by optimization
Input Wire, pcpi_rd[6] has been deemed useless by optimization
Input Wire, irq[5] has been deemed useless by optimization
Input Wire, pcpi_rd[10] has been deemed useless by optimization
Input Wire, irq[9] has been deemed useless by optimization
Input Wire, pcpi_rd[14] has been deemed useless by optimization
Input Wire, irq[13] has been deemed useless by optimization
Input Wire, irq[16] has been deemed useless by optimization
Input Wire, pcpi_rd[18] has been deemed useless by optimization
Input Wire, irq[20] has been deemed useless by optimization
Input Wire, pcpi_rd[22] has been deemed useless by optimization
Input Wire, pcpi_rd[26] has been deemed useless by optimization
Input Wire, irq[28] has been deemed useless by optimization
Input Wire, pcpi_rd[3] has been deemed useless by optimization
Input Wire, pcpi_rd[31] has been deemed useless by optimization
Input Wire, irq[2] has been deemed useless by optimization
Input Wire, pcpi_rd[7] has been deemed useless by optimization
Input Wire, irq[6] has been deemed useless by optimization
Input Wire, pcpi_rd[11] has been deemed useless by optimization
Input Wire, irq[10] has been deemed useless by optimization
Input Wire, irq[14] has been deemed useless by optimization
Input Wire, pcpi_rd[15] has been deemed useless by optimization
Input Wire, pcpi_wr has been deemed useless by optimization
Input Wire, irq[17] has been deemed useless by optimization
Input Wire, pcpi_rd[19] has been deemed useless by optimization
Input Wire, irq[21] has been deemed useless by optimization
Input Wire, pcpi_rd[23] has been deemed useless by optimization
Input Wire, irq[25] has been deemed useless by optimization
Input Wire, pcpi_rd[27] has been deemed useless by optimization
Input Wire, pcpi_rd[31] has been deemed useless by optimization
Input Wire, irq[29] has been deemed useless by optimization
Input Wire, pcpi_wait has been deemed useless by optimization
Input Wire, irq[2] has been deemed useless by optimization
Input Wire, irq[6] has been deemed useless by optimization
Input Wire, irq[10] has been deemed useless by optimization
Input Wire, irq[14] has been deemed useless by optimization
Input Wire, pcpi_rd[28] has been deemed useless by optimization
Input Wire, pcpi_rd[0] has been deemed useless by optimization
Input Wire, pcpi_rd[4] has been deemed useless by optimization
Input Wire, pcpi_rd[8] has been deemed useless by optimization
Input Wire, pcpi_rd[12] has been deemed useless by optimization
Input Wire, pcpi_rd[16] has been deemed useless by optimization
Input Wire, irq[18] has been deemed useless by optimization
Input Wire, pcpi_rd[20] has been deemed useless by optimization
Input Wire, irq[22] has been deemed useless by optimization
Input Wire, pcpi_rd[24] has been deemed useless by optimization
Input Wire, irq[26] has been deemed useless by optimization
Input Wire, irq[30] has been deemed useless by optimization
Input Wire, pcpi_ready has been deemed useless by optimization
Input Wire, irq[3] has been deemed useless by optimization
Input Wire, irq[7] has been deemed useless by optimization
Input Wire, irq[11] has been deemed useless by optimization
Input Wire, pcpi_rd[29] has been deemed useless by optimization
Input Wire, pcpi_rd[1] has been deemed useless by optimization
Input Wire, pcpi_rd[5] has been deemed useless by optimization
Input Wire, pcpi_rd[9] has been deemed useless by optimization
Input Wire, pcpi_rd[13] has been deemed useless by optimization
Input Wire, pcpi_rd[17] has been deemed useless by optimization
Input Wire, pcpi_rd[21] has been deemed useless by optimization
Input Wire, irq[15] has been deemed useless by optimization
Input Wire, irq[19] has been deemed useless by optimization
Input Wire, irq[23] has been deemed useless by optimization
Input Wire, pcpi_rd[25] has been deemed useless by optimization
Input Wire, irq[27] has been deemed useless by optimization
Input Wire, irq[31] has been deemed useless by optimization
Input Wire, irq[0] has been deemed useless by optimization
Input Wire, irq[4] has been deemed useless by optimization
Input Wire, irq[8] has been deemed useless by optimization
Input Wire, irq[12] has been deemed useless by optimization
Input Wire, pcpi_rd[2] has been deemed useless by optimization
Input Wire, pcpi_rd[6] has been deemed useless by optimization
Input Wire, pcpi_rd[10] has been deemed useless by optimization
Input Wire, pcpi_rd[14] has been deemed useless by optimization
Input Wire, irq[16] has been deemed useless by optimization
Input Wire, pcpi_rd[18] has been deemed useless by optimization
Input Wire, irq[20] has been deemed useless by optimization
Input Wire, pcpi_rd[22] has been deemed useless by optimization
Input Wire, irq[24] has been deemed useless by optimization
Input Wire, pcpi_rd[26] has been deemed useless by optimization
Input Wire, irq[28] has been deemed useless by optimization
Input Wire, pcpi_rd[30] has been deemed useless by optimization
Input Wire, pcpi_wr has been deemed useless by optimization
Input Wire, irq[1] has been deemed useless by optimization
Input Wire, irq[5] has been deemed useless by optimization
Input Wire, irq[9] has been deemed useless by optimization
Input Wire, irq[13] has been deemed useless by optimization
Input Wire, pcpi_rd[3] has been deemed useless by optimization
Input Wire, pcpi_rd[7] has been deemed useless by optimization
Input Wire, pcpi_rd[27] has been deemed useless by optimization
Input Wire, pcpi_rd[11] has been deemed useless by optimization
Input Wire, pcpi_rd[15] has been deemed useless by optimization
Input Wire, irq[17] has been deemed useless by optimization
Input Wire, pcpi_rd[19] has been deemed useless by optimization
Input Wire, irq[21] has been deemed useless by optimization
Input Wire, pcpi_rd[23] has been deemed useless by optimization
Input Wire, irq[25] has been deemed useless by optimization
Input Wire, pcpi_wait has been deemed useless by optimization
Input Wire, pcpi_rd[28] has been deemed useless by optimization
Input Wire, irq[27] has been deemed useless by optimization
Input Wire, pcpi_rd[0] has been deemed useless by optimization
Input Wire, pcpi_ready has been deemed useless by optimization
Input Wire, irq[3] has been deemed useless by optimization
Input Wire, pcpi_rd[8] has been deemed useless by optimization
Input Wire, irq[7] has been deemed useless by optimization
Input Wire, pcpi_rd[12] has been deemed useless by optimization
Input Wire, irq[11] has been deemed useless by optimization
Input Wire, pcpi_rd[4] has been deemed useless by optimization
Input Wire, pcpi_rd[16] has been deemed useless by optimization
Input Wire, irq[18] has been deemed useless by optimization
Input Wire, pcpi_rd[20] has been deemed useless by optimization
Input Wire, irq[22] has been deemed useless by optimization
Input Wire, pcpi_rd[24] has been deemed useless by optimization
Input Wire, irq[30] has been deemed useless by optimization
Input Wire, pcpi_rd[1] has been deemed useless by optimization
Input Wire, pcpi_rd[29] has been deemed useless by optimization
Input Wire, irq[28] has been deemed useless by optimization
Input Wire, irq[0] has been deemed useless by optimization
Input Wire, irq[24] has been deemed useless by optimization
Input Wire, irq[4] has been deemed useless by optimization
Input Wire, pcpi_rd[9] has been deemed useless by optimization
Input Wire, irq[8] has been deemed useless by optimization
Input Wire, pcpi_rd[13] has been deemed useless by optimization
Input Wire, irq[12] has been deemed useless by optimization
Input Wire, pcpi_rd[5] has been deemed useless by optimization
Input Wire, pcpi_rd[17] has been deemed useless by optimization
Input Wire, irq[15] has been deemed useless by optimization
Input Wire, irq[19] has been deemed useless by optimization
Input Wire, pcpi_rd[21] has been deemed useless by optimization
Input Wire, irq[23] has been deemed useless by optimization
Input Wire, pcpi_rd[25] has been deemed useless by optimization
Input Wire, irq[31] has been deemed useless by optimization
Input Wire, pcpi_rd[6] has been deemed useless by optimization
Input Wire, pcpi_rd[30] has been deemed useless by optimization
Input Wire, irq[29] has been deemed useless by optimization
Input Wire, pcpi_rd[2] has been deemed useless by optimization
Input Wire, irq[1] has been deemed useless by optimization
Input Wire, irq[25] has been deemed useless by optimization
Input Wire, irq[5] has been deemed useless by optimization
Input Wire, pcpi_rd[10] has been deemed useless by optimization
Input Wire, irq[9] has been deemed useless by optimization
Input Wire, pcpi_rd[14] has been deemed useless by optimization
Input Wire, irq[16] has been deemed useless by optimization
Input Wire, pcpi_rd[18] has been deemed useless by optimization
Input Wire, irq[20] has been deemed useless by optimization
Input Wire, pcpi_rd[22] has been deemed useless by optimization
Input Wire, pcpi_rd[26] has been deemed useless by optimization
Input Wire, pcpi_wr has been deemed useless by optimization
Input Wire, irq[13] has been deemed useless by optimization
Input Wire, pcpi_rd[31] has been deemed useless by optimization
Input Wire, pcpi_rd[3] has been deemed useless by optimization
Input Wire, irq[2] has been deemed useless by optimization
Input Wire, pcpi_rd[7] has been deemed useless by optimization
Input Wire, irq[6] has been deemed useless by optimization
Input Wire, irq[26] has been deemed useless by optimization
Input Wire, pcpi_rd[11] has been deemed useless by optimization
Input Wire, irq[10] has been deemed useless by optimization
Input Wire, irq[14] has been deemed useless by optimization
Input Wire, pcpi_rd[15] has been deemed useless by optimization
Input Wire, irq[17] has been deemed useless by optimization
Input Wire, pcpi_rd[19] has been deemed useless by optimization
Input Wire, irq[21] has been deemed useless by optimization
Input Wire, pcpi_rd[23] has been deemed useless by optimization
Input Wire, pcpi_rd[27] has been deemed useless by optimization
Input Wire, pcpi_rd[28] has been deemed useless by optimization
Input Wire, irq[27] has been deemed useless by optimization
Input Wire, pcpi_rd[29] has been deemed useless by optimization
Input Wire, irq[28] has been deemed useless by optimization
Input Wire, pcpi_rd[30] has been deemed useless by optimization
Input Wire, irq[29] has been deemed useless by optimization
Input Wire, pcpi_rd[31] has been deemed useless by optimization
Input Wire, pcpi_wait has been deemed useless by optimization
Input Wire, irq[24] has been deemed useless by optimization
Input Wire, irq[30] has been deemed useless by optimization
Input Wire, pcpi_ready has been deemed useless by optimization
Input Wire, irq[31] has been deemed useless by optimization
Input Wire, irq[0] has been deemed useless by optimization
Input Wire, irq[1] has been deemed useless by optimization
Input Wire, pcpi_rd[3] has been deemed useless by optimization
Input Wire, irq[2] has been deemed useless by optimization
Input Wire, pcpi_rd[4] has been deemed useless by optimization
Input Wire, irq[3] has been deemed useless by optimization
Input Wire, irq[25] has been deemed useless by optimization
Input Wire, pcpi_rd[5] has been deemed useless by optimization
Input Wire, irq[4] has been deemed useless by optimization
Input Wire, pcpi_rd[6] has been deemed useless by optimization
Input Wire, irq[5] has been deemed useless by optimization
Input Wire, pcpi_rd[7] has been deemed useless by optimization
Input Wire, irq[6] has been deemed useless by optimization
Input Wire, pcpi_rd[8] has been deemed useless by optimization
Input Wire, irq[7] has been deemed useless by optimization
Input Wire, irq[8] has been deemed useless by optimization
Input Wire, irq[26] has been deemed useless by optimization
Input Wire, pcpi_rd[10] has been deemed useless by optimization
Input Wire, irq[9] has been deemed useless by optimization
Input Wire, pcpi_rd[11] has been deemed useless by optimization
Input Wire, irq[10] has been deemed useless by optimization
Input Wire, irq[11] has been deemed useless by optimization
Input Wire, irq[12] has been deemed useless by optimization
Input Wire, irq[13] has been deemed useless by optimization
Input Wire, irq[14] has been deemed useless by optimization
Input Wire, pcpi_rd[12] has been deemed useless by optimization
Input Wire, pcpi_rd[13] has been deemed useless by optimization
Input Wire, pcpi_rd[9] has been deemed useless by optimization
Input Wire, pcpi_rd[14] has been deemed useless by optimization
Input Wire, pcpi_rd[15] has been deemed useless by optimization
Input Wire, pcpi_rd[0] has been deemed useless by optimization
Input Wire, pcpi_rd[2] has been deemed useless by optimization
Input Wire, pcpi_rd[1] has been deemed useless by optimization
Input Wire, pcpi_wr has been deemed useless by optimization
Input Wire, pcpi_rd[16] has been deemed useless by optimization
Input Wire, pcpi_rd[17] has been deemed useless by optimization
Input Wire, pcpi_rd[18] has been deemed useless by optimization
Input Wire, irq[15] has been deemed useless by optimization
Input Wire, irq[16] has been deemed useless by optimization
Input Wire, pcpi_rd[19] has been deemed useless by optimization
Input Wire, irq[17] has been deemed useless by optimization
Input Wire, irq[18] has been deemed useless by optimization
Input Wire, pcpi_rd[20] has been deemed useless by optimization
Input Wire, irq[19] has been deemed useless by optimization
Input Wire, pcpi_rd[21] has been deemed useless by optimization
Input Wire, irq[20] has been deemed useless by optimization
Input Wire, pcpi_rd[22] has been deemed useless by optimization
Input Wire, irq[21] has been deemed useless by optimization
Input Wire, pcpi_rd[23] has been deemed useless by optimization
Input Wire, irq[22] has been deemed useless by optimization
Input Wire, pcpi_rd[24] has been deemed useless by optimization
Input Wire, irq[23] has been deemed useless by optimization
Input Wire, pcpi_rd[25] has been deemed useless by optimization
Input Wire, pcpi_rd[26] has been deemed useless by optimization
Input Wire, pcpi_rd[27] has been deemed useless by optimization
Input Wire, pcpi_rd[28] has been deemed useless by optimization
Input Wire, irq[27] has been deemed useless by optimization
Input Wire, pcpi_rd[29] has been deemed useless by optimization
Input Wire, irq[28] has been deemed useless by optimization
Input Wire, pcpi_rd[30] has been deemed useless by optimization
Input Wire, irq[29] has been deemed useless by optimization
Input Wire, pcpi_rd[31] has been deemed useless by optimization
Input Wire, pcpi_wait has been deemed useless by optimization
Input Wire, irq[24] has been deemed useless by optimization
Input Wire, irq[30] has been deemed useless by optimization
Input Wire, pcpi_ready has been deemed useless by optimization
Input Wire, irq[31] has been deemed useless by optimization
Input Wire, irq[0] has been deemed useless by optimization
Input Wire, irq[1] has been deemed useless by optimization
Input Wire, pcpi_rd[3] has been deemed useless by optimization
Input Wire, irq[2] has been deemed useless by optimization
Input Wire, pcpi_rd[4] has been deemed useless by optimization
Input Wire, irq[3] has been deemed useless by optimization
Input Wire, irq[25] has been deemed useless by optimization
Input Wire, pcpi_rd[5] has been deemed useless by optimization
Input Wire, irq[4] has been deemed useless by optimization
Input Wire, pcpi_rd[6] has been deemed useless by optimization
Input Wire, irq[5] has been deemed useless by optimization
Input Wire, pcpi_rd[7] has been deemed useless by optimization
Input Wire, irq[6] has been deemed useless by optimization
Input Wire, pcpi_rd[8] has been deemed useless by optimization
Input Wire, irq[7] has been deemed useless by optimization
Input Wire, irq[8] has been deemed useless by optimization
Input Wire, irq[26] has been deemed useless by optimization
Input Wire, pcpi_rd[10] has been deemed useless by optimization
Input Wire, irq[9] has been deemed useless by optimization
Input Wire, pcpi_rd[11] has been deemed useless by optimization
Input Wire, irq[10] has been deemed useless by optimization
Input Wire, irq[11] has been deemed useless by optimization
Input Wire, irq[12] has been deemed useless by optimization
Input Wire, irq[13] has been deemed useless by optimization
Input Wire, irq[14] has been deemed useless by optimization
Input Wire, pcpi_rd[12] has been deemed useless by optimization
Input Wire, pcpi_rd[13] has been deemed useless by optimization
Input Wire, pcpi_rd[9] has been deemed useless by optimization
Input Wire, pcpi_rd[14] has been deemed useless by optimization
Input Wire, pcpi_rd[15] has been deemed useless by optimization
Input Wire, pcpi_rd[0] has been deemed useless by optimization
Input Wire, pcpi_rd[2] has been deemed useless by optimization
Input Wire, pcpi_rd[1] has been deemed useless by optimization
Input Wire, pcpi_wr has been deemed useless by optimization
Input Wire, pcpi_rd[16] has been deemed useless by optimization
Input Wire, pcpi_rd[17] has been deemed useless by optimization
Input Wire, pcpi_rd[18] has been deemed useless by optimization
Input Wire, irq[15] has been deemed useless by optimization
Input Wire, irq[16] has been deemed useless by optimization
Input Wire, pcpi_rd[19] has been deemed useless by optimization
Input Wire, irq[17] has been deemed useless by optimization
Input Wire, irq[18] has been deemed useless by optimization
Input Wire, pcpi_rd[20] has been deemed useless by optimization
Input Wire, irq[19] has been deemed useless by optimization
Input Wire, pcpi_rd[21] has been deemed useless by optimization
Input Wire, irq[20] has been deemed useless by optimization
Input Wire, pcpi_rd[22] has been deemed useless by optimization
Input Wire, irq[21] has been deemed useless by optimization
Input Wire, pcpi_rd[23] has been deemed useless by optimization
Input Wire, irq[22] has been deemed useless by optimization
Input Wire, pcpi_rd[24] has been deemed useless by optimization
Input Wire, irq[23] has been deemed useless by optimization
Input Wire, pcpi_rd[25] has been deemed useless by optimization
Input Wire, pcpi_rd[26] has been deemed useless by optimization
Input Wire, pcpi_rd[27] has been deemed useless by optimization
Input Wire, pcpi_rd[28] has been deemed useless by optimization
Input Wire, irq[27] has been deemed useless by optimization
Input Wire, pcpi_rd[29] has been deemed useless by optimization
Input Wire, irq[28] has been deemed useless by optimization
Input Wire, pcpi_rd[30] has been deemed useless by optimization
Input Wire, irq[29] has been deemed useless by optimization
Input Wire, pcpi_rd[31] has been deemed useless by optimization
Input Wire, pcpi_wait has been deemed useless by optimization
Input Wire, irq[24] has been deemed useless by optimization
Input Wire, irq[30] has been deemed useless by optimization
Input Wire, pcpi_ready has been deemed useless by optimization
Input Wire, irq[31] has been deemed useless by optimization
Input Wire, pcpi_rd[1] has been deemed useless by optimization
Input Wire, irq[0] has been deemed useless by optimization
Input Wire, irq[1] has been deemed useless by optimization
Input Wire, irq[2] has been deemed useless by optimization
Input Wire, pcpi_rd[4] has been deemed useless by optimization
Input Wire, irq[3] has been deemed useless by optimization
Input Wire, irq[25] has been deemed useless by optimization
Input Wire, pcpi_rd[5] has been deemed useless by optimization
Input Wire, irq[4] has been deemed useless by optimization
Input Wire, pcpi_rd[6] has been deemed useless by optimization
Input Wire, irq[5] has been deemed useless by optimization
Input Wire, pcpi_rd[7] has been deemed useless by optimization
Input Wire, irq[6] has been deemed useless by optimization
Input Wire, pcpi_rd[8] has been deemed useless by optimization
Input Wire, irq[7] has been deemed useless by optimization
Input Wire, irq[8] has been deemed useless by optimization
Input Wire, irq[26] has been deemed useless by optimization
Input Wire, pcpi_rd[10] has been deemed useless by optimization
Input Wire, irq[9] has been deemed useless by optimization
Input Wire, pcpi_rd[11] has been deemed useless by optimization
Input Wire, irq[10] has been deemed useless by optimization
Input Wire, irq[11] has been deemed useless by optimization
Input Wire, irq[12] has been deemed useless by optimization
Input Wire, irq[13] has been deemed useless by optimization
Input Wire, irq[14] has been deemed useless by optimization
Input Wire, pcpi_rd[12] has been deemed useless by optimization
Input Wire, pcpi_rd[13] has been deemed useless by optimization
Input Wire, pcpi_rd[9] has been deemed useless by optimization
Input Wire, pcpi_rd[17] has been deemed useless by optimization
Input Wire, pcpi_rd[14] has been deemed useless by optimization
Input Wire, pcpi_rd[15] has been deemed useless by optimization
Input Wire, pcpi_wr has been deemed useless by optimization
Input Wire, pcpi_rd[0] has been deemed useless by optimization
Input Wire, pcpi_rd[2] has been deemed useless by optimization
Input Wire, pcpi_rd[3] has been deemed useless by optimization
Input Wire, pcpi_rd[16] has been deemed useless by optimization
Input Wire, pcpi_rd[18] has been deemed useless by optimization
Input Wire, irq[15] has been deemed useless by optimization
Input Wire, irq[16] has been deemed useless by optimization
Input Wire, irq[17] has been deemed useless by optimization
Input Wire, pcpi_rd[19] has been deemed useless by optimization
Input Wire, irq[18] has been deemed useless by optimization
Input Wire, pcpi_rd[20] has been deemed useless by optimization
Input Wire, irq[19] has been deemed useless by optimization
Input Wire, pcpi_rd[21] has been deemed useless by optimization
Input Wire, irq[20] has been deemed useless by optimization
Input Wire, pcpi_rd[22] has been deemed useless by optimization
Input Wire, irq[21] has been deemed useless by optimization
Input Wire, pcpi_rd[23] has been deemed useless by optimization
Input Wire, irq[22] has been deemed useless by optimization
Input Wire, pcpi_rd[24] has been deemed useless by optimization
Input Wire, irq[23] has been deemed useless by optimization
Input Wire, pcpi_rd[25] has been deemed useless by optimization
Input Wire, pcpi_rd[26] has been deemed useless by optimization
Input Wire, pcpi_rd[27] has been deemed useless by optimization
Input Wire, pcpi_rd[23] has been deemed useless by optimization
Input Wire, pcpi_rd[24] has been deemed useless by optimization
Input Wire, pcpi_rd[25] has been deemed useless by optimization
Input Wire, pcpi_rd[26] has been deemed useless by optimization
Input Wire, pcpi_rd[27] has been deemed useless by optimization
Input Wire, pcpi_wait has been deemed useless by optimization
Input Wire, pcpi_rd[28] has been deemed useless by optimization
Input Wire, pcpi_rd[29] has been deemed useless by optimization
Input Wire, pcpi_rd[30] has been deemed useless by optimization
Input Wire, pcpi_rd[31] has been deemed useless by optimization
Input Wire, pcpi_ready has been deemed useless by optimization
Input Wire, irq[30] has been deemed useless by optimization
Input Wire, irq[0] has been deemed useless by optimization
Input Wire, irq[1] has been deemed useless by optimization
Input Wire, irq[2] has been deemed useless by optimization
Input Wire, irq[3] has been deemed useless by optimization
Input Wire, irq[4] has been deemed useless by optimization
Input Wire, irq[31] has been deemed useless by optimization
Input Wire, irq[5] has been deemed useless by optimization
Input Wire, irq[6] has been deemed useless by optimization
Input Wire, irq[7] has been deemed useless by optimization
Input Wire, irq[8] has been deemed useless by optimization
Input Wire, irq[9] has been deemed useless by optimization
Input Wire, irq[10] has been deemed useless by optimization
Input Wire, irq[11] has been deemed useless by optimization
Input Wire, irq[12] has been deemed useless by optimization
Input Wire, irq[13] has been deemed useless by optimization
Input Wire, irq[14] has been deemed useless by optimization
Input Wire, pcpi_wr has been deemed useless by optimization
Input Wire, irq[17] has been deemed useless by optimization
Input Wire, pcpi_rd[0] has been deemed useless by optimization
Input Wire, irq[18] has been deemed useless by optimization
Input Wire, pcpi_rd[1] has been deemed useless by optimization
Input Wire, irq[19] has been deemed useless by optimization
Input Wire, pcpi_rd[2] has been deemed useless by optimization
Input Wire, irq[20] has been deemed useless by optimization
Input Wire, pcpi_rd[3] has been deemed useless by optimization
Input Wire, irq[21] has been deemed useless by optimization
Input Wire, pcpi_rd[4] has been deemed useless by optimization
Input Wire, irq[22] has been deemed useless by optimization
Input Wire, pcpi_rd[5] has been deemed useless by optimization
Input Wire, irq[23] has been deemed useless by optimization
Input Wire, pcpi_rd[6] has been deemed useless by optimization
Input Wire, irq[24] has been deemed useless by optimization
Input Wire, pcpi_rd[7] has been deemed useless by optimization
Input Wire, irq[25] has been deemed useless by optimization
Input Wire, pcpi_rd[8] has been deemed useless by optimization
Input Wire, irq[26] has been deemed useless by optimization
Input Wire, irq[15] has been deemed useless by optimization
Input Wire, pcpi_rd[9] has been deemed useless by optimization
Input Wire, irq[27] has been deemed useless by optimization
Input Wire, pcpi_rd[10] has been deemed useless by optimization
Input Wire, irq[28] has been deemed useless by optimization
Input Wire, pcpi_rd[11] has been deemed useless by optimization
Input Wire, irq[29] has been deemed useless by optimization
Input Wire, pcpi_rd[12] has been deemed useless by optimization
Input Wire, pcpi_rd[13] has been deemed useless by optimization
Input Wire, irq[16] has been deemed useless by optimization
Input Wire, pcpi_rd[14] has been deemed useless by optimization
Input Wire, pcpi_rd[15] has been deemed useless by optimization
Input Wire, pcpi_rd[16] has been deemed useless by optimization
Input Wire, pcpi_rd[17] has been deemed useless by optimization
Input Wire, pcpi_rd[18] has been deemed useless by optimization
Input Wire, pcpi_rd[19] has been deemed useless by optimization
Input Wire, pcpi_rd[20] has been deemed useless by optimization
Input Wire, pcpi_rd[21] has been deemed useless by optimization
Input Wire, pcpi_rd[22] has been deemed useless by optimization
reg_tmp11044[83]: tmp5289 tmp5959 tmp5966 tmp5972 tmp5978 tmp5984 tmp5990 tmp5996 tmp6002 tmp6008 tmp6014 tmp6020 tmp6026 tmp6032 tmp6038 tmp6044 tmp6050 tmp6056 tmp6062 tmp6068 tmp6074 tmp6080 tmp6086 tmp6092 tmp6098 tmp6104 tmp6116 tmp6122 tmp6128 tmp6134 tmp6140 tmp5329 tmp5344 tmp5348 tmp5356 tmp5049 tmp5047 tmp5045 tmp5083 tmp5081 tmp5079 tmp5077 tmp5075 tmp5073 tmp5071 tmp5032 tmp5029 tmp5026 tmp5023 tmp5020 tmp5017 tmp5014 tmp5137 tmp3712 tmp5145 tmp5141 tmp5149 tmp5153 tmp5157 tmp5197 tmp5201 tmp5205 tmp5269 tmp5281 tmp5285 tmp5273 tmp5277 tmp6110 tmp5035 tmp5037 tmp5039 tmp5041 tmp5043 tmp5051 tmp5067 tmp5053 tmp5055 tmp5057 tmp5059 tmp5061 tmp5069 tmp5063 tmp5065 
reg_tmp86447[32]: tmp841 tmp835 tmp747 tmp832 tmp829 tmp826 tmp823 tmp820 tmp817 tmp814 tmp811 tmp808 tmp805 tmp802 tmp799 tmp796 tmp793 tmp790 tmp787 tmp784 tmp781 tmp778 tmp775 tmp772 tmp769 tmp763 tmp760 tmp757 tmp754 tmp751 tmp838 tmp766 
reg_tmp86411[32]: tmp2973 tmp2967 tmp2879 tmp2964 tmp2961 tmp2958 tmp2952 tmp2949 tmp2946 tmp2943 tmp2940 tmp2937 tmp2934 tmp2931 tmp2928 tmp2925 tmp2922 tmp2919 tmp2916 tmp2913 tmp2910 tmp2907 tmp2904 tmp2901 tmp2898 tmp2895 tmp2892 tmp2889 tmp2886 tmp2883 tmp2970 tmp2955 
reg_tmp86426[32]: tmp3361 tmp3355 tmp3267 tmp3349 tmp3346 tmp3343 tmp3340 tmp3337 tmp3334 tmp3331 tmp3328 tmp3325 tmp3322 tmp3319 tmp3316 tmp3313 tmp3310 tmp3307 tmp3304 tmp3301 tmp3298 tmp3295 tmp3292 tmp3289 tmp3286 tmp3283 tmp3280 tmp3277 tmp3274 tmp3271 tmp3358 tmp3352 
reg_tmp6828[1]: tmp946 
reg_tmp86467[32]: tmp635 tmp629 tmp541 tmp626 tmp623 tmp620 tmp617 tmp614 tmp611 tmp608 tmp605 tmp602 tmp599 tmp596 tmp593 tmp590 tmp587 tmp584 tmp581 tmp578 tmp575 tmp572 tmp569 tmp566 tmp560 tmp557 tmp554 tmp551 tmp548 tmp545 tmp632 tmp563 
reg_tmp86396[32]: tmp2579 tmp2491 tmp2576 tmp2573 tmp2570 tmp2567 tmp2564 tmp2561 tmp2558 tmp2555 tmp2552 tmp2549 tmp2546 tmp2543 tmp2540 tmp2537 tmp2534 tmp2531 tmp2528 tmp2525 tmp2522 tmp2519 tmp2516 tmp2513 tmp2510 tmp2507 tmp2504 tmp2501 tmp2498 tmp2495 tmp2582 tmp2585 
reg_tmp86437[32]: tmp3652 tmp3646 tmp3558 tmp3643 tmp3640 tmp3637 tmp3634 tmp3631 tmp3628 tmp3625 tmp3622 tmp3619 tmp3613 tmp3610 tmp3607 tmp3604 tmp3601 tmp3598 tmp3595 tmp3592 tmp3589 tmp3586 tmp3583 tmp3580 tmp3577 tmp3574 tmp3571 tmp3568 tmp3565 tmp3562 tmp3649 tmp3616 
reg_tmp98251[95]: tmp98233 tmp98076 tmp98228 tmp98072 tmp98223 tmp98068 tmp98218 tmp98064 tmp98213 tmp98060 tmp98208 tmp98056 tmp98203 tmp98052 tmp98198 tmp98048 tmp98193 tmp98044 tmp98188 tmp98040 tmp98183 tmp98036 tmp98178 tmp98032 tmp98173 tmp98028 tmp98168 tmp98024 tmp98163 tmp98020 tmp98158 tmp98016 tmp98153 tmp98012 tmp98143 tmp98008 tmp98138 tmp98004 tmp98133 tmp98000 tmp98128 tmp97996 tmp98123 tmp97992 tmp98118 tmp97988 tmp98113 tmp97984 tmp98108 tmp97980 tmp98103 tmp97976 tmp98098 tmp97972 tmp98093 tmp97968 tmp98088 tmp97964 tmp98238 tmp97960 tmp98080 tmp98084 tmp97919 tmp97914 tmp97909 tmp97904 tmp97899 tmp97894 tmp97889 tmp97884 tmp97879 tmp97874 tmp97869 tmp97864 tmp97859 tmp97854 tmp97849 tmp97844 tmp97839 tmp97834 tmp97829 tmp97824 tmp97819 tmp97814 tmp97809 tmp97804 tmp97799 tmp97794 tmp97789 tmp97784 tmp97779 tmp97774 tmp97769 tmp97763 tmp98148 
reg_tmp86377[32]: tmp2100 tmp2094 tmp2006 tmp2091 tmp2088 tmp2085 tmp2082 tmp2079 tmp2076 tmp2073 tmp2070 tmp2067 tmp2064 tmp2061 tmp2058 tmp2055 tmp2052 tmp2046 tmp2043 tmp2040 tmp2037 tmp2034 tmp2031 tmp2028 tmp2025 tmp2022 tmp2019 tmp2016 tmp2013 tmp2010 tmp2097 tmp2049 
reg_tmp6851[32]: tmp5789 tmp5791 tmp5831 tmp5786 tmp5797 tmp5833 tmp5795 tmp5835 tmp5829 tmp5837 tmp5839 tmp5799 tmp5841 tmp5801 tmp5843 tmp5803 tmp5845 tmp5805 tmp5847 tmp5849 tmp5807 tmp5815 tmp5793 tmp5809 tmp5811 tmp5813 tmp5817 tmp5819 tmp5821 tmp5823 tmp5825 tmp5827 
reg_tmp5955[214]: tmp92026 tmp92030 tmp91644 tmp91649 tmp92022 tmp91321 tmp92018 tmp91639 tmp91634 tmp92014 tmp92010 tmp91629 tmp91624 tmp92006 tmp91316 tmp92002 tmp91619 tmp91614 tmp91998 tmp91994 tmp91609 tmp91604 tmp91990 tmp91311 tmp91986 tmp91599 tmp91594 tmp91982 tmp91978 tmp91589 tmp91584 tmp91974 tmp91306 tmp91970 tmp91579 tmp91574 tmp91966 tmp91962 tmp91569 tmp91564 tmp91958 tmp91301 tmp91954 tmp91559 tmp91554 tmp91950 tmp91946 tmp91549 tmp91544 tmp91942 tmp91296 tmp91938 tmp91539 tmp91534 tmp91934 tmp91930 tmp91529 tmp91524 tmp91926 tmp91291 tmp91922 tmp91519 tmp91514 tmp91251 tmp91354 tmp91359 tmp91364 tmp91369 tmp91918 tmp91256 tmp91374 tmp91379 tmp91384 tmp91389 tmp91509 tmp91261 tmp91394 tmp91328 tmp91399 tmp91235 tmp91404 tmp91231 tmp91409 tmp91227 tmp91266 tmp91223 tmp91414 tmp91219 tmp91419 tmp91215 tmp91424 tmp91211 tmp91429 tmp91207 tmp91271 tmp91203 tmp91434 tmp91199 tmp91439 tmp91195 tmp91444 tmp91191 tmp91449 tmp91187 tmp91276 tmp91183 tmp91454 tmp91179 tmp91459 tmp91175 tmp91464 tmp91171 tmp91469 tmp91167 tmp91281 tmp91163 tmp91474 tmp91159 tmp91479 tmp91155 tmp91484 tmp91151 tmp91489 tmp91147 tmp91286 tmp91143 tmp91499 tmp91139 tmp91910 tmp91135 tmp91914 tmp91131 tmp91504 tmp91127 tmp91339 tmp91123 tmp91344 tmp91119 tmp91782 tmp91115 tmp91786 tmp91111 tmp91790 tmp91107 tmp91794 tmp91103 tmp91798 tmp91099 tmp91802 tmp91095 tmp91806 tmp91091 tmp91810 tmp91087 tmp91814 tmp91083 tmp91818 tmp91079 tmp91822 tmp91075 tmp91826 tmp91071 tmp91830 tmp91067 tmp91834 tmp91063 tmp91838 tmp91059 tmp91842 tmp91055 tmp91846 tmp91051 tmp91850 tmp91047 tmp91854 tmp91043 tmp91858 tmp91039 tmp91862 tmp91035 tmp91866 tmp91031 tmp91870 tmp91027 tmp91874 tmp91023 tmp91878 tmp91019 tmp91882 tmp91015 tmp91886 tmp91011 tmp91890 tmp91007 tmp91894 tmp91003 tmp91898 tmp90999 tmp91902 tmp90995 tmp91906 tmp90991 tmp91494 tmp90987 tmp91239 tmp92038 tmp92043 tmp92048 tmp92053 tmp92058 tmp91755 tmp91334 tmp92034 tmp91349 
reg_tmp86452[32]: tmp1185 tmp1179 tmp1091 tmp1176 tmp1173 tmp1170 tmp1167 tmp1164 tmp1161 tmp1158 tmp1155 tmp1152 tmp1149 tmp1146 tmp1140 tmp1137 tmp1134 tmp1131 tmp1128 tmp1125 tmp1122 tmp1119 tmp1116 tmp1113 tmp1110 tmp1107 tmp1104 tmp1101 tmp1098 tmp1095 tmp1182 tmp1143 
reg_tmp86432[32]: tmp3555 tmp3549 tmp3461 tmp3546 tmp3543 tmp3540 tmp3537 tmp3534 tmp3531 tmp3528 tmp3525 tmp3522 tmp3519 tmp3516 tmp3513 tmp3510 tmp3507 tmp3504 tmp3501 tmp3498 tmp3492 tmp3489 tmp3486 tmp3483 tmp3480 tmp3477 tmp3474 tmp3471 tmp3468 tmp3465 tmp3552 tmp3495 
reg_tmp86476[32]: tmp2876 tmp2870 tmp2782 tmp2867 tmp2864 tmp2861 tmp2858 tmp2855 tmp2852 tmp2849 tmp2846 tmp2843 tmp2840 tmp2837 tmp2834 tmp2831 tmp2828 tmp2825 tmp2822 tmp2819 tmp2816 tmp2813 tmp2810 tmp2807 tmp2804 tmp2801 tmp2798 tmp2795 tmp2792 tmp2789 tmp2786 tmp2873 
reg_tmp98253[64]: tmp97753 tmp97758 tmp97748 tmp97743 tmp97738 tmp97733 tmp97723 tmp97718 tmp97713 tmp97708 tmp97703 tmp97698 tmp97693 tmp97688 tmp97683 tmp97678 tmp97673 tmp97668 tmp97663 tmp97658 tmp97653 tmp97648 tmp97643 tmp97638 tmp97633 tmp97628 tmp97623 tmp97618 tmp97608 tmp97613 tmp97602 tmp97482 tmp97486 tmp97490 tmp97494 tmp97498 tmp97502 tmp97506 tmp97510 tmp97514 tmp97518 tmp97522 tmp97526 tmp97530 tmp97534 tmp97538 tmp97542 tmp97546 tmp97550 tmp97554 tmp97558 tmp97562 tmp97566 tmp97570 tmp97574 tmp97578 tmp97582 tmp97586 tmp97590 tmp97594 tmp97473 tmp97598 tmp97478 tmp97728 
reg_tmp86459[32]: tmp1697 tmp1691 tmp1603 tmp1688 tmp1685 tmp1682 tmp1679 tmp1676 tmp1670 tmp1667 tmp1664 tmp1661 tmp1658 tmp1655 tmp1652 tmp1649 tmp1646 tmp1643 tmp1640 tmp1637 tmp1634 tmp1631 tmp1628 tmp1625 tmp1622 tmp1619 tmp1616 tmp1613 tmp1610 tmp1607 tmp1694 tmp1673 
reg_tmp86387[32]: tmp2391 tmp2385 tmp2297 tmp2382 tmp2379 tmp2376 tmp2373 tmp2370 tmp2367 tmp2364 tmp2361 tmp2358 tmp2355 tmp2352 tmp2349 tmp2343 tmp2340 tmp2337 tmp2334 tmp2331 tmp2328 tmp2325 tmp2322 tmp2319 tmp2316 tmp2313 tmp2310 tmp2307 tmp2304 tmp2301 tmp2388 tmp2346 
reg_tmp86384[32]: tmp2294 tmp2288 tmp2200 tmp2285 tmp2282 tmp2279 tmp2276 tmp2273 tmp2270 tmp2267 tmp2264 tmp2261 tmp2258 tmp2255 tmp2252 tmp2246 tmp2243 tmp2240 tmp2237 tmp2234 tmp2231 tmp2228 tmp2225 tmp2222 tmp2219 tmp2216 tmp2213 tmp2210 tmp2207 tmp2204 tmp2291 tmp2249 
reg_tmp86414[32]: tmp3070 tmp3064 tmp2976 tmp3061 tmp3058 tmp3055 tmp3052 tmp3049 tmp3046 tmp3043 tmp3040 tmp3037 tmp3034 tmp3031 tmp3028 tmp3025 tmp3022 tmp3019 tmp3013 tmp3010 tmp3007 tmp3004 tmp3001 tmp2998 tmp2995 tmp2992 tmp2989 tmp2986 tmp2983 tmp2980 tmp3067 tmp3016 
reg_tmp86441[32]: tmp1476 tmp1470 tmp1382 tmp1467 tmp1464 tmp1461 tmp1458 tmp1455 tmp1452 tmp1449 tmp1446 tmp1443 tmp1440 tmp1437 tmp1434 tmp1428 tmp1425 tmp1422 tmp1419 tmp1416 tmp1413 tmp1410 tmp1407 tmp1404 tmp1401 tmp1398 tmp1395 tmp1392 tmp1389 tmp1386 tmp1473 tmp1431 
reg_tmp86456[32]: tmp1282 tmp1276 tmp1188 tmp1273 tmp1270 tmp1267 tmp1264 tmp1261 tmp1258 tmp1255 tmp1252 tmp1249 tmp1246 tmp1243 tmp1240 tmp1237 tmp1234 tmp1231 tmp1228 tmp1225 tmp1222 tmp1219 tmp1216 tmp1213 tmp1210 tmp1207 tmp1204 tmp1201 tmp1198 tmp1195 tmp1279 tmp1192 
reg_tmp86407[32]: tmp943 tmp937 tmp849 tmp934 tmp931 tmp928 tmp925 tmp922 tmp919 tmp916 tmp913 tmp910 tmp907 tmp904 tmp898 tmp895 tmp892 tmp889 tmp886 tmp883 tmp880 tmp877 tmp874 tmp871 tmp868 tmp865 tmp862 tmp859 tmp856 tmp853 tmp940 tmp901 
reg_tmp86392[32]: tmp2488 tmp2482 tmp2479 tmp2476 tmp2473 tmp2470 tmp2467 tmp2464 tmp2461 tmp2458 tmp2455 tmp2452 tmp2449 tmp2446 tmp2443 tmp2440 tmp2437 tmp2434 tmp2431 tmp2428 tmp2425 tmp2422 tmp2419 tmp2416 tmp2413 tmp2410 tmp2407 tmp2404 tmp2401 tmp2398 tmp2485 tmp2394 
reg_tmp7070[32]: tmp4680 tmp4677 tmp4674 tmp4671 tmp4668 tmp4665 tmp4662 tmp4659 tmp4656 tmp4653 tmp4650 tmp4647 tmp4644 tmp4641 tmp4638 tmp4635 tmp4632 tmp4626 tmp4623 tmp4620 tmp4617 tmp4614 tmp4611 tmp4608 tmp4605 tmp4602 tmp4598 tmp4683 tmp4686 tmp4689 tmp4692 tmp4629 
reg_tmp86422[32]: tmp3264 tmp3258 tmp3170 tmp3255 tmp3252 tmp3249 tmp3246 tmp3243 tmp3240 tmp3237 tmp3234 tmp3231 tmp3228 tmp3225 tmp3222 tmp3219 tmp3216 tmp3213 tmp3207 tmp3204 tmp3201 tmp3198 tmp3195 tmp3192 tmp3189 tmp3186 tmp3183 tmp3180 tmp3177 tmp3174 tmp3261 tmp3210 
reg_tmp92155[32]: tmp91744 tmp91657 tmp91747 tmp91741 tmp91738 tmp91735 tmp91732 tmp91729 tmp91726 tmp91723 tmp91717 tmp91714 tmp91711 tmp91708 tmp91705 tmp91702 tmp91699 tmp91696 tmp91693 tmp91690 tmp91687 tmp91684 tmp91681 tmp91678 tmp91675 tmp91672 tmp91669 tmp91666 tmp91663 tmp91660 tmp91654 tmp91720 
reg_tmp86462[32]: tmp1379 tmp1373 tmp1285 tmp1370 tmp1367 tmp1361 tmp1358 tmp1355 tmp1352 tmp1349 tmp1346 tmp1343 tmp1340 tmp1337 tmp1334 tmp1331 tmp1328 tmp1325 tmp1322 tmp1319 tmp1316 tmp1313 tmp1310 tmp1307 tmp1304 tmp1301 tmp1298 tmp1295 tmp1292 tmp1289 tmp1376 tmp1364 
reg_tmp86363[32]: tmp1809 tmp1803 tmp1715 tmp1800 tmp1797 tmp1794 tmp1791 tmp1788 tmp1785 tmp1782 tmp1779 tmp1776 tmp1773 tmp1767 tmp1764 tmp1761 tmp1758 tmp1755 tmp1752 tmp1749 tmp1746 tmp1743 tmp1740 tmp1737 tmp1734 tmp1731 tmp1728 tmp1725 tmp1722 tmp1719 tmp1806 tmp1770 
reg_tmp86429[32]: tmp3458 tmp3452 tmp3364 tmp3449 tmp3446 tmp3443 tmp3440 tmp3437 tmp3434 tmp3431 tmp3428 tmp3425 tmp3422 tmp3419 tmp3416 tmp3413 tmp3410 tmp3407 tmp3404 tmp3398 tmp3395 tmp3392 tmp3389 tmp3386 tmp3383 tmp3380 tmp3377 tmp3374 tmp3371 tmp3368 tmp3455 tmp3401 
reg_tmp86399[32]: tmp2682 tmp2676 tmp2588 tmp2670 tmp2667 tmp2664 tmp2661 tmp2658 tmp2655 tmp2652 tmp2649 tmp2646 tmp2643 tmp2640 tmp2637 tmp2634 tmp2631 tmp2628 tmp2625 tmp2622 tmp2619 tmp2616 tmp2613 tmp2610 tmp2607 tmp2604 tmp2601 tmp2598 tmp2595 tmp2592 tmp2679 tmp2673 
reg_tmp86444[32]: tmp1088 tmp1082 tmp994 tmp1079 tmp1076 tmp1073 tmp1070 tmp1067 tmp1064 tmp1061 tmp1058 tmp1055 tmp1049 tmp1046 tmp1043 tmp1040 tmp1037 tmp1034 tmp1031 tmp1028 tmp1025 tmp1022 tmp1019 tmp1016 tmp1013 tmp1010 tmp1007 tmp1004 tmp1001 tmp998 tmp1085 tmp1052 
reg_tmp11016[32]: tmp4743 tmp4740 tmp4737 tmp4734 tmp4730 tmp4788 tmp4785 tmp4782 tmp4779 tmp4773 tmp4770 tmp4767 tmp4764 tmp4761 tmp4758 tmp4755 tmp4752 tmp4749 tmp4746 tmp4803 tmp4800 tmp4797 tmp4794 tmp4791 tmp5944 tmp5942 tmp5940 tmp5938 tmp5936 tmp5934 tmp5932 tmp4776 
reg_tmp86381[32]: tmp2197 tmp2191 tmp2103 tmp2188 tmp2185 tmp2182 tmp2179 tmp2176 tmp2173 tmp2170 tmp2167 tmp2164 tmp2161 tmp2158 tmp2152 tmp2149 tmp2146 tmp2143 tmp2140 tmp2137 tmp2134 tmp2131 tmp2128 tmp2125 tmp2122 tmp2119 tmp2116 tmp2113 tmp2110 tmp2107 tmp2194 tmp2155 
reg_tmp6373[31]: tmp532 tmp538 tmp529 tmp535 tmp526 tmp517 tmp523 tmp514 tmp520 tmp511 tmp502 tmp508 tmp499 tmp505 tmp496 tmp487 tmp493 tmp484 tmp490 tmp481 tmp472 tmp478 tmp469 tmp475 tmp466 tmp457 tmp463 tmp454 tmp460 tmp451 tmp447 
reg_tmp86358[32]: tmp732 tmp726 tmp638 tmp723 tmp720 tmp717 tmp714 tmp711 tmp708 tmp705 tmp702 tmp699 tmp696 tmp693 tmp690 tmp687 tmp684 tmp681 tmp678 tmp675 tmp672 tmp669 tmp666 tmp663 tmp657 tmp654 tmp651 tmp648 tmp645 tmp642 tmp729 tmp660 
reg_tmp37973[4]: tmp5915 tmp5920 tmp5928 tmp5924 
reg_tmp86371[32]: tmp2003 tmp1997 tmp1909 tmp1994 tmp1991 tmp1988 tmp1985 tmp1982 tmp1979 tmp1976 tmp1973 tmp1970 tmp1967 tmp1961 tmp1958 tmp1955 tmp1952 tmp1949 tmp1946 tmp1943 tmp1940 tmp1937 tmp1934 tmp1931 tmp1928 tmp1925 tmp1922 tmp1919 tmp1916 tmp1913 tmp2000 tmp1964 
reg_tmp86402[32]: tmp2779 tmp2773 tmp2685 tmp2770 tmp2767 tmp2764 tmp2761 tmp2758 tmp2755 tmp2752 tmp2749 tmp2746 tmp2743 tmp2740 tmp2737 tmp2734 tmp2728 tmp2725 tmp2722 tmp2719 tmp2716 tmp2713 tmp2710 tmp2707 tmp2704 tmp2701 tmp2698 tmp2695 tmp2692 tmp2689 tmp2776 tmp2731 
reg_tmp6849[36]: tmp5873 tmp5875 tmp5877 tmp5909 tmp5879 tmp5901 tmp5881 tmp3696 tmp5883 tmp5885 tmp3699 tmp5887 tmp3701 tmp5889 tmp5891 tmp5893 tmp5851 tmp5895 tmp5853 tmp5855 tmp5899 tmp5857 tmp5905 tmp5859 tmp5897 tmp5903 tmp5861 tmp5863 tmp5907 tmp5865 tmp5867 tmp3703 tmp5911 tmp5869 tmp5871 tmp5913 
reg_tmp86480[32]: tmp1576 tmp1570 tmp1567 tmp1564 tmp1561 tmp1558 tmp1555 tmp1552 tmp1549 tmp1546 tmp1543 tmp1540 tmp1537 tmp1534 tmp1531 tmp1528 tmp1525 tmp1522 tmp1519 tmp1516 tmp1513 tmp1510 tmp1507 tmp1504 tmp1501 tmp1498 tmp1495 tmp1491 tmp1579 tmp1585 tmp1582 tmp1573 
reg_tmp86417[32]: tmp3167 tmp3161 tmp3073 tmp3158 tmp3155 tmp3152 tmp3149 tmp3146 tmp3143 tmp3140 tmp3137 tmp3134 tmp3131 tmp3128 tmp3125 tmp3122 tmp3119 tmp3113 tmp3110 tmp3107 tmp3104 tmp3101 tmp3098 tmp3095 tmp3092 tmp3089 tmp3086 tmp3083 tmp3080 tmp3077 tmp3164 tmp3116 
reg_tmp86472[32]: tmp1906 tmp1900 tmp1812 tmp1897 tmp1894 tmp1891 tmp1888 tmp1885 tmp1882 tmp1879 tmp1876 tmp1873 tmp1870 tmp1867 tmp1864 tmp1861 tmp1858 tmp1855 tmp1852 tmp1849 tmp1846 tmp1843 tmp1840 tmp1837 tmp1834 tmp1831 tmp1828 tmp1825 tmp1819 tmp1816 tmp1903 tmp1822 
reg_tmp11133[34]: tmp5293 tmp5309 tmp5305 tmp5301 tmp5297 tmp966 tmp990 tmp986 tmp1487 tmp1483 tmp1479 tmp982 tmp978 tmp974 tmp5313 tmp5333 tmp962 tmp958 tmp844 tmp954 tmp970 tmp5325 tmp5321 tmp5317 tmp5133 tmp5093 tmp5089 tmp5085 tmp5340 tmp5375 tmp5388 tmp5352 tmp5379 tmp950 
reg_tmp86367[32]: tmp443 tmp435 tmp318 tmp431 tmp427 tmp423 tmp419 tmp415 tmp411 tmp407 tmp399 tmp395 tmp391 tmp387 tmp383 tmp379 tmp375 tmp371 tmp367 tmp363 tmp359 tmp355 tmp351 tmp347 tmp343 tmp339 tmp335 tmp331 tmp327 tmp323 tmp439 tmp403 
reg_tmp7082[5]: tmp4889 tmp4885 tmp4881 tmp4872 tmp4877 
reg_tmp7007[2]: tmp5951 tmp5946 
reg_tmp6856[1]: tmp5396 
reg_tmp6643[1]: tmp4163 
reg_tmp98333[1]: tmp97945 
reg_tmp7130[2]: tmp4726 tmp4721 
Error: allocated registers are not the same width
Error: allocated registers are not the same width
mem_tmp11130, 5 x 32
{'tmp87391', 'tmp81813', 'tmp9117'}(3)(3) --> ('tmp82421',), (5 x 32)
{'tmp6712', 'tmp1588', 'tmp1591', 'tmp1600', 'tmp81800', 'tmp11004', 'tmp1594', 'tmp1597', 'tmp6531'}(9)(9) --> ('tmp81984', 'tmp82022', 'tmp81927', 'tmp82041', 'tmp82402', 'tmp81965', 'tmp81832', 'tmp82117', 'tmp82364', 'tmp81946', 'tmp82003', 'tmp82383', 'tmp82079', 'tmp82307', 'tmp82174', 'tmp82155', 'tmp82212', 'tmp82060', 'tmp82326', 'tmp82250', 'tmp82136', 'tmp82098', 'tmp82231', 'tmp82193', 'tmp81870', 'tmp82421', 'tmp81851', 'tmp81889', 'tmp82288', 'tmp82269', 'tmp82345', 'tmp81908'), (5 x 32)
{'tmp81225', 'tmp87363', 'tmp9397'}(3)(3) --> ('tmp81889',), (5 x 32)
{'tmp81183', 'tmp87361', 'tmp9417'}(3)(3) --> ('tmp81851',), (5 x 32)
{'tmp87386', 'tmp9167', 'tmp81708'}(3)(3) --> ('tmp82326',), (5 x 32)
{'tmp81750', 'tmp87388', 'tmp9147'}(3)(3) --> ('tmp82364',), (5 x 32)
{'tmp81519', 'tmp9257', 'tmp87377'}(3)(3) --> ('tmp82155',), (5 x 32)
{'tmp9347', 'tmp87368', 'tmp81330'}(3)(3) --> ('tmp81984',), (5 x 32)
{'tmp81267', 'tmp87365', 'tmp9377'}(3)(3) --> ('tmp81927',), (5 x 32)
{'tmp87370', 'tmp81372', 'tmp9327'}(3)(3) --> ('tmp82022',), (5 x 32)
{'tmp81603', 'tmp87381', 'tmp9217'}(3)(3) --> ('tmp82231',), (5 x 32)
{'tmp81414', 'tmp87372', 'tmp9307'}(3)(3) --> ('tmp82060',), (5 x 32)
{'tmp81729', 'tmp9157', 'tmp87387'}(3)(3) --> ('tmp82345',), (5 x 32)
{'tmp9247', 'tmp87378', 'tmp81540'}(3)(3) --> ('tmp82174',), (5 x 32)
{'tmp81645', 'tmp9197', 'tmp87383'}(3)(3) --> ('tmp82269',), (5 x 32)
{'tmp9227', 'tmp87380', 'tmp81582'}(3)(3) --> ('tmp82212',), (5 x 32)
{'tmp1706', 'tmp1712', 'tmp1700', 'tmp1709', 'tmp1703', 'tmp6720'}(6)(6) --> ('tmp14199', 'tmp13758', 'tmp14304', 'tmp13737', 'tmp14262', 'tmp13989', 'tmp13653', 'tmp13800', 'tmp13821', 'tmp14052', 'tmp14241', 'tmp14094', 'tmp14073', 'tmp13905', 'tmp13968', 'tmp13674', 'tmp13863', 'tmp13947', 'tmp13842', 'tmp13779', 'tmp13884', 'tmp14031', 'tmp14157', 'tmp14136', 'tmp14010', 'tmp13716', 'tmp14220', 'tmp13926', 'tmp14283', 'tmp14115', 'tmp14178', 'tmp13695'), (5 x 32)
{'tmp9127', 'tmp87390', 'tmp81792'}(3)(3) --> ('tmp82402',), (5 x 32)
{'tmp87374', 'tmp9287', 'tmp81456'}(3)(3) --> ('tmp82098',), (5 x 32)
{'tmp9297', 'tmp81435', 'tmp87373'}(3)(3) --> ('tmp82079',), (5 x 32)
{'tmp81771', 'tmp9137', 'tmp87389'}(3)(3) --> ('tmp82383',), (5 x 32)
{'tmp81687', 'tmp9177', 'tmp87385'}(3)(3) --> ('tmp82307',), (5 x 32)
{'tmp9187', 'tmp87384', 'tmp81666'}(3)(3) --> ('tmp82288',), (5 x 32)
{'tmp81498', 'tmp87376', 'tmp9267'}(3)(3) --> ('tmp82136',), (5 x 32)
{'tmp9387', 'tmp81246', 'tmp87364'}(3)(3) --> ('tmp81908',), (5 x 32)
{'tmp81477', 'tmp9277', 'tmp87375'}(3)(3) --> ('tmp82117',), (5 x 32)
{'tmp81309', 'tmp87367', 'tmp9357'}(3)(3) --> ('tmp81965',), (5 x 32)
{'tmp9427', 'tmp81162', 'tmp87360'}(3)(3) --> ('tmp81832',), (5 x 32)
{'tmp9317', 'tmp81393', 'tmp87371'}(3)(3) --> ('tmp82041',), (5 x 32)
{'tmp87369', 'tmp9337', 'tmp81351'}(3)(3) --> ('tmp82003',), (5 x 32)
{'tmp9237', 'tmp87379', 'tmp81561'}(3)(3) --> ('tmp82193',), (5 x 32)
{'tmp87362', 'tmp81204', 'tmp9407'}(3)(3) --> ('tmp81870',), (5 x 32)
{'tmp81624', 'tmp9207', 'tmp87382'}(3)(3) --> ('tmp82250',), (5 x 32)
{'tmp81288', 'tmp9367', 'tmp87366'}(3)(3) --> ('tmp81946',), (5 x 32)
++++++++++
mem_tmp11130
addr_width: 5
val_width: 32
write enable: tmp11130/1W
write_address: (5), ['tmp4872_o/1W', 'tmp4877_o/1W', 'tmp4881_o/1W', 'tmp4885_o/1W', 'tmp4889_o/1W']
write_port: (32), ['tmp34130/1W', 'tmp34610/1W', 'tmp34570/1W', 'tmp34670/1W', 'tmp34110/1W', 'tmp34210/1W', 'tmp34710/1W', 'tmp34430/1W', 'tmp34290/1W', 'tmp34550/1W', 'tmp34310/1W', 'tmp34530/1W', 'tmp34270/1W', 'tmp34370/1W', 'tmp34390/1W', 'tmp34450/1W', 'tmp34170/1W', 'tmp34650/1W', 'tmp34690/1W', 'tmp34230/1W', 'tmp34630/1W', 'tmp34510/1W', 'tmp34490/1W', 'tmp34330/1W', 'tmp34590/1W', 'tmp34470/1W', 'tmp34350/1W', 'tmp34090/1W', 'tmp34190/1W', 'tmp34410/1W', 'tmp34150/1W', 'tmp34250/1W']
read_ports:
----------
decomp time: 117.31520438194275 s
