emap is loaded successfully.
Testing design `database/eval/blackparrot/json-noabc-share/bp_be_cmd_queue.json` with top module `bp_be_cmd_queue`...
Database built in 0.00 seconds.
Netlist saturated in 0.00 seconds.
Found 228 muxes with DFFs as inputs.
114 muxtree(s) reduced in 0.00 seconds.
Decoders reduced in 0.00 seconds.
1 memory extracted in 0.01 seconds.
	Memory 0: width=114, height=4, #read-ports=1, #write-ports=1
Total time: 0.01 seconds.

Testing design `database/eval/blackparrot/json-noabc-share/bp_be_issue_queue.json` with top module `bp_be_issue_queue`...
Database built in 0.04 seconds.
Netlist saturated in 0.01 seconds.
Found 696 muxes with DFFs as inputs.
522 muxtree(s) reduced in 0.02 seconds.
Decoders reduced in 0.60 seconds.
2 memories extracted in 0.02 seconds.
	Memory 0: width=94, height=8, #read-ports=1, #write-ports=1
	Memory 1: width=80, height=8, #read-ports=1, #write-ports=1
Total time: 0.69 seconds.

Testing design `database/eval/blackparrot/json-noabc-share/bp_be_int_regfile.json` with top module `bp_be_int_regfile`...
Database built in 0.02 seconds.
Netlist saturated in 0.00 seconds.
Found 2112 muxes with DFFs as inputs.
1980 muxtree(s) reduced in 0.03 seconds.
Decoders reduced in 0.00 seconds.
1 memory extracted in 0.01 seconds.
	Memory 0: width=66, height=32, #read-ports=2, #write-ports=1
Total time: 0.06 seconds.

Testing design `database/eval/blackparrot/json-noabc-share/bp_be_fp_regfile.json` with top module `bp_be_fp_regfile`...
Database built in 0.02 seconds.
Netlist saturated in 0.00 seconds.
Found 3168 muxes with DFFs as inputs.
2970 muxtree(s) reduced in 0.05 seconds.
Decoders reduced in 0.00 seconds.
1 memory extracted in 0.02 seconds.
	Memory 0: width=66, height=32, #read-ports=3, #write-ports=1
Total time: 0.09 seconds.

Testing design `database/eval/blackparrot/json-noabc-share/bp_fe_pc_gen.json` with top module `bp_fe_pc_gen`...
Database built in 0.04 seconds.
Netlist saturated in 0.00 seconds.
Found 4032 muxes with DFFs as inputs.
3891 muxtree(s) reduced in 0.07 seconds.
Decoders reduced in 0.26 seconds.
3 memories extracted in 0.02 seconds.
	Memory 0: width=43, height=16, #read-ports=1, #write-ports=1
	Memory 1: width=50, height=64, #read-ports=1, #write-ports=1
	Memory 2: width=8, height=512, #read-ports=1, #write-ports=1
Total time: 0.39 seconds.

Testing design `database/eval/blackparrot/json-noabc-share/bp_be_dcache.json` with top module `bp_be_dcache`...
Database built in 0.72 seconds.
Netlist saturated in 0.05 seconds.
Found 72081 muxes with DFFs as inputs.
71194 muxtree(s) reduced in 1.29 seconds.
Decoders reduced in 34.07 seconds.
94 memories extracted in 0.49 seconds.
	Memory 0: width=1, height=64, #read-ports=1, #write-ports=1
	Memory 1: width=1, height=64, #read-ports=1, #write-ports=1
	Memory 2: width=1, height=64, #read-ports=1, #write-ports=1
	Memory 3: width=1, height=64, #read-ports=1, #write-ports=1
	Memory 4: width=1, height=64, #read-ports=1, #write-ports=1
	Memory 5: width=1, height=64, #read-ports=1, #write-ports=1
	Memory 6: width=1, height=64, #read-ports=1, #write-ports=1
	Memory 7: width=1, height=64, #read-ports=1, #write-ports=1
	Memory 8: width=1, height=64, #read-ports=1, #write-ports=1
	Memory 9: width=1, height=64, #read-ports=1, #write-ports=1
	Memory 10: width=1, height=64, #read-ports=1, #write-ports=1
	Memory 11: width=1, height=64, #read-ports=1, #write-ports=1
	Memory 12: width=1, height=64, #read-ports=1, #write-ports=1
	Memory 13: width=20, height=64, #read-ports=1, #write-ports=1
	Memory 14: width=3, height=64, #read-ports=1, #write-ports=1
	Memory 15: width=20, height=64, #read-ports=1, #write-ports=1
	Memory 16: width=3, height=64, #read-ports=1, #write-ports=1
	Memory 17: width=20, height=64, #read-ports=1, #write-ports=1
	Memory 18: width=3, height=64, #read-ports=1, #write-ports=1
	Memory 19: width=20, height=64, #read-ports=1, #write-ports=1
	Memory 20: width=3, height=64, #read-ports=1, #write-ports=1
	Memory 21: width=20, height=64, #read-ports=1, #write-ports=1
	Memory 22: width=3, height=64, #read-ports=1, #write-ports=1
	Memory 23: width=20, height=64, #read-ports=1, #write-ports=1
	Memory 24: width=3, height=64, #read-ports=1, #write-ports=1
	Memory 25: width=20, height=64, #read-ports=1, #write-ports=1
	Memory 26: width=3, height=64, #read-ports=1, #write-ports=1
	Memory 27: width=20, height=64, #read-ports=1, #write-ports=1
	Memory 28: width=3, height=64, #read-ports=1, #write-ports=1
	Memory 29: width=1, height=128, #read-ports=1, #write-ports=1
	Memory 30: width=8, height=256, #read-ports=1, #write-ports=1
	Memory 31: width=8, height=256, #read-ports=1, #write-ports=1
	Memory 32: width=8, height=256, #read-ports=1, #write-ports=1
	Memory 33: width=8, height=256, #read-ports=1, #write-ports=1
	Memory 34: width=8, height=256, #read-ports=1, #write-ports=1
	Memory 35: width=8, height=256, #read-ports=1, #write-ports=1
	Memory 36: width=8, height=256, #read-ports=1, #write-ports=1
	Memory 37: width=8, height=256, #read-ports=1, #write-ports=1
	Memory 38: width=8, height=256, #read-ports=1, #write-ports=1
	Memory 39: width=8, height=256, #read-ports=1, #write-ports=1
	Memory 40: width=8, height=256, #read-ports=1, #write-ports=1
	Memory 41: width=8, height=256, #read-ports=1, #write-ports=1
	Memory 42: width=8, height=256, #read-ports=1, #write-ports=1
	Memory 43: width=8, height=256, #read-ports=1, #write-ports=1
	Memory 44: width=8, height=256, #read-ports=1, #write-ports=1
	Memory 45: width=8, height=256, #read-ports=1, #write-ports=1
	Memory 46: width=8, height=256, #read-ports=1, #write-ports=1
	Memory 47: width=8, height=256, #read-ports=1, #write-ports=1
	Memory 48: width=8, height=256, #read-ports=1, #write-ports=1
	Memory 49: width=8, height=256, #read-ports=1, #write-ports=1
	Memory 50: width=8, height=256, #read-ports=1, #write-ports=1
	Memory 51: width=8, height=256, #read-ports=1, #write-ports=1
	Memory 52: width=8, height=256, #read-ports=1, #write-ports=1
	Memory 53: width=8, height=256, #read-ports=1, #write-ports=1
	Memory 54: width=8, height=256, #read-ports=1, #write-ports=1
	Memory 55: width=8, height=256, #read-ports=1, #write-ports=1
	Memory 56: width=8, height=256, #read-ports=1, #write-ports=1
	Memory 57: width=8, height=256, #read-ports=1, #write-ports=1
	Memory 58: width=8, height=256, #read-ports=1, #write-ports=1
	Memory 59: width=8, height=256, #read-ports=1, #write-ports=1
	Memory 60: width=8, height=256, #read-ports=1, #write-ports=1
	Memory 61: width=8, height=256, #read-ports=1, #write-ports=1
	Memory 62: width=8, height=256, #read-ports=1, #write-ports=1
	Memory 63: width=8, height=256, #read-ports=1, #write-ports=1
	Memory 64: width=8, height=256, #read-ports=1, #write-ports=1
	Memory 65: width=8, height=256, #read-ports=1, #write-ports=1
	Memory 66: width=8, height=256, #read-ports=1, #write-ports=1
	Memory 67: width=8, height=256, #read-ports=1, #write-ports=1
	Memory 68: width=8, height=256, #read-ports=1, #write-ports=1
	Memory 69: width=8, height=256, #read-ports=1, #write-ports=1
	Memory 70: width=8, height=256, #read-ports=1, #write-ports=1
	Memory 71: width=8, height=256, #read-ports=1, #write-ports=1
	Memory 72: width=8, height=256, #read-ports=1, #write-ports=1
	Memory 73: width=8, height=256, #read-ports=1, #write-ports=1
	Memory 74: width=8, height=256, #read-ports=1, #write-ports=1
	Memory 75: width=8, height=256, #read-ports=1, #write-ports=1
	Memory 76: width=8, height=256, #read-ports=1, #write-ports=1
	Memory 77: width=8, height=256, #read-ports=1, #write-ports=1
	Memory 78: width=8, height=256, #read-ports=1, #write-ports=1
	Memory 79: width=8, height=256, #read-ports=1, #write-ports=1
	Memory 80: width=8, height=256, #read-ports=1, #write-ports=1
	Memory 81: width=8, height=256, #read-ports=1, #write-ports=1
	Memory 82: width=8, height=256, #read-ports=1, #write-ports=1
	Memory 83: width=8, height=256, #read-ports=1, #write-ports=1
	Memory 84: width=8, height=256, #read-ports=1, #write-ports=1
	Memory 85: width=8, height=256, #read-ports=1, #write-ports=1
	Memory 86: width=8, height=256, #read-ports=1, #write-ports=1
	Memory 87: width=8, height=256, #read-ports=1, #write-ports=1
	Memory 88: width=8, height=256, #read-ports=1, #write-ports=1
	Memory 89: width=8, height=256, #read-ports=1, #write-ports=1
	Memory 90: width=8, height=256, #read-ports=1, #write-ports=1
	Memory 91: width=8, height=256, #read-ports=1, #write-ports=1
	Memory 92: width=8, height=256, #read-ports=1, #write-ports=1
	Memory 93: width=8, height=256, #read-ports=1, #write-ports=1
Total time: 36.63 seconds.

Testing design `database/eval/blackparrot/json-noabc-share/bp_fe_icache.json` with top module `bp_fe_icache`...
Database built in 1.34 seconds.
Netlist saturated in 0.03 seconds.
Found 137187 muxes with DFFs as inputs.
136482 muxtree(s) reduced in 2.55 seconds.
Decoders reduced in 8.40 seconds.
30 memories extracted in 0.68 seconds.
	Memory 0: width=1, height=64, #read-ports=1, #write-ports=1
	Memory 1: width=1, height=64, #read-ports=1, #write-ports=1
	Memory 2: width=1, height=64, #read-ports=1, #write-ports=1
	Memory 3: width=1, height=64, #read-ports=1, #write-ports=1
	Memory 4: width=1, height=64, #read-ports=1, #write-ports=1
	Memory 5: width=20, height=64, #read-ports=1, #write-ports=1
	Memory 6: width=3, height=64, #read-ports=1, #write-ports=1
	Memory 7: width=20, height=64, #read-ports=1, #write-ports=1
	Memory 8: width=3, height=64, #read-ports=1, #write-ports=1
	Memory 9: width=20, height=64, #read-ports=1, #write-ports=1
	Memory 10: width=3, height=64, #read-ports=1, #write-ports=1
	Memory 11: width=20, height=64, #read-ports=1, #write-ports=1
	Memory 12: width=3, height=64, #read-ports=1, #write-ports=1
	Memory 13: width=20, height=64, #read-ports=1, #write-ports=1
	Memory 14: width=3, height=64, #read-ports=1, #write-ports=1
	Memory 15: width=20, height=64, #read-ports=1, #write-ports=1
	Memory 16: width=3, height=64, #read-ports=1, #write-ports=1
	Memory 17: width=20, height=64, #read-ports=1, #write-ports=1
	Memory 18: width=3, height=64, #read-ports=1, #write-ports=1
	Memory 19: width=20, height=64, #read-ports=1, #write-ports=1
	Memory 20: width=3, height=64, #read-ports=1, #write-ports=1
	Memory 21: width=1, height=128, #read-ports=1, #write-ports=1
	Memory 22: width=64, height=512, #read-ports=1, #write-ports=1
	Memory 23: width=64, height=512, #read-ports=1, #write-ports=1
	Memory 24: width=64, height=512, #read-ports=1, #write-ports=1
	Memory 25: width=64, height=512, #read-ports=1, #write-ports=1
	Memory 26: width=64, height=512, #read-ports=1, #write-ports=1
	Memory 27: width=64, height=512, #read-ports=1, #write-ports=1
	Memory 28: width=64, height=512, #read-ports=1, #write-ports=1
	Memory 29: width=64, height=512, #read-ports=1, #write-ports=1
Total time: 12.99 seconds.

Testing design `database/eval/blackparrot/json-noabc-share/bp_fe_top.json` with top module `bp_fe_top`...
Database built in 1.42 seconds.
Netlist saturated in 0.03 seconds.
Found 141259 muxes with DFFs as inputs.
140373 muxtree(s) reduced in 2.67 seconds.
Decoders reduced in 13.90 seconds.
33 memories extracted in 0.75 seconds.
	Memory 0: width=43, height=16, #read-ports=1, #write-ports=1
	Memory 1: width=1, height=64, #read-ports=1, #write-ports=1
	Memory 2: width=1, height=64, #read-ports=1, #write-ports=1
	Memory 3: width=1, height=64, #read-ports=1, #write-ports=1
	Memory 4: width=1, height=64, #read-ports=1, #write-ports=1
	Memory 5: width=1, height=64, #read-ports=1, #write-ports=1
	Memory 6: width=20, height=64, #read-ports=1, #write-ports=1
	Memory 7: width=3, height=64, #read-ports=1, #write-ports=1
	Memory 8: width=20, height=64, #read-ports=1, #write-ports=1
	Memory 9: width=3, height=64, #read-ports=1, #write-ports=1
	Memory 10: width=20, height=64, #read-ports=1, #write-ports=1
	Memory 11: width=3, height=64, #read-ports=1, #write-ports=1
	Memory 12: width=20, height=64, #read-ports=1, #write-ports=1
	Memory 13: width=3, height=64, #read-ports=1, #write-ports=1
	Memory 14: width=20, height=64, #read-ports=1, #write-ports=1
	Memory 15: width=3, height=64, #read-ports=1, #write-ports=1
	Memory 16: width=20, height=64, #read-ports=1, #write-ports=1
	Memory 17: width=3, height=64, #read-ports=1, #write-ports=1
	Memory 18: width=20, height=64, #read-ports=1, #write-ports=1
	Memory 19: width=3, height=64, #read-ports=1, #write-ports=1
	Memory 20: width=20, height=64, #read-ports=1, #write-ports=1
	Memory 21: width=3, height=64, #read-ports=1, #write-ports=1
	Memory 22: width=50, height=64, #read-ports=1, #write-ports=1
	Memory 23: width=1, height=128, #read-ports=1, #write-ports=1
	Memory 24: width=64, height=512, #read-ports=1, #write-ports=1
	Memory 25: width=64, height=512, #read-ports=1, #write-ports=1
	Memory 26: width=8, height=512, #read-ports=1, #write-ports=1
	Memory 27: width=64, height=512, #read-ports=1, #write-ports=1
	Memory 28: width=64, height=512, #read-ports=1, #write-ports=1
	Memory 29: width=64, height=512, #read-ports=1, #write-ports=1
	Memory 30: width=64, height=512, #read-ports=1, #write-ports=1
	Memory 31: width=64, height=512, #read-ports=1, #write-ports=1
	Memory 32: width=64, height=512, #read-ports=1, #write-ports=1
Total time: 18.77 seconds.

Testing design `database/eval/blackparrot/json-noabc-share/bp_be_top.json` with top module `bp_be_top`...
Database built in 2.25 seconds.
Netlist saturated in 0.18 seconds.
Found 6900 muxes with DFFs as inputs.
6482 muxtree(s) reduced in 1.18 seconds.
Decoders reduced in 25094.32 seconds.
17 memories extracted in 0.62 seconds.
	Memory 0: width=113, height=4, #read-ports=1, #write-ports=1
	Memory 1: width=3, height=4, #read-ports=1, #write-ports=0
	Memory 2: width=3, height=4, #read-ports=1, #write-ports=0
	Memory 3: width=94, height=8, #read-ports=1, #write-ports=1
	Memory 4: width=80, height=8, #read-ports=1, #write-ports=1
	Memory 5: width=1, height=8, #read-ports=2, #write-ports=0
	Memory 6: width=1, height=8, #read-ports=1, #write-ports=0
	Memory 7: width=66, height=32, #read-ports=3, #write-ports=1
	Memory 8: width=66, height=32, #read-ports=2, #write-ports=1
	Memory 9: width=30, height=32, #read-ports=1, #write-ports=0
	Memory 10: width=31, height=32, #read-ports=1, #write-ports=0
	Memory 11: width=20, height=32, #read-ports=1, #write-ports=0
	Memory 12: width=20, height=32, #read-ports=1, #write-ports=0
	Memory 13: width=20, height=32, #read-ports=1, #write-ports=0
	Memory 14: width=1, height=64, #read-ports=2, #write-ports=0
	Memory 15: width=1, height=64, #read-ports=1, #write-ports=0
	Memory 16: width=1, height=64, #read-ports=1, #write-ports=0
Total time: 25098.55 seconds.

Testing design `database/eval/blackparrot/json-noabc-share/bp_core_minimal.json` with top module `bp_core_minimal`...
Database built in 3.62 seconds.
Netlist saturated in 0.21 seconds.
Found 148123 muxes with DFFs as inputs.
146905 muxtree(s) reduced in 4.37 seconds.
Decoders reduced in 25314.87 seconds.
52 memories extracted in 1.52 seconds.
	Memory 0: width=61, height=4, #read-ports=1, #write-ports=1
	Memory 1: width=3, height=4, #read-ports=1, #write-ports=0
	Memory 2: width=3, height=4, #read-ports=1, #write-ports=0
	Memory 3: width=34, height=8, #read-ports=1, #write-ports=1
	Memory 4: width=16, height=8, #read-ports=1, #write-ports=1
	Memory 5: width=94, height=8, #read-ports=1, #write-ports=1
	Memory 6: width=80, height=8, #read-ports=1, #write-ports=1
	Memory 7: width=1, height=8, #read-ports=2, #write-ports=0
	Memory 8: width=1, height=8, #read-ports=1, #write-ports=0
	Memory 9: width=43, height=16, #read-ports=1, #write-ports=1
	Memory 10: width=66, height=32, #read-ports=3, #write-ports=1
	Memory 11: width=66, height=32, #read-ports=2, #write-ports=1
	Memory 12: width=30, height=32, #read-ports=1, #write-ports=0
	Memory 13: width=31, height=32, #read-ports=1, #write-ports=0
	Memory 14: width=20, height=32, #read-ports=1, #write-ports=0
	Memory 15: width=20, height=32, #read-ports=1, #write-ports=0
	Memory 16: width=20, height=32, #read-ports=1, #write-ports=0
	Memory 17: width=20, height=64, #read-ports=1, #write-ports=1
	Memory 18: width=3, height=64, #read-ports=1, #write-ports=1
	Memory 19: width=20, height=64, #read-ports=1, #write-ports=1
	Memory 20: width=3, height=64, #read-ports=1, #write-ports=1
	Memory 21: width=20, height=64, #read-ports=1, #write-ports=1
	Memory 22: width=3, height=64, #read-ports=1, #write-ports=1
	Memory 23: width=20, height=64, #read-ports=1, #write-ports=1
	Memory 24: width=3, height=64, #read-ports=1, #write-ports=1
	Memory 25: width=20, height=64, #read-ports=1, #write-ports=1
	Memory 26: width=3, height=64, #read-ports=1, #write-ports=1
	Memory 27: width=20, height=64, #read-ports=1, #write-ports=1
	Memory 28: width=3, height=64, #read-ports=1, #write-ports=1
	Memory 29: width=20, height=64, #read-ports=1, #write-ports=1
	Memory 30: width=3, height=64, #read-ports=1, #write-ports=1
	Memory 31: width=20, height=64, #read-ports=1, #write-ports=1
	Memory 32: width=3, height=64, #read-ports=1, #write-ports=1
	Memory 33: width=1, height=64, #read-ports=1, #write-ports=1
	Memory 34: width=1, height=64, #read-ports=1, #write-ports=1
	Memory 35: width=1, height=64, #read-ports=1, #write-ports=1
	Memory 36: width=1, height=64, #read-ports=1, #write-ports=1
	Memory 37: width=1, height=64, #read-ports=1, #write-ports=1
	Memory 38: width=50, height=64, #read-ports=1, #write-ports=1
	Memory 39: width=1, height=64, #read-ports=2, #write-ports=0
	Memory 40: width=1, height=64, #read-ports=1, #write-ports=0
	Memory 41: width=1, height=64, #read-ports=1, #write-ports=0
	Memory 42: width=1, height=128, #read-ports=1, #write-ports=1
	Memory 43: width=64, height=512, #read-ports=1, #write-ports=1
	Memory 44: width=64, height=512, #read-ports=1, #write-ports=1
	Memory 45: width=64, height=512, #read-ports=1, #write-ports=1
	Memory 46: width=64, height=512, #read-ports=1, #write-ports=1
	Memory 47: width=64, height=512, #read-ports=1, #write-ports=1
	Memory 48: width=64, height=512, #read-ports=1, #write-ports=1
	Memory 49: width=8, height=512, #read-ports=1, #write-ports=1
	Memory 50: width=64, height=512, #read-ports=1, #write-ports=1
	Memory 51: width=64, height=512, #read-ports=1, #write-ports=1
Total time: 25324.58 seconds.

