Input Wire, attaboy_br_metadata_fwd_i[34] has been deemed useless by optimization
Input Wire, attaboy_br_metadata_fwd_i[35] has been deemed useless by optimization
Input Wire, attaboy_br_metadata_fwd_i[36] has been deemed useless by optimization
Input Wire, attaboy_br_metadata_fwd_i[37] has been deemed useless by optimization
Input Wire, attaboy_br_metadata_fwd_i[38] has been deemed useless by optimization
Input Wire, fetch_scan_i[122] has been deemed useless by optimization
Input Wire, fetch_scan_i[123] has been deemed useless by optimization
Input Wire, fetch_scan_i[124] has been deemed useless by optimization
Input Wire, attaboy_br_metadata_fwd_i[39] has been deemed useless by optimization
Input Wire, attaboy_br_metadata_fwd_i[40] has been deemed useless by optimization
Input Wire, attaboy_br_metadata_fwd_i[41] has been deemed useless by optimization
Input Wire, attaboy_br_metadata_fwd_i[44] has been deemed useless by optimization
Input Wire, attaboy_br_metadata_fwd_i[45] has been deemed useless by optimization
Input Wire, fetch_count_i[0] has been deemed useless by optimization
Input Wire, fetch_count_i[1] has been deemed useless by optimization
Input Wire, fetch_count_i[2] has been deemed useless by optimization
Input Wire, attaboy_ntaken_i has been deemed useless by optimization
Input Wire, redirect_br_ntaken_i has been deemed useless by optimization
Input Wire, attaboy_br_metadata_fwd_i[34] has been deemed useless by optimization
Input Wire, attaboy_br_metadata_fwd_i[35] has been deemed useless by optimization
Input Wire, attaboy_br_metadata_fwd_i[36] has been deemed useless by optimization
Input Wire, attaboy_br_metadata_fwd_i[37] has been deemed useless by optimization
Input Wire, attaboy_br_metadata_fwd_i[38] has been deemed useless by optimization
Input Wire, attaboy_br_metadata_fwd_i[39] has been deemed useless by optimization
Input Wire, attaboy_br_metadata_fwd_i[40] has been deemed useless by optimization
Input Wire, attaboy_br_metadata_fwd_i[41] has been deemed useless by optimization
Input Wire, attaboy_br_metadata_fwd_i[44] has been deemed useless by optimization
Input Wire, fetch_scan_i[122] has been deemed useless by optimization
Input Wire, attaboy_br_metadata_fwd_i[45] has been deemed useless by optimization
Input Wire, fetch_scan_i[123] has been deemed useless by optimization
Input Wire, fetch_scan_i[124] has been deemed useless by optimization
Input Wire, fetch_count_i[0] has been deemed useless by optimization
Input Wire, fetch_count_i[1] has been deemed useless by optimization
Input Wire, fetch_count_i[2] has been deemed useless by optimization
Input Wire, attaboy_ntaken_i has been deemed useless by optimization
Input Wire, redirect_br_ntaken_i has been deemed useless by optimization
Input Wire, redirect_br_ntaken_i has been deemed useless by optimization
Input Wire, attaboy_br_metadata_fwd_i[36] has been deemed useless by optimization
Input Wire, attaboy_br_metadata_fwd_i[38] has been deemed useless by optimization
Input Wire, fetch_count_i[0] has been deemed useless by optimization
Input Wire, fetch_count_i[2] has been deemed useless by optimization
Input Wire, attaboy_br_metadata_fwd_i[34] has been deemed useless by optimization
Input Wire, attaboy_br_metadata_fwd_i[40] has been deemed useless by optimization
Input Wire, attaboy_br_metadata_fwd_i[44] has been deemed useless by optimization
Input Wire, fetch_scan_i[123] has been deemed useless by optimization
Input Wire, attaboy_ntaken_i has been deemed useless by optimization
Input Wire, attaboy_br_metadata_fwd_i[35] has been deemed useless by optimization
Input Wire, attaboy_br_metadata_fwd_i[37] has been deemed useless by optimization
Input Wire, attaboy_br_metadata_fwd_i[39] has been deemed useless by optimization
Input Wire, fetch_count_i[1] has been deemed useless by optimization
Input Wire, attaboy_br_metadata_fwd_i[41] has been deemed useless by optimization
Input Wire, fetch_scan_i[122] has been deemed useless by optimization
Input Wire, fetch_scan_i[124] has been deemed useless by optimization
Input Wire, attaboy_br_metadata_fwd_i[45] has been deemed useless by optimization
Input Wire, redirect_br_ntaken_i has been deemed useless by optimization
Input Wire, attaboy_br_metadata_fwd_i[34] has been deemed useless by optimization
Input Wire, attaboy_br_metadata_fwd_i[36] has been deemed useless by optimization
Input Wire, attaboy_br_metadata_fwd_i[38] has been deemed useless by optimization
Input Wire, fetch_count_i[0] has been deemed useless by optimization
Input Wire, fetch_count_i[2] has been deemed useless by optimization
Input Wire, attaboy_br_metadata_fwd_i[40] has been deemed useless by optimization
Input Wire, attaboy_br_metadata_fwd_i[44] has been deemed useless by optimization
Input Wire, fetch_scan_i[123] has been deemed useless by optimization
Input Wire, attaboy_ntaken_i has been deemed useless by optimization
Input Wire, attaboy_br_metadata_fwd_i[35] has been deemed useless by optimization
Input Wire, attaboy_br_metadata_fwd_i[37] has been deemed useless by optimization
Input Wire, attaboy_br_metadata_fwd_i[39] has been deemed useless by optimization
Input Wire, fetch_count_i[1] has been deemed useless by optimization
Input Wire, attaboy_br_metadata_fwd_i[41] has been deemed useless by optimization
Input Wire, fetch_scan_i[122] has been deemed useless by optimization
Input Wire, fetch_scan_i[124] has been deemed useless by optimization
Input Wire, attaboy_br_metadata_fwd_i[45] has been deemed useless by optimization
Input Wire, attaboy_ntaken_i has been deemed useless by optimization
Input Wire, fetch_scan_i[123] has been deemed useless by optimization
Input Wire, redirect_br_ntaken_i has been deemed useless by optimization
Input Wire, fetch_scan_i[124] has been deemed useless by optimization
Input Wire, fetch_count_i[0] has been deemed useless by optimization
Input Wire, fetch_count_i[2] has been deemed useless by optimization
Input Wire, attaboy_br_metadata_fwd_i[35] has been deemed useless by optimization
Input Wire, attaboy_br_metadata_fwd_i[34] has been deemed useless by optimization
Input Wire, fetch_count_i[1] has been deemed useless by optimization
Input Wire, attaboy_br_metadata_fwd_i[36] has been deemed useless by optimization
Input Wire, attaboy_br_metadata_fwd_i[37] has been deemed useless by optimization
Input Wire, attaboy_br_metadata_fwd_i[38] has been deemed useless by optimization
Input Wire, attaboy_br_metadata_fwd_i[39] has been deemed useless by optimization
Input Wire, attaboy_br_metadata_fwd_i[40] has been deemed useless by optimization
Input Wire, attaboy_br_metadata_fwd_i[41] has been deemed useless by optimization
Input Wire, attaboy_br_metadata_fwd_i[44] has been deemed useless by optimization
Input Wire, fetch_scan_i[122] has been deemed useless by optimization
Input Wire, attaboy_br_metadata_fwd_i[45] has been deemed useless by optimization
Input Wire, attaboy_br_metadata_fwd_i[34] has been deemed useless by optimization
Input Wire, attaboy_br_metadata_fwd_i[35] has been deemed useless by optimization
Input Wire, attaboy_br_metadata_fwd_i[37] has been deemed useless by optimization
Input Wire, attaboy_br_metadata_fwd_i[38] has been deemed useless by optimization
Input Wire, attaboy_br_metadata_fwd_i[40] has been deemed useless by optimization
Input Wire, attaboy_br_metadata_fwd_i[41] has been deemed useless by optimization
Input Wire, attaboy_br_metadata_fwd_i[45] has been deemed useless by optimization
Input Wire, fetch_scan_i[123] has been deemed useless by optimization
Input Wire, fetch_scan_i[124] has been deemed useless by optimization
Input Wire, attaboy_ntaken_i has been deemed useless by optimization
Input Wire, fetch_scan_i[122] has been deemed useless by optimization
Input Wire, redirect_br_ntaken_i has been deemed useless by optimization
Input Wire, fetch_count_i[0] has been deemed useless by optimization
Input Wire, fetch_count_i[1] has been deemed useless by optimization
Input Wire, fetch_count_i[2] has been deemed useless by optimization
Input Wire, attaboy_br_metadata_fwd_i[36] has been deemed useless by optimization
Input Wire, attaboy_br_metadata_fwd_i[39] has been deemed useless by optimization
Input Wire, attaboy_br_metadata_fwd_i[44] has been deemed useless by optimization
reg_tmp147049[8]: 
reg_tmp143729[8]: 
reg_tmp253085[50]: 
reg_tmp150929[8]: 
reg_tmp144169[8]: 
reg_tmp252245[50]: 
reg_tmp252045[50]: 
reg_tmp151609[8]: 
reg_tmp148169[8]: 
reg_tmp252845[50]: 
reg_tmp271238[43]: 
reg_tmp271198[43]: 
reg_tmp252265[50]: 
reg_tmp253025[50]: 
reg_tmp147389[8]: 
reg_tmp143069[8]: 
reg_tmp252605[50]: 
reg_tmp148409[8]: 
reg_tmp252665[50]: 
reg_tmp144689[8]: 
reg_tmp252465[50]: 
reg_tmp153229[8]: 
reg_tmp149549[8]: 
reg_tmp151289[8]: 
reg_tmp149009[8]: 
reg_tmp148089[8]: 
reg_tmp252345[50]: 
reg_tmp151189[8]: 
reg_tmp252625[50]: 
reg_tmp146169[8]: 
reg_tmp148929[8]: 
reg_tmp143549[8]: 
reg_tmp150829[8]: 
reg_tmp251905[50]: 
reg_tmp146849[8]: 
reg_tmp150489[8]: 
reg_tmp252505[50]: 
reg_tmp147089[8]: 
reg_tmp145389[8]: 
reg_tmp252705[50]: 
reg_tmp148789[8]: 
reg_tmp143449[8]: 
reg_tmp148549[8]: 
reg_tmp144449[8]: 
reg_tmp152829[8]: 
reg_tmp144489[8]: 
reg_tmp252325[50]: 
reg_tmp146349[8]: 
reg_tmp153269[8]: 
reg_tmp252185[50]: 
reg_tmp146389[8]: 
reg_tmp271158[43]: 
reg_tmp146769[8]: 
reg_tmp151369[8]: 
reg_tmp252365[50]: 
reg_tmp144909[8]: 
reg_tmp151909[8]: 
reg_tmp253145[50]: 
reg_tmp150009[8]: 
reg_tmp147269[8]: 
reg_tmp253125[50]: 
reg_tmp271298[43]: 
reg_tmp144829[8]: 
reg_tmp146689[8]: 
reg_tmp252865[50]: 
reg_tmp252945[50]: 
reg_tmp152609[8]: 
reg_tmp252585[50]: 
reg_tmp144069[8]: 
reg_tmp143609[8]: 
reg_tmp147709[8]: 
reg_tmp251925[50]: 
reg_tmp253065[50]: 
reg_tmp150789[8]: 
reg_tmp146069[8]: 
reg_tmp147769[8]: 
reg_tmp149089[8]: 
reg_tmp144369[8]: 
reg_tmp271178[43]: 
reg_tmp252405[50]: 
reg_tmp149349[8]: 
reg_tmp152129[8]: 
reg_tmp149789[8]: 
reg_tmp271138[43]: 
reg_tmp252485[50]: 
reg_tmp150709[8]: 
reg_tmp144929[8]: 
reg_tmp149569[8]: 
reg_tmp252925[50]: 
reg_tmp145369[8]: 
reg_tmp148769[8]: 
reg_tmp150469[8]: 
reg_tmp149709[8]: 
reg_tmp153149[8]: 
reg_tmp271278[43]: 
reg_tmp252205[50]: 
reg_tmp144609[8]: 
reg_tmp149309[8]: 
reg_tmp253005[50]: 
reg_tmp144329[8]: 
reg_tmp252105[50]: 
reg_tmp271338[43]: 
reg_tmp252965[50]: 
reg_tmp271318[43]: 
reg_tmp252385[50]: 
reg_tmp147929[8]: 
reg_tmp150409[8]: 
reg_tmp152149[8]: 
reg_tmp252025[50]: 
reg_tmp148209[8]: 
reg_tmp152069[8]: 
reg_tmp152989[8]: 
reg_tmp147849[8]: 
reg_tmp148429[8]: 
reg_tmp150249[8]: 
reg_tmp251965[50]: 
reg_tmp253045[50]: 
reg_tmp151989[8]: 
reg_tmp151029[8]: 
reg_tmp143969[8]: 
reg_tmp145069[8]: 
reg_tmp144149[8]: 
reg_tmp145849[8]: 
reg_tmp152689[8]: 
reg_tmp252545[50]: 
reg_tmp252285[50]: 
reg_tmp252145[50]: 
reg_tmp147509[8]: 
reg_tmp251945[50]: 
reg_tmp253105[50]: 
reg_tmp271398[43]: 
reg_tmp252065[50]: 
reg_tmp147469[8]: 
reg_tmp150609[8]: 
reg_tmp147289[8]: 
reg_tmp252165[50]: 
reg_tmp251885[50]: 
reg_tmp151589[8]: 
reg_tmp143209[8]: 
reg_tmp252805[50]: 
reg_tmp149189[8]: 
reg_tmp149629[8]: 
reg_tmp153069[8]: 
reg_tmp148869[8]: 
reg_tmp144729[8]: 
reg_tmp252125[50]: 
reg_tmp252525[50]: 
reg_tmp147909[8]: 
reg_tmp152769[8]: 
reg_tmp252725[50]: 
reg_tmp143669[8]: 
reg_tmp271358[43]: 
reg_tmp252745[50]: 
reg_tmp151009[8]: 
reg_tmp150549[8]: 
reg_tmp143589[8]: 
reg_tmp147149[8]: 
reg_tmp150389[8]: 
reg_tmp146929[8]: 
reg_tmp150089[8]: 
reg_tmp151629[8]: 
reg_tmp143249[8]: 
reg_tmp143289[8]: 
reg_tmp252685[50]: 
reg_tmp151209[8]: 
reg_tmp252785[50]: 
reg_tmp271378[43]: 
reg_tmp150329[8]: 
reg_tmp252565[50]: 
reg_tmp152669[8]: 
reg_tmp147529[8]: 
reg_tmp144129[8]: 
reg_tmp145449[8]: 
reg_tmp151489[8]: 
reg_tmp148809[8]: 
reg_tmp145889[8]: 
reg_tmp271118[43]: 
reg_tmp252085[50]: 
reg_tmp143569[8]: 
reg_tmp144789[8]: 
reg_tmp148149[8]: 
reg_tmp252645[50]: 
reg_tmp153209[8]: 
reg_tmp148069[8]: 
reg_tmp144669[8]: 
reg_tmp149769[8]: 
reg_tmp144229[8]: 
reg_tmp144749[8]: 
reg_tmp144429[8]: 
reg_tmp147789[8]: 
reg_tmp252225[50]: 
reg_tmp271258[43]: 
reg_tmp143829[8]: 
reg_tmp252005[50]: 
reg_tmp148609[8]: 
reg_tmp143089[8]: 
reg_tmp153009[8]: 
reg_tmp252445[50]: 
reg_tmp252305[50]: 
reg_tmp151129[8]: 
reg_tmp145829[8]: 
reg_tmp147589[8]: 
reg_tmp146829[8]: 
reg_tmp148729[8]: 
reg_tmp147449[8]: 
reg_tmp152589[8]: 
reg_tmp144049[8]: 
reg_tmp147949[8]: 
reg_tmp150029[8]: 
reg_tmp153129[8]: 
reg_tmp149849[8]: 
reg_tmp152369[8]: 
reg_tmp149689[8]: 
reg_tmp252885[50]: 
reg_tmp146129[8]: 
reg_icache_yumi_i[9]: 
reg_tmp149229[8]: 
reg_tmp145009[8]: 
reg_tmp151169[8]: 
reg_tmp146909[8]: 
reg_tmp251985[50]: 
reg_tmp150569[8]: 
reg_tmp150229[8]: 
reg_tmp143429[8]: 
reg_tmp151969[8]: 
reg_tmp149109[8]: 
reg_tmp144989[8]: 
reg_tmp271218[43]: 
reg_tmp151929[8]: 
reg_tmp144109[8]: 
reg_tmp152109[8]: 
reg_tmp147369[8]: 
reg_tmp149869[8]: 
reg_tmp149289[8]: 
reg_tmp144589[8]: 
reg_tmp145589[8]: 
reg_tmp151349[8]: 
reg_tmp148689[8]: 
reg_tmp146509[8]: 
reg_tmp143529[8]: 
reg_tmp252985[50]: 
reg_tmp146749[8]: 
reg_tmp152049[8]: 
reg_tmp145049[8]: 
reg_tmp151889[8]: 
reg_tmp144209[8]: 
reg_tmp145809[8]: 
reg_tmp153029[8]: 
reg_tmp151569[8]: 
reg_tmp148989[8]: 
reg_tmp150689[8]: 
reg_tmp150629[8]: 
reg_tmp143049[8]: 
reg_tmp152329[8]: 
reg_tmp149529[8]: 
reg_tmp151269[8]: 
reg_tmp152969[8]: 
reg_tmp144289[8]: 
reg_tmp146149[8]: 
reg_tmp149509[8]: 
reg_tmp147329[8]: 
reg_tmp148529[8]: 
reg_tmp148629[8]: 
reg_tmp149149[8]: 
reg_tmp152909[8]: 
reg_tmp149909[8]: 
reg_tmp151409[8]: 
reg_tmp147829[8]: 
reg_tmp150129[8]: 
reg_tmp147749[8]: 
reg_tmp144349[8]: 
reg_tmp146049[8]: 
reg_tmp150309[8]: 
reg_tmp146669[8]: 
reg_tmp252905[50]: 
reg_tmp150849[8]: 
reg_tmp143189[8]: 
reg_tmp144889[8]: 
reg_tmp149069[8]: 
reg_tmp150769[8]: 
reg_tmp147729[8]: 
reg_tmp144409[8]: 
reg_tmp145429[8]: 
reg_tmp150529[8]: 
reg_tmp147129[8]: 
reg_tmp150189[8]: 
reg_tmp149929[8]: 
reg_tmp144949[8]: 
reg_tmp151869[8]: 
reg_tmp151109[8]: 
reg_tmp148469[8]: 
reg_tmp145929[8]: 
reg_tmp148009[8]: 
reg_tmp145349[8]: 
reg_tmp149989[8]: 
reg_tmp150449[8]: 
reg_tmp143809[8]: 
reg_tmp143649[8]: 
reg_tmp144469[8]: 
reg_tmp153249[8]: 
reg_tmp145769[8]: 
reg_tmp150989[8]: 
reg_tmp144189[8]: 
reg_tmp144089[8]: 
reg_tmp147969[8]: 
reg_tmp144809[8]: 
reg_tmp147649[8]: 
reg_tmp148129[8]: 
reg_tmp144269[8]: 
reg_tmp148909[8]: 
reg_tmp150369[8]: 
reg_tmp145129[8]: 
reg_tmp148029[8]: 
reg_tmp145209[8]: 
reg_tmp149749[8]: 
reg_tmp153189[8]: 
reg_tmp144649[8]: 
reg_tmp148049[8]: 
reg_tmp147069[8]: 
reg_tmp148389[8]: 
reg_tmp152029[8]: 
reg_tmp148749[8]: 
reg_tmp146889[8]: 
reg_tmp148589[8]: 
reg_tmp145869[8]: 
reg_tmp151229[8]: 
reg_tmp153089[8]: 
reg_tmp148269[8]: 
reg_tmp152729[8]: 
reg_tmp144389[8]: 
reg_tmp152389[8]: 
reg_tmp146029[8]: 
reg_tmp147669[8]: 
reg_tmp149669[8]: 
reg_tmp153109[8]: 
reg_tmp144569[8]: 
reg_tmp151849[8]: 
reg_tmp145989[8]: 
reg_tmp152449[8]: 
reg_tmp146789[8]: 
reg_tmp152929[8]: 
reg_tmp144549[8]: 
reg_tmp151469[8]: 
reg_tmp143409[8]: 
reg_tmp148509[8]: 
reg_tmp150209[8]: 
reg_tmp151949[8]: 
reg_tmp147009[8]: 
reg_tmp145549[8]: 
reg_tmp148649[8]: 
reg_tmp144529[8]: 
reg_tmp147429[8]: 
reg_tmp144029[8]: 
reg_tmp149049[8]: 
reg_tmp152649[8]: 
reg_tmp150749[8]: 
reg_tmp143849[8]: 
reg_tmp146609[8]: 
reg_tmp149369[8]: 
reg_tmp149809[8]: 
reg_tmp146629[8]: 
reg_tmp148489[8]: 
reg_tmp252425[50]: 
reg_tmp146809[8]: 
reg_tmp152849[8]: 
reg_tmp146729[8]: 
reg_tmp151809[8]: 
reg_tmp143469[8]: 
reg_tmp149249[8]: 
reg_tmp147349[8]: 
reg_tmp146109[8]: 
reg_tmp149469[8]: 
reg_tmp150669[8]: 
reg_tmp148969[8]: 
reg_tmp146989[8]: 
reg_tmp151149[8]: 
reg_tmp152809[8]: 
reg_tmp151329[8]: 
reg_tmp144969[8]: 
reg_tmp152949[8]: 
reg_tmp147809[8]: 
reg_tmp151249[8]: 
reg_tmp150169[8]: 
reg_tmp151669[8]: 
reg_tmp145029[8]: 
reg_tmp152869[8]: 
reg_tmp143509[8]: 
reg_tmp150049[8]: 
reg_tmp152629[8]: 
reg_tmp146709[8]: 
reg_tmp143789[8]: 
reg_tmp146489[8]: 
reg_tmp148349[8]: 
reg_tmp152269[8]: 
reg_tmp150809[8]: 
reg_tmp143929[8]: 
reg_tmp147889[8]: 
reg_tmp271098[43]: 
reg_tmp143129[8]: 
reg_tmp144869[8]: 
reg_tmp143169[8]: 
reg_tmp152569[8]: 
reg_tmp150109[8]: 
reg_tmp150509[8]: 
reg_tmp147109[8]: 
reg_tmp145629[8]: 
reg_tmp145409[8]: 
reg_tmp143949[8]: 
reg_tmp146369[8]: 
reg_tmp151089[8]: 
reg_tmp146569[8]: 
reg_tmp149969[8]: 
reg_tmp146649[8]: 
reg_tmp152349[8]: 
reg_tmp143629[8]: 
reg_tmp145329[8]: 
reg_tmp150429[8]: 
reg_tmp147029[8]: 
reg_tmp145669[8]: 
reg_tmp144769[8]: 
reg_tmp149269[8]: 
reg_tmp150969[8]: 
reg_tmp148109[8]: 
reg_tmp148449[8]: 
reg_tmp145789[8]: 
reg_tmp149209[8]: 
reg_tmp150349[8]: 
reg_tmp148889[8]: 
reg_tmp153169[8]: 
reg_tmp144629[8]: 
reg_tmp149729[8]: 
reg_tmp146549[8]: 
reg_tmp152089[8]: 
reg_tmp152009[8]: 
reg_tmp148569[8]: 
reg_tmp151649[8]: 
reg_tmp147629[8]: 
reg_tmp144009[8]: 
reg_tmp147409[8]: 
reg_tmp152549[8]: 
reg_tmp149649[8]: 
reg_tmp151549[8]: 
reg_tmp147249[8]: 
reg_tmp146869[8]: 
reg_tmp143389[8]: 
reg_tmp149329[8]: 
reg_tmp152229[8]: 
reg_tmp150729[8]: 
reg_tmp149029[8]: 
reg_tmp147869[8]: 
reg_tmp147489[8]: 
reg_tmp151389[8]: 
reg_tmp151829[8]: 
reg_tmp148949[8]: 
reg_tmp252825[50]: 
reg_tmp150649[8]: 
reg_tmp150589[8]: 
reg_tmp151309[8]: 
reg_tmp152789[8]: 
reg_tmp148309[8]: 
reg_tmp143329[8]: 
reg_tmp149589[8]: 
reg_tmp152309[8]: 
reg_tmp148229[8]: 
reg_tmp146009[8]: 
reg_tmp146229[8]: 
reg_tmp143989[8]: 
reg_tmp143689[8]: 
reg_tmp143869[8]: 
reg_tmp143149[8]: 
reg_tmp144849[8]: 
reg_tmp143749[8]: 
reg_tmp145609[8]: 
reg_tmp152749[8]: 
reg_tmp149389[8]: 
reg_tmp149829[8]: 
reg_tmp150149[8]: 
reg_tmp143269[8]: 
reg_tmp143309[8]: 
reg_tmp145689[8]: 
reg_tmp143489[8]: 
reg_tmp151069[8]: 
reg_tmp145909[8]: 
reg_tmp150909[8]: 
reg_tmp149949[8]: 
reg_tmp144249[8]: 
reg_tmp143369[8]: 
reg_tmp145309[8]: 
reg_tmp148709[8]: 
reg_tmp149489[8]: 
reg_tmp150949[8]: 
reg_tmp144309[8]: 
reg_tmp148369[8]: 
reg_tmp150269[8]: 
reg_tmp151529[8]: 
reg_tmp152489[8]: 
reg_tmp152709[8]: 
reg_tmp143349[8]: 
reg_tmp147989[8]: 
reg_tmp149889[8]: 
reg_tmp143229[8]: 
reg_tmp149409[8]: 
reg_tmp143769[8]: 
reg_tmp146189[8]: 
reg_tmp153049[8]: 
reg_tmp144709[8]: 
reg_tmp145529[8]: 
reg_tmp151689[8]: 
reg_tmp145729[8]: 
reg_tmp152529[8]: 
reg_tmp147309[8]: 
reg_tmp252765[50]: 
reg_tmp147689[8]: 
reg_tmp145569[8]: 
reg_tmp146329[8]: 
reg_tmp143109[8]: 
reg_tmp147609[8]: 
reg_tmp148829[8]: 
reg_tmp143909[8]: 
reg_tmp149129[8]: 
reg_tmp146469[8]: 
reg_tmp152889[8]: 
reg_tmp152289[8]: 
reg_tmp146309[8]: 
reg_tmp147229[8]: 
reg_tmp150069[8]: 
reg_tmp151749[8]: 
reg_tmp148189[8]: 
reg_tmp148849[8]: 
reg_tmp152209[8]: 
reg_tmp152189[8]: 
reg_tmp151049[8]: 
reg_tmp146529[8]: 
reg_tmp146449[8]: 
reg_tmp145649[8]: 
reg_tmp144509[8]: 
reg_tmp145229[8]: 
reg_tmp146409[8]: 
reg_tmp149169[8]: 
reg_tmp151509[8]: 
reg_tmp145289[8]: 
reg_tmp148669[8]: 
reg_tmp145149[8]: 
reg_tmp145749[8]: 
reg_tmp151429[8]: 
reg_tmp146289[8]: 
reg_tmp145189[8]: 
reg_tmp152509[8]: 
reg_tmp149609[8]: 
reg_tmp146209[8]: 
reg_tmp147209[8]: 
reg_tmp148289[8]: 
reg_tmp151729[8]: 
reg_tmp146589[8]: 
reg_tmp145169[8]: 
reg_tmp145509[8]: 
reg_tmp150869[8]: 
reg_tmp145969[8]: 
reg_tmp145109[8]: 
reg_tmp152429[8]: 
reg_tmp143889[8]: 
reg_tmp143709[8]: 
reg_tmp149449[8]: 
reg_tmp146429[8]: 
reg_tmp146969[8]: 
reg_tmp145269[8]: 
reg_tmp145949[8]: 
reg_tmp150289[8]: 
reg_tmp146269[8]: 
reg_tmp147569[8]: 
reg_tmp148329[8]: 
reg_tmp152409[8]: 
reg_tmp152249[8]: 
reg_tmp151789[8]: 
reg_tmp145489[8]: 
reg_tmp147189[8]: 
reg_tmp149429[8]: 
reg_tmp151769[8]: 
reg_tmp151709[8]: 
reg_tmp151449[8]: 
reg_tmp152169[8]: 
reg_tmp145249[8]: 
reg_tmp146949[8]: 
reg_tmp150889[8]: 
reg_tmp152469[8]: 
reg_tmp145709[8]: 
reg_tmp146249[8]: 
reg_tmp145089[8]: 
reg_tmp148249[8]: 
reg_tmp145469[8]: 
reg_tmp147169[8]: 
reg_tmp146089[8]: 
reg_tmp147549[8]: 
mem_tmp186235, 9 x 8
{'tmp183139', 'tmp177249', 'tmp68950', 'tmp60907', 'tmp132758', 'tmp133217', 'tmp181809', 'tmp175134', 'tmp64834', 'tmp176768', 'tmp182835', 'tmp100181', 'tmp91622', 'tmp183684', 'tmp112080', 'tmp183342', 'tmp180327', 'tmp178541', 'tmp141617', 'tmp63595', 'tmp176122', 'tmp177211', 'tmp179884', 'tmp182848', 'tmp119359', 'tmp182949', 'tmp182734', 'tmp101261', 'tmp181822', 'tmp174906', 'tmp140177', 'tmp183532', 'tmp181125', 'tmp177933', 'tmp93821', 'tmp182544', 'tmp114419', 'tmp180492', 'tmp176046', 'tmp121899', 'tmp181733', 'tmp66115', 'tmp182227', 'tmp131478', 'tmp176831', 'tmp63574', 'tmp182088', 'tmp178782', 'tmp114999', 'tmp180758', 'tmp175539', 'tmp182468', 'tmp177338', 'tmp176388', 'tmp182354', 'tmp90922', 'tmp177287', 'tmp63658', 'tmp80423', 'tmp178592', 'tmp140477', 'tmp75763', 'tmp141057', 'tmp134697', 'tmp178921', 'tmp142637', 'tmp184203', 'tmp176375', 'tmp176945', 'tmp117879', 'tmp74123', 'tmp134097', 'tmp86822', 'tmp89382', 'tmp120499', 'tmp138157', 'tmp182797', 'tmp131078', 'tmp99161', 'tmp176692', 'tmp182202', 'tmp104140', 'tmp79523', 'tmp126858', 'tmp183912', 'tmp121959', 'tmp183861', 'tmp102720', 'tmp133837', 'tmp183000', 'tmp175197', 'tmp177528', 'tmp141277', 'tmp62503', 'tmp90962', 'tmp174665', 'tmp175894', 'tmp177515', 'tmp131118', 'tmp112879', 'tmp174640', 'tmp128418', 'tmp179124', 'tmp124238', 'tmp179377', 'tmp182303', 'tmp176198', 'tmp126698', 'tmp180479', 'tmp84842', 'tmp70000', 'tmp177566', 'tmp177186', 'tmp133317', 'tmp179719', 'tmp142697', 'tmp80463', 'tmp180644', 'tmp92161', 'tmp181138', 'tmp176464', 'tmp61642', 'tmp180796', 'tmp180517', 'tmp178706', 'tmp180872', 'tmp178858', 'tmp183380', 'tmp103080', 'tmp127638', 'tmp76023', 'tmp175957', 'tmp182924', 'tmp95001', 'tmp69790', 'tmp183937', 'tmp95261', 'tmp66682', 'tmp176502', 'tmp118779', 'tmp180378', 'tmp176527', 'tmp138177', 'tmp179618', 'tmp181581', 'tmp141037', 'tmp182278', 'tmp137257', 'tmp180910', 'tmp110400', 'tmp81822', 'tmp125058', 'tmp74143', 'tmp181543', 'tmp184102', 'tmp85722', 'tmp100561', 'tmp180137', 'tmp176679', 'tmp143016', 'tmp179238', 'tmp182417', 'tmp175628', 'tmp135717', 'tmp181746', 'tmp94081', 'tmp177401', 'tmp82922', 'tmp177604', 'tmp141417', 'tmp181923', 'tmp180720', 'tmp125858', 'tmp175666', 'tmp136997', 'tmp176008', 'tmp183228', 'tmp178630', 'tmp177477', 'tmp108380', 'tmp102100', 'tmp183304', 'tmp184140', 'tmp91642', 'tmp178123', 'tmp102960', 'tmp182582', 'tmp179770', 'tmp181163', 'tmp86462', 'tmp182455', 'tmp175818', 'tmp122998', 'tmp181467', 'tmp61600', 'tmp180441', 'tmp179795', 'tmp142757', 'tmp179111', 'tmp175514', 'tmp183063', 'tmp180606', 'tmp78603', 'tmp177439', 'tmp90742', 'tmp117639', 'tmp184292', 'tmp182113', 'tmp119959', 'tmp176565', 'tmp114639', 'tmp182683', 'tmp126178', 'tmp129378', 'tmp179960', 'tmp69034', 'tmp182316', 'tmp100041', 'tmp74863', 'tmp136737', 'tmp107500', 'tmp85242', 'tmp182151', 'tmp131438', 'tmp178934', 'tmp182430', 'tmp113739', 'tmp183456', 'tmp102580', 'tmp178212', 'tmp177908', 'tmp177376', 'tmp180834', 'tmp119979', 'tmp179339', 'tmp176413', 'tmp94381', 'tmp114259', 'tmp133577', 'tmp180631', 'tmp176958', 'tmp182696', 'tmp183101', 'tmp178617', 'tmp177591', 'tmp181657', 'tmp101641', 'tmp178275', 'tmp80343', 'tmp177452', 'tmp181290', 'tmp177135', 'tmp177756', 'tmp182265', 'tmp124578', 'tmp182506', 'tmp101761', 'tmp122039', 'tmp176261', 'tmp85282', 'tmp180568', 'tmp179681', 'tmp181429', 'tmp182911', 'tmp180530', 'tmp106140', 'tmp64792', 'tmp109580', 'tmp65569', 'tmp176996', 'tmp62398', 'tmp78423', 'tmp177414', 'tmp127058', 'tmp183899', 'tmp184089', 'tmp90002', 'tmp63196', 'tmp112419', 'tmp93461', 'tmp86562', 'tmp183215', 'tmp179453', 'tmp85762', 'tmp178047', 'tmp183950', 'tmp140857', 'tmp98061', 'tmp175590', 'tmp178440', 'tmp70840', 'tmp74843', 'tmp86202', 'tmp107060', 'tmp115679', 'tmp175767', 'tmp138197', 'tmp108000', 'tmp175970', 'tmp176806', 'tmp132957', 'tmp174931', 'tmp82442', 'tmp133757', 'tmp101621', 'tmp82262', 'tmp86542', 'tmp61558', 'tmp119719', 'tmp184013', 'tmp110060', 'tmp179808', 'tmp66346', 'tmp106080', 'tmp86642', 'tmp181239', 'tmp182037', 'tmp131238', 'tmp100621', 'tmp129858', 'tmp75723', 'tmp178554', 'tmp84682', 'tmp92861', 'tmp71603', 'tmp111380', 'tmp174817', 'tmp96541', 'tmp177034', 'tmp181771', 'tmp124558', 'tmp139237', 'tmp179010', 'tmp184127', 'tmp174741', 'tmp177680', 'tmp99301', 'tmp182645', 'tmp105740', 'tmp141457', 'tmp64225', 'tmp129278', 'tmp177325', 'tmp180821', 'tmp183025', 'tmp129418', 'tmp135317', 'tmp178351', 'tmp183747', 'tmp86402', 'tmp179694', 'tmp97021', 'tmp177946', 'tmp103140', 'tmp122678', 'tmp181391', 'tmp180707', 'tmp178769', 'tmp119539', 'tmp141377', 'tmp141077', 'tmp175248', 'tmp181024', 'tmp125438', 'tmp180175', 'tmp177832', 'tmp174830', 'tmp176793', 'tmp113859', 'tmp62902', 'tmp106600', 'tmp96581', 'tmp184216', 'tmp179605', 'tmp181480', 'tmp175577', 'tmp119599', 'tmp115039', 'tmp129298', 'tmp174944', 'tmp177110', 'tmp182962', 'tmp175843', 'tmp110120', 'tmp99401', 'tmp104120', 'tmp184241', 'tmp184178', 'tmp177097', 'tmp177781', 'tmp127658', 'tmp182164', 'tmp139877', 'tmp179187', 'tmp178364', 'tmp176337', 'tmp181670', 'tmp78983', 'tmp142557', 'tmp179656', 'tmp133877', 'tmp178896', 'tmp180188', 'tmp69097', 'tmp179529', 'tmp174779', 'tmp139757', 'tmp66640', 'tmp87842', 'tmp183595', 'tmp85342', 'tmp137037', 'tmp66157', 'tmp78163', 'tmp108140', 'tmp135277', 'tmp142617', 'tmp106900', 'tmp181214', 'tmp99961', 'tmp183418', 'tmp175932', 'tmp125298', 'tmp184330', 'tmp181556', 'tmp123318', 'tmp181695', 'tmp180973', 'tmp131818', 'tmp64624', 'tmp176489', 'tmp113879', 'tmp121999', 'tmp128278', 'tmp124278', 'tmp178136', 'tmp125578', 'tmp100281', 'tmp174969', 'tmp178022', 'tmp180061', 'tmp183709', 'tmp183874', 'tmp178313', 'tmp177984', 'tmp89902', 'tmp180023', 'tmp116019', 'tmp177819', 'tmp181011', 'tmp184026', 'tmp177148', 'tmp178237', 'tmp67879', 'tmp142677', 'tmp176603', 'tmp133157', 'tmp69160', 'tmp182012', 'tmp179643', 'tmp65863', 'tmp65926', 'tmp183266', 'tmp79583', 'tmp178009', 'tmp115379', 'tmp86502', 'tmp64708', 'tmp183975', 'tmp178503', 'tmp119159', 'tmp180745', 'tmp69685', 'tmp87942', 'tmp139477', 'tmp175653', 'tmp113759', 'tmp179276', 'tmp183076', 'tmp178478', 'tmp177629', 'tmp105680', 'tmp116579', 'tmp73123', 'tmp175463', 'tmp123478', 'tmp111300', 'tmp80563', 'tmp129998', 'tmp135777', 'tmp182126', 'tmp180302', 'tmp182531', 'tmp77503', 'tmp139177', 'tmp94061', 'tmp181442', 'tmp97481', 'tmp90302', 'tmp142297', 'tmp182075', 'tmp175349', 'tmp115719', 'tmp177300', 'tmp184254', 'tmp176236', 'tmp180555', 'tmp175425', 'tmp110080', 'tmp180226', 'tmp178693', 'tmp176350', 'tmp184165', 'tmp175172', 'tmp61096', 'tmp181353', 'tmp96321', 'tmp68068', 'tmp177794', 'tmp89422', 'tmp176983', 'tmp178326', 'tmp183038', 'tmp180416', 'tmp180036', 'tmp114879', 'tmp115899', 'tmp181847', 'tmp63028', 'tmp182772', 'tmp175805', 'tmp139737', 'tmp182189', 'tmp180150', 'tmp183557', 'tmp71563', 'tmp180264', 'tmp129918', 'tmp67585', 'tmp68572', 'tmp68929', 'tmp181404', 'tmp117459', 'tmp181885', 'tmp174855', 'tmp64120', 'tmp181087', 'tmp176451', 'tmp138677', 'tmp73643', 'tmp90942', 'tmp66934', 'tmp72063', 'tmp124918', 'tmp184279', 'tmp83242', 'tmp134037', 'tmp180454', 'tmp175121', 'tmp183785', 'tmp176578', 'tmp90022', 'tmp140537', 'tmp133137', 'tmp179301', 'tmp182050', 'tmp71503', 'tmp125778', 'tmp62923', 'tmp119299', 'tmp77963', 'tmp177173', 'tmp60697', 'tmp178250', 'tmp181860', 'tmp109800', 'tmp134077', 'tmp183570', 'tmp180593', 'tmp177490', 'tmp181999', 'tmp142397', 'tmp64729', 'tmp120019', 'tmp141157', 'tmp131358', 'tmp63952', 'tmp63616', 'tmp179491', 'tmp118359', 'tmp73503', 'tmp180897', 'tmp135597', 'tmp134157', 'tmp122598', 'tmp138377', 'tmp177072', 'tmp181100', 'tmp182987', 'tmp129338', 'tmp177870', 'tmp130438', 'tmp178744', 'tmp183760', 'tmp102260', 'tmp177705', 'tmp183823', 'tmp181708', 'tmp181505', 'tmp180669', 'tmp78383', 'tmp133477', 'tmp133177', 'tmp174893', 'tmp183152', 'tmp114939', 'tmp140337', 'tmp176654', 'tmp183608', 'tmp180099', 'tmp81443', 'tmp179035', 'tmp175400', 'tmp175501', 'tmp139557', 'tmp72523', 'tmp174982', 'tmp180365', 'tmp175881', 'tmp175856', 'tmp117519', 'tmp177718', 'tmp178579', 'tmp88142', 'tmp107740', 'tmp113919', 'tmp182620', 'tmp184317', 'tmp107620', 'tmp176299', 'tmp66409', 'tmp180859', 'tmp94801', 'tmp183405', 'tmp177262', 'tmp180682', 'tmp174678', 'tmp135737', 'tmp106300', 'tmp181974', 'tmp140397', 'tmp142737', 'tmp183646', 'tmp179947', 'tmp87282', 'tmp62209', 'tmp70315', 'tmp176223', 'tmp176717', 'tmp175729', 'tmp70063', 'tmp179352', 'tmp178972', 'tmp183114', 'tmp67207', 'tmp180986', 'tmp178883', 'tmp62482', 'tmp175704', 'tmp175476', 'tmp175324', 'tmp86442', 'tmp183633', 'tmp113439', 'tmp179922', 'tmp108020', 'tmp181366', 'tmp178174', 'tmp83442', 'tmp177642', 'tmp182379', 'tmp96721', 'tmp135797', 'tmp122459', 'tmp123378', 'tmp180112', 'tmp140057', 'tmp67081', 'tmp179048', 'tmp137577', 'tmp99181', 'tmp180074', 'tmp129258', 'tmp176844', 'tmp72703', 'tmp121219', 'tmp181328', 'tmp107580', 'tmp176641', 'tmp178199', 'tmp121479', 'tmp179314', 'tmp176869', 'tmp184355', 'tmp179567', 'tmp179542', 'tmp117919', 'tmp126998', 'tmp178807', 'tmp142277', 'tmp178820', 'tmp87602', 'tmp102880', 'tmp181619', 'tmp176616', 'tmp183177', 'tmp74063', 'tmp181784', 'tmp71903', 'tmp178427', 'tmp182658', 'tmp103820', 'tmp63805', 'tmp64582', 'tmp94501', 'tmp84802', 'tmp179985', 'tmp95941', 'tmp181961', 'tmp79203', 'tmp73223', 'tmp176755', 'tmp126518', 'tmp94421', 'tmp178997', 'tmp177857', 'tmp178288', 'tmp175362', 'tmp179225', 'tmp102560', 'tmp175096', 'tmp77983', 'tmp112240', 'tmp175235', 'tmp74743', 'tmp113459', 'tmp178668', 'tmp68173', 'tmp175286', 'tmp183190', 'tmp142237', 'tmp69118', 'tmp132258', 'tmp79863', 'tmp78483', 'tmp87402', 'tmp62146', 'tmp182341', 'tmp178389', 'tmp175995', 'tmp182886', 'tmp176540', 'tmp135137', 'tmp139297', 'tmp69496', 'tmp177021', 'tmp67417', 'tmp174792', 'tmp142897', 'tmp139157', 'tmp136517', 'tmp142077', 'tmp126878', 'tmp114279', 'tmp176312', 'tmp97601', 'tmp108500', 'tmp64897', 'tmp177059', 'tmp179162', 'tmp69895', 'tmp65884', 'tmp140277', 'tmp181594', 'tmp175387', 'tmp177667', 'tmp129438', 'tmp179846', 'tmp70252', 'tmp67606', 'tmp183367', 'tmp178959', 'tmp177224', 'tmp106260', 'tmp115599', 'tmp100961', 'tmp181518', 'tmp175780', 'tmp174716', 'tmp181252', 'tmp90982', 'tmp181062', 'tmp175742', 'tmp182607', 'tmp180340', 'tmp176084', 'tmp102680', 'tmp107000', 'tmp70714', 'tmp95161', 'tmp183494', 'tmp103180', 'tmp108400', 'tmp178731', 'tmp103280', 'tmp178060', 'tmp136257', 'tmp137437', 'tmp178655', 'tmp111100', 'tmp115459', 'tmp70651', 'tmp180289', 'tmp67963', 'tmp131318', 'tmp175058', 'tmp182721', 'tmp138777', 'tmp179390', 'tmp82782', 'tmp98981', 'tmp179263', 'tmp99741', 'tmp142257', 'tmp74463', 'tmp177895', 'tmp182810', 'tmp177363', 'tmp179833', 'tmp176033', 'tmp74903', 'tmp181049', 'tmp127678', 'tmp179149', 'tmp137077', 'tmp103460', 'tmp175045', 'tmp113719', 'tmp114919', 'tmp74923', 'tmp77923', 'tmp120919', 'tmp122958', 'tmp176109', 'tmp178465', 'tmp103300', 'tmp87802', 'tmp71302', 'tmp180783', 'tmp176147', 'tmp103740', 'tmp177743', 'tmp78543', 'tmp121359', 'tmp175311', 'tmp180948', 'tmp181898', 'tmp175273', 'tmp183722', 'tmp177553', 'tmp68404', 'tmp183988', 'tmp115579', 'tmp86902', 'tmp134297', 'tmp134057', 'tmp178845', 'tmp180251', 'tmp124138', 'tmp73283', 'tmp61222', 'tmp77263', 'tmp83682', 'tmp175552', 'tmp138917', 'tmp176882', 'tmp176185', 'tmp141337', 'tmp118579', 'tmp179466', 'tmp75783', 'tmp99701', 'tmp181176', 'tmp62881', 'tmp127998', 'tmp175615', 'tmp142337', 'tmp107240', 'tmp93721', 'tmp75743', 'tmp177971', 'tmp182759', 'tmp174754', 'tmp183291', 'tmp95601', 'tmp104200', 'tmp227', 'tmp64603', 'tmp121979', 'tmp94481', 'tmp128038', 'tmp179428', 'tmp179998', 'tmp182493', 'tmp178161', 'tmp74883', 'tmp180403', 'tmp64645', 'tmp97541', 'tmp183519', 'tmp182392', 'tmp107420', 'tmp67333', 'tmp141657', 'tmp138417', 'tmp183836', 'tmp116999', 'tmp77183', 'tmp130318', 'tmp179200', 'tmp60676', 'tmp182873', 'tmp181277', 'tmp71663', 'tmp183443', 'tmp139377', 'tmp138637', 'tmp175007', 'tmp138897', 'tmp115439', 'tmp179504', 'tmp179580', 'tmp73743', 'tmp179909', 'tmp64687', 'tmp178085', 'tmp84042', 'tmp179871', 'tmp180213', 'tmp91662', 'tmp89982', 'tmp176274', 'tmp181201', 'tmp183329', 'tmp181632', 'tmp175919', 'tmp65401', 'tmp175083', 'tmp71239', 'tmp184051', 'tmp80323', 'tmp92101', 'tmp176920', 'tmp142197', 'tmp179415', 'tmp183798', 'tmp183253', 'tmp137417', 'tmp70609', 'tmp68803', 'tmp80443', 'tmp179073', 'tmp136657', 'tmp139697', 'tmp179086', 'tmp176907', 'tmp175020', 'tmp180935', 'tmp181936', 'tmp99361', 'tmp174703', 'tmp184064', 'tmp94101', 'tmp178098', 'tmp127138', 'tmp176071', 'tmp101821', 'tmp182240', 'tmp181315', 'tmp176730', 'tmp113059', 'tmp183481', 'tmp117579', 'tmp175159', 'tmp88122', 'tmp179732', 'tmp174868', 'tmp182569', 'tmp110040', 'tmp94261', 'tmp138977', 'tmp137137', 'tmp62167', 'tmp77323', 'tmp123278', 'tmp118399', 'tmp104480', 'tmp75903', 'tmp117079', 'tmp114139', 'tmp183671', 'tmp178402', 'tmp176160', 'tmp175438', 'tmp133417', 'tmp133657', 'tmp119479', 'tmp175691', 'tmp116359', 'tmp179757', 'tmp176426', 'tmp178516', 'tmp175210', 'tmp122179'}(1024)(1024) --> ('tmp60560', 'tmp60581', 'tmp60455', 'tmp60539', 'tmp60518', 'tmp60610', 'tmp60476', 'tmp60497'), (9 x 8)
mem_tmp257046, 6 x 50
{'tmp191640', 'tmp248435', 'tmp166838', 'tmp198274', 'tmp204230', 'tmp235505', 'tmp166904', 'tmp195876', 'tmp165838', 'tmp214102', 'tmp233787', 'tmp192939', 'tmp204749', 'tmp218978', 'tmp232488', 'tmp251373', 'tmp205928', 'tmp165918', 'tmp166184', 'tmp165958', 'tmp166118', 'tmp235225', 'tmp232448', 'tmp228031', 'tmp228451', 'tmp203231', 'tmp165984', 'tmp165704', 'tmp166424', 'tmp238503', 'tmp192679', 'tmp165904', 'tmp166318', 'tmp166744', 'tmp166358', 'tmp166158', 'tmp166758', 'tmp166878', 'tmp166518', 'tmp188342', 'tmp166824', 'tmp205349', 'tmp165998', 'tmp166024', 'tmp166344', 'tmp165944', 'tmp230789', 'tmp166478', 'tmp193938', 'tmp247376', 'tmp165784', 'tmp166584', 'tmp207627', 'tmp214142', 'tmp192259', 'tmp166464', 'tmp221616', 'tmp165824', 'tmp166544', 'tmp166704', 'tmp229790', 'tmp229150', 'tmp165718', 'tmp232128', 'tmp165864', 'tmp187919', 'tmp215361', 'tmp228411', 'tmp166224', 'tmp166678', 'tmp166104', 'tmp165744', 'tmp237004', 'tmp166558', 'tmp166798', 'tmp213742', 'tmp166638', 'tmp196136', 'tmp192779', 'tmp166598', 'tmp216080', 'tmp166664', 'tmp166264', 'tmp166438', 'tmp166038', 'tmp166144', 'tmp209366', 'tmp235585', 'tmp166064', 'tmp199374', 'tmp166198', 'tmp166718', 'tmp212383', 'tmp166304', 'tmp230209', 'tmp166384', 'tmp249095', 'tmp212543', 'tmp251353', 'tmp235305', 'tmp194997', 'tmp166918', 'tmp222495', 'tmp165798', 'tmp218798', 'tmp166944', 'tmp166238', 'tmp166624', 'tmp240581', 'tmp166078', 'tmp165678', 'tmp166784', 'tmp214642', 'tmp235166', 'tmp165878', 'tmp166278', 'tmp166504', 'tmp227711', 'tmp237344', 'tmp166864', 'tmp227412', 'tmp229410', 'tmp165758', 'tmp235985', 'tmp188922', 'tmp192139', 'tmp166398', 'tmp196456'}(128)(128) --> ('tmp187628', 'tmp187080', 'tmp187918', 'tmp187479', 'tmp186891', 'tmp186870', 'tmp187846', 'tmp186954', 'tmp187269', 'tmp187694', 'tmp186996', 'tmp187738', 'tmp187650', 'tmp187332', 'tmp187038', 'tmp187227', 'tmp187825', 'tmp187185', 'tmp187017', 'tmp186849', 'tmp187311', 'tmp186828', 'tmp187606', 'tmp187584', 'tmp187248', 'tmp187437', 'tmp186933', 'tmp187672', 'tmp187500', 'tmp187143', 'tmp187716', 'tmp187206', 'tmp187395', 'tmp187101', 'tmp187353', 'tmp186912', 'tmp187542', 'tmp187563', 'tmp187782', 'tmp187290', 'tmp187059', 'tmp187521', 'tmp187374', 'tmp187804', 'tmp187122', 'tmp187164', 'tmp187458', 'tmp187760', 'tmp186975', 'tmp187416'), (6 x 50)
mem_tmp272942, 4 x 43
{'tmp274112', 'redirect_br_v_i', 'tmp25757'}(3)(3) --> ('tmp272866', 'tmp272885', 'tmp272923', 'tmp272904'), (4 x 43)
{'tmp272841', 'tmp272917'}(2)(2) --> ('tmp272923',), (4 x 43)
{'tmp272860', 'tmp272781'}(2)(2) --> ('tmp272866',), (4 x 43)
{'tmp272226', 'tmp264466', 'tmp272353', 'tmp272163', 'tmp259900', 'tmp265563', 'tmp268075', 'tmp272315', 'tmp262313', 'tmp272378', 'tmp266978', 'tmp269132', 'tmp272277', 'tmp266420', 'tmp266958', 'tmp260180', 'tmp272188', 'tmp272239', 'tmp272264', 'tmp261655', 'tmp266221', 'tmp272150', 'tmp272391', 'tmp266500', 'tmp261615', 'tmp272125', 'tmp263170', 'tmp272340', 'tmp272416', 'tmp272201', 'tmp272302'}(31)(31) --> ('tmp264384', 'tmp261832', 'tmp260875', 'tmp265660', 'tmp266617', 'tmp270764', 'tmp272866', 'tmp260237', 'tmp267574', 'tmp268850', 'tmp262151', 'tmp265022', 'tmp272885', 'tmp259918', 'tmp268531', 'tmp263427', 'tmp261194', 'tmp263746', 'tmp272923', 'tmp266298', 'tmp269488', 'tmp270445', 'tmp270126', 'tmp259280', 'tmp261513', 'tmp267255', 'tmp258961', 'tmp262789', 'tmp268212', 'tmp269169', 'tmp264703', 'tmp265979', 'tmp263108', 'tmp271083', 'tmp272904', 'tmp265341', 'tmp269807', 'tmp264065', 'tmp260556', 'tmp267893', 'tmp266936', 'tmp262470', 'tmp259599'), (4 x 43)
{'tmp272898', 'tmp272821'}(2)(2) --> ('tmp272904',), (4 x 43)
{'tmp272879', 'tmp272801'}(2)(2) --> ('tmp272885',), (4 x 43)
++++++++++
mem_tmp186235
addr_width: 9
val_width: 8
write enable: tmp186235/1W
write_address: (9), ['tmp185108/1W', 'tmp185127/1W', 'tmp185070/1W', 'tmp185089/1W', 'tmp185032/1W', 'tmp185051/1W', 'tmp185013/1W', 'tmp184975/1W', 'tmp184994/1W']
write_port: (8), ['tmp185570/1W', 'tmp185691/1W', 'tmp185516/1W', 'tmp185327/1W', 'tmp185637/1W', 'tmp185448/1W', 'tmp185273/1W', 'tmp185394/1W']
read_ports:
----------
++++++++++
mem_tmp257046
addr_width: 6
val_width: 50
write enable: tmp257046/1W
write_address: (6), ['tmp255522/1W', 'tmp255484/1W', 'tmp255503/1W', 'tmp255465/1W', 'tmp255427/1W', 'tmp255446/1W']
write_port: (50), ['tmp255796/1W', 'tmp256005/1W', 'tmp256252/1W', 'tmp255758/1W', 'tmp256062/1W', 'tmp255777/1W', 'tmp255587/1W', 'tmp255834/1W', 'tmp255530/1W', 'tmp255929/1W', 'tmp256423/1W', 'tmp255682/1W', 'tmp255644/1W', 'tmp255967/1W', 'tmp256309/1W', 'tmp255663/1W', 'tmp256271/1W', 'tmp256195/1W', 'tmp256404/1W', 'tmp255625/1W', 'tmp255866/1W', 'tmp256385/1W', 'tmp255606/1W', 'tmp256100/1W', 'tmp256442/1W', 'tmp255986/1W', 'tmp256328/1W', 'tmp255720/1W', 'tmp255739/1W', 'tmp256024/1W', 'tmp256176/1W', 'tmp256081/1W', 'tmp255948/1W', 'tmp255568/1W', 'tmp256157/1W', 'tmp256119/1W', 'tmp255815/1W', 'tmp256347/1W', 'tmp255872/1W', 'tmp255853/1W', 'tmp256290/1W', 'tmp256366/1W', 'tmp256233/1W', 'tmp255549/1W', 'tmp255910/1W', 'tmp256214/1W', 'tmp255891/1W', 'tmp256138/1W', 'tmp255701/1W', 'tmp256043/1W']
read_ports:
----------
++++++++++
mem_tmp272942
addr_width: 4
val_width: 43
write enable: tmp272942/1W
write_address: (4), ['tmp272999/1W', 'tmp273018/1W', 'tmp272961/1W', 'tmp272980/1W']
write_port: (43), ['tmp273424/1W', 'tmp273462/1W', 'tmp273519/1W', 'tmp273671/1W', 'tmp273614/1W', 'tmp273025/1W', 'tmp273120/1W', 'tmp273139/1W', 'tmp273291/1W', 'tmp273215/1W', 'tmp273785/1W', 'tmp273386/1W', 'tmp273272/1W', 'tmp273804/1W', 'tmp273063/1W', 'tmp273728/1W', 'tmp273082/1W', 'tmp273367/1W', 'tmp273329/1W', 'tmp273766/1W', 'tmp273595/1W', 'tmp273633/1W', 'tmp273557/1W', 'tmp273652/1W', 'tmp273443/1W', 'tmp273481/1W', 'tmp273405/1W', 'tmp273690/1W', 'tmp273253/1W', 'tmp273576/1W', 'tmp273158/1W', 'tmp273500/1W', 'tmp273177/1W', 'tmp273823/1W', 'tmp273044/1W', 'tmp273709/1W', 'tmp273538/1W', 'tmp273101/1W', 'tmp273196/1W', 'tmp273747/1W', 'tmp273310/1W', 'tmp273348/1W', 'tmp273234/1W']
read_ports:
----------
decomp time: 8276.727862119675 s
