Input Wire, r_addr_i[33] has been deemed useless by optimization
Input Wire, r_addr_i[34] has been deemed useless by optimization
Input Wire, r_addr_i[19] has been deemed useless by optimization
Input Wire, r_addr_i[35] has been deemed useless by optimization
Input Wire, r_addr_i[20] has been deemed useless by optimization
Input Wire, r_addr_i[36] has been deemed useless by optimization
Input Wire, r_addr_i[21] has been deemed useless by optimization
Input Wire, r_addr_i[24] has been deemed useless by optimization
Input Wire, r_addr_i[37] has been deemed useless by optimization
Input Wire, r_addr_i[22] has been deemed useless by optimization
Input Wire, r_addr_i[38] has been deemed useless by optimization
Input Wire, r_addr_i[23] has been deemed useless by optimization
Input Wire, r_addr_i[25] has been deemed useless by optimization
Input Wire, r_addr_i[26] has been deemed useless by optimization
Input Wire, r_addr_i[27] has been deemed useless by optimization
Input Wire, r_addr_i[28] has been deemed useless by optimization
Input Wire, r_addr_i[17] has been deemed useless by optimization
Input Wire, r_addr_i[29] has been deemed useless by optimization
Input Wire, r_addr_i[0] has been deemed useless by optimization
Input Wire, r_addr_i[30] has been deemed useless by optimization
Input Wire, r_addr_i[18] has been deemed useless by optimization
Input Wire, r_addr_i[31] has been deemed useless by optimization
Input Wire, r_addr_i[32] has been deemed useless by optimization
Input Wire, r_addr_i[33] has been deemed useless by optimization
Input Wire, r_addr_i[34] has been deemed useless by optimization
Input Wire, r_addr_i[30] has been deemed useless by optimization
Input Wire, r_addr_i[20] has been deemed useless by optimization
Input Wire, r_addr_i[36] has been deemed useless by optimization
Input Wire, r_addr_i[21] has been deemed useless by optimization
Input Wire, r_addr_i[22] has been deemed useless by optimization
Input Wire, r_addr_i[37] has been deemed useless by optimization
Input Wire, r_addr_i[23] has been deemed useless by optimization
Input Wire, r_addr_i[31] has been deemed useless by optimization
Input Wire, r_addr_i[24] has been deemed useless by optimization
Input Wire, r_addr_i[19] has been deemed useless by optimization
Input Wire, r_addr_i[25] has been deemed useless by optimization
Input Wire, r_addr_i[26] has been deemed useless by optimization
Input Wire, r_addr_i[27] has been deemed useless by optimization
Input Wire, r_addr_i[38] has been deemed useless by optimization
Input Wire, r_addr_i[28] has been deemed useless by optimization
Input Wire, r_addr_i[35] has been deemed useless by optimization
Input Wire, r_addr_i[17] has been deemed useless by optimization
Input Wire, r_addr_i[32] has been deemed useless by optimization
Input Wire, r_addr_i[29] has been deemed useless by optimization
Input Wire, r_addr_i[0] has been deemed useless by optimization
Input Wire, r_addr_i[18] has been deemed useless by optimization
Input Wire, r_addr_i[29] has been deemed useless by optimization
Input Wire, r_addr_i[30] has been deemed useless by optimization
Input Wire, r_addr_i[31] has been deemed useless by optimization
Input Wire, r_addr_i[32] has been deemed useless by optimization
Input Wire, r_addr_i[17] has been deemed useless by optimization
Input Wire, r_addr_i[23] has been deemed useless by optimization
Input Wire, r_addr_i[24] has been deemed useless by optimization
Input Wire, r_addr_i[25] has been deemed useless by optimization
Input Wire, r_addr_i[26] has been deemed useless by optimization
Input Wire, r_addr_i[33] has been deemed useless by optimization
Input Wire, r_addr_i[34] has been deemed useless by optimization
Input Wire, r_addr_i[35] has been deemed useless by optimization
Input Wire, r_addr_i[36] has been deemed useless by optimization
Input Wire, r_addr_i[37] has been deemed useless by optimization
Input Wire, r_addr_i[38] has been deemed useless by optimization
Input Wire, r_addr_i[0] has been deemed useless by optimization
Input Wire, r_addr_i[20] has been deemed useless by optimization
Input Wire, r_addr_i[19] has been deemed useless by optimization
Input Wire, r_addr_i[18] has been deemed useless by optimization
Input Wire, r_addr_i[21] has been deemed useless by optimization
Input Wire, r_addr_i[22] has been deemed useless by optimization
Input Wire, r_addr_i[27] has been deemed useless by optimization
Input Wire, r_addr_i[28] has been deemed useless by optimization
Input Wire, r_addr_i[29] has been deemed useless by optimization
Input Wire, r_addr_i[30] has been deemed useless by optimization
Input Wire, r_addr_i[31] has been deemed useless by optimization
Input Wire, r_addr_i[32] has been deemed useless by optimization
Input Wire, r_addr_i[17] has been deemed useless by optimization
Input Wire, r_addr_i[23] has been deemed useless by optimization
Input Wire, r_addr_i[24] has been deemed useless by optimization
Input Wire, r_addr_i[25] has been deemed useless by optimization
Input Wire, r_addr_i[26] has been deemed useless by optimization
Input Wire, r_addr_i[33] has been deemed useless by optimization
Input Wire, r_addr_i[34] has been deemed useless by optimization
Input Wire, r_addr_i[35] has been deemed useless by optimization
Input Wire, r_addr_i[36] has been deemed useless by optimization
Input Wire, r_addr_i[37] has been deemed useless by optimization
Input Wire, r_addr_i[38] has been deemed useless by optimization
Input Wire, r_addr_i[0] has been deemed useless by optimization
Input Wire, r_addr_i[20] has been deemed useless by optimization
Input Wire, r_addr_i[19] has been deemed useless by optimization
Input Wire, r_addr_i[18] has been deemed useless by optimization
Input Wire, r_addr_i[21] has been deemed useless by optimization
Input Wire, r_addr_i[22] has been deemed useless by optimization
Input Wire, r_addr_i[27] has been deemed useless by optimization
Input Wire, r_addr_i[28] has been deemed useless by optimization
Input Wire, r_addr_i[29] has been deemed useless by optimization
Input Wire, r_addr_i[30] has been deemed useless by optimization
Input Wire, r_addr_i[31] has been deemed useless by optimization
Input Wire, r_addr_i[32] has been deemed useless by optimization
Input Wire, r_addr_i[17] has been deemed useless by optimization
Input Wire, r_addr_i[23] has been deemed useless by optimization
Input Wire, r_addr_i[24] has been deemed useless by optimization
Input Wire, r_addr_i[25] has been deemed useless by optimization
Input Wire, r_addr_i[26] has been deemed useless by optimization
Input Wire, r_addr_i[33] has been deemed useless by optimization
Input Wire, r_addr_i[34] has been deemed useless by optimization
Input Wire, r_addr_i[35] has been deemed useless by optimization
Input Wire, r_addr_i[36] has been deemed useless by optimization
Input Wire, r_addr_i[37] has been deemed useless by optimization
Input Wire, r_addr_i[38] has been deemed useless by optimization
Input Wire, r_addr_i[0] has been deemed useless by optimization
Input Wire, r_addr_i[20] has been deemed useless by optimization
Input Wire, r_addr_i[19] has been deemed useless by optimization
Input Wire, r_addr_i[18] has been deemed useless by optimization
Input Wire, r_addr_i[21] has been deemed useless by optimization
Input Wire, r_addr_i[22] has been deemed useless by optimization
Input Wire, r_addr_i[27] has been deemed useless by optimization
Input Wire, r_addr_i[28] has been deemed useless by optimization
Input Wire, r_addr_i[24] has been deemed useless by optimization
Input Wire, r_addr_i[25] has been deemed useless by optimization
Input Wire, r_addr_i[26] has been deemed useless by optimization
Input Wire, r_addr_i[27] has been deemed useless by optimization
Input Wire, r_addr_i[28] has been deemed useless by optimization
Input Wire, r_addr_i[29] has been deemed useless by optimization
Input Wire, r_addr_i[30] has been deemed useless by optimization
Input Wire, r_addr_i[31] has been deemed useless by optimization
Input Wire, r_addr_i[32] has been deemed useless by optimization
Input Wire, r_addr_i[34] has been deemed useless by optimization
Input Wire, r_addr_i[35] has been deemed useless by optimization
Input Wire, r_addr_i[36] has been deemed useless by optimization
Input Wire, r_addr_i[37] has been deemed useless by optimization
Input Wire, r_addr_i[38] has been deemed useless by optimization
Input Wire, r_addr_i[33] has been deemed useless by optimization
Input Wire, r_addr_i[0] has been deemed useless by optimization
Input Wire, r_addr_i[17] has been deemed useless by optimization
Input Wire, r_addr_i[18] has been deemed useless by optimization
Input Wire, r_addr_i[19] has been deemed useless by optimization
Input Wire, r_addr_i[20] has been deemed useless by optimization
Input Wire, r_addr_i[21] has been deemed useless by optimization
Input Wire, r_addr_i[22] has been deemed useless by optimization
Input Wire, r_addr_i[23] has been deemed useless by optimization
reg_tmp78405[50]: 
reg_tmp77605[50]: 
reg_tmp77385[50]: 
reg_tmp77485[50]: 
reg_tmp77765[50]: 
reg_tmp78445[50]: 
reg_tmp77505[50]: 
reg_tmp78225[50]: 
reg_tmp77465[50]: 
reg_tmp77285[50]: 
reg_tmp78005[50]: 
reg_tmp77865[50]: 
reg_tmp78365[50]: 
reg_tmp77925[50]: 
reg_tmp77685[50]: 
reg_tmp78305[50]: 
reg_tmp77845[50]: 
reg_tmp78065[50]: 
reg_tmp78345[50]: 
reg_tmp78245[50]: 
reg_tmp77885[50]: 
reg_tmp77645[50]: 
reg_tmp78145[50]: 
reg_tmp77805[50]: 
reg_tmp77425[50]: 
reg_tmp77945[50]: 
reg_tmp77265[50]: 
reg_tmp77785[50]: 
reg_tmp77585[50]: 
reg_tmp78425[50]: 
reg_tmp77985[50]: 
reg_tmp77825[50]: 
reg_tmp78485[50]: 
reg_tmp77965[50]: 
reg_tmp78185[50]: 
reg_tmp78165[50]: 
reg_tmp77325[50]: 
reg_tmp77365[50]: 
reg_tmp77245[50]: 
reg_tmp78465[50]: 
reg_tmp77625[50]: 
reg_tmp77405[50]: 
reg_tmp78025[50]: 
reg_tmp77745[50]: 
reg_tmp77225[50]: 
reg_tmp78265[50]: 
reg_tmp78105[50]: 
reg_tmp78285[50]: 
reg_tmp78045[50]: 
reg_tmp78125[50]: 
reg_tmp77345[50]: 
reg_tmp77445[50]: 
reg_tmp77705[50]: 
reg_tmp78325[50]: 
reg_tmp78205[50]: 
reg_tmp77525[50]: 
reg_tmp77665[50]: 
reg_tmp77905[50]: 
reg_tmp77305[50]: 
reg_tmp77725[50]: 
reg_tmp78385[50]: 
reg_tmp78085[50]: 
reg_tmp77545[50]: 
reg_tmp77565[50]: 
mem_tmp11877, 6 x 50
{'tmp81473', 'tmp81587', 'tmp48496', 'tmp82537', 'tmp82461', 'tmp27233', 'tmp34767', 'tmp81967', 'tmp71918', 'tmp82499', 'tmp82094', 'tmp81600', 'tmp36126', 'tmp25294', 'tmp82284', 'tmp81980', 'tmp82322', 'tmp75115', 'tmp61826', 'tmp82474', 'tmp75635', 'tmp72997', 'tmp81929', 'tmp40702', 'tmp81435', 'tmp33807', 'tmp66662', 'tmp49195', 'tmp34927', 'tmp45438', 'tmp36905', 'tmp81663', 'tmp81942', 'tmp82043', 'tmp82588', 'tmp24994', 'tmp69819', 'tmp82246', 'tmp81410', 'tmp59907', 'tmp81815', 'tmp69040', 'tmp81739', 'tmp82512', 'tmp81486', 'tmp82550', 'tmp50914', 'tmp52773', 'tmp28751', 'tmp55730', 'tmp51114', 'tmp81790', 'tmp35346', 'tmp81524', 'tmp70399', 'tmp82132', 'tmp82360', 'tmp82271', 'tmp13977', 'tmp81752', 'tmp82018', 'tmp56150', 'tmp81638', 'tmp82347', 'tmp39503', 'tmp66502', 'tmp81828', 'tmp81676', 'tmp82436', 'tmp13197', 'tmp36765', 'tmp81891', 'tmp81625', 'tmp82208', 'tmp81714', 'tmp82613', 'tmp82575', 'tmp58388', 'tmp45298', 'tmp81511', 'tmp36006', 'tmp64064', 'tmp73117', 'tmp81777', 'tmp64024', 'tmp81904', 'tmp13662', 'tmp73177', 'tmp81448', 'tmp51933', 'tmp38204', 'tmp51194', 'tmp81562', 'tmp63564', 'tmp82157', 'tmp31110', 'tmp15042', 'tmp82056', 'tmp82119', 'tmp15841', 'tmp82309', 'tmp31409', 'tmp82170', 'tmp36605', 'tmp19439', 'tmp82385', 'tmp82005', 'tmp82398', 'tmp60247', 'tmp68141', 'tmp81866', 'tmp69699', 'tmp82423', 'tmp68240', 'tmp82081', 'tmp81853', 'tmp29011', 'tmp20378', 'tmp81701', 'tmp37105', 'tmp23875', 'tmp51673', 'tmp57289', 'tmp82195', 'tmp82233', 'tmp46697', 'tmp70918', 'tmp81549'}(128)(128) --> ('tmp12416', 'tmp12596', 'tmp12996', 'tmp12138', 'tmp13196', 'tmp12936', 'tmp12456', 'tmp12536', 'tmp12836', 'tmp13076', 'tmp12856', 'tmp12956', 'tmp12356', 'tmp12117', 'tmp12656', 'tmp12376', 'tmp13096', 'tmp12496', 'tmp12201', 'tmp12576', 'tmp13176', 'tmp12696', 'tmp13056', 'tmp12736', 'tmp13136', 'tmp12556', 'tmp12159', 'tmp12876', 'tmp12476', 'tmp12516', 'tmp13036', 'tmp13016', 'tmp12976', 'tmp12816', 'tmp12776', 'tmp12396', 'tmp12316', 'tmp13156', 'tmp12716', 'tmp12676', 'tmp13116', 'tmp12636', 'tmp12896', 'tmp12756', 'tmp12336', 'tmp12916', 'tmp12796', 'tmp12180', 'tmp12436', 'tmp12616'), (6 x 50)
++++++++++
mem_tmp11877
addr_width: 6
val_width: 50
write enable: tmp11877/1W
write_address: (6), ['tmp10336/1W', 'tmp10296/1W', 'tmp10316/1W', 'tmp10276/1W', 'tmp10236/1W', 'tmp10256/1W']
write_port: (50), ['tmp10819/1W', 'tmp11047/1W', 'tmp10724/1W', 'tmp11237/1W', 'tmp10686/1W', 'tmp10952/1W', 'tmp10800/1W', 'tmp11218/1W', 'tmp11009/1W', 'tmp10363/1W', 'tmp11161/1W', 'tmp10876/1W', 'tmp10572/1W', 'tmp11022/1W', 'tmp10971/1W', 'tmp10933/1W', 'tmp10914/1W', 'tmp10591/1W', 'tmp10382/1W', 'tmp10534/1W', 'tmp10344/1W', 'tmp10648/1W', 'tmp10857/1W', 'tmp10439/1W', 'tmp10553/1W', 'tmp10762/1W', 'tmp10401/1W', 'tmp11028/1W', 'tmp10610/1W', 'tmp11256/1W', 'tmp11142/1W', 'tmp10629/1W', 'tmp10420/1W', 'tmp10667/1W', 'tmp10838/1W', 'tmp10515/1W', 'tmp10743/1W', 'tmp10705/1W', 'tmp10781/1W', 'tmp11085/1W', 'tmp11199/1W', 'tmp11066/1W', 'tmp11104/1W', 'tmp10895/1W', 'tmp10496/1W', 'tmp10990/1W', 'tmp11123/1W', 'tmp10458/1W', 'tmp11180/1W', 'tmp10477/1W']
read_ports:
----------
decomp time: 402.0853621959686 s
