Input Wire, r_addr_i[11] has been deemed useless by optimization
Input Wire, r_addr_i[36] has been deemed useless by optimization
Input Wire, r_addr_i[0] has been deemed useless by optimization
Input Wire, r_addr_i[12] has been deemed useless by optimization
Input Wire, r_addr_i[13] has been deemed useless by optimization
Input Wire, r_addr_i[14] has been deemed useless by optimization
Input Wire, r_addr_i[38] has been deemed useless by optimization
Input Wire, r_addr_i[15] has been deemed useless by optimization
Input Wire, r_addr_i[16] has been deemed useless by optimization
Input Wire, r_addr_i[17] has been deemed useless by optimization
Input Wire, r_addr_i[18] has been deemed useless by optimization
Input Wire, r_addr_i[19] has been deemed useless by optimization
Input Wire, r_addr_i[20] has been deemed useless by optimization
Input Wire, r_addr_i[21] has been deemed useless by optimization
Input Wire, r_addr_i[22] has been deemed useless by optimization
Input Wire, r_addr_i[23] has been deemed useless by optimization
Input Wire, r_addr_i[24] has been deemed useless by optimization
Input Wire, r_addr_i[25] has been deemed useless by optimization
Input Wire, r_addr_i[26] has been deemed useless by optimization
Input Wire, r_addr_i[27] has been deemed useless by optimization
Input Wire, r_addr_i[28] has been deemed useless by optimization
Input Wire, r_addr_i[29] has been deemed useless by optimization
Input Wire, r_addr_i[30] has been deemed useless by optimization
Input Wire, r_addr_i[31] has been deemed useless by optimization
Input Wire, r_addr_i[32] has been deemed useless by optimization
Input Wire, r_addr_i[33] has been deemed useless by optimization
Input Wire, r_addr_i[34] has been deemed useless by optimization
Input Wire, r_addr_i[37] has been deemed useless by optimization
Input Wire, r_addr_i[35] has been deemed useless by optimization
Input Wire, r_addr_i[11] has been deemed useless by optimization
Input Wire, r_addr_i[12] has been deemed useless by optimization
Input Wire, r_addr_i[25] has been deemed useless by optimization
Input Wire, r_addr_i[13] has been deemed useless by optimization
Input Wire, r_addr_i[14] has been deemed useless by optimization
Input Wire, r_addr_i[38] has been deemed useless by optimization
Input Wire, r_addr_i[15] has been deemed useless by optimization
Input Wire, r_addr_i[16] has been deemed useless by optimization
Input Wire, r_addr_i[17] has been deemed useless by optimization
Input Wire, r_addr_i[18] has been deemed useless by optimization
Input Wire, r_addr_i[19] has been deemed useless by optimization
Input Wire, r_addr_i[20] has been deemed useless by optimization
Input Wire, r_addr_i[21] has been deemed useless by optimization
Input Wire, r_addr_i[0] has been deemed useless by optimization
Input Wire, r_addr_i[22] has been deemed useless by optimization
Input Wire, r_addr_i[23] has been deemed useless by optimization
Input Wire, r_addr_i[24] has been deemed useless by optimization
Input Wire, r_addr_i[26] has been deemed useless by optimization
Input Wire, r_addr_i[27] has been deemed useless by optimization
Input Wire, r_addr_i[28] has been deemed useless by optimization
Input Wire, r_addr_i[29] has been deemed useless by optimization
Input Wire, r_addr_i[30] has been deemed useless by optimization
Input Wire, r_addr_i[32] has been deemed useless by optimization
Input Wire, r_addr_i[33] has been deemed useless by optimization
Input Wire, r_addr_i[34] has been deemed useless by optimization
Input Wire, r_addr_i[36] has been deemed useless by optimization
Input Wire, r_addr_i[37] has been deemed useless by optimization
Input Wire, r_addr_i[31] has been deemed useless by optimization
Input Wire, r_addr_i[35] has been deemed useless by optimization
Input Wire, r_addr_i[27] has been deemed useless by optimization
Input Wire, r_addr_i[28] has been deemed useless by optimization
Input Wire, r_addr_i[25] has been deemed useless by optimization
Input Wire, r_addr_i[29] has been deemed useless by optimization
Input Wire, r_addr_i[30] has been deemed useless by optimization
Input Wire, r_addr_i[23] has been deemed useless by optimization
Input Wire, r_addr_i[24] has been deemed useless by optimization
Input Wire, r_addr_i[26] has been deemed useless by optimization
Input Wire, r_addr_i[32] has been deemed useless by optimization
Input Wire, r_addr_i[33] has been deemed useless by optimization
Input Wire, r_addr_i[15] has been deemed useless by optimization
Input Wire, r_addr_i[22] has been deemed useless by optimization
Input Wire, r_addr_i[11] has been deemed useless by optimization
Input Wire, r_addr_i[14] has been deemed useless by optimization
Input Wire, r_addr_i[16] has been deemed useless by optimization
Input Wire, r_addr_i[12] has been deemed useless by optimization
Input Wire, r_addr_i[13] has been deemed useless by optimization
Input Wire, r_addr_i[17] has been deemed useless by optimization
Input Wire, r_addr_i[18] has been deemed useless by optimization
Input Wire, r_addr_i[19] has been deemed useless by optimization
Input Wire, r_addr_i[20] has been deemed useless by optimization
Input Wire, r_addr_i[31] has been deemed useless by optimization
Input Wire, r_addr_i[34] has been deemed useless by optimization
Input Wire, r_addr_i[35] has been deemed useless by optimization
Input Wire, r_addr_i[36] has been deemed useless by optimization
Input Wire, r_addr_i[0] has been deemed useless by optimization
Input Wire, r_addr_i[21] has been deemed useless by optimization
Input Wire, r_addr_i[37] has been deemed useless by optimization
Input Wire, r_addr_i[38] has been deemed useless by optimization
Input Wire, r_addr_i[12] has been deemed useless by optimization
Input Wire, r_addr_i[13] has been deemed useless by optimization
Input Wire, r_addr_i[15] has been deemed useless by optimization
Input Wire, r_addr_i[16] has been deemed useless by optimization
Input Wire, r_addr_i[17] has been deemed useless by optimization
Input Wire, r_addr_i[19] has been deemed useless by optimization
Input Wire, r_addr_i[20] has been deemed useless by optimization
Input Wire, r_addr_i[22] has been deemed useless by optimization
Input Wire, r_addr_i[23] has been deemed useless by optimization
Input Wire, r_addr_i[24] has been deemed useless by optimization
Input Wire, r_addr_i[25] has been deemed useless by optimization
Input Wire, r_addr_i[27] has been deemed useless by optimization
Input Wire, r_addr_i[28] has been deemed useless by optimization
Input Wire, r_addr_i[30] has been deemed useless by optimization
Input Wire, r_addr_i[31] has been deemed useless by optimization
Input Wire, r_addr_i[33] has been deemed useless by optimization
Input Wire, r_addr_i[34] has been deemed useless by optimization
Input Wire, r_addr_i[36] has been deemed useless by optimization
Input Wire, r_addr_i[37] has been deemed useless by optimization
Input Wire, r_addr_i[38] has been deemed useless by optimization
Input Wire, r_addr_i[11] has been deemed useless by optimization
Input Wire, r_addr_i[14] has been deemed useless by optimization
Input Wire, r_addr_i[18] has been deemed useless by optimization
Input Wire, r_addr_i[21] has been deemed useless by optimization
Input Wire, r_addr_i[26] has been deemed useless by optimization
Input Wire, r_addr_i[29] has been deemed useless by optimization
Input Wire, r_addr_i[32] has been deemed useless by optimization
Input Wire, r_addr_i[35] has been deemed useless by optimization
Input Wire, r_addr_i[0] has been deemed useless by optimization
reg_tmp103845[8]: 
reg_tmp101385[8]: 
reg_tmp99765[8]: 
reg_tmp105865[8]: 
reg_tmp101665[8]: 
reg_tmp98265[8]: 
reg_tmp105725[8]: 
reg_tmp99965[8]: 
reg_tmp103365[8]: 
reg_tmp106805[8]: 
reg_tmp107565[8]: 
reg_tmp102425[8]: 
reg_tmp104125[8]: 
reg_tmp101005[8]: 
reg_tmp107845[8]: 
reg_tmp102805[8]: 
reg_tmp103905[8]: 
reg_tmp98025[8]: 
reg_tmp100505[8]: 
reg_tmp104105[8]: 
reg_tmp100025[8]: 
reg_tmp98765[8]: 
reg_tmp100985[8]: 
reg_tmp103265[8]: 
reg_tmp107145[8]: 
reg_tmp102445[8]: 
reg_tmp107345[8]: 
reg_tmp99885[8]: 
reg_tmp101585[8]: 
reg_tmp104985[8]: 
reg_tmp106725[8]: 
reg_tmp102545[8]: 
reg_tmp100845[8]: 
reg_tmp105025[8]: 
reg_tmp107685[8]: 
reg_tmp106765[8]: 
reg_tmp103325[8]: 
reg_tmp102645[8]: 
reg_tmp104445[8]: 
reg_tmp103185[8]: 
reg_tmp100705[8]: 
reg_tmp106625[8]: 
reg_tmp107545[8]: 
reg_tmp102865[8]: 
reg_tmp99105[8]: 
reg_tmp101245[8]: 
reg_tmp100565[8]: 
reg_tmp107405[8]: 
reg_tmp99305[8]: 
reg_tmp104365[8]: 
reg_tmp99065[8]: 
reg_tmp100265[8]: 
reg_tmp102985[8]: 
reg_tmp106425[8]: 
reg_tmp105125[8]: 
reg_tmp101725[8]: 
reg_tmp100585[8]: 
reg_tmp107885[8]: 
reg_tmp100125[8]: 
reg_tmp101045[8]: 
reg_tmp103525[8]: 
reg_tmp102265[8]: 
reg_tmp99785[8]: 
reg_tmp106445[8]: 
reg_tmp105925[8]: 
reg_tmp103785[8]: 
reg_tmp101305[8]: 
reg_tmp100385[8]: 
reg_tmp103005[8]: 
reg_tmp105485[8]: 
reg_tmp101845[8]: 
reg_tmp100925[8]: 
reg_tmp100145[8]: 
reg_tmp97845[8]: 
reg_tmp100005[8]: 
reg_tmp100325[8]: 
reg_tmp103725[8]: 
reg_tmp104645[8]: 
reg_tmp98145[8]: 
reg_tmp104945[8]: 
reg_tmp106685[8]: 
reg_tmp105465[8]: 
reg_tmp99605[8]: 
reg_tmp104205[8]: 
reg_tmp106965[8]: 
reg_tmp105665[8]: 
reg_tmp105565[8]: 
reg_tmp99465[8]: 
reg_tmp101165[8]: 
reg_tmp102325[8]: 
reg_tmp105965[8]: 
reg_tmp106265[8]: 
reg_tmp101125[8]: 
reg_tmp99265[8]: 
reg_tmp100965[8]: 
reg_tmp100545[8]: 
reg_tmp107385[8]: 
reg_tmp97745[8]: 
reg_tmp98685[8]: 
reg_tmp104545[8]: 
reg_tmp97945[8]: 
reg_tmp104745[8]: 
reg_tmp103505[8]: 
reg_tmp100105[8]: 
reg_tmp99405[8]: 
reg_tmp98165[8]: 
reg_tmp104025[8]: 
reg_tmp98725[8]: 
reg_tmp101205[8]: 
reg_tmp104605[8]: 
reg_tmp106065[8]: 
reg_tmp104965[8]: 
reg_tmp106465[8]: 
reg_tmp107025[8]: 
reg_tmp102665[8]: 
reg_tmp106925[8]: 
reg_tmp99385[8]: 
reg_tmp106225[8]: 
reg_tmp101085[8]: 
reg_tmp100305[8]: 
reg_tmp105365[8]: 
reg_tmp101225[8]: 
reg_tmp104085[8]: 
reg_tmp102385[8]: 
reg_tmp106305[8]: 
reg_tmp99225[8]: 
reg_r_v_i[9]: 
reg_tmp105085[8]: 
reg_tmp105625[8]: 
reg_tmp101885[8]: 
reg_tmp100285[8]: 
reg_tmp97805[8]: 
reg_tmp98345[8]: 
reg_tmp98385[8]: 
reg_tmp101745[8]: 
reg_tmp105145[8]: 
reg_tmp98005[8]: 
reg_tmp100485[8]: 
reg_tmp103885[8]: 
reg_tmp99805[8]: 
reg_tmp107645[8]: 
reg_tmp98305[8]: 
reg_tmp104665[8]: 
reg_tmp97865[8]: 
reg_tmp101545[8]: 
reg_tmp105765[8]: 
reg_tmp106845[8]: 
reg_tmp103165[8]: 
reg_tmp100345[8]: 
reg_tmp102225[8]: 
reg_tmp106605[8]: 
reg_tmp105105[8]: 
reg_tmp103405[8]: 
reg_tmp99525[8]: 
reg_tmp105405[8]: 
reg_tmp102005[8]: 
reg_tmp107125[8]: 
reg_tmp104225[8]: 
reg_tmp107325[8]: 
reg_tmp104425[8]: 
reg_tmp101785[8]: 
reg_tmp107185[8]: 
reg_tmp99085[8]: 
reg_tmp98845[8]: 
reg_tmp106205[8]: 
reg_tmp106485[8]: 
reg_tmp101345[8]: 
reg_tmp103825[8]: 
reg_tmp105525[8]: 
reg_tmp100425[8]: 
reg_tmp102125[8]: 
reg_tmp101505[8]: 
reg_tmp106405[8]: 
reg_tmp102965[8]: 
reg_tmp100825[8]: 
reg_tmp107665[8]: 
reg_tmp98325[8]: 
reg_tmp104765[8]: 
reg_tmp97965[8]: 
reg_tmp101025[8]: 
reg_tmp107865[8]: 
reg_tmp106145[8]: 
reg_tmp102245[8]: 
reg_tmp103705[8]: 
reg_tmp102525[8]: 
reg_tmp105245[8]: 
reg_tmp103305[8]: 
reg_tmp99905[8]: 
reg_tmp102045[8]: 
reg_tmp105445[8]: 
reg_tmp104825[8]: 
reg_tmp102365[8]: 
reg_tmp98445[8]: 
reg_tmp104325[8]: 
reg_tmp98965[8]: 
reg_tmp100665[8]: 
reg_tmp98505[8]: 
reg_tmp106945[8]: 
reg_tmp105845[8]: 
reg_tmp102785[8]: 
reg_tmp107165[8]: 
reg_tmp102105[8]: 
reg_tmp97985[8]: 
reg_tmp104525[8]: 
reg_tmp97725[8]: 
reg_tmp100225[8]: 
reg_tmp104565[8]: 
reg_tmp105325[8]: 
reg_tmp101925[8]: 
reg_tmp98525[8]: 
reg_tmp101185[8]: 
reg_tmp98705[8]: 
reg_tmp100865[8]: 
reg_tmp107005[8]: 
reg_tmp107625[8]: 
reg_tmp107305[8]: 
reg_tmp106105[8]: 
reg_tmp107825[8]: 
reg_tmp105605[8]: 
reg_tmp99725[8]: 
reg_tmp98485[8]: 
reg_tmp101525[8]: 
reg_tmp103665[8]: 
reg_tmp97785[8]: 
reg_tmp105805[8]: 
reg_tmp102505[8]: 
reg_tmp105705[8]: 
reg_tmp103865[8]: 
reg_tmp100465[8]: 
reg_tmp106905[8]: 
reg_tmp103465[8]: 
reg_tmp98105[8]: 
reg_tmp102205[8]: 
reg_tmp100805[8]: 
reg_tmp98125[8]: 
reg_tmp104925[8]: 
reg_tmp107105[8]: 
reg_tmp99585[8]: 
reg_tmp102065[8]: 
reg_tmp107225[8]: 
reg_tmp106025[8]: 
reg_tmp102085[8]: 
reg_tmp104405[8]: 
reg_tmp104005[8]: 
reg_tmp102745[8]: 
reg_tmp106185[8]: 
reg_tmp98665[8]: 
reg_tmp98865[8]: 
reg_tmp103485[8]: 
reg_tmp100085[8]: 
reg_tmp106245[8]: 
reg_tmp106325[8]: 
reg_tmp100625[8]: 
reg_tmp98925[8]: 
reg_tmp107465[8]: 
reg_tmp105285[8]: 
reg_tmp100185[8]: 
reg_tmp104785[8]: 
reg_tmp99685[8]: 
reg_tmp107705[8]: 
reg_tmp105225[8]: 
reg_tmp101825[8]: 
reg_tmp101145[8]: 
reg_tmp98425[8]: 
reg_tmp103285[8]: 
reg_tmp99205[8]: 
reg_tmp102605[8]: 
reg_tmp99745[8]: 
reg_tmp104305[8]: 
reg_tmp99505[8]: 
reg_tmp99345[8]: 
reg_tmp102405[8]: 
reg_tmp98285[8]: 
reg_tmp106585[8]: 
reg_tmp103145[8]: 
reg_tmp102625[8]: 
reg_tmp104165[8]: 
reg_tmp99425[8]: 
reg_tmp102825[8]: 
reg_tmp105065[8]: 
reg_tmp107805[8]: 
reg_tmp98605[8]: 
reg_tmp102765[8]: 
reg_tmp107925[8]: 
reg_tmp99025[8]: 
reg_tmp101705[8]: 
reg_tmp98885[8]: 
reg_tmp103445[8]: 
reg_tmp106885[8]: 
reg_tmp99365[8]: 
reg_tmp99925[8]: 
reg_tmp99145[8]: 
reg_tmp101625[8]: 
reg_tmp99565[8]: 
reg_tmp104185[8]: 
reg_tmp105645[8]: 
reg_tmp103985[8]: 
reg_tmp98645[8]: 
reg_tmp106565[8]: 
reg_tmp100165[8]: 
reg_tmp98465[8]: 
reg_tmp101865[8]: 
reg_tmp105265[8]: 
reg_tmp107505[8]: 
reg_tmp97925[8]: 
reg_tmp104725[8]: 
reg_tmp106045[8]: 
reg_tmp98825[8]: 
reg_tmp99665[8]: 
reg_tmp103065[8]: 
reg_tmp107285[8]: 
reg_tmp103805[8]: 
reg_tmp104145[8]: 
reg_tmp105745[8]: 
reg_tmp99045[8]: 
reg_tmp103205[8]: 
reg_tmp103605[8]: 
reg_tmp106365[8]: 
reg_tmp102925[8]: 
reg_tmp103125[8]: 
reg_tmp100945[8]: 
reg_tmp104045[8]: 
reg_tmp106385[8]: 
reg_tmp103085[8]: 
reg_tmp98805[8]: 
reg_tmp105585[8]: 
reg_tmp101485[8]: 
reg_tmp102945[8]: 
reg_tmp106865[8]: 
reg_tmp107725[8]: 
reg_tmp100885[8]: 
reg_tmp99185[8]: 
reg_tmp101985[8]: 
reg_tmp98585[8]: 
reg_tmp106665[8]: 
reg_tmp101285[8]: 
reg_tmp100605[8]: 
reg_tmp107445[8]: 
reg_tmp104905[8]: 
reg_tmp105425[8]: 
reg_tmp102025[8]: 
reg_tmp102305[8]: 
reg_tmp103765[8]: 
reg_tmp105305[8]: 
reg_tmp101905[8]: 
reg_tmp103545[8]: 
reg_tmp97705[8]: 
reg_tmp104505[8]: 
reg_tmp105905[8]: 
reg_tmp99645[8]: 
reg_tmp102845[8]: 
reg_tmp101965[8]: 
reg_tmp98565[8]: 
reg_tmp107265[8]: 
reg_tmp105045[8]: 
reg_tmp102585[8]: 
reg_tmp100245[8]: 
reg_tmp97765[8]: 
reg_tmp103645[8]: 
reg_tmp100365[8]: 
reg_tmp100205[8]: 
reg_tmp100765[8]: 
reg_tmp107605[8]: 
reg_tmp103245[8]: 
reg_tmp102905[8]: 
reg_tmp102185[8]: 
reg_tmp107085[8]: 
reg_tmp103925[8]: 
reg_tmp100525[8]: 
reg_tmp99285[8]: 
reg_tmp104705[8]: 
reg_tmp97905[8]: 
reg_tmp100045[8]: 
reg_tmp98225[8]: 
reg_tmp101365[8]: 
reg_tmp106505[8]: 
reg_tmp102725[8]: 
reg_tmp106165[8]: 
reg_tmp100785[8]: 
reg_tmp104465[8]: 
reg_tmp103225[8]: 
reg_tmp99125[8]: 
reg_tmp98405[8]: 
reg_tmp105205[8]: 
reg_tmp101805[8]: 
reg_tmp105005[8]: 
reg_tmp98205[8]: 
reg_tmp104285[8]: 
reg_tmp104865[8]: 
reg_tmp101465[8]: 
reg_tmp102345[8]: 
reg_tmp105345[8]: 
reg_tmp107425[8]: 
reg_tmp106125[8]: 
reg_tmp98185[8]: 
reg_tmp102145[8]: 
reg_tmp100065[8]: 
reg_tmp107785[8]: 
reg_tmp99005[8]: 
reg_tmp105825[8]: 
reg_tmp99985[8]: 
reg_tmp102685[8]: 
reg_tmp101445[8]: 
reg_tmp107585[8]: 
reg_tmp100745[8]: 
reg_tmp106345[8]: 
reg_tmp103425[8]: 
reg_tmp104885[8]: 
reg_tmp98085[8]: 
reg_tmp99545[8]: 
reg_tmp99825[8]: 
reg_tmp104685[8]: 
reg_tmp97885[8]: 
reg_tmp103965[8]: 
reg_tmp98625[8]: 
reg_tmp107205[8]: 
reg_tmp104805[8]: 
reg_tmp101405[8]: 
reg_tmp99705[8]: 
reg_tmp102165[8]: 
reg_tmp106005[8]: 
reg_tmp103045[8]: 
reg_tmp99865[8]: 
reg_tmp99165[8]: 
reg_tmp101645[8]: 
reg_tmp102565[8]: 
reg_tmp101325[8]: 
reg_tmp106285[8]: 
reg_tmp99445[8]: 
reg_tmp104065[8]: 
reg_tmp107745[8]: 
reg_tmp105385[8]: 
reg_tmp104845[8]: 
reg_tmp103585[8]: 
reg_tmp98245[8]: 
reg_tmp100405[8]: 
reg_tmp103105[8]: 
reg_tmp105685[8]: 
reg_tmp106545[8]: 
reg_tmp103385[8]: 
reg_tmp106825[8]: 
reg_tmp105545[8]: 
reg_tmp98045[8]: 
reg_tmp99845[8]: 
reg_tmp99485[8]: 
reg_tmp98785[8]: 
reg_tmp107365[8]: 
reg_tmp106645[8]: 
reg_tmp102485[8]: 
reg_tmp99325[8]: 
reg_tmp105165[8]: 
reg_tmp101765[8]: 
reg_tmp98365[8]: 
reg_tmp101065[8]: 
reg_tmp107905[8]: 
reg_tmp102285[8]: 
reg_tmp103745[8]: 
reg_tmp104245[8]: 
reg_tmp104485[8]: 
reg_tmp105885[8]: 
reg_tmp101605[8]: 
reg_tmp105985[8]: 
reg_tmp98065[8]: 
reg_tmp101105[8]: 
reg_tmp105945[8]: 
reg_tmp107245[8]: 
reg_tmp101945[8]: 
reg_tmp98545[8]: 
reg_tmp104625[8]: 
reg_tmp98745[8]: 
reg_tmp107045[8]: 
reg_tmp101425[8]: 
reg_tmp102885[8]: 
reg_tmp103565[8]: 
reg_tmp98905[8]: 
reg_tmp102705[8]: 
reg_tmp102465[8]: 
reg_tmp104265[8]: 
reg_tmp100905[8]: 
reg_tmp105185[8]: 
reg_tmp106985[8]: 
reg_tmp107065[8]: 
reg_tmp106705[8]: 
reg_tmp103025[8]: 
reg_tmp107765[8]: 
reg_tmp101265[8]: 
reg_tmp104385[8]: 
reg_tmp97825[8]: 
reg_tmp103685[8]: 
reg_tmp103945[8]: 
reg_tmp99625[8]: 
reg_tmp104345[8]: 
reg_tmp99245[8]: 
reg_tmp105785[8]: 
reg_tmp106085[8]: 
reg_tmp106525[8]: 
reg_tmp103625[8]: 
reg_tmp100725[8]: 
reg_tmp99945[8]: 
reg_tmp100445[8]: 
reg_tmp104585[8]: 
reg_tmp106745[8]: 
reg_tmp105505[8]: 
reg_tmp106785[8]: 
reg_tmp101565[8]: 
reg_tmp107525[8]: 
reg_tmp100685[8]: 
reg_tmp103345[8]: 
reg_tmp100645[8]: 
reg_tmp107485[8]: 
reg_tmp98985[8]: 
reg_tmp101685[8]: 
reg_tmp98945[8]: 
mem_tmp14520, 9 x 8
{'tmp31620', 'tmp67216', 'tmp56777', 'tmp31480', 'tmp72996', 'tmp138369', 'tmp50478', 'tmp88094', 'tmp135544', 'tmp137799', 'tmp130490', 'tmp33520', 'tmp132618', 'tmp79595', 'tmp81495', 'tmp65077', 'tmp38019', 'tmp129388', 'tmp68976', 'tmp129439', 'tmp137875', 'tmp24678', 'tmp135810', 'tmp137710', 'tmp31440', 'tmp63217', 'tmp59637', 'tmp35280', 'tmp137533', 'tmp129363', 'tmp136684', 'tmp57697', 'tmp42179', 'tmp46359', 'tmp55618', 'tmp138027', 'tmp91334', 'tmp92154', 'tmp129350', 'tmp70456', 'tmp96614', 'tmp96334', 'tmp137343', 'tmp132238', 'tmp137229', 'tmp138736', 'tmp134974', 'tmp129705', 'tmp133087', 'tmp135633', 'tmp74976', 'tmp131947', 'tmp134873', 'tmp59717', 'tmp133340', 'tmp135202', 'tmp130604', 'tmp135329', 'tmp42359', 'tmp28280', 'tmp130541', 'tmp131339', 'tmp135025', 'tmp136393', 'tmp133125', 'tmp131364', 'tmp72476', 'tmp132200', 'tmp135316', 'tmp55258', 'tmp44479', 'tmp133112', 'tmp134556', 'tmp133391', 'tmp130465', 'tmp89314', 'tmp63917', 'tmp130794', 'tmp25476', 'tmp132251', 'tmp133239', 'tmp129895', 'tmp85955', 'tmp32460', 'tmp76536', 'tmp130832', 'tmp131744', 'tmp87994', 'tmp37779', 'tmp20289', 'tmp52118', 'tmp134189', 'tmp133011', 'tmp129920', 'tmp136507', 'tmp134404', 'tmp63257', 'tmp131491', 'tmp60297', 'tmp130237', 'tmp92594', 'tmp135430', 'tmp36619', 'tmp88994', 'tmp82415', 'tmp48218', 'tmp63637', 'tmp136456', 'tmp84295', 'tmp70356', 'tmp97673', 'tmp138711', 'tmp130338', 'tmp50958', 'tmp134176', 'tmp132846', 'tmp33400', 'tmp138774', 'tmp44039', 'tmp94434', 'tmp92134', 'tmp70056', 'tmp131187', 'tmp94274', 'tmp17832', 'tmp61097', 'tmp132390', 'tmp23691', 'tmp77955', 'tmp132099', 'tmp96494', 'tmp23481', 'tmp37339', 'tmp15984', 'tmp88694', 'tmp25707', 'tmp132694', 'tmp20772', 'tmp130503', 'tmp81755', 'tmp27120', 'tmp132048', 'tmp136545', 'tmp134024', 'tmp70096', 'tmp59837', 'tmp131820', 'tmp130351', 'tmp60037', 'tmp32400', 'tmp78395', 'tmp137495', 'tmp25833', 'tmp18084', 'tmp82515', 'tmp40559', 'tmp56658', 'tmp135506', 'tmp133771', 'tmp138508', 'tmp131149', 'tmp137989', 'tmp134759', 'tmp131909', 'tmp139002', 'tmp42539', 'tmp72056', 'tmp48918', 'tmp54138', 'tmp134442', 'tmp135582', 'tmp82595', 'tmp138977', 'tmp138331', 'tmp134417', 'tmp92974', 'tmp88034', 'tmp94374', 'tmp132656', 'tmp72936', 'tmp21339', 'tmp133961', 'tmp70436', 'tmp31600', 'tmp63757', 'tmp43579', 'tmp133682', 'tmp97094', 'tmp15669', 'tmp38039', 'tmp135405', 'tmp137026', 'tmp84255', 'tmp57217', 'tmp74216', 'tmp64657', 'tmp57797', 'tmp64197', 'tmp133986', 'tmp134062', 'tmp129996', 'tmp133036', 'tmp62137', 'tmp135671', 'tmp129426', 'tmp17328', 'tmp37379', 'tmp20079', 'tmp136735', 'tmp29160', 'tmp88354', 'tmp96894', 'tmp129819', 'tmp132162', 'tmp133606', 'tmp29420', 'tmp65097', 'tmp136773', 'tmp131301', 'tmp133315', 'tmp66257', 'tmp135696', 'tmp132960', 'tmp132352', 'tmp135481', 'tmp131212', 'tmp96154', 'tmp21444', 'tmp35080', 'tmp96314', 'tmp39479', 'tmp132124', 'tmp135937', 'tmp130389', 'tmp19428', 'tmp130617', 'tmp77615', 'tmp19176', 'tmp137938', 'tmp134936', 'tmp63497', 'tmp93114', 'tmp22410', 'tmp85815', 'tmp133150', 'tmp131136', 'tmp138470', 'tmp42719', 'tmp133049', 'tmp130655', 'tmp138812', 'tmp74096', 'tmp48518', 'tmp130376', 'tmp18042', 'tmp136076', 'tmp65297', 'tmp82395', 'tmp75256', 'tmp137292', 'tmp20982', 'tmp23565', 'tmp70676', 'tmp131263', 'tmp16467', 'tmp138103', 'tmp68456', 'tmp63277', 'tmp33740', 'tmp129730', 'tmp45599', 'tmp43119', 'tmp137723', 'tmp130224', 'tmp138141', 'tmp132023', 'tmp69916', 'tmp129464', 'tmp58437', 'tmp137748', 'tmp131871', 'tmp89534', 'tmp135240', 'tmp133796', 'tmp136190', 'tmp96674', 'tmp73636', 'tmp134797', 'tmp52318', 'tmp138204', 'tmp20163', 'tmp138635', 'tmp136621', 'tmp137115', 'tmp138597', 'tmp37019', 'tmp63297', 'tmp84375', 'tmp134075', 'tmp77635', 'tmp136342', 'tmp93774', 'tmp137001', 'tmp61657', 'tmp69016', 'tmp135291', 'tmp76556', 'tmp135899', 'tmp43099', 'tmp137153', 'tmp136760', 'tmp137191', 'tmp87954', 'tmp44659', 'tmp133226', 'tmp32620', 'tmp83555', 'tmp131706', 'tmp130161', 'tmp131795', 'tmp16782', 'tmp86315', 'tmp133657', 'tmp97294', 'tmp90654', 'tmp68276', 'tmp33820', 'tmp133834', 'tmp61617', 'tmp72456', 'tmp136380', 'tmp131098', 'tmp48998', 'tmp136722', 'tmp91274', 'tmp17979', 'tmp138293', 'tmp133948', 'tmp89554', 'tmp26880', 'tmp131554', 'tmp130427', 'tmp130123', 'tmp36359', 'tmp138964', 'tmp132175', 'tmp136152', 'tmp134784', 'tmp130009', 'tmp78615', 'tmp85395', 'tmp94094', 'tmp20751', 'tmp135050', 'tmp60837', 'tmp19596', 'tmp40979', 'tmp61237', 'tmp68776', 'tmp133074', 'tmp133378', 'tmp130883', 'tmp134214', 'tmp133543', 'tmp135215', 'tmp136203', 'tmp75996', 'tmp95774', 'tmp136317', 'tmp132897', 'tmp43479', 'tmp68596', 'tmp134265', 'tmp129692', 'tmp136963', 'tmp96954', 'tmp137976', 'tmp135557', 'tmp138926', 'tmp33300', 'tmp129578', 'tmp129325', 'tmp56038', 'tmp71316', 'tmp85995', 'tmp87674', 'tmp136241', 'tmp138217', 'tmp43459', 'tmp135658', 'tmp32740', 'tmp138660', 'tmp130807', 'tmp52618', 'tmp15606', 'tmp37839', 'tmp137609', 'tmp135253', 'tmp66737', 'tmp59077', 'tmp29200', 'tmp92454', 'tmp64577', 'tmp71616', 'tmp138065', 'tmp129857', 'tmp130199', 'tmp130275', 'tmp132504', 'tmp136431', 'tmp85855', 'tmp55158', 'tmp138166', 'tmp61177', 'tmp132137', 'tmp131060', 'tmp44759', 'tmp72976', 'tmp54618', 'tmp135468', 'tmp78035', 'tmp131668', 'tmp40459', 'tmp132707', 'tmp136608', 'tmp82975', 'tmp54598', 'tmp131972', 'tmp137634', 'tmp18714', 'tmp132884', 'tmp17916', 'tmp136925', 'tmp138546', 'tmp29020', 'tmp16488', 'tmp25644', 'tmp94234', 'tmp132314', 'tmp59297', 'tmp138090', 'tmp24153', 'tmp78895', 'tmp74516', 'tmp134303', 'tmp136266', 'tmp95894', 'tmp133885', 'tmp135747', 'tmp88074', 'tmp138356', 'tmp26140', 'tmp134379', 'tmp57197', 'tmp73116', 'tmp50518', 'tmp34960', 'tmp52538', 'tmp22179', 'tmp137444', 'tmp130566', 'tmp51558', 'tmp44299', 'tmp15732', 'tmp90874', 'tmp135886', 'tmp93014', 'tmp71496', 'tmp135861', 'tmp24552', 'tmp83915', 'tmp134949', 'tmp23880', 'tmp25959', 'tmp97374', 'tmp133695', 'tmp134683', 'tmp131073', 'tmp134987', 'tmp91214', 'tmp133720', 'tmp15564', 'tmp136165', 'tmp138521', 'tmp19197', 'tmp130921', 'tmp133492', 'tmp137406', 'tmp96374', 'tmp138850', 'tmp132466', 'tmp64297', 'tmp19722', 'tmp133581', 'tmp37059', 'tmp137685', 'tmp134138', 'tmp22725', 'tmp83395', 'tmp133264', 'tmp45679', 'tmp86915', 'tmp34560', 'tmp63737', 'tmp64697', 'tmp44879', 'tmp131250', 'tmp132580', 'tmp136849', 'tmp138622', 'tmp65037', 'tmp17685', 'tmp29620', 'tmp131630', 'tmp137786', 'tmp77475', 'tmp131402', 'tmp136646', 'tmp136000', 'tmp86515', 'tmp137596', 'tmp135823', 'tmp78575', 'tmp97074', 'tmp28560', 'tmp131567', 'tmp136013', 'tmp26200', 'tmp89394', 'tmp96834', 'tmp31', 'tmp33500', 'tmp130186', 'tmp19638', 'tmp137216', 'tmp31960', 'tmp84895', 'tmp132770', 'tmp64617', 'tmp44019', 'tmp71576', 'tmp78055', 'tmp94974', 'tmp130946', 'tmp17202', 'tmp133530', 'tmp89114', 'tmp134480', 'tmp137267', 'tmp136950', 'tmp35500', 'tmp29280', 'tmp136494', 'tmp87115', 'tmp135709', 'tmp131719', 'tmp133302', 'tmp58717', 'tmp130148', 'tmp20457', 'tmp132593', 'tmp132086', 'tmp137457', 'tmp63797', 'tmp22095', 'tmp137824', 'tmp130870', 'tmp129743', 'tmp138584', 'tmp137330', 'tmp22578', 'tmp135278', 'tmp31920', 'tmp136887', 'tmp135785', 'tmp87654', 'tmp43559', 'tmp66757', 'tmp134151', 'tmp138863', 'tmp134366', 'tmp131478', 'tmp134290', 'tmp46838', 'tmp19134', 'tmp27440', 'tmp136127', 'tmp89914', 'tmp27340', 'tmp132479', 'tmp137571', 'tmp129477', 'tmp80715', 'tmp136697', 'tmp95694', 'tmp16320', 'tmp136988', 'tmp82535', 'tmp82195', 'tmp49658', 'tmp93514', 'tmp45579', 'tmp133277', 'tmp132213', 'tmp52758', 'tmp89634', 'tmp39779', 'tmp136418', 'tmp54658', 'tmp92614', 'tmp133429', 'tmp64597', 'tmp50638', 'tmp37819', 'tmp133416', 'tmp79915', 'tmp20625', 'tmp23607', 'tmp137140', 'tmp41159', 'tmp136874', 'tmp65537', 'tmp134531', 'tmp75056', 'tmp58237', 'tmp39039', 'tmp130693', 'tmp86455', 'tmp131453', 'tmp48618', 'tmp129958', 'tmp71156', 'tmp137862', 'tmp138179', 'tmp131326', 'tmp132922', 'tmp134898', 'tmp129654', 'tmp56817', 'tmp46379', 'tmp132276', 'tmp132289', 'tmp72516', 'tmp19806', 'tmp130110', 'tmp34440', 'tmp132973', 'tmp77995', 'tmp47058', 'tmp52738', 'tmp50978', 'tmp51058', 'tmp131643', 'tmp79095', 'tmp88494', 'tmp129768', 'tmp137913', 'tmp138445', 'tmp92494', 'tmp136570', 'tmp79435', 'tmp16803', 'tmp97534', 'tmp136811', 'tmp28500', 'tmp85355', 'tmp134252', 'tmp132441', 'tmp43599', 'tmp137368', 'tmp137077', 'tmp42459', 'tmp52798', 'tmp87974', 'tmp67576', 'tmp131516', 'tmp137381', 'tmp135367', 'tmp34500', 'tmp72656', 'tmp133847', 'tmp50558', 'tmp129781', 'tmp131225', 'tmp41059', 'tmp134632', 'tmp133201', 'tmp138901', 'tmp134835', 'tmp25497', 'tmp137951', 'tmp129667', 'tmp82575', 'tmp132669', 'tmp129971', 'tmp67636', 'tmp137482', 'tmp91534', 'tmp130997', 'tmp135443', 'tmp95074', 'tmp138787', 'tmp138432', 'tmp129540', 'tmp94714', 'tmp131681', 'tmp97114', 'tmp136114', 'tmp44839', 'tmp80035', 'tmp129401', 'tmp134645', 'tmp131934', 'tmp97054', 'tmp45239', 'tmp131288', 'tmp130313', 'tmp35800', 'tmp132061', 'tmp135734', 'tmp133644', 'tmp78195', 'tmp19029', 'tmp138255', 'tmp40199', 'tmp134493', 'tmp130769', 'tmp38619', 'tmp135354', 'tmp42619', 'tmp136912', 'tmp88154', 'tmp132732', 'tmp80275', 'tmp83295', 'tmp138014', 'tmp20352', 'tmp129553', 'tmp129882', 'tmp80535', 'tmp37139', 'tmp129844', 'tmp134455', 'tmp137064', 'tmp51458', 'tmp134822', 'tmp135975', 'tmp137761', 'tmp21990', 'tmp134721', 'tmp24930', 'tmp135962', 'tmp131858', 'tmp78135', 'tmp54158', 'tmp80755', 'tmp130300', 'tmp69176', 'tmp131592', 'tmp63157', 'tmp138559', 'tmp132935', 'tmp20268', 'tmp131415', 'tmp135620', 'tmp135848', 'tmp93154', 'tmp135177', 'tmp21360', 'tmp132327', 'tmp21192', 'tmp56638', 'tmp136051', 'tmp23250', 'tmp134860', 'tmp131833', 'tmp64137', 'tmp130034', 'tmp138749', 'tmp133758', 'tmp131174', 'tmp130047', 'tmp138673', 'tmp90334', 'tmp133619', 'tmp136038', 'tmp131529', 'tmp130085', 'tmp129806', 'tmp133505', 'tmp136228', 'tmp34540', 'tmp133809', 'tmp70876', 'tmp18441', 'tmp84635', 'tmp39879', 'tmp69636', 'tmp137558', 'tmp131111', 'tmp138318', 'tmp134607', 'tmp136304', 'tmp46299', 'tmp130845', 'tmp84915', 'tmp93174', 'tmp89054', 'tmp133733', 'tmp134037', 'tmp50418', 'tmp58897', 'tmp129287', 'tmp134341', 'tmp19092', 'tmp129502', 'tmp137419', 'tmp133568', 'tmp138888', 'tmp131022', 'tmp69596', 'tmp93614', 'tmp54878', 'tmp138052', 'tmp43139', 'tmp88654', 'tmp129629', 'tmp32000', 'tmp80055', 'tmp86395', 'tmp17286', 'tmp87474', 'tmp134518', 'tmp133163', 'tmp138242', 'tmp129933', 'tmp59017', 'tmp138939', 'tmp59137', 'tmp131782', 'tmp136659', 'tmp130718', 'tmp17265', 'tmp82955', 'tmp138483', 'tmp92794', 'tmp136798', 'tmp71396', 'tmp137672', 'tmp137254', 'tmp66597', 'tmp130579', 'tmp133999', 'tmp64177', 'tmp130414', 'tmp59537', 'tmp130528', 'tmp131757', 'tmp94134', 'tmp131377', 'tmp55498', 'tmp129515', 'tmp135139', 'tmp134708', 'tmp46459', 'tmp136279', 'tmp16677', 'tmp130262', 'tmp20541', 'tmp45079', 'tmp130072', 'tmp93314', 'tmp95034', 'tmp38979', 'tmp96814', 'tmp134100', 'tmp134670', 'tmp132010', 'tmp138280', 'tmp133353', 'tmp133467', 'tmp94594', 'tmp44519', 'tmp135126', 'tmp69896', 'tmp86115', 'tmp59057', 'tmp134594', 'tmp71196', 'tmp132859', 'tmp136836', 'tmp69576', 'tmp132783', 'tmp135063', 'tmp36399', 'tmp130756', 'tmp76436', 'tmp132517', 'tmp47438', 'tmp37479', 'tmp79975', 'tmp129591', 'tmp133454', 'tmp71236', 'tmp35160', 'tmp129312', 'tmp137837', 'tmp38499', 'tmp45539', 'tmp22557', 'tmp132745', 'tmp59777', 'tmp79035', 'tmp19113', 'tmp135924', 'tmp71356', 'tmp60517', 'tmp97414', 'tmp132428', 'tmp86295', 'tmp34700', 'tmp73196', 'tmp138407', 'tmp134746', 'tmp32760', 'tmp89514', 'tmp87514', 'tmp76736', 'tmp132542', 'tmp131440', 'tmp137178', 'tmp134911', 'tmp76656', 'tmp33760', 'tmp131985', 'tmp129616', 'tmp133910', 'tmp71596', 'tmp37999', 'tmp21402', 'tmp138825', 'tmp137102', 'tmp136469', 'tmp132365', 'tmp91454', 'tmp61557', 'tmp138698', 'tmp87195', 'tmp135392', 'tmp20247', 'tmp39619', 'tmp135595', 'tmp138128', 'tmp26180', 'tmp33380', 'tmp132808', 'tmp137900', 'tmp136583', 'tmp22221', 'tmp61137', 'tmp133188', 'tmp134328', 'tmp91494', 'tmp135164', 'tmp89094', 'tmp20793', 'tmp131605', 'tmp137647', 'tmp18273', 'tmp78595', 'tmp38999', 'tmp37279', 'tmp72096', 'tmp134227', 'tmp20373', 'tmp136355', 'tmp132631', 'tmp132555', 'tmp130642', 'tmp130984', 'tmp135772', 'tmp137305', 'tmp133872', 'tmp136532', 'tmp134569', 'tmp57457', 'tmp132998', 'tmp23649', 'tmp40059', 'tmp39499', 'tmp130731', 'tmp70836', 'tmp131896', 'tmp25560', 'tmp132403', 'tmp69936', 'tmp131035', 'tmp85275', 'tmp58017', 'tmp137039', 'tmp70816', 'tmp130908', 'tmp134113', 'tmp75696', 'tmp130959', 'tmp133923', 'tmp135088', 'tmp68236', 'tmp137520', 'tmp55898', 'tmp132821', 'tmp135101', 'tmp15585', 'tmp49838', 'tmp135012', 'tmp138394', 'tmp60177', 'tmp82495', 'tmp130452', 'tmp135519', 'tmp48638', 'tmp130680', 'tmp66557', 'tmp136089'}(1024)(1024) --> ('tmp15247', 'tmp15154', 'tmp15267', 'tmp15227', 'tmp15196', 'tmp15175', 'tmp15112', 'tmp15133'), (9 x 8)
++++++++++
mem_tmp14520
addr_width: 9
val_width: 8
write enable: tmp14520/1W
write_address: (9), ['tmp13397/1W', 'tmp13417/1W', 'tmp13357/1W', 'tmp13377/1W', 'tmp13317/1W', 'tmp13337/1W', 'tmp13297/1W', 'tmp13257/1W', 'tmp13277/1W']
write_port: (8), ['tmp13860/1W', 'tmp13981/1W', 'tmp13738/1W', 'tmp13806/1W', 'tmp13563/1W', 'tmp13617/1W', 'tmp13684/1W', 'tmp13927/1W']
read_ports:
----------
decomp time: 5404.483939170837 s
