reg_tmp23846[16]: tmp673 tmp685 tmp700 tmp676 tmp688 tmp691 tmp703 tmp657 tmp667 tmp679 tmp694 tmp661 tmp670 tmp682 tmp697 tmp664 
reg_tmp23990[16]: tmp2749 tmp2761 tmp2719 tmp2728 tmp2740 tmp2752 tmp2743 tmp2731 tmp2755 tmp2722 tmp2734 tmp2746 tmp2758 tmp2715 tmp2725 tmp2737 
reg_tmp23999[16]: tmp2878 tmp2881 tmp2887 tmp2899 tmp2869 tmp2896 tmp2862 tmp2902 tmp2872 tmp2866 tmp2893 tmp2905 tmp2875 tmp2890 tmp2884 tmp2908 
reg_tmp23987[16]: tmp2666 tmp2694 tmp2706 tmp2676 tmp2688 tmp2682 tmp2691 tmp2670 tmp2697 tmp2709 tmp2700 tmp2712 tmp2703 tmp2673 tmp2685 tmp2679 
reg_tmp23996[16]: tmp3080 tmp3092 tmp3104 tmp3068 tmp3071 tmp3083 tmp3095 tmp3065 tmp3074 tmp3086 tmp3098 tmp3058 tmp3077 tmp3101 tmp3062 tmp3089 
reg_tmp23859[16]: tmp844 tmp832 tmp820 tmp811 tmp823 tmp835 tmp847 tmp814 tmp826 tmp838 tmp804 tmp850 tmp817 tmp829 tmp841 tmp808 
reg_tmp23791[16]: tmp1389 tmp1377 tmp1365 tmp1359 tmp1343 tmp1353 tmp1356 tmp1380 tmp1368 tmp1347 tmp1383 tmp1371 tmp1374 tmp1386 tmp1350 tmp1362 
reg_tmp23803[16]: tmp2342 tmp2333 tmp2369 tmp2323 tmp2345 tmp2366 tmp2336 tmp2360 tmp2348 tmp2327 tmp2357 tmp2363 tmp2339 tmp2351 tmp2354 tmp2330 
reg_tmp23828[16]: tmp3031 tmp3052 tmp3022 tmp3046 tmp3055 tmp3034 tmp3013 tmp3049 tmp3025 tmp3037 tmp3016 tmp3040 tmp3028 tmp3019 tmp3043 tmp3009 
reg_tmp23897[16]: tmp1414 tmp1426 tmp1402 tmp1438 tmp1392 tmp1417 tmp1429 tmp1405 tmp1396 tmp1420 tmp1432 tmp1408 tmp1399 tmp1423 tmp1435 tmp1411 
reg_tmp23871[16]: tmp1010 tmp1022 tmp1034 tmp1046 tmp1004 tmp1025 tmp1037 tmp1013 tmp1028 tmp1040 tmp1016 tmp1019 tmp1031 tmp1043 tmp1007 tmp1000 
reg_tmp23922[16]: tmp1775 tmp1742 tmp1754 tmp1766 tmp1778 tmp1745 tmp1735 tmp1757 tmp1769 tmp1781 tmp1739 tmp1748 tmp1760 tmp1772 tmp1751 tmp1763 
reg_tmp23856[16]: tmp798 tmp768 tmp783 tmp780 tmp786 tmp789 tmp801 tmp771 tmp762 tmp774 tmp755 tmp792 tmp765 tmp777 tmp759 tmp795 
reg_tmp23865[16]: tmp927 tmp939 tmp930 tmp942 tmp909 tmp918 tmp921 tmp933 tmp945 tmp924 tmp902 tmp912 tmp936 tmp906 tmp948 tmp915 
reg_tmp23954[16]: tmp2265 tmp2232 tmp2244 tmp2256 tmp2268 tmp2225 tmp2235 tmp2247 tmp2259 tmp2271 tmp2229 tmp2250 tmp2238 tmp2262 tmp2241 tmp2253 
reg_tmp23888[16]: tmp1252 tmp1291 tmp1245 tmp1270 tmp1282 tmp1255 tmp1285 tmp1249 tmp1273 tmp1258 tmp1264 tmp1276 tmp1288 tmp1261 tmp1267 tmp1279 
reg_tmp23820[16]: tmp302 tmp293 tmp311 tmp287 tmp305 tmp281 tmp296 tmp308 tmp290 tmp272 tmp269 tmp299 tmp284 tmp278 tmp275 tmp265 
reg_tmp23967[16]: tmp2394 tmp2376 tmp2406 tmp2418 tmp2385 tmp2397 tmp2403 tmp2409 tmp2400 tmp2412 tmp2379 tmp2388 tmp2391 tmp2372 tmp2415 tmp2382 
reg_tmp23939[16]: tmp1990 tmp2002 tmp2014 tmp1984 tmp2023 tmp1993 tmp2005 tmp2017 tmp2026 tmp1996 tmp2008 tmp2020 tmp1999 tmp1987 tmp2011 tmp1980 
reg_tmp23979[16]: tmp2599 tmp2611 tmp2581 tmp2593 tmp2572 tmp2602 tmp2614 tmp2584 tmp2575 tmp2587 tmp2568 tmp2596 tmp2608 tmp2578 tmp2590 tmp2605 
reg_tmp23973[16]: tmp2480 tmp2516 tmp2492 tmp2474 tmp2507 tmp2483 tmp2495 tmp2510 tmp2486 tmp2470 tmp2501 tmp2513 tmp2477 tmp2489 tmp2498 tmp2504 
reg_tmp23837[16]: tmp526 tmp544 tmp550 tmp510 tmp517 tmp520 tmp529 tmp541 tmp553 tmp532 tmp514 tmp538 tmp556 tmp523 tmp535 tmp547 
reg_tmp23964[16]: tmp3135 tmp3147 tmp3117 tmp3138 tmp3150 tmp3120 tmp3107 tmp3111 tmp3129 tmp3141 tmp3123 tmp3153 tmp3132 tmp3144 tmp3126 tmp3114 
reg_tmp23831[16]: tmp443 tmp455 tmp412 tmp422 tmp434 tmp458 tmp416 tmp425 tmp437 tmp449 tmp428 tmp440 tmp452 tmp446 tmp419 tmp431 
reg_tmp23933[16]: tmp1910 tmp1922 tmp1892 tmp1928 tmp1913 tmp1882 tmp1895 tmp1907 tmp1925 tmp1904 tmp1916 tmp1886 tmp1898 tmp1919 tmp1889 tmp1901 
reg_tmp23907[16]: tmp1506 tmp1518 tmp1497 tmp1509 tmp1533 tmp1490 tmp1500 tmp1512 tmp1524 tmp1536 tmp1494 tmp1530 tmp1503 tmp1515 tmp1527 tmp1521 
reg_tmp24005[16]: tmp2973 tmp3000 tmp2988 tmp2976 tmp3003 tmp2979 tmp2991 tmp2967 tmp3006 tmp2982 tmp2994 tmp2960 tmp2970 tmp2997 tmp2985 tmp2964 
reg_tmp23928[16]: tmp73 tmp85 tmp109 tmp100 tmp88 tmp91 tmp112 tmp103 tmp97 tmp115 tmp69 tmp94 tmp81 tmp77 tmp106 tmp40 
reg_tmp23942[16]: tmp2033 tmp2042 tmp2054 tmp2066 tmp2045 tmp2057 tmp2069 tmp2036 tmp2048 tmp2060 tmp2072 tmp2029 tmp2039 tmp2051 tmp2063 tmp2075 
reg_tmp23862[16]: tmp183 tmp192 tmp204 tmp174 tmp195 tmp207 tmp177 tmp186 tmp198 tmp210 tmp167 tmp180 tmp189 tmp201 tmp213 tmp171 
reg_tmp23808[16]: tmp2844 tmp2856 tmp2832 tmp2847 tmp2859 tmp2813 tmp2850 tmp2826 tmp2835 tmp2853 tmp2838 tmp2817 tmp2829 tmp2823 tmp2841 tmp2820 
reg_tmp23779[16]: tmp376 tmp388 tmp400 tmp367 tmp397 tmp403 tmp391 tmp370 tmp382 tmp406 tmp385 tmp379 tmp409 tmp363 tmp394 tmp373 
reg_tmp23879[16]: tmp1105 tmp1117 tmp1098 tmp1108 tmp1120 tmp1129 tmp1132 tmp1144 tmp1102 tmp1141 tmp1111 tmp1123 tmp1135 tmp1114 tmp1126 tmp1138 
reg_tmp23925[16]: tmp1788 tmp1797 tmp1809 tmp1821 tmp1800 tmp1812 tmp1803 tmp1824 tmp1791 tmp1815 tmp1806 tmp1827 tmp1784 tmp1794 tmp1818 tmp1830 
reg_tmp23961[16]: tmp2278 tmp2311 tmp2314 tmp2290 tmp2302 tmp2317 tmp2281 tmp2320 tmp2293 tmp2305 tmp2287 tmp2274 tmp2308 tmp2284 tmp2299 tmp2296 
reg_tmp23784[16]: tmp860 tmp896 tmp875 tmp878 tmp869 tmp899 tmp890 tmp881 tmp857 tmp884 tmp872 tmp863 tmp893 tmp866 tmp853 tmp887 
reg_tmp23948[16]: tmp2127 tmp2143 tmp2137 tmp2149 tmp2161 tmp2140 tmp2152 tmp2164 tmp2173 tmp2131 tmp2155 tmp2167 tmp2134 tmp2146 tmp2158 tmp2170 
reg_tmp23894[16]: tmp122 tmp149 tmp125 tmp137 tmp161 tmp152 tmp128 tmp140 tmp164 tmp155 tmp131 tmp143 tmp118 tmp158 tmp146 tmp134 
reg_tmp23910[16]: tmp1546 tmp1558 tmp1582 tmp1543 tmp1561 tmp1549 tmp1573 tmp1585 tmp1552 tmp1564 tmp1576 tmp1579 tmp1555 tmp1567 tmp1539 tmp1570 
reg_tmp24008[16]: tmp220 tmp256 tmp232 tmp216 tmp244 tmp259 tmp235 tmp223 tmp247 tmp262 tmp250 tmp226 tmp238 tmp253 tmp229 tmp241 
reg_tmp23796[16]: tmp1843 tmp1867 tmp1879 tmp1833 tmp1855 tmp1846 tmp1870 tmp1861 tmp1858 tmp1837 tmp1873 tmp1849 tmp1840 tmp1864 tmp1876 tmp1852 
reg_tmp23900[16]: tmp1451 tmp1463 tmp1475 tmp1448 tmp1487 tmp1441 tmp1454 tmp1466 tmp1478 tmp1445 tmp1457 tmp1469 tmp1481 tmp1460 tmp1472 tmp1484 
reg_tmp23843[16]: tmp630 tmp618 tmp642 tmp654 tmp612 tmp621 tmp645 tmp633 tmp624 tmp636 tmp648 tmp639 tmp627 tmp651 tmp615 tmp608 
reg_tmp23945[16]: tmp2097 tmp2109 tmp2078 tmp2085 tmp2088 tmp2100 tmp2112 tmp2082 tmp2121 tmp2091 tmp2103 tmp2115 tmp2118 tmp2124 tmp2094 tmp2106 
reg_tmp23868[16]: tmp951 tmp979 tmp991 tmp955 tmp982 tmp994 tmp964 tmp973 tmp985 tmp961 tmp997 tmp967 tmp976 tmp988 tmp958 tmp970 
reg_tmp23936[16]: tmp1974 tmp1947 tmp1959 tmp1971 tmp1931 tmp1956 tmp1941 tmp1953 tmp1938 tmp1965 tmp1977 tmp1935 tmp1950 tmp1944 tmp1968 tmp1962 
reg_tmp23919[16]: tmp1696 tmp1714 tmp1720 tmp1732 tmp1690 tmp1699 tmp1723 tmp1708 tmp1726 tmp1711 tmp1693 tmp1705 tmp1717 tmp1729 tmp1702 tmp1686 
reg_openram_h64_w16_1rw_ren[6]: tmp3168 tmp3159 tmp3162 tmp3171 tmp3165 tmp3156 
reg_tmp23951[16]: tmp2222 tmp2192 tmp2204 tmp2183 tmp2195 tmp2207 tmp2176 tmp2216 tmp2186 tmp2198 tmp2210 tmp2219 tmp2180 tmp2189 tmp2201 tmp2213 
reg_tmp23970[16]: tmp2437 tmp2449 tmp2428 tmp2440 tmp2452 tmp2464 tmp2421 tmp2431 tmp2443 tmp2455 tmp2467 tmp2425 tmp2434 tmp2461 tmp2446 tmp2458 
reg_tmp23913[16]: tmp1616 tmp1628 tmp1595 tmp1607 tmp1619 tmp1598 tmp1631 tmp1588 tmp1610 tmp1622 tmp1601 tmp1634 tmp1592 tmp1613 tmp1625 tmp1604 
reg_tmp23825[16]: tmp321 tmp345 tmp357 tmp333 tmp324 tmp348 tmp360 tmp351 tmp342 tmp314 tmp336 tmp327 tmp330 tmp339 tmp318 tmp354 
reg_tmp23853[16]: tmp713 tmp725 tmp737 tmp749 tmp716 tmp728 tmp740 tmp752 tmp706 tmp719 tmp731 tmp743 tmp710 tmp722 tmp746 tmp734 
reg_tmp23891[16]: tmp1334 tmp1313 tmp1325 tmp1337 tmp1294 tmp1301 tmp1304 tmp1316 tmp1328 tmp1340 tmp1298 tmp1307 tmp1319 tmp1331 tmp1310 tmp1322 
reg_tmp23874[16]: tmp1068 tmp1074 tmp1086 tmp1056 tmp1092 tmp1049 tmp1077 tmp1089 tmp1059 tmp1053 tmp1080 tmp1062 tmp1071 tmp1083 tmp1095 tmp1065 
reg_tmp24002[16]: tmp2930 tmp2942 tmp2954 tmp2918 tmp2945 tmp2957 tmp2921 tmp2933 tmp2911 tmp2948 tmp2924 tmp2936 tmp2927 tmp2939 tmp2915 tmp2951 
reg_tmp23815[16]: tmp61 tmp53 tmp3183 tmp3174 tmp3177 tmp32 tmp28 tmp65 tmp45 tmp3186 tmp19 tmp24 tmp49 tmp36 tmp3180 tmp57 
reg_tmp23976[16]: tmp2526 tmp2538 tmp2550 tmp2562 tmp2519 tmp2529 tmp2541 tmp2553 tmp2559 tmp2565 tmp2532 tmp2544 tmp2547 tmp2556 tmp2535 tmp2523 
reg_tmp23840[16]: tmp563 tmp593 tmp605 tmp572 tmp584 tmp596 tmp575 tmp587 tmp599 tmp566 tmp578 tmp590 tmp559 tmp602 tmp569 tmp581 
reg_tmp23993[16]: tmp2771 tmp2783 tmp2789 tmp2801 tmp2764 tmp2774 tmp2786 tmp2792 tmp2804 tmp2768 tmp2777 tmp2807 tmp2795 tmp2780 tmp2810 tmp2798 
reg_tmp23882[16]: tmp1178 tmp1166 tmp1190 tmp1163 tmp1169 tmp1181 tmp1154 tmp1193 tmp1147 tmp1172 tmp1184 tmp1157 tmp1151 tmp1175 tmp1187 tmp1160 
reg_tmp23885[16]: tmp1233 tmp1215 tmp1227 tmp1212 tmp1218 tmp1203 tmp1196 tmp1239 tmp1209 tmp1221 tmp1206 tmp1200 tmp1230 tmp1242 tmp1224 tmp1236 
reg_tmp23834[16]: tmp507 tmp477 tmp489 tmp498 tmp468 tmp480 tmp492 tmp461 tmp501 tmp471 tmp483 tmp504 tmp495 tmp465 tmp474 tmp486 
reg_tmp23982[16]: tmp2633 tmp2645 tmp2657 tmp2624 tmp2648 tmp2636 tmp2660 tmp2617 tmp2627 tmp2651 tmp2639 tmp2663 tmp2621 tmp2630 tmp2642 tmp2654 
reg_tmp23916[16]: tmp1665 tmp1677 tmp1644 tmp1656 tmp1668 tmp1683 tmp1680 tmp1641 tmp1647 tmp1659 tmp1671 tmp1653 tmp1637 tmp1650 tmp1662 tmp1674 
++++++++++
mem_openram_h64_w16_1rw_wen
addr_width: 6
val_width: 16
write enable: openram_h64_w16_1rw_wen/1I
write_address: (6), ['openram_h64_w16_1rw_waddr[0]/1I', 'openram_h64_w16_1rw_waddr[1]/1I', 'openram_h64_w16_1rw_waddr[2]/1I', 'openram_h64_w16_1rw_waddr[3]/1I', 'openram_h64_w16_1rw_waddr[4]/1I', 'openram_h64_w16_1rw_waddr[5]/1I']
write_port: (16), ['openram_h64_w16_1rw_wdata[11]/1I', 'openram_h64_w16_1rw_wdata[9]/1I', 'openram_h64_w16_1rw_wdata[14]/1I', 'openram_h64_w16_1rw_wdata[12]/1I', 'openram_h64_w16_1rw_wdata[3]/1I', 'openram_h64_w16_1rw_wdata[6]/1I', 'openram_h64_w16_1rw_wdata[5]/1I', 'openram_h64_w16_1rw_wdata[15]/1I', 'openram_h64_w16_1rw_wdata[7]/1I', 'openram_h64_w16_1rw_wdata[2]/1I', 'openram_h64_w16_1rw_wdata[8]/1I', 'openram_h64_w16_1rw_wdata[0]/1I', 'openram_h64_w16_1rw_wdata[1]/1I', 'openram_h64_w16_1rw_wdata[13]/1I', 'openram_h64_w16_1rw_wdata[10]/1I', 'openram_h64_w16_1rw_wdata[4]/1I']
read_ports:
 addr: ('read_addr_0/6I', ['tmp3162_o', 'tmp3156_o', 'tmp3168_o', 'tmp3165_o', 'tmp3171_o', 'tmp3159_o'])
 enable: openram_h64_w16_1rw_ren
 data: ('read_data_0/16O', ('tmp3948', 'tmp3864', 'tmp3780', 'tmp3759', 'tmp3801', 'tmp3822', 'tmp3843', 'tmp3906', 'tmp3696', 'tmp3633', 'tmp3654', 'tmp3927', 'tmp3717', 'tmp3738', 'tmp3885', 'tmp3675'))
----------
decomp time: 8.013042688369751 s
