reg_tmp44114[16]: tmp2198 tmp2210 tmp2213 tmp2177 tmp2189 tmp2201 tmp2204 tmp2180 tmp2192 tmp2170 tmp2216 tmp2174 tmp2183 tmp2195 tmp2207 tmp2186 
reg_tmp44183[16]: tmp97 tmp100 tmp3214 tmp3199 tmp3211 tmp88 tmp103 tmp106 tmp3202 tmp3217 tmp3205 tmp91 tmp94 tmp3220 tmp3208 tmp84 
reg_tmp44049[16]: tmp1239 tmp1279 tmp1252 tmp1264 tmp1243 tmp1282 tmp1255 tmp1267 tmp1246 tmp1285 tmp1258 tmp1270 tmp1276 tmp1249 tmp1261 tmp1273 
reg_tmp44057[16]: tmp1383 tmp1344 tmp1356 tmp1371 tmp1368 tmp1337 tmp1374 tmp1359 tmp1341 tmp1377 tmp1350 tmp1362 tmp1380 tmp1353 tmp1365 tmp1347 
reg_tmp44100[16]: tmp1996 tmp1984 tmp2020 tmp1974 tmp2008 tmp1987 tmp1999 tmp2011 tmp1978 tmp1990 tmp2002 tmp2014 tmp2005 tmp1981 tmp1993 tmp2017 
reg_tmp44046[16]: tmp1227 tmp1203 tmp1215 tmp1233 tmp1206 tmp1230 tmp1224 tmp1197 tmp1209 tmp1221 tmp1194 tmp1236 tmp1200 tmp1212 tmp1218 tmp1190 
reg_tmp44165[16]: tmp2933 tmp2905 tmp2918 tmp2930 tmp2942 tmp2921 tmp2945 tmp2912 tmp2924 tmp2936 tmp2948 tmp2909 tmp2915 tmp2927 tmp2939 tmp2951 
reg_tmp44037[16]: tmp1059 tmp1074 tmp1043 tmp1065 tmp1050 tmp1077 tmp1086 tmp1083 tmp1068 tmp1053 tmp1080 tmp1089 tmp1056 tmp1071 tmp1047 tmp1062 
reg_tmp44024[16]: tmp915 tmp939 tmp927 tmp896 tmp906 tmp918 tmp942 tmp930 tmp900 tmp909 tmp921 tmp933 tmp912 tmp924 tmp936 tmp903 
reg_tmp44094[16]: tmp1876 tmp1886 tmp1898 tmp1910 tmp1922 tmp1880 tmp1892 tmp1889 tmp1901 tmp1913 tmp1919 tmp1904 tmp1916 tmp1883 tmp1895 tmp1907 
reg_tmp44006[16]: tmp40 tmp52 tmp44 tmp56 tmp76 tmp68 tmp121 tmp109 tmp60 tmp80 tmp113 tmp72 tmp35 tmp48 tmp64 tmp117 
reg_tmp44168[16]: tmp2973 tmp2985 tmp2997 tmp2954 tmp2964 tmp2976 tmp2988 tmp3000 tmp2970 tmp2967 tmp2979 tmp2991 tmp2982 tmp2958 tmp2994 tmp2961 
reg_tmp43969[16]: tmp1604 tmp1613 tmp1625 tmp1595 tmp1616 tmp1628 tmp1582 tmp1607 tmp1619 tmp1589 tmp1601 tmp1586 tmp1598 tmp1610 tmp1622 tmp1592 
reg_tmp44043[16]: tmp1160 tmp1178 tmp1141 tmp1151 tmp1175 tmp1172 tmp1145 tmp1181 tmp1154 tmp1166 tmp1163 tmp1184 tmp1157 tmp1169 tmp1148 tmp1187 
reg_tmp44111[16]: tmp2121 tmp2143 tmp2155 tmp2131 tmp2167 tmp2140 tmp2125 tmp2146 tmp2158 tmp2134 tmp2149 tmp2161 tmp2137 tmp2164 tmp2152 tmp2128 
reg_tmp44151[16]: tmp2734 tmp2746 tmp2709 tmp2725 tmp2737 tmp2749 tmp2713 tmp2728 tmp2740 tmp2752 tmp2719 tmp2731 tmp2743 tmp2755 tmp2716 tmp2722 
reg_tmp44142[16]: tmp239 tmp251 tmp263 tmp236 tmp230 tmp242 tmp254 tmp266 tmp223 tmp233 tmp245 tmp257 tmp269 tmp227 tmp248 tmp260 
reg_tmp44145[16]: tmp2651 tmp2645 tmp2615 tmp2630 tmp2642 tmp2654 tmp2648 tmp2633 tmp2639 tmp2657 tmp2624 tmp2636 tmp2618 tmp2621 tmp2611 tmp2627 
reg_tmp44126[16]: tmp2376 tmp2388 tmp2412 tmp2394 tmp2370 tmp2379 tmp2391 tmp2403 tmp2382 tmp2406 tmp2400 tmp2373 tmp2385 tmp2397 tmp2409 tmp2366 
reg_tmp44066[16]: tmp1524 tmp1491 tmp1506 tmp1515 tmp1527 tmp1484 tmp1494 tmp1518 tmp1530 tmp1488 tmp1497 tmp1512 tmp1509 tmp1521 tmp1500 tmp1503 
reg_tmp44072[16]: tmp373 tmp385 tmp343 tmp352 tmp364 tmp355 tmp367 tmp379 tmp346 tmp358 tmp370 tmp382 tmp339 tmp349 tmp376 tmp361 
reg_tmp44091[16]: tmp1849 tmp1831 tmp1855 tmp1867 tmp1852 tmp1858 tmp1870 tmp1843 tmp1840 tmp1861 tmp1834 tmp1873 tmp1837 tmp1846 tmp1827 tmp1864 
reg_tmp44106[16]: tmp290 tmp318 tmp330 tmp300 tmp312 tmp294 tmp321 tmp333 tmp303 tmp315 tmp324 tmp336 tmp306 tmp327 tmp297 tmp309 
reg_tmp44103[16]: tmp2054 tmp2066 tmp2039 tmp2045 tmp2057 tmp2030 tmp2069 tmp2042 tmp2023 tmp2048 tmp2060 tmp2033 tmp2027 tmp2051 tmp2063 tmp2036 
reg_tmp44186[16]: tmp150 tmp162 tmp138 tmp125 tmp129 tmp153 tmp141 tmp165 tmp144 tmp168 tmp132 tmp156 tmp147 tmp159 tmp135 tmp171 
reg_tmp44132[16]: tmp2501 tmp2471 tmp2483 tmp2495 tmp2507 tmp2464 tmp2474 tmp2486 tmp2498 tmp2510 tmp2468 tmp2477 tmp2489 tmp2480 tmp2492 tmp2504 
reg_tmp44174[16]: tmp174 tmp217 tmp178 tmp190 tmp202 tmp220 tmp181 tmp193 tmp205 tmp187 tmp199 tmp211 tmp184 tmp208 tmp196 tmp214 
reg_tmp44015[16]: tmp759 tmp795 tmp762 tmp774 tmp786 tmp749 tmp777 tmp789 tmp753 tmp765 tmp768 tmp780 tmp792 tmp756 tmp771 tmp783 
reg_tmp44078[16]: tmp1708 tmp1723 tmp1690 tmp1687 tmp1699 tmp1711 tmp1702 tmp1726 tmp1714 tmp1680 tmp1693 tmp1705 tmp1717 tmp1696 tmp1720 tmp1684 
reg_tmp43986[16]: tmp3068 tmp3080 tmp3056 tmp3092 tmp3059 tmp3071 tmp3083 tmp3095 tmp3052 tmp3074 tmp3086 tmp3098 tmp3062 tmp3065 tmp3077 tmp3089 
reg_tmp44052[16]: tmp1292 tmp1301 tmp1313 tmp1325 tmp1304 tmp1316 tmp1328 tmp1295 tmp1307 tmp1319 tmp1331 tmp1288 tmp1298 tmp1310 tmp1322 tmp1334 
reg_tmp44097[16]: tmp1941 tmp1950 tmp1962 tmp1953 tmp1932 tmp1944 tmp1947 tmp1965 tmp1925 tmp1968 tmp1956 tmp1929 tmp1971 tmp1938 tmp1935 tmp1959 
reg_tmp44148[16]: tmp2664 tmp2682 tmp2673 tmp2685 tmp2697 tmp2676 tmp2688 tmp2700 tmp2667 tmp2679 tmp2703 tmp2660 tmp2691 tmp2670 tmp2694 tmp2706 
reg_tmp44003[16]: tmp575 tmp587 tmp599 tmp557 tmp596 tmp569 tmp581 tmp566 tmp593 tmp563 tmp578 tmp560 tmp572 tmp584 tmp590 tmp553 
reg_tmp44069[16]: tmp1537 tmp1576 tmp1558 tmp1579 tmp1564 tmp1549 tmp1561 tmp1546 tmp1567 tmp1540 tmp1552 tmp1533 tmp1573 tmp1570 tmp1543 tmp1555 
reg_tmp44117[16]: tmp2223 tmp2265 tmp2232 tmp2250 tmp2262 tmp2235 tmp2241 tmp2253 tmp2259 tmp2226 tmp2244 tmp2256 tmp2219 tmp2238 tmp2229 tmp2247 
reg_tmp43962[16]: tmp1105 tmp1117 tmp1132 tmp1129 tmp1108 tmp1120 tmp1099 tmp1111 tmp1123 tmp1135 tmp1092 tmp1102 tmp1114 tmp1126 tmp1138 tmp1096 
reg_tmp44060[16]: tmp1432 tmp1396 tmp1411 tmp1423 tmp1386 tmp1399 tmp1426 tmp1390 tmp1402 tmp1414 tmp1429 tmp1393 tmp1405 tmp1417 tmp1408 tmp1420 
reg_tmp44009[16]: tmp651 tmp679 tmp664 tmp676 tmp691 tmp670 tmp682 tmp667 tmp694 tmp673 tmp685 tmp658 tmp697 tmp655 tmp661 tmp688 
reg_tmp44040[16]: tmp425 tmp413 tmp395 tmp388 tmp416 tmp428 tmp398 tmp401 tmp410 tmp407 tmp419 tmp392 tmp422 tmp434 tmp431 tmp404 
reg_tmp43993[16]: tmp437 tmp477 tmp450 tmp462 tmp444 tmp456 tmp468 tmp480 tmp453 tmp465 tmp483 tmp441 tmp474 tmp447 tmp459 tmp471 
reg_tmp43957[16]: tmp627 tmp602 tmp612 tmp624 tmp648 tmp606 tmp618 tmp630 tmp615 tmp639 tmp609 tmp621 tmp633 tmp645 tmp642 tmp636 
reg_tmp44180[16]: tmp3163 tmp3187 tmp3175 tmp3166 tmp3178 tmp3190 tmp3157 tmp3169 tmp3181 tmp3193 tmp3150 tmp3172 tmp3184 tmp3160 tmp3196 tmp3154 
reg_tmp44063[16]: tmp1469 tmp1442 tmp1481 tmp1454 tmp1466 tmp1435 tmp1472 tmp1445 tmp1457 tmp1439 tmp1448 tmp1460 tmp1475 tmp1451 tmp1463 tmp1478 
reg_tmp44154[16]: tmp2758 tmp2765 tmp2768 tmp2780 tmp2792 tmp2804 tmp2762 tmp2771 tmp2789 tmp2783 tmp2795 tmp2801 tmp2774 tmp2798 tmp2786 tmp2777 
reg_tmp44171[16]: tmp3013 tmp3025 tmp3037 tmp3049 tmp3007 tmp3016 tmp3028 tmp3040 tmp3003 tmp3019 tmp3031 tmp3043 tmp3010 tmp3022 tmp3034 tmp3046 
reg_tmp44034[16]: tmp1031 tmp1013 tmp1025 tmp1001 tmp1004 tmp1016 tmp1028 tmp1040 tmp1037 tmp994 tmp1019 tmp1007 tmp998 tmp1010 tmp1022 tmp1034 
reg_tmp44123[16]: tmp2321 tmp2333 tmp2345 tmp2357 tmp2330 tmp2360 tmp2336 tmp2348 tmp2327 tmp2363 tmp2339 tmp2351 tmp2324 tmp2317 tmp2354 tmp2342 
reg_tmp44157[16]: tmp2838 tmp2814 tmp2826 tmp2850 tmp2841 tmp2817 tmp2829 tmp2853 tmp2807 tmp2832 tmp2844 tmp2820 tmp2811 tmp2835 tmp2847 tmp2823 
reg_tmp44031[16]: tmp976 tmp988 tmp961 tmp973 tmp985 tmp979 tmp991 tmp952 tmp964 tmp945 tmp955 tmp967 tmp949 tmp958 tmp970 tmp982 
reg_tmp44021[16]: tmp890 tmp869 tmp857 tmp881 tmp851 tmp847 tmp872 tmp860 tmp884 tmp875 tmp863 tmp887 tmp854 tmp893 tmp878 tmp866 
reg_tmp44088[16]: tmp1806 tmp1818 tmp1794 tmp1821 tmp1785 tmp1797 tmp1809 tmp1778 tmp1788 tmp1800 tmp1812 tmp1824 tmp1782 tmp1803 tmp1791 tmp1815 
reg_tmp43998[16]: tmp520 tmp532 tmp544 tmp511 tmp504 tmp523 tmp535 tmp547 tmp514 tmp526 tmp538 tmp550 tmp508 tmp517 tmp529 tmp541 
reg_tmp43981[16]: tmp2578 tmp2590 tmp2602 tmp2569 tmp2581 tmp2605 tmp2562 tmp2572 tmp2596 tmp2608 tmp2593 tmp2566 tmp2575 tmp2587 tmp2599 tmp2584 
reg_tmp44177[16]: tmp3108 tmp3120 tmp3132 tmp3144 tmp3111 tmp3123 tmp3135 tmp3147 tmp3105 tmp3114 tmp3126 tmp3138 tmp3101 tmp3117 tmp3129 tmp3141 
reg_tmp44085[16]: tmp1757 tmp1769 tmp1745 tmp1760 tmp1766 tmp1736 tmp1748 tmp1751 tmp1763 tmp1775 tmp1739 tmp1729 tmp1754 tmp1742 tmp1733 tmp1772 
reg_openram_h64_w16_2rw_ren_0[6]: tmp284 tmp278 tmp287 tmp281 tmp272 tmp275 
reg_tmp44075[16]: tmp1668 tmp1638 tmp1650 tmp1662 tmp1674 tmp1631 tmp1641 tmp1653 tmp1677 tmp1635 tmp1644 tmp1656 tmp1659 tmp1665 tmp1647 tmp1671 
reg_tmp44129[16]: tmp2440 tmp2422 tmp2415 tmp2431 tmp2443 tmp2455 tmp2425 tmp2452 tmp2428 tmp2419 tmp2434 tmp2446 tmp2458 tmp2437 tmp2449 tmp2461 
reg_tmp44012[16]: tmp700 tmp725 tmp713 tmp710 tmp704 tmp728 tmp716 tmp740 tmp746 tmp743 tmp731 tmp707 tmp719 tmp737 tmp722 tmp734 
reg_tmp44160[16]: tmp2863 tmp2887 tmp2899 tmp2890 tmp2866 tmp2878 tmp2875 tmp2856 tmp2881 tmp2893 tmp2902 tmp2860 tmp2872 tmp2884 tmp2896 tmp2869 
reg_openram_h64_w16_2rw_ren_1[6]: tmp495 tmp489 tmp498 tmp492 tmp486 tmp501 
reg_tmp43974[16]: tmp2088 tmp2100 tmp2072 tmp2079 tmp2109 tmp2091 tmp2103 tmp2115 tmp2076 tmp2112 tmp2082 tmp2094 tmp2106 tmp2118 tmp2085 tmp2097 
reg_tmp44139[16]: tmp2535 tmp2547 tmp2559 tmp2526 tmp2538 tmp2550 tmp2520 tmp2529 tmp2541 tmp2553 tmp2523 tmp2513 tmp2517 tmp2532 tmp2544 tmp2556 
reg_tmp44120[16]: tmp2287 tmp2299 tmp2275 tmp2311 tmp2268 tmp2278 tmp2302 tmp2290 tmp2314 tmp2281 tmp2293 tmp2305 tmp2272 tmp2284 tmp2296 tmp2308 
reg_tmp44018[16]: tmp798 tmp835 tmp811 tmp805 tmp817 tmp802 tmp838 tmp826 tmp814 tmp808 tmp820 tmp832 tmp844 tmp829 tmp841 tmp823 
++++++++++
mem_openram_h64_w16_2rw_wen
addr_width: 6
val_width: 16
write enable: openram_h64_w16_2rw_wen/1I
write_address: (6), ['openram_h64_w16_2rw_waddr[0]/1I', 'openram_h64_w16_2rw_waddr[1]/1I', 'openram_h64_w16_2rw_waddr[2]/1I', 'openram_h64_w16_2rw_waddr[3]/1I', 'openram_h64_w16_2rw_waddr[4]/1I', 'openram_h64_w16_2rw_waddr[5]/1I']
write_port: (16), ['openram_h64_w16_2rw_wdata[2]/1I', 'openram_h64_w16_2rw_wdata[12]/1I', 'openram_h64_w16_2rw_wdata[0]/1I', 'openram_h64_w16_2rw_wdata[8]/1I', 'openram_h64_w16_2rw_wdata[4]/1I', 'openram_h64_w16_2rw_wdata[1]/1I', 'openram_h64_w16_2rw_wdata[14]/1I', 'openram_h64_w16_2rw_wdata[9]/1I', 'openram_h64_w16_2rw_wdata[6]/1I', 'openram_h64_w16_2rw_wdata[15]/1I', 'openram_h64_w16_2rw_wdata[10]/1I', 'openram_h64_w16_2rw_wdata[13]/1I', 'openram_h64_w16_2rw_wdata[5]/1I', 'openram_h64_w16_2rw_wdata[3]/1I', 'openram_h64_w16_2rw_wdata[11]/1I', 'openram_h64_w16_2rw_wdata[7]/1I']
read_ports:
 addr: ('read_addr_0/6I', ['tmp272_o', 'tmp287_o', 'tmp284_o', 'tmp275_o', 'tmp278_o', 'tmp281_o'])
 enable: openram_h64_w16_2rw_ren_0
 data: ('read_data_0/16O', ('tmp23895', 'tmp24042', 'tmp24084', 'tmp24063', 'tmp24021', 'tmp23916', 'tmp23853', 'tmp23811', 'tmp24126', 'tmp23832', 'tmp23937', 'tmp23874', 'tmp24000', 'tmp24105', 'tmp23958', 'tmp23979'))
 addr: ('read_addr_1/6I', ['tmp501_o', 'tmp492_o', 'tmp486_o', 'tmp495_o', 'tmp498_o', 'tmp489_o'])
 enable: openram_h64_w16_2rw_ren_1
 data: ('read_data_1/16O', ('tmp3709', 'tmp3835', 'tmp3877', 'tmp3751', 'tmp3982', 'tmp3772', 'tmp3793', 'tmp3898', 'tmp3730', 'tmp3856', 'tmp3667', 'tmp3940', 'tmp3688', 'tmp3961', 'tmp3814', 'tmp3919'))
----------
decomp time: 13.956882238388062 s
