reg_tmp47621[16]: tmp2715 tmp2721 tmp2724 tmp2727 tmp2730 tmp2733 tmp2703 tmp2742 tmp2739 tmp2696 tmp2700 tmp2706 tmp2736 tmp2709 tmp2712 tmp2718 
reg_tmp47689[16]: tmp3676 tmp3713 tmp3704 tmp3683 tmp3686 tmp3689 tmp3695 tmp3707 tmp3698 tmp3680 tmp3710 tmp3701 tmp3716 tmp3692 tmp3719 tmp3722 
reg_tmp47569[16]: tmp1946 tmp1952 tmp1943 tmp1934 tmp1925 tmp1916 tmp1955 tmp1922 tmp1937 tmp1928 tmp1919 tmp1958 tmp1949 tmp1940 tmp1931 tmp1912 
reg_tmp47738[16]: tmp4445 tmp4424 tmp4454 tmp4411 tmp4415 tmp4418 tmp4427 tmp4421 tmp4457 tmp4448 tmp4439 tmp4433 tmp4430 tmp4436 tmp4442 tmp4451 
reg_tmp47516[16]: tmp1177 tmp1181 tmp1187 tmp1193 tmp1196 tmp1199 tmp1202 tmp1205 tmp1190 tmp1208 tmp1211 tmp1214 tmp1217 tmp1220 tmp1223 tmp1184 
reg_tmp47707[16]: tmp216 tmp222 tmp225 tmp219 tmp228 tmp201 tmp231 tmp240 tmp237 tmp197 tmp243 tmp204 tmp234 tmp210 tmp213 tmp207 
reg_tmp47792[16]: tmp5214 tmp5229 tmp5220 tmp5211 tmp5202 tmp5241 tmp5232 tmp5223 tmp5195 tmp5199 tmp5238 tmp5235 tmp5205 tmp5226 tmp5217 tmp5208 
reg_tmp47856[16]: tmp6175 tmp6203 tmp6179 tmp6185 tmp6182 tmp6215 tmp6206 tmp6194 tmp6188 tmp6197 tmp6218 tmp6209 tmp6200 tmp6191 tmp6221 tmp6212 
reg_tmp47560[16]: tmp1790 tmp1802 tmp1781 tmp1805 tmp1772 tmp1808 tmp1811 tmp1765 tmp1775 tmp1784 tmp1796 tmp1787 tmp1769 tmp1778 tmp1793 tmp1799 
reg_tmp47850[16]: tmp6108 tmp6099 tmp6081 tmp6090 tmp6120 tmp6111 tmp6102 tmp6093 tmp6084 tmp6105 tmp6114 tmp6096 tmp6077 tmp6087 tmp6123 tmp6117 
reg_tmp47830[16]: tmp5787 tmp5796 tmp5826 tmp5799 tmp5808 tmp5829 tmp5817 tmp5811 tmp5820 tmp5802 tmp5783 tmp5793 tmp5823 tmp5814 tmp5805 tmp5790 
reg_tmp47479[16]: tmp5934 tmp5940 tmp5943 tmp5946 tmp5949 tmp5952 tmp5958 tmp5961 tmp5967 tmp5970 tmp5973 tmp5964 tmp5976 tmp5955 tmp5930 tmp5937 
reg_tmp47618[16]: tmp2666 tmp2669 tmp2672 tmp2675 tmp2663 tmp2678 tmp2654 tmp2681 tmp2684 tmp2687 tmp2690 tmp2693 tmp2647 tmp2657 tmp2651 tmp2660 
reg_tmp47513[16]: tmp1128 tmp1135 tmp1138 tmp1141 tmp1144 tmp1147 tmp1150 tmp1132 tmp1153 tmp1156 tmp1159 tmp1162 tmp1165 tmp1168 tmp1171 tmp1174 
reg_tmp47601[16]: tmp2427 tmp2430 tmp2433 tmp2436 tmp2439 tmp2442 tmp2445 tmp2402 tmp2448 tmp2406 tmp2409 tmp2412 tmp2415 tmp2418 tmp2421 tmp2424 
reg_tmp47566[16]: tmp1897 tmp1867 tmp1900 tmp1876 tmp1906 tmp1909 tmp1863 tmp1888 tmp1870 tmp1879 tmp1891 tmp1882 tmp1885 tmp1873 tmp1894 tmp1903 
reg_tmp47547[16]: tmp1658 tmp1661 tmp1618 tmp1622 tmp1625 tmp1628 tmp1643 tmp1631 tmp1634 tmp1640 tmp1664 tmp1655 tmp1646 tmp1637 tmp1649 tmp1652 
reg_tmp47733[16]: tmp4396 tmp4399 tmp4402 tmp4405 tmp4408 tmp4387 tmp4362 tmp4369 tmp4372 tmp4375 tmp4378 tmp4381 tmp4390 tmp4393 tmp4384 tmp4366 
reg_tmp47787[16]: tmp5165 tmp5168 tmp5162 tmp5171 tmp5153 tmp5180 tmp5183 tmp5146 tmp5174 tmp5156 tmp5189 tmp5192 tmp5186 tmp5150 tmp5177 tmp5159 
reg_tmp47686[16]: tmp3627 tmp3634 tmp3637 tmp3667 tmp3643 tmp3646 tmp3631 tmp3649 tmp3640 tmp3652 tmp3655 tmp3658 tmp3661 tmp3670 tmp3673 tmp3664 
reg_tmp47672[16]: tmp3435 tmp3438 tmp3441 tmp3447 tmp3450 tmp3453 tmp3456 tmp3459 tmp3462 tmp3468 tmp3471 tmp3444 tmp3474 tmp3477 tmp3431 tmp3465 
reg_tmp47501[16]: tmp966 tmp942 tmp945 tmp939 tmp948 tmp954 tmp957 tmp951 tmp960 tmp963 tmp969 tmp972 tmp978 tmp932 tmp975 tmp936 
reg_tmp47818[16]: tmp5606 tmp5597 tmp5609 tmp5615 tmp5591 tmp5600 tmp5618 tmp5621 tmp5630 tmp5624 tmp5627 tmp5612 tmp5603 tmp5587 tmp5633 tmp5594 
reg_tmp47507[16]: tmp369 tmp363 tmp360 tmp351 tmp390 tmp372 tmp381 tmp384 tmp354 tmp387 tmp375 tmp344 tmp366 tmp348 tmp357 tmp378 
reg_tmp47572[16]: tmp1980 tmp1961 tmp1971 tmp1998 tmp2001 tmp2004 tmp2007 tmp1983 tmp1965 tmp1974 tmp1977 tmp1995 tmp1968 tmp1986 tmp1989 tmp1992 
reg_tmp47538[16]: tmp1514 tmp1478 tmp1517 tmp1471 tmp1475 tmp1490 tmp1481 tmp1493 tmp1484 tmp1499 tmp1502 tmp1505 tmp1508 tmp1496 tmp1511 tmp1487 
reg_tmp47813[16]: tmp5551 tmp5554 tmp5560 tmp5563 tmp5569 tmp5572 tmp5578 tmp5581 tmp5584 tmp5538 tmp5575 tmp5542 tmp5566 tmp5545 tmp5557 tmp5548 
reg_tmp47644[16]: tmp3052 tmp3058 tmp3055 tmp3061 tmp3064 tmp3070 tmp3073 tmp3076 tmp3079 tmp3082 tmp3085 tmp3039 tmp3043 tmp3046 tmp3049 tmp3067 
reg_tmp47592[16]: tmp2283 tmp2289 tmp2292 tmp2295 tmp2298 tmp2301 tmp2277 tmp2255 tmp2259 tmp2286 tmp2262 tmp2265 tmp2268 tmp2280 tmp2271 tmp2274 
reg_tmp47769[16]: tmp4877 tmp4880 tmp4868 tmp4886 tmp4889 tmp4895 tmp4871 tmp4898 tmp4852 tmp4862 tmp4856 tmp4859 tmp4892 tmp4883 tmp4865 tmp4874 
reg_tmp47598[16]: tmp2378 tmp2384 tmp2387 tmp2360 tmp2390 tmp2393 tmp2396 tmp2399 tmp2353 tmp2357 tmp2381 tmp2363 tmp2366 tmp2369 tmp2372 tmp2375 
reg_tmp47463[16]: tmp4013 tmp4016 tmp3974 tmp3970 tmp3980 tmp3983 tmp3986 tmp3989 tmp3992 tmp3995 tmp3998 tmp4001 tmp4004 tmp4007 tmp4010 tmp3977 
reg_tmp47807[16]: tmp553 tmp556 tmp559 tmp562 tmp565 tmp568 tmp571 tmp577 tmp580 tmp583 tmp574 tmp586 tmp540 tmp544 tmp547 tmp550 
reg_tmp47821[16]: tmp5646 tmp5649 tmp5682 tmp5652 tmp5636 tmp5673 tmp5655 tmp5664 tmp5640 tmp5670 tmp5667 tmp5658 tmp5676 tmp5679 tmp5643 tmp5661 
reg_tmp47650[16]: tmp3147 tmp3150 tmp3153 tmp3183 tmp3159 tmp3137 tmp3156 tmp3165 tmp3168 tmp3174 tmp3141 tmp3177 tmp3180 tmp3171 tmp3162 tmp3144 
reg_tmp47609[16]: tmp170 tmp173 tmp137 tmp152 tmp134 tmp149 tmp131 tmp146 tmp143 tmp158 tmp140 tmp127 tmp155 tmp167 tmp164 tmp161 
reg_tmp47801[16]: tmp5358 tmp5388 tmp5361 tmp5342 tmp5352 tmp5364 tmp5370 tmp5373 tmp5376 tmp5355 tmp5379 tmp5382 tmp5385 tmp5346 tmp5349 tmp5367 
reg_tmp47470[16]: tmp4494 tmp4491 tmp4500 tmp4482 tmp4464 tmp4473 tmp4460 tmp4503 tmp4476 tmp4467 tmp4479 tmp4485 tmp4488 tmp4506 tmp4497 tmp4470 
reg_tmp47575[16]: tmp265 tmp268 tmp271 tmp274 tmp280 tmp283 tmp286 tmp277 tmp289 tmp292 tmp246 tmp250 tmp253 tmp256 tmp259 tmp262 
reg_tmp47510[16]: tmp1083 tmp1086 tmp1092 tmp1098 tmp1101 tmp1104 tmp1107 tmp1110 tmp1095 tmp1113 tmp1116 tmp1119 tmp1122 tmp1125 tmp1079 tmp1089 
reg_tmp47544[16]: tmp1609 tmp1612 tmp1615 tmp1573 tmp1603 tmp1576 tmp1582 tmp1585 tmp1588 tmp1591 tmp1594 tmp1569 tmp1579 tmp1597 tmp1600 tmp1606 
reg_tmp47836[16]: tmp5888 tmp5891 tmp5894 tmp5897 tmp5900 tmp5903 tmp5906 tmp5912 tmp5915 tmp5918 tmp5921 tmp5924 tmp5927 tmp5881 tmp5885 tmp5909 
reg_tmp47795[16]: tmp5263 tmp5257 tmp5266 tmp5275 tmp5278 tmp5260 tmp5281 tmp5269 tmp5251 tmp5284 tmp5287 tmp5290 tmp5244 tmp5248 tmp5272 tmp5254 
reg_tmp47519[16]: tmp1226 tmp1260 tmp1233 tmp1236 tmp1239 tmp1242 tmp1245 tmp1263 tmp1254 tmp1251 tmp1266 tmp1257 tmp1248 tmp1230 tmp1269 tmp1272 
reg_tmp47632[16]: tmp2859 tmp2862 tmp2868 tmp2843 tmp2853 tmp2871 tmp2874 tmp2880 tmp2883 tmp2847 tmp2856 tmp2886 tmp2865 tmp2889 tmp2877 tmp2850 
reg_tmp47589[16]: tmp2206 tmp2246 tmp2237 tmp2210 tmp2249 tmp2240 tmp2216 tmp2222 tmp2219 tmp2213 tmp2252 tmp2228 tmp2243 tmp2231 tmp2234 tmp2225 
reg_tmp47727[16]: tmp4301 tmp4292 tmp4264 tmp4310 tmp4274 tmp4268 tmp4304 tmp4277 tmp4283 tmp4286 tmp4289 tmp4295 tmp4307 tmp4280 tmp4298 tmp4271 
reg_tmp47721[16]: tmp4206 tmp4209 tmp4212 tmp4170 tmp4173 tmp4176 tmp4200 tmp4179 tmp4182 tmp4185 tmp4188 tmp4191 tmp4194 tmp4197 tmp4166 tmp4203 
reg_tmp47485[16]: tmp746 tmp740 tmp749 tmp752 tmp755 tmp758 tmp761 tmp770 tmp773 tmp776 tmp764 tmp779 tmp736 tmp782 tmp743 tmp767 
reg_tmp47833[16]: tmp5839 tmp5842 tmp5845 tmp5848 tmp5854 tmp5851 tmp5857 tmp5863 tmp5866 tmp5872 tmp5875 tmp5832 tmp5869 tmp5878 tmp5860 tmp5836 
reg_tmp47595[16]: tmp2332 tmp2335 tmp2338 tmp2341 tmp2344 tmp2347 tmp2323 tmp2350 tmp2304 tmp2308 tmp2311 tmp2314 tmp2326 tmp2317 tmp2320 tmp2329 
reg_tmp47434[16]: tmp1563 tmp1520 tmp1527 tmp1566 tmp1533 tmp1536 tmp1539 tmp1542 tmp1530 tmp1545 tmp1548 tmp1551 tmp1554 tmp1524 tmp1557 tmp1560 
reg_tmp47839[16]: tmp602 tmp605 tmp608 tmp611 tmp614 tmp617 tmp620 tmp626 tmp629 tmp632 tmp635 tmp589 tmp623 tmp593 tmp596 tmp599 
reg_tmp47554[16]: tmp1707 tmp1710 tmp1713 tmp1698 tmp1689 tmp1671 tmp1680 tmp1683 tmp1674 tmp1692 tmp1695 tmp1701 tmp1686 tmp1667 tmp1704 tmp1677 
reg_tmp47781[16]: tmp5070 tmp5085 tmp5067 tmp5073 tmp5048 tmp5076 tmp5079 tmp5082 tmp5088 tmp5091 tmp5094 tmp5052 tmp5058 tmp5064 tmp5055 tmp5061 
reg_tmp47422[16]: tmp4954 tmp4978 tmp4981 tmp4984 tmp4987 tmp4990 tmp4993 tmp4957 tmp4975 tmp4950 tmp4996 tmp4960 tmp4963 tmp4966 tmp4969 tmp4972 
reg_tmp47615[16]: tmp2623 tmp2644 tmp2635 tmp2626 tmp2617 tmp2641 tmp2598 tmp2638 tmp2602 tmp2629 tmp2605 tmp2620 tmp2608 tmp2611 tmp2614 tmp2632 
reg_tmp47759[16]: tmp4764 tmp4800 tmp4785 tmp4788 tmp4782 tmp4791 tmp4794 tmp4776 tmp4758 tmp4797 tmp4754 tmp4761 tmp4779 tmp4770 tmp4767 tmp4773 
reg_tmp47701[16]: tmp3912 tmp3918 tmp3872 tmp3903 tmp3876 tmp3894 tmp3882 tmp3885 tmp3906 tmp3897 tmp3888 tmp3879 tmp3900 tmp3891 tmp3909 tmp3915 
reg_tmp47663[16]: tmp3315 tmp3297 tmp3300 tmp3303 tmp3327 tmp3306 tmp3318 tmp3309 tmp3312 tmp3291 tmp3330 tmp3321 tmp3284 tmp3294 tmp3288 tmp3324 
reg_tmp47753[16]: tmp4687 tmp4690 tmp4681 tmp4693 tmp4672 tmp4696 tmp4663 tmp4699 tmp4656 tmp4666 tmp4702 tmp4675 tmp4678 tmp4660 tmp4669 tmp4684 
reg_tmp47638[16]: tmp2957 tmp2960 tmp2975 tmp2948 tmp2966 tmp2969 tmp2972 tmp2978 tmp2941 tmp2951 tmp2981 tmp2984 tmp2987 tmp2945 tmp2954 tmp2963 
reg_tmp47741[16]: tmp458 tmp461 tmp464 tmp467 tmp470 tmp449 tmp473 tmp476 tmp485 tmp479 tmp452 tmp488 tmp442 tmp446 tmp482 tmp455 
reg_tmp47476[16]: tmp5456 tmp5459 tmp5462 tmp5465 tmp5468 tmp5471 tmp5474 tmp5477 tmp5483 tmp5486 tmp5440 tmp5480 tmp5444 tmp5447 tmp5450 tmp5453 
reg_tmp47695[16]: tmp3774 tmp3778 tmp3799 tmp3781 tmp3790 tmp3787 tmp3811 tmp3802 tmp3793 tmp3820 tmp3784 tmp3814 tmp3808 tmp3805 tmp3796 tmp3817 
reg_tmp47541[16]: tmp314 tmp317 tmp341 tmp323 tmp332 tmp326 tmp329 tmp335 tmp338 tmp295 tmp299 tmp302 tmp305 tmp308 tmp311 tmp320 
reg_tmp47586[16]: tmp2188 tmp2191 tmp2161 tmp2194 tmp2197 tmp2200 tmp2182 tmp2173 tmp2164 tmp2167 tmp2170 tmp2203 tmp2185 tmp2176 tmp2157 tmp2179 
reg_tmp47862[16]: tmp6273 tmp6280 tmp6286 tmp6289 tmp6292 tmp6319 tmp6295 tmp6283 tmp6298 tmp6301 tmp6304 tmp6307 tmp6277 tmp6310 tmp6313 tmp6316 
reg_tmp47798[16]: tmp5312 tmp5333 tmp5315 tmp5297 tmp5324 tmp5306 tmp5330 tmp5336 tmp5327 tmp5318 tmp5339 tmp5293 tmp5300 tmp5303 tmp5321 tmp5309 
reg_tmp47678[16]: tmp3533 tmp3536 tmp3539 tmp3542 tmp3545 tmp3554 tmp3548 tmp3551 tmp3557 tmp3529 tmp3563 tmp3566 tmp3569 tmp3572 tmp3575 tmp3560 
reg_tmp47641[16]: tmp97 tmp121 tmp94 tmp85 tmp103 tmp118 tmp124 tmp100 tmp88 tmp91 tmp81 tmp106 tmp115 tmp76 tmp112 tmp109 
reg_tmp47427[16]: tmp1034 tmp1037 tmp1040 tmp1043 tmp1046 tmp1052 tmp1055 tmp1058 tmp1061 tmp1064 tmp1067 tmp1070 tmp1049 tmp1073 tmp1076 tmp1030 
reg_tmp47446[16]: tmp2525 tmp2510 tmp2528 tmp2531 tmp2540 tmp2534 tmp2537 tmp2546 tmp2500 tmp2543 tmp2504 tmp2507 tmp2513 tmp2516 tmp2519 tmp2522 
reg_tmp47488[16]: tmp795 tmp798 tmp801 tmp807 tmp813 tmp810 tmp816 tmp819 tmp822 tmp825 tmp828 tmp831 tmp804 tmp785 tmp789 tmp792 
reg_tmp47627[16]: tmp2813 tmp2834 tmp2825 tmp2828 tmp2816 tmp2798 tmp2837 tmp2794 tmp2819 tmp2801 tmp2804 tmp2840 tmp2807 tmp2831 tmp2810 tmp2822 
reg_tmp47473[16]: tmp44 tmp64 tmp32 tmp60 tmp24 tmp48 tmp56 tmp19 tmp68 tmp72 tmp6322 tmp36 tmp28 tmp40 tmp6325 tmp52 
reg_tmp47535[16]: tmp1468 tmp1450 tmp1426 tmp1441 tmp1422 tmp1432 tmp1429 tmp1435 tmp1462 tmp1453 tmp1438 tmp1444 tmp1456 tmp1447 tmp1459 tmp1465 
reg_tmp47810[16]: tmp5505 tmp5508 tmp5514 tmp5517 tmp5520 tmp5523 tmp5526 tmp5532 tmp5535 tmp5489 tmp5529 tmp5496 tmp5499 tmp5511 tmp5493 tmp5502 
reg_tmp47775[16]: tmp507 tmp510 tmp513 tmp516 tmp519 tmp522 tmp525 tmp531 tmp534 tmp537 tmp528 tmp495 tmp498 tmp491 tmp501 tmp504 
reg_tmp47715[16]: tmp4111 tmp4102 tmp4114 tmp4072 tmp4075 tmp4078 tmp4081 tmp4105 tmp4084 tmp4087 tmp4068 tmp4090 tmp4093 tmp4096 tmp4099 tmp4108 
reg_tmp47451[16]: tmp3006 tmp3009 tmp3012 tmp3015 tmp3021 tmp3024 tmp3030 tmp3033 tmp3027 tmp3036 tmp3018 tmp2990 tmp2994 tmp2997 tmp3000 tmp3003 
reg_tmp47865[16]: tmp651 tmp654 tmp660 tmp663 tmp666 tmp657 tmp672 tmp675 tmp648 tmp678 tmp669 tmp684 tmp638 tmp642 tmp645 tmp681 
reg_tmp47635[16]: tmp2908 tmp2938 tmp2917 tmp2929 tmp2920 tmp2923 tmp2911 tmp2892 tmp2932 tmp2914 tmp2905 tmp2896 tmp2899 tmp2935 tmp2902 tmp2926 
reg_tmp47439[16]: tmp2056 tmp2047 tmp2050 tmp2020 tmp2010 tmp2014 tmp2023 tmp2029 tmp2053 tmp2032 tmp2044 tmp2035 tmp2026 tmp2038 tmp2017 tmp2041 
reg_tmp47766[16]: tmp4810 tmp4834 tmp4849 tmp4840 tmp4831 tmp4822 tmp4803 tmp4843 tmp4813 tmp4807 tmp4816 tmp4819 tmp4846 tmp4837 tmp4825 tmp4828 
reg_tmp47844[16]: tmp5986 tmp5989 tmp5995 tmp6007 tmp5998 tmp6010 tmp6013 tmp6001 tmp6016 tmp5992 tmp6019 tmp6022 tmp6025 tmp5979 tmp5983 tmp6004 
reg_tmp47747[16]: tmp4592 tmp4598 tmp4595 tmp4601 tmp4577 tmp4604 tmp4558 tmp4562 tmp4565 tmp4568 tmp4580 tmp4571 tmp4574 tmp4589 tmp4583 tmp4586 
reg_tmp47580[16]: tmp2093 tmp2099 tmp2102 tmp2087 tmp2105 tmp2059 tmp2069 tmp2096 tmp2066 tmp2072 tmp2075 tmp2063 tmp2078 tmp2081 tmp2084 tmp2090 
reg_tmp47458[16]: tmp3487 tmp3493 tmp3496 tmp3505 tmp3499 tmp3508 tmp3490 tmp3511 tmp3514 tmp3517 tmp3520 tmp3502 tmp3523 tmp3526 tmp3480 tmp3484 
reg_tmp47675[16]: tmp427 tmp409 tmp418 tmp400 tmp421 tmp430 tmp412 tmp433 tmp393 tmp436 tmp439 tmp424 tmp415 tmp397 tmp406 tmp403 
reg_tmp47756[16]: tmp4745 tmp4739 tmp4736 tmp4727 tmp4748 tmp4709 tmp4712 tmp4718 tmp4751 tmp4721 tmp4742 tmp4724 tmp4705 tmp4715 tmp4730 tmp4733 
reg_tmp47824[16]: tmp5698 tmp5701 tmp5704 tmp5707 tmp5710 tmp5713 tmp5695 tmp5722 tmp5725 tmp5716 tmp5728 tmp5731 tmp5685 tmp5689 tmp5692 tmp5719 
reg_tmp47666[16]: tmp3343 tmp3346 tmp3373 tmp3355 tmp3358 tmp3361 tmp3364 tmp3376 tmp3367 tmp3349 tmp3379 tmp3340 tmp3370 tmp3337 tmp3333 tmp3352 
reg_tmp47772[16]: tmp4929 tmp4932 tmp4935 tmp4926 tmp4917 tmp4941 tmp4944 tmp4947 tmp4938 tmp4901 tmp4905 tmp4920 tmp4908 tmp4911 tmp4914 tmp4923 
reg_tmp47612[16]: tmp2574 tmp2549 tmp2586 tmp2580 tmp2577 tmp2583 tmp2592 tmp2553 tmp2589 tmp2595 tmp2556 tmp2571 tmp2559 tmp2562 tmp2565 tmp2568 
reg_tmp47491[16]: tmp844 tmp850 tmp853 tmp856 tmp859 tmp862 tmp847 tmp865 tmp868 tmp871 tmp874 tmp877 tmp834 tmp838 tmp880 tmp841 
reg_tmp47804[16]: tmp5410 tmp5413 tmp5428 tmp5416 tmp5419 tmp5422 tmp5425 tmp5431 tmp5434 tmp5437 tmp5391 tmp5395 tmp5398 tmp5401 tmp5404 tmp5407 
reg_tmp47532[16]: tmp1373 tmp1377 tmp1395 tmp1383 tmp1386 tmp1398 tmp1389 tmp1380 tmp1404 tmp1407 tmp1410 tmp1419 tmp1401 tmp1413 tmp1392 tmp1416 
reg_tmp47750[16]: tmp4641 tmp4644 tmp4614 tmp4653 tmp4635 tmp4607 tmp4617 tmp4647 tmp4638 tmp4623 tmp4629 tmp4626 tmp4611 tmp4620 tmp4632 tmp4650 
reg_tmp47647[16]: tmp3116 tmp3107 tmp3110 tmp3113 tmp3119 tmp3122 tmp3092 tmp3101 tmp3125 tmp3128 tmp3131 tmp3088 tmp3104 tmp3095 tmp3134 tmp3098 
reg_tmp47624[16]: tmp2767 tmp2770 tmp2773 tmp2776 tmp2779 tmp2785 tmp2788 tmp2791 tmp2749 tmp2752 tmp2745 tmp2782 tmp2755 tmp2758 tmp2764 tmp2761 
reg_tmp47692[16]: tmp3729 tmp3732 tmp3738 tmp3762 tmp3753 tmp3741 tmp3744 tmp3725 tmp3735 tmp3750 tmp3765 tmp3756 tmp3747 tmp3768 tmp3759 tmp3771 
reg_tmp47859[16]: tmp6228 tmp6231 tmp6237 tmp6240 tmp6224 tmp6234 tmp6243 tmp6246 tmp6252 tmp6255 tmp6258 tmp6261 tmp6264 tmp6267 tmp6249 tmp6270 
reg_tmp47730[16]: tmp4353 tmp4347 tmp4356 tmp4359 tmp4317 tmp4320 tmp4350 tmp4323 tmp4326 tmp4313 tmp4329 tmp4332 tmp4335 tmp4338 tmp4344 tmp4341 
reg_tmp47653[16]: tmp3211 tmp3202 tmp3205 tmp3193 tmp3232 tmp3223 tmp3214 tmp3186 tmp3220 tmp3196 tmp3226 tmp3217 tmp3208 tmp3190 tmp3199 tmp3229 
reg_tmp47712[16]: tmp4065 tmp4026 tmp4023 tmp4032 tmp4019 tmp4035 tmp4029 tmp4038 tmp4041 tmp4044 tmp4047 tmp4050 tmp4053 tmp4056 tmp4062 tmp4059 
reg_tmp47660[16]: tmp3248 tmp3251 tmp3269 tmp3242 tmp3260 tmp3263 tmp3266 tmp3281 tmp3272 tmp3235 tmp3275 tmp3254 tmp3278 tmp3245 tmp3239 tmp3257 
reg_tmp47827[16]: tmp5747 tmp5768 tmp5750 tmp5759 tmp5765 tmp5762 tmp5753 tmp5771 tmp5744 tmp5774 tmp5777 tmp5780 tmp5734 tmp5756 tmp5738 tmp5741 
reg_tmp47563[16]: tmp1857 tmp1814 tmp1830 tmp1818 tmp1821 tmp1860 tmp1851 tmp1842 tmp1833 tmp1824 tmp1839 tmp1854 tmp1845 tmp1836 tmp1827 tmp1848 
reg_tmp47482[16]: tmp730 tmp703 tmp721 tmp706 tmp712 tmp709 tmp694 tmp715 tmp718 tmp724 tmp697 tmp733 tmp727 tmp687 tmp691 tmp700 
reg_tmp47718[16]: tmp4121 tmp4130 tmp4163 tmp4117 tmp4160 tmp4127 tmp4124 tmp4133 tmp4136 tmp4139 tmp4154 tmp4142 tmp4145 tmp4148 tmp4151 tmp4157 
reg_tmp47744[16]: tmp4546 tmp4549 tmp4552 tmp4509 tmp4513 tmp4516 tmp4519 tmp4522 tmp4525 tmp4528 tmp4543 tmp4531 tmp4534 tmp4537 tmp4540 tmp4555 
reg_tmp47704[16]: tmp3921 tmp3928 tmp3931 tmp3925 tmp3934 tmp3940 tmp3943 tmp3946 tmp3949 tmp3952 tmp3937 tmp3955 tmp3961 tmp3967 tmp3964 tmp3958 
reg_tmp47529[16]: tmp1355 tmp1328 tmp1331 tmp1334 tmp1337 tmp1340 tmp1343 tmp1346 tmp1349 tmp1352 tmp1370 tmp1361 tmp1358 tmp1324 tmp1364 tmp1367 
reg_tmp47724[16]: tmp4258 tmp4234 tmp4215 tmp4219 tmp4255 tmp4222 tmp4225 tmp4237 tmp4228 tmp4231 tmp4240 tmp4243 tmp4246 tmp4249 tmp4261 tmp4252 
reg_tmp47853[16]: tmp6126 tmp6166 tmp6136 tmp6130 tmp6142 tmp6139 tmp6145 tmp6148 tmp6169 tmp6151 tmp6160 tmp6154 tmp6157 tmp6133 tmp6172 tmp6163 
reg_tmp47498[16]: tmp920 tmp902 tmp883 tmp893 tmp905 tmp923 tmp911 tmp914 tmp887 tmp896 tmp926 tmp917 tmp929 tmp908 tmp899 tmp890 
reg_tmp47504[16]: tmp1015 tmp991 tmp1006 tmp994 tmp997 tmp988 tmp1003 tmp1018 tmp1009 tmp1000 tmp981 tmp1021 tmp1012 tmp1024 tmp1027 tmp985 
reg_tmp47698[16]: tmp3827 tmp3833 tmp3857 tmp3836 tmp3839 tmp3842 tmp3830 tmp3845 tmp3869 tmp3848 tmp3860 tmp3851 tmp3854 tmp3823 tmp3863 tmp3866 
reg_tmp47669[16]: tmp3382 tmp3392 tmp3401 tmp3422 tmp3404 tmp3386 tmp3410 tmp3395 tmp3413 tmp3425 tmp3416 tmp3407 tmp3398 tmp3389 tmp3428 tmp3419 
reg_tmp47847[16]: tmp6038 tmp6071 tmp6032 tmp6041 tmp6044 tmp6047 tmp6035 tmp6050 tmp6053 tmp6074 tmp6028 tmp6065 tmp6056 tmp6059 tmp6062 tmp6068 
reg_tmp47526[16]: tmp1318 tmp1309 tmp1300 tmp1288 tmp1291 tmp1282 tmp1303 tmp1294 tmp1275 tmp1321 tmp1285 tmp1312 tmp1315 tmp1306 tmp1297 tmp1279 
reg_tmp47606[16]: tmp2482 tmp2455 tmp2485 tmp2488 tmp2491 tmp2494 tmp2497 tmp2476 tmp2458 tmp2461 tmp2464 tmp2467 tmp2451 tmp2479 tmp2470 tmp2473 
reg_tmp47681[16]: tmp3582 tmp3591 tmp3600 tmp3603 tmp3594 tmp3606 tmp3585 tmp3609 tmp3612 tmp3615 tmp3618 tmp3597 tmp3621 tmp3588 tmp3624 tmp3578 
reg_tmp47778[16]: tmp5039 tmp5030 tmp5003 tmp5042 tmp5033 tmp5024 tmp5006 tmp5009 tmp5045 tmp5012 tmp5036 tmp5015 tmp5027 tmp5018 tmp5021 tmp4999 
reg_tmp47557[16]: tmp1762 tmp1716 tmp1735 tmp1720 tmp1723 tmp1726 tmp1756 tmp1729 tmp1732 tmp1738 tmp1759 tmp1744 tmp1750 tmp1747 tmp1741 tmp1753 
reg_openram_h128_w16_1rw_ren[7]: tmp176 tmp179 tmp182 tmp185 tmp188 tmp191 tmp194 
reg_tmp47583[16]: tmp2151 tmp2142 tmp2133 tmp2108 tmp2115 tmp2112 tmp2154 tmp2145 tmp2136 tmp2121 tmp2127 tmp2124 tmp2118 tmp2130 tmp2148 tmp2139 
reg_tmp47784[16]: tmp5125 tmp5116 tmp5134 tmp5137 tmp5143 tmp5128 tmp5097 tmp5119 tmp5101 tmp5104 tmp5107 tmp5140 tmp5110 tmp5131 tmp5122 tmp5113 
++++++++++
mem_openram_h128_w16_1rw_wen
addr_width: 7
val_width: 16
write enable: openram_h128_w16_1rw_wen/1I
write_address: (7), ['openram_h128_w16_1rw_waddr[0]/1I', 'openram_h128_w16_1rw_waddr[1]/1I', 'openram_h128_w16_1rw_waddr[2]/1I', 'openram_h128_w16_1rw_waddr[3]/1I', 'openram_h128_w16_1rw_waddr[4]/1I', 'openram_h128_w16_1rw_waddr[5]/1I', 'openram_h128_w16_1rw_waddr[6]/1I']
write_port: (16), ['openram_h128_w16_1rw_wdata[5]/1I', 'openram_h128_w16_1rw_wdata[10]/1I', 'openram_h128_w16_1rw_wdata[15]/1I', 'openram_h128_w16_1rw_wdata[13]/1I', 'openram_h128_w16_1rw_wdata[12]/1I', 'openram_h128_w16_1rw_wdata[3]/1I', 'openram_h128_w16_1rw_wdata[9]/1I', 'openram_h128_w16_1rw_wdata[6]/1I', 'openram_h128_w16_1rw_wdata[11]/1I', 'openram_h128_w16_1rw_wdata[8]/1I', 'openram_h128_w16_1rw_wdata[14]/1I', 'openram_h128_w16_1rw_wdata[2]/1I', 'openram_h128_w16_1rw_wdata[0]/1I', 'openram_h128_w16_1rw_wdata[1]/1I', 'openram_h128_w16_1rw_wdata[4]/1I', 'openram_h128_w16_1rw_wdata[7]/1I']
read_ports:
 addr: ('read_addr_0/7I', ['tmp194_o', 'tmp176_o', 'tmp179_o', 'tmp182_o', 'tmp191_o', 'tmp188_o', 'tmp185_o'])
 enable: openram_h128_w16_1rw_ren
 data: ('read_data_0/16O', ('tmp6855', 'tmp6876', 'tmp6792', 'tmp6939', 'tmp6918', 'tmp7086', 'tmp7023', 'tmp6960', 'tmp7107', 'tmp6897', 'tmp6834', 'tmp7002', 'tmp6981', 'tmp6813', 'tmp7065', 'tmp7044'))
----------
decomp time: 35.70973038673401 s
