reg_tmp88500[16]: tmp709 tmp700 tmp691 tmp673 tmp682 tmp712 tmp703 tmp669 tmp694 tmp685 tmp676 tmp715 tmp706 tmp697 tmp688 tmp679 
reg_tmp88362[16]: tmp3977 tmp3968 tmp3959 tmp3998 tmp3989 tmp3980 tmp3971 tmp3956 tmp3952 tmp3962 tmp3992 tmp3983 tmp3974 tmp3965 tmp3995 tmp3986 
reg_tmp88296[16]: tmp3006 tmp3009 tmp3012 tmp3015 tmp3018 tmp2972 tmp2976 tmp2979 tmp2982 tmp2985 tmp2988 tmp2991 tmp2994 tmp2997 tmp3000 tmp3003 
reg_tmp88414[16]: tmp4736 tmp4740 tmp4743 tmp4746 tmp4749 tmp4752 tmp4755 tmp4758 tmp4761 tmp4764 tmp4767 tmp4770 tmp4773 tmp4776 tmp4779 tmp4782 
reg_tmp88247[16]: tmp2237 tmp2262 tmp2241 tmp2253 tmp2244 tmp2283 tmp2274 tmp2265 tmp2256 tmp2247 tmp2277 tmp2268 tmp2259 tmp2250 tmp2280 tmp2271 
reg_tmp88177[16]: tmp1276 tmp1297 tmp1288 tmp1279 tmp1261 tmp1291 tmp1282 tmp1300 tmp1273 tmp1303 tmp1294 tmp1264 tmp1285 tmp1267 tmp1270 tmp1257 
reg_tmp88350[16]: tmp3775 tmp3778 tmp3781 tmp3784 tmp3790 tmp3793 tmp3796 tmp3799 tmp3802 tmp3756 tmp3760 tmp3763 tmp3766 tmp3769 tmp3772 tmp3787 
reg_tmp88517[16]: tmp6274 tmp6277 tmp6280 tmp6283 tmp6286 tmp6289 tmp6295 tmp6298 tmp6292 tmp6301 tmp6259 tmp6255 tmp6262 tmp6265 tmp6268 tmp6271 
reg_tmp88465[16]: tmp5505 tmp5511 tmp5502 tmp5475 tmp5484 tmp5514 tmp5493 tmp5496 tmp5478 tmp5487 tmp5508 tmp5499 tmp5490 tmp5471 tmp5481 tmp5517 
reg_tmp88508[16]: tmp6154 tmp6145 tmp6127 tmp6108 tmp6136 tmp6148 tmp6112 tmp6139 tmp6121 tmp6130 tmp6151 tmp6115 tmp6142 tmp6118 tmp6124 tmp6133 
reg_tmp88187[16]: tmp1401 tmp1392 tmp1383 tmp1374 tmp1355 tmp1365 tmp1395 tmp1386 tmp1377 tmp1359 tmp1368 tmp1398 tmp1389 tmp1380 tmp1362 tmp1371 
reg_tmp88180[16]: tmp1334 tmp1316 tmp1325 tmp1346 tmp1310 tmp1337 tmp1319 tmp1328 tmp1349 tmp1340 tmp1322 tmp1331 tmp1313 tmp1352 tmp1343 tmp1306 
reg_tmp88462[16]: tmp5444 tmp5426 tmp5435 tmp5465 tmp5447 tmp5438 tmp5456 tmp5429 tmp5468 tmp5459 tmp5450 tmp5441 tmp5422 tmp5432 tmp5462 tmp5453 
reg_tmp88230[16]: tmp1996 tmp2002 tmp2005 tmp2008 tmp1999 tmp2011 tmp2014 tmp2017 tmp1992 tmp2020 tmp2023 tmp2026 tmp2029 tmp2032 tmp2035 tmp2038 
reg_tmp88134[16]: tmp72 tmp129 tmp64 tmp133 tmp84 tmp40 tmp76 tmp88 tmp44 tmp56 tmp68 tmp80 tmp48 tmp60 tmp52 tmp35 
reg_tmp88445[16]: tmp5217 tmp5220 tmp5223 tmp5177 tmp5181 tmp5184 tmp5187 tmp5190 tmp5193 tmp5196 tmp5199 tmp5202 tmp5205 tmp5208 tmp5211 tmp5214 
reg_tmp88293[16]: tmp2957 tmp2954 tmp2960 tmp2945 tmp2927 tmp2963 tmp2936 tmp2966 tmp2969 tmp2948 tmp2939 tmp2930 tmp2951 tmp2942 tmp2923 tmp2933 
reg_openram_h128_w16_2rw_ren_1[7]: tmp507 tmp510 tmp516 tmp519 tmp513 tmp501 tmp504 
reg_tmp88411[16]: tmp4687 tmp4694 tmp4697 tmp4700 tmp4703 tmp4706 tmp4709 tmp4691 tmp4712 tmp4715 tmp4718 tmp4721 tmp4724 tmp4727 tmp4730 tmp4733 
reg_tmp88174[16]: tmp1227 tmp1230 tmp1239 tmp1242 tmp1233 tmp1248 tmp1251 tmp1254 tmp1208 tmp1245 tmp1212 tmp1236 tmp1215 tmp1218 tmp1221 tmp1224 
reg_tmp88215[16]: tmp1757 tmp1760 tmp1763 tmp1781 tmp1766 tmp1769 tmp1772 tmp1775 tmp1778 tmp1784 tmp1790 tmp1793 tmp1787 tmp1747 tmp1751 tmp1754 
reg_tmp88276[16]: tmp2718 tmp2721 tmp2724 tmp2678 tmp2682 tmp2685 tmp2691 tmp2694 tmp2697 tmp2700 tmp2703 tmp2706 tmp2709 tmp2712 tmp2715 tmp2688 
reg_tmp88514[16]: tmp6225 tmp6228 tmp6222 tmp6231 tmp6213 tmp6237 tmp6240 tmp6243 tmp6246 tmp6206 tmp6216 tmp6249 tmp6234 tmp6252 tmp6210 tmp6219 
reg_tmp88439[16]: tmp5122 tmp5113 tmp5079 tmp5083 tmp5086 tmp5125 tmp5116 tmp5092 tmp5107 tmp5095 tmp5098 tmp5089 tmp5101 tmp5104 tmp5110 tmp5119 
reg_tmp88137[16]: tmp5530 tmp5554 tmp5557 tmp5560 tmp5551 tmp5563 tmp5542 tmp5524 tmp5533 tmp5545 tmp5536 tmp5527 tmp5539 tmp5548 tmp5566 tmp5520 
reg_tmp88224[16]: tmp1940 tmp1901 tmp1931 tmp1922 tmp1913 tmp1910 tmp1904 tmp1934 tmp1919 tmp1925 tmp1916 tmp1907 tmp1928 tmp1937 tmp1894 tmp1898 
reg_tmp88399[16]: tmp4525 tmp4516 tmp4507 tmp4498 tmp4537 tmp4528 tmp4519 tmp4510 tmp4501 tmp4531 tmp4522 tmp4513 tmp4504 tmp4491 tmp4534 tmp4495 
reg_tmp88244[16]: tmp2195 tmp2234 tmp2225 tmp2198 tmp2213 tmp2201 tmp2207 tmp2204 tmp2188 tmp2228 tmp2216 tmp2210 tmp2192 tmp2219 tmp2231 tmp2222 
reg_tmp88488[16]: tmp5814 tmp5842 tmp5824 tmp5845 tmp5848 tmp5851 tmp5854 tmp5836 tmp5818 tmp5857 tmp5827 tmp5860 tmp5839 tmp5830 tmp5821 tmp5833 
reg_tmp88505[16]: tmp6069 tmp6099 tmp6090 tmp6102 tmp6093 tmp6059 tmp6084 tmp6063 tmp6075 tmp6066 tmp6105 tmp6072 tmp6096 tmp6087 tmp6078 tmp6081 
reg_tmp88442[16]: tmp5168 tmp5171 tmp5174 tmp5162 tmp5153 tmp5144 tmp5135 tmp5165 tmp5156 tmp5147 tmp5128 tmp5138 tmp5159 tmp5150 tmp5132 tmp5141 
reg_tmp88273[16]: tmp2669 tmp2672 tmp2633 tmp2642 tmp2675 tmp2663 tmp2645 tmp2636 tmp2651 tmp2666 tmp2657 tmp2654 tmp2648 tmp2629 tmp2639 tmp2660 
reg_tmp88321[16]: tmp3343 tmp3346 tmp3334 tmp3315 tmp3349 tmp3325 tmp3352 tmp3355 tmp3358 tmp3361 tmp3337 tmp3319 tmp3328 tmp3340 tmp3331 tmp3322 
reg_tmp88494[16]: tmp5937 tmp5940 tmp5943 tmp5946 tmp5949 tmp5952 tmp5955 tmp5958 tmp5912 tmp5916 tmp5919 tmp5922 tmp5925 tmp5928 tmp5931 tmp5934 
reg_tmp88146[16]: tmp844 tmp847 tmp850 tmp853 tmp856 tmp862 tmp816 tmp820 tmp838 tmp826 tmp829 tmp832 tmp835 tmp859 tmp841 tmp823 
reg_tmp88083[16]: tmp5073 tmp5076 tmp5030 tmp5034 tmp5037 tmp5040 tmp5043 tmp5049 tmp5052 tmp5055 tmp5058 tmp5061 tmp5064 tmp5067 tmp5070 tmp5046 
reg_tmp88479[16]: tmp5698 tmp5701 tmp5704 tmp5707 tmp5710 tmp5713 tmp5667 tmp5671 tmp5674 tmp5677 tmp5680 tmp5683 tmp5686 tmp5689 tmp5692 tmp5695 
reg_tmp88208[16]: tmp1708 tmp1705 tmp1711 tmp1714 tmp1717 tmp1720 tmp1744 tmp1723 tmp1698 tmp1726 tmp1729 tmp1732 tmp1735 tmp1738 tmp1702 tmp1741 
reg_tmp88193[16]: tmp1469 tmp1472 tmp1478 tmp1481 tmp1484 tmp1487 tmp1490 tmp1496 tmp1499 tmp1453 tmp1493 tmp1457 tmp1475 tmp1460 tmp1466 tmp1463 
reg_tmp88288[16]: tmp2887 tmp2917 tmp2908 tmp2890 tmp2881 tmp2920 tmp2911 tmp2893 tmp2874 tmp2884 tmp2899 tmp2902 tmp2914 tmp2905 tmp2896 tmp2878 
reg_tmp88330[16]: tmp3493 tmp3484 tmp3466 tmp3475 tmp3505 tmp3496 tmp3487 tmp3469 tmp3508 tmp3499 tmp3490 tmp3481 tmp3462 tmp3472 tmp3478 tmp3502 
reg_tmp88236[16]: tmp324 tmp305 tmp321 tmp345 tmp336 tmp327 tmp309 tmp318 tmp339 tmp348 tmp330 tmp351 tmp312 tmp342 tmp315 tmp333 
reg_tmp88119[16]: tmp3579 tmp3560 tmp3570 tmp3600 tmp3591 tmp3564 tmp3573 tmp3603 tmp3594 tmp3585 tmp3576 tmp3567 tmp3606 tmp3597 tmp3588 tmp3582 
reg_tmp88308[16]: tmp3172 tmp3205 tmp3211 tmp3202 tmp3214 tmp3168 tmp3175 tmp3178 tmp3181 tmp3187 tmp3184 tmp3208 tmp3193 tmp3199 tmp3196 tmp3190 
reg_tmp88511[16]: tmp6164 tmp6203 tmp6194 tmp6185 tmp6176 tmp6157 tmp6167 tmp6197 tmp6188 tmp6179 tmp6161 tmp6170 tmp6200 tmp6191 tmp6182 tmp6173 
reg_tmp88420[16]: tmp4880 tmp4877 tmp4868 tmp4859 tmp4850 tmp4841 tmp4871 tmp4862 tmp4853 tmp4834 tmp4844 tmp4865 tmp4874 tmp4856 tmp4838 tmp4847 
reg_tmp88190[16]: tmp1420 tmp1411 tmp1423 tmp1426 tmp1429 tmp1432 tmp1435 tmp1404 tmp1414 tmp1438 tmp1441 tmp1444 tmp1447 tmp1450 tmp1408 tmp1417 
reg_tmp88250[16]: tmp2286 tmp2290 tmp2293 tmp2296 tmp2299 tmp2302 tmp2305 tmp2308 tmp2311 tmp2314 tmp2317 tmp2320 tmp2323 tmp2326 tmp2329 tmp2332 
reg_tmp88171[16]: tmp1181 tmp1184 tmp1187 tmp1190 tmp1193 tmp1196 tmp1199 tmp1202 tmp1205 tmp1159 tmp1163 tmp1166 tmp1169 tmp1172 tmp1175 tmp1178 
reg_tmp88227[16]: tmp1950 tmp1989 tmp1956 tmp1980 tmp1959 tmp1971 tmp1962 tmp1953 tmp1983 tmp1974 tmp1965 tmp1947 tmp1986 tmp1977 tmp1943 tmp1968 
reg_tmp88299[16]: tmp3055 tmp3049 tmp3058 tmp3064 tmp3067 tmp3021 tmp3025 tmp3061 tmp3028 tmp3031 tmp3034 tmp3037 tmp3040 tmp3043 tmp3046 tmp3052 
reg_tmp88336[16]: tmp177 tmp180 tmp183 tmp137 tmp141 tmp144 tmp147 tmp150 tmp153 tmp156 tmp159 tmp162 tmp165 tmp168 tmp171 tmp174 
reg_tmp88253[16]: tmp2381 tmp2335 tmp2339 tmp2342 tmp2345 tmp2348 tmp2351 tmp2354 tmp2357 tmp2360 tmp2363 tmp2366 tmp2369 tmp2372 tmp2375 tmp2378 
reg_tmp88474[16]: tmp5649 tmp5652 tmp5625 tmp5655 tmp5658 tmp5661 tmp5664 tmp5618 tmp5622 tmp5628 tmp5634 tmp5631 tmp5637 tmp5640 tmp5643 tmp5646 
reg_tmp88376[16]: tmp4185 tmp4176 tmp4167 tmp4148 tmp4188 tmp4179 tmp4170 tmp4152 tmp4161 tmp4191 tmp4182 tmp4173 tmp4164 tmp4155 tmp4194 tmp4158 
reg_tmp88267[16]: tmp2574 tmp2531 tmp2535 tmp2538 tmp2541 tmp2577 tmp2547 tmp2550 tmp2553 tmp2556 tmp2559 tmp2544 tmp2562 tmp2565 tmp2568 tmp2571 
reg_tmp88159[16]: tmp1003 tmp994 tmp985 tmp967 tmp976 tmp1006 tmp997 tmp988 tmp979 tmp970 tmp1009 tmp1000 tmp991 tmp982 tmp963 tmp973 
reg_tmp88314[16]: tmp3266 tmp3276 tmp3306 tmp3297 tmp3288 tmp3270 tmp3279 tmp3309 tmp3300 tmp3291 tmp3282 tmp3273 tmp3312 tmp3303 tmp3294 tmp3285 
reg_tmp88205[16]: tmp1695 tmp1686 tmp1677 tmp1668 tmp1649 tmp1659 tmp1689 tmp1680 tmp1671 tmp1653 tmp1662 tmp1692 tmp1683 tmp1674 tmp1665 tmp1656 
reg_tmp88324[16]: tmp3392 tmp3395 tmp3398 tmp3401 tmp3404 tmp3407 tmp3410 tmp3364 tmp3368 tmp3371 tmp3374 tmp3377 tmp3380 tmp3383 tmp3386 tmp3389 
reg_tmp88491[16]: tmp5891 tmp5894 tmp5897 tmp5900 tmp5906 tmp5909 tmp5863 tmp5903 tmp5867 tmp5870 tmp5873 tmp5876 tmp5879 tmp5882 tmp5885 tmp5888 
reg_tmp88202[16]: tmp367 tmp370 tmp373 tmp354 tmp364 tmp376 tmp379 tmp382 tmp385 tmp388 tmp358 tmp394 tmp391 tmp397 tmp400 tmp361 
reg_tmp88162[16]: tmp1037 tmp1040 tmp1043 tmp1046 tmp1034 tmp1049 tmp1016 tmp1025 tmp1052 tmp1055 tmp1058 tmp1028 tmp1019 tmp1031 tmp1012 tmp1022 
reg_tmp88448[16]: tmp5266 tmp5269 tmp5272 tmp5226 tmp5230 tmp5233 tmp5236 tmp5239 tmp5242 tmp5245 tmp5248 tmp5251 tmp5254 tmp5257 tmp5260 tmp5263 
reg_tmp88339[16]: tmp3631 tmp3634 tmp3628 tmp3637 tmp3609 tmp3640 tmp3643 tmp3646 tmp3649 tmp3652 tmp3613 tmp3622 tmp3655 tmp3619 tmp3625 tmp3616 
reg_tmp88285[16]: tmp2862 tmp2868 tmp2832 tmp2829 tmp2871 tmp2825 tmp2835 tmp2838 tmp2841 tmp2844 tmp2847 tmp2865 tmp2850 tmp2853 tmp2856 tmp2859 
reg_tmp88088[16]: tmp1132 tmp1135 tmp1138 tmp1141 tmp1147 tmp1144 tmp1150 tmp1153 tmp1156 tmp1110 tmp1114 tmp1117 tmp1120 tmp1123 tmp1126 tmp1129 
reg_tmp88385[16]: tmp4305 tmp4308 tmp4311 tmp4317 tmp4302 tmp4320 tmp4323 tmp4326 tmp4329 tmp4332 tmp4335 tmp4338 tmp4314 tmp4341 tmp4295 tmp4299 
reg_tmp88131[16]: tmp4568 tmp4583 tmp4574 tmp4556 tmp4565 tmp4547 tmp4580 tmp4586 tmp4577 tmp4559 tmp4540 tmp4550 tmp4571 tmp4562 tmp4544 tmp4553 
reg_tmp88382[16]: tmp4280 tmp4271 tmp4262 tmp4253 tmp4292 tmp4283 tmp4274 tmp4265 tmp4246 tmp4256 tmp4286 tmp4277 tmp4268 tmp4250 tmp4259 tmp4289 
reg_tmp88095[16]: tmp1628 tmp1610 tmp1619 tmp1640 tmp1631 tmp1622 tmp1613 tmp1643 tmp1634 tmp1625 tmp1607 tmp1600 tmp1616 tmp1604 tmp1646 tmp1637 
reg_tmp88379[16]: tmp4213 tmp4243 tmp4234 tmp4197 tmp4225 tmp4216 tmp4207 tmp4237 tmp4228 tmp4219 tmp4210 tmp4201 tmp4240 tmp4231 tmp4222 tmp4204 
reg_tmp88417[16]: tmp4819 tmp4810 tmp4801 tmp4792 tmp4822 tmp4813 tmp4804 tmp4785 tmp4795 tmp4825 tmp4816 tmp4807 tmp4789 tmp4798 tmp4831 tmp4828 
reg_tmp88526[16]: tmp749 tmp752 tmp755 tmp740 tmp758 tmp722 tmp731 tmp761 tmp764 tmp743 tmp734 tmp725 tmp746 tmp737 tmp718 tmp728 
reg_tmp88471[16]: tmp5603 tmp5606 tmp5588 tmp5612 tmp5615 tmp5569 tmp5573 tmp5609 tmp5576 tmp5579 tmp5582 tmp5585 tmp5591 tmp5594 tmp5597 tmp5600 
reg_tmp88365[16]: tmp4017 tmp4020 tmp4008 tmp4026 tmp4029 tmp4032 tmp4035 tmp4001 tmp4038 tmp4011 tmp4041 tmp4044 tmp4047 tmp4005 tmp4014 tmp4023 
reg_tmp88430[16]: tmp4978 tmp4932 tmp4936 tmp4939 tmp4942 tmp4945 tmp4948 tmp4951 tmp4954 tmp4957 tmp4960 tmp4963 tmp4966 tmp4969 tmp4972 tmp4975 
reg_tmp88302[16]: tmp226 tmp229 tmp232 tmp186 tmp190 tmp193 tmp196 tmp199 tmp202 tmp205 tmp208 tmp211 tmp214 tmp217 tmp220 tmp223 
reg_tmp88112[16]: tmp3104 tmp3110 tmp3113 tmp3107 tmp3116 tmp3070 tmp3077 tmp3080 tmp3083 tmp3086 tmp3074 tmp3089 tmp3092 tmp3095 tmp3098 tmp3101 
reg_tmp88196[16]: tmp1518 tmp1521 tmp1524 tmp1527 tmp1530 tmp1533 tmp1536 tmp1539 tmp1542 tmp1545 tmp1548 tmp1502 tmp1506 tmp1509 tmp1512 tmp1515 
reg_tmp88436[16]: tmp605 tmp608 tmp611 tmp614 tmp617 tmp571 tmp575 tmp578 tmp581 tmp584 tmp587 tmp590 tmp593 tmp596 tmp599 tmp602 
reg_tmp88482[16]: tmp5747 tmp5759 tmp5750 tmp5716 tmp5720 tmp5723 tmp5762 tmp5726 tmp5753 tmp5729 tmp5732 tmp5735 tmp5741 tmp5756 tmp5744 tmp5738 
reg_tmp88221[16]: tmp1855 tmp1858 tmp1861 tmp1864 tmp1867 tmp1870 tmp1873 tmp1876 tmp1879 tmp1882 tmp1885 tmp1888 tmp1891 tmp1845 tmp1849 tmp1852 
reg_tmp88168[16]: tmp416 tmp419 tmp422 tmp425 tmp428 tmp431 tmp434 tmp437 tmp440 tmp443 tmp446 tmp449 tmp403 tmp407 tmp410 tmp413 
reg_tmp88165[16]: tmp1086 tmp1089 tmp1092 tmp1061 tmp1095 tmp1098 tmp1101 tmp1104 tmp1107 tmp1065 tmp1071 tmp1074 tmp1077 tmp1068 tmp1080 tmp1083 
reg_tmp88405[16]: tmp4593 tmp4596 tmp4599 tmp4602 tmp4605 tmp4608 tmp4611 tmp4614 tmp4617 tmp4620 tmp4623 tmp4589 tmp4626 tmp4629 tmp4632 tmp4635 
reg_tmp88453[16]: tmp5315 tmp5318 tmp5275 tmp5321 tmp5279 tmp5282 tmp5285 tmp5297 tmp5288 tmp5291 tmp5294 tmp5300 tmp5303 tmp5306 tmp5309 tmp5312 
reg_tmp88388[16]: tmp4354 tmp4357 tmp4360 tmp4363 tmp4366 tmp4369 tmp4372 tmp4375 tmp4378 tmp4384 tmp4381 tmp4387 tmp4390 tmp4344 tmp4348 tmp4351 
reg_tmp88100[16]: tmp2094 tmp2097 tmp2100 tmp2103 tmp2106 tmp2109 tmp2112 tmp2124 tmp2115 tmp2118 tmp2121 tmp2127 tmp2130 tmp2133 tmp2136 tmp2090 
reg_tmp88347[16]: tmp3729 tmp3732 tmp3735 tmp3738 tmp3741 tmp3744 tmp3747 tmp3750 tmp3753 tmp3707 tmp3711 tmp3714 tmp3726 tmp3717 tmp3720 tmp3723 
reg_tmp88356[16]: tmp3873 tmp3854 tmp3864 tmp3894 tmp3885 tmp3876 tmp3858 tmp3867 tmp3897 tmp3900 tmp3888 tmp3879 tmp3861 tmp3891 tmp3870 tmp3882 
reg_tmp88433[16]: tmp5027 tmp4981 tmp4985 tmp4988 tmp4991 tmp4994 tmp4997 tmp5003 tmp5000 tmp5006 tmp5009 tmp5012 tmp5015 tmp5018 tmp5021 tmp5024 
reg_tmp88262[16]: tmp2528 tmp2482 tmp2486 tmp2492 tmp2495 tmp2498 tmp2501 tmp2504 tmp2507 tmp2510 tmp2513 tmp2516 tmp2519 tmp2522 tmp2489 tmp2525 
reg_tmp88143[16]: tmp798 tmp801 tmp804 tmp807 tmp810 tmp813 tmp767 tmp771 tmp780 tmp774 tmp777 tmp783 tmp786 tmp789 tmp792 tmp795 
reg_tmp88124[16]: tmp4066 tmp4069 tmp4072 tmp4075 tmp4078 tmp4081 tmp4084 tmp4087 tmp4057 tmp4090 tmp4093 tmp4096 tmp4050 tmp4054 tmp4060 tmp4063 
reg_tmp88327[16]: tmp3441 tmp3429 tmp3444 tmp3420 tmp3456 tmp3447 tmp3450 tmp3453 tmp3438 tmp3459 tmp3413 tmp3423 tmp3417 tmp3426 tmp3432 tmp3435 
reg_tmp88199[16]: tmp1567 tmp1570 tmp1573 tmp1555 tmp1576 tmp1579 tmp1582 tmp1585 tmp1588 tmp1591 tmp1594 tmp1597 tmp1551 tmp1558 tmp1561 tmp1564 
reg_tmp88256[16]: tmp2384 tmp2388 tmp2391 tmp2394 tmp2397 tmp2400 tmp2406 tmp2409 tmp2412 tmp2415 tmp2418 tmp2430 tmp2421 tmp2424 tmp2427 tmp2403 
reg_tmp88427[16]: tmp4883 tmp4887 tmp4890 tmp4893 tmp4896 tmp4902 tmp4905 tmp4899 tmp4908 tmp4911 tmp4929 tmp4914 tmp4917 tmp4920 tmp4923 tmp4926 
reg_tmp88270[16]: tmp275 tmp278 tmp281 tmp235 tmp239 tmp242 tmp245 tmp272 tmp248 tmp251 tmp254 tmp257 tmp260 tmp263 tmp266 tmp269 
reg_tmp88468[16]: tmp651 tmp663 tmp654 tmp627 tmp620 tmp624 tmp666 tmp630 tmp657 tmp633 tmp636 tmp639 tmp642 tmp645 tmp660 tmp648 
reg_tmp88359[16]: tmp3919 tmp3949 tmp3943 tmp3940 tmp3903 tmp3913 tmp3931 tmp3922 tmp3907 tmp3934 tmp3916 tmp3925 tmp3946 tmp3937 tmp3928 tmp3910 
reg_tmp88485[16]: tmp5805 tmp5796 tmp5787 tmp5769 tmp5778 tmp5808 tmp5799 tmp5790 tmp5781 tmp5772 tmp5811 tmp5802 tmp5784 tmp5765 tmp5775 tmp5793 
reg_tmp88368[16]: tmp465 tmp468 tmp471 tmp474 tmp477 tmp480 tmp483 tmp486 tmp489 tmp492 tmp495 tmp498 tmp452 tmp462 tmp456 tmp459 
reg_tmp88497[16]: tmp5989 tmp5992 tmp5995 tmp5998 tmp5986 tmp6001 tmp6004 tmp6007 tmp5961 tmp5968 tmp5971 tmp5974 tmp5977 tmp5980 tmp5983 tmp5965 
reg_tmp88391[16]: tmp4403 tmp4406 tmp4409 tmp4412 tmp4415 tmp4418 tmp4421 tmp4424 tmp4427 tmp4430 tmp4433 tmp4436 tmp4439 tmp4393 tmp4400 tmp4397 
reg_tmp88456[16]: tmp5364 tmp5367 tmp5370 tmp5324 tmp5343 tmp5328 tmp5331 tmp5334 tmp5361 tmp5337 tmp5340 tmp5346 tmp5349 tmp5352 tmp5355 tmp5358 
reg_tmp88259[16]: tmp2433 tmp2452 tmp2437 tmp2440 tmp2443 tmp2446 tmp2455 tmp2458 tmp2476 tmp2461 tmp2464 tmp2449 tmp2467 tmp2473 tmp2479 tmp2470 
reg_tmp88373[16]: tmp4115 tmp4118 tmp4121 tmp4139 tmp4124 tmp4127 tmp4130 tmp4112 tmp4133 tmp4142 tmp4099 tmp4103 tmp4145 tmp4106 tmp4136 tmp4109 
reg_tmp88305[16]: tmp3162 tmp3156 tmp3153 tmp3159 tmp3165 tmp3119 tmp3123 tmp3126 tmp3129 tmp3132 tmp3135 tmp3138 tmp3141 tmp3144 tmp3147 tmp3150 
reg_tmp88311[16]: tmp3257 tmp3239 tmp3221 tmp3248 tmp3230 tmp3260 tmp3242 tmp3251 tmp3233 tmp3224 tmp3263 tmp3254 tmp3236 tmp3217 tmp3227 tmp3245 
reg_tmp88342[16]: tmp3683 tmp3686 tmp3689 tmp3692 tmp3695 tmp3698 tmp3701 tmp3704 tmp3658 tmp3662 tmp3665 tmp3680 tmp3668 tmp3671 tmp3674 tmp3677 
reg_tmp88520[16]: tmp6326 tmp6329 tmp6332 tmp6335 tmp6338 tmp6341 tmp6344 tmp6347 tmp6350 tmp6304 tmp6308 tmp6311 tmp6323 tmp6314 tmp6317 tmp6320 
reg_tmp88402[16]: tmp559 tmp562 tmp565 tmp568 tmp522 tmp532 tmp526 tmp529 tmp535 tmp538 tmp541 tmp544 tmp547 tmp556 tmp550 tmp553 
reg_tmp88279[16]: tmp2770 tmp2773 tmp2727 tmp2731 tmp2734 tmp2767 tmp2737 tmp2740 tmp2743 tmp2746 tmp2749 tmp2752 tmp2755 tmp2758 tmp2761 tmp2764 
reg_tmp88218[16]: tmp1809 tmp1812 tmp1815 tmp1818 tmp1821 tmp1824 tmp1827 tmp1830 tmp1833 tmp1836 tmp1839 tmp1842 tmp1796 tmp1800 tmp1806 tmp1803 
reg_tmp88140[16]: tmp6038 tmp6041 tmp6050 tmp6053 tmp6044 tmp6056 tmp6035 tmp6017 tmp6010 tmp6014 tmp6020 tmp6047 tmp6023 tmp6026 tmp6029 tmp6032 
reg_tmp88459[16]: tmp5416 tmp5398 tmp5380 tmp5419 tmp5410 tmp5386 tmp5401 tmp5389 tmp5373 tmp5383 tmp5392 tmp5395 tmp5413 tmp5404 tmp5377 tmp5407 
reg_tmp88408[16]: tmp4645 tmp4648 tmp4642 tmp4651 tmp4654 tmp4657 tmp4660 tmp4663 tmp4666 tmp4669 tmp4672 tmp4675 tmp4678 tmp4681 tmp4684 tmp4638 
reg_tmp88282[16]: tmp2819 tmp2822 tmp2776 tmp2780 tmp2783 tmp2786 tmp2816 tmp2789 tmp2792 tmp2795 tmp2798 tmp2801 tmp2804 tmp2807 tmp2810 tmp2813 
reg_tmp88333[16]: tmp3551 tmp3542 tmp3515 tmp3524 tmp3554 tmp3545 tmp3536 tmp3527 tmp3518 tmp3557 tmp3548 tmp3539 tmp3530 tmp3511 tmp3521 tmp3533 
reg_tmp88107[16]: tmp2623 tmp2614 tmp2605 tmp2596 tmp2587 tmp2626 tmp2617 tmp2608 tmp2599 tmp2580 tmp2590 tmp2620 tmp2611 tmp2602 tmp2584 tmp2593 
reg_tmp88394[16]: tmp4455 tmp4452 tmp4461 tmp4467 tmp4470 tmp4464 tmp4473 tmp4476 tmp4479 tmp4482 tmp4485 tmp4488 tmp4458 tmp4442 tmp4449 tmp4446 
reg_tmp88149[16]: tmp899 tmp902 tmp905 tmp908 tmp893 tmp911 tmp865 tmp869 tmp872 tmp875 tmp896 tmp878 tmp881 tmp884 tmp887 tmp890 
reg_tmp88241[16]: tmp2149 tmp2179 tmp2152 tmp2155 tmp2143 tmp2161 tmp2164 tmp2167 tmp2170 tmp2173 tmp2176 tmp2146 tmp2182 tmp2185 tmp2139 tmp2158 
reg_tmp88233[16]: tmp2054 tmp2057 tmp2060 tmp2048 tmp2063 tmp2066 tmp2069 tmp2072 tmp2075 tmp2051 tmp2078 tmp2084 tmp2081 tmp2087 tmp2041 tmp2045 
reg_openram_h128_w16_2rw_ren_0[7]: tmp296 tmp287 tmp293 tmp290 tmp299 tmp284 tmp302 
reg_tmp88152[16]: tmp957 tmp948 tmp939 tmp914 tmp918 tmp960 tmp951 tmp921 tmp942 tmp924 tmp927 tmp930 tmp933 tmp954 tmp936 tmp945 
reg_tmp88353[16]: tmp3827 tmp3836 tmp3845 tmp3839 tmp3848 tmp3830 tmp3851 tmp3805 tmp3809 tmp3812 tmp3842 tmp3815 tmp3833 tmp3818 tmp3824 tmp3821 
reg_tmp88523[16]: tmp92 tmp96 tmp99 tmp102 tmp105 tmp108 tmp6353 tmp111 tmp6356 tmp114 tmp6359 tmp117 tmp123 tmp6362 tmp120 tmp126 
++++++++++
mem_openram_h128_w16_2rw_wen
addr_width: 7
val_width: 16
write enable: openram_h128_w16_2rw_wen/1I
write_address: (7), ['openram_h128_w16_2rw_waddr[0]/1I', 'openram_h128_w16_2rw_waddr[1]/1I', 'openram_h128_w16_2rw_waddr[2]/1I', 'openram_h128_w16_2rw_waddr[3]/1I', 'openram_h128_w16_2rw_waddr[4]/1I', 'openram_h128_w16_2rw_waddr[5]/1I', 'openram_h128_w16_2rw_waddr[6]/1I']
write_port: (16), ['openram_h128_w16_2rw_wdata[2]/1I', 'openram_h128_w16_2rw_wdata[6]/1I', 'openram_h128_w16_2rw_wdata[12]/1I', 'openram_h128_w16_2rw_wdata[10]/1I', 'openram_h128_w16_2rw_wdata[14]/1I', 'openram_h128_w16_2rw_wdata[1]/1I', 'openram_h128_w16_2rw_wdata[13]/1I', 'openram_h128_w16_2rw_wdata[8]/1I', 'openram_h128_w16_2rw_wdata[11]/1I', 'openram_h128_w16_2rw_wdata[4]/1I', 'openram_h128_w16_2rw_wdata[5]/1I', 'openram_h128_w16_2rw_wdata[9]/1I', 'openram_h128_w16_2rw_wdata[15]/1I', 'openram_h128_w16_2rw_wdata[0]/1I', 'openram_h128_w16_2rw_wdata[3]/1I', 'openram_h128_w16_2rw_wdata[7]/1I']
read_ports:
 addr: ('read_addr_0/7I', ['tmp299_o', 'tmp284_o', 'tmp287_o', 'tmp302_o', 'tmp293_o', 'tmp290_o', 'tmp296_o'])
 enable: openram_h128_w16_2rw_ren_0
 data: ('read_data_0/16O', ('tmp47600', 'tmp47537', 'tmp47705', 'tmp47474', 'tmp47768', 'tmp47747', 'tmp47621', 'tmp47663', 'tmp47558', 'tmp47453', 'tmp47642', 'tmp47684', 'tmp47516', 'tmp47726', 'tmp47495', 'tmp47579'))
 addr: ('read_addr_1/7I', ['tmp513_o', 'tmp516_o', 'tmp519_o', 'tmp510_o', 'tmp501_o', 'tmp504_o', 'tmp507_o'])
 enable: openram_h128_w16_2rw_ren_1
 data: ('read_data_1/16O', ('tmp7018', 'tmp6997', 'tmp6850', 'tmp7144', 'tmp6829', 'tmp7060', 'tmp7081', 'tmp7123', 'tmp6892', 'tmp7039', 'tmp6934', 'tmp7102', 'tmp6913', 'tmp6955', 'tmp6871', 'tmp6976'))
----------
decomp time: 64.75090432167053 s
