Input Wire, rtap_srams_bist_command[3] has been deemed useless by optimization
Input Wire, rtap_srams_bist_command[1] has been deemed useless by optimization
Input Wire, rtap_srams_bist_data[0] has been deemed useless by optimization
Input Wire, rtap_srams_bist_data[1] has been deemed useless by optimization
Input Wire, rtap_srams_bist_command[0] has been deemed useless by optimization
Input Wire, rtap_srams_bist_command[2] has been deemed useless by optimization
Input Wire, rtap_srams_bist_data[3] has been deemed useless by optimization
Input Wire, rtap_srams_bist_data[2] has been deemed useless by optimization
Input Wire, rtap_srams_bist_command[2] has been deemed useless by optimization
Input Wire, rtap_srams_bist_command[3] has been deemed useless by optimization
Input Wire, rtap_srams_bist_command[1] has been deemed useless by optimization
Input Wire, rtap_srams_bist_command[0] has been deemed useless by optimization
Input Wire, rtap_srams_bist_data[1] has been deemed useless by optimization
Input Wire, rtap_srams_bist_data[3] has been deemed useless by optimization
Input Wire, rtap_srams_bist_data[0] has been deemed useless by optimization
Input Wire, rtap_srams_bist_data[2] has been deemed useless by optimization
Input Wire, rtap_srams_bist_data[0] has been deemed useless by optimization
Input Wire, rtap_srams_bist_command[0] has been deemed useless by optimization
Input Wire, rtap_srams_bist_command[2] has been deemed useless by optimization
Input Wire, rtap_srams_bist_data[1] has been deemed useless by optimization
Input Wire, rtap_srams_bist_data[2] has been deemed useless by optimization
Input Wire, rtap_srams_bist_command[3] has been deemed useless by optimization
Input Wire, rtap_srams_bist_data[3] has been deemed useless by optimization
Input Wire, rtap_srams_bist_command[1] has been deemed useless by optimization
Input Wire, rtap_srams_bist_data[0] has been deemed useless by optimization
Input Wire, rtap_srams_bist_command[0] has been deemed useless by optimization
Input Wire, rtap_srams_bist_command[2] has been deemed useless by optimization
Input Wire, rtap_srams_bist_data[1] has been deemed useless by optimization
Input Wire, rtap_srams_bist_data[2] has been deemed useless by optimization
Input Wire, rtap_srams_bist_command[3] has been deemed useless by optimization
Input Wire, rtap_srams_bist_data[3] has been deemed useless by optimization
Input Wire, rtap_srams_bist_command[1] has been deemed useless by optimization
Input Wire, rtap_srams_bist_data[0] has been deemed useless by optimization
Input Wire, rtap_srams_bist_command[2] has been deemed useless by optimization
Input Wire, rtap_srams_bist_data[1] has been deemed useless by optimization
Input Wire, rtap_srams_bist_command[0] has been deemed useless by optimization
Input Wire, rtap_srams_bist_data[2] has been deemed useless by optimization
Input Wire, rtap_srams_bist_command[3] has been deemed useless by optimization
Input Wire, rtap_srams_bist_data[3] has been deemed useless by optimization
Input Wire, rtap_srams_bist_command[1] has been deemed useless by optimization
Input Wire, rtap_srams_bist_data[1] has been deemed useless by optimization
Input Wire, rtap_srams_bist_command[2] has been deemed useless by optimization
Input Wire, rtap_srams_bist_data[0] has been deemed useless by optimization
Input Wire, rtap_srams_bist_command[0] has been deemed useless by optimization
Input Wire, rtap_srams_bist_data[2] has been deemed useless by optimization
Input Wire, rtap_srams_bist_command[3] has been deemed useless by optimization
Input Wire, rtap_srams_bist_data[3] has been deemed useless by optimization
Input Wire, rtap_srams_bist_command[1] has been deemed useless by optimization
Input Wire, rtap_srams_bist_data[1] has been deemed useless by optimization
Input Wire, rtap_srams_bist_command[0] has been deemed useless by optimization
Input Wire, rtap_srams_bist_command[2] has been deemed useless by optimization
Input Wire, rtap_srams_bist_data[2] has been deemed useless by optimization
Input Wire, rtap_srams_bist_data[0] has been deemed useless by optimization
Input Wire, rtap_srams_bist_command[3] has been deemed useless by optimization
Input Wire, rtap_srams_bist_data[3] has been deemed useless by optimization
Input Wire, rtap_srams_bist_command[1] has been deemed useless by optimization
Input Wire, rtap_srams_bist_data[1] has been deemed useless by optimization
Input Wire, rtap_srams_bist_command[2] has been deemed useless by optimization
Input Wire, rtap_srams_bist_data[0] has been deemed useless by optimization
Input Wire, rtap_srams_bist_command[0] has been deemed useless by optimization
Input Wire, rtap_srams_bist_data[2] has been deemed useless by optimization
Input Wire, rtap_srams_bist_command[3] has been deemed useless by optimization
Input Wire, rtap_srams_bist_data[3] has been deemed useless by optimization
Input Wire, rtap_srams_bist_command[1] has been deemed useless by optimization
reg_tmp256621[78]: 
reg_tmp256470[78]: 
reg_tmp256802[78]: 
reg_tmp256655[78]: 
reg_tmp256726[78]: 
reg_tmp256794[78]: 
reg_tmp256740[78]: 
reg_tmp256462[78]: 
reg_tmp256545[78]: 
reg_tmp256519[78]: 
reg_tmp256770[78]: 
reg_tmp256436[78]: 
reg_tmp256754[78]: 
reg_tmp256609[78]: 
reg_tmp257242[78]: 
reg_tmp256705[78]: 
reg_tmp256822[78]: 
reg_tmp256538[78]: 
reg_tmp256579[78]: 
reg_tmp256786[78]: 
reg_tmp257262[78]: 
reg_tmp257259[78]: 
reg_tmp256715[78]: 
reg_tmp256429[78]: 
reg_tmp256423[78]: 
reg_tmp257258[78]: 
reg_tmp256589[78]: 
reg_tmp257246[78]: 
reg_tmp256493[78]: 
reg_tmp256452[78]: 
reg_tmp256570[78]: 
reg_tmp53310[78]: 
reg_tmp256710[78]: 
reg_tmp256751[78]: 
reg_tmp256650[78]: 
reg_tmp256426[78]: 
reg_tmp256798[78]: 
reg_tmp257245[78]: 
reg_tmp256491[78]: 
reg_tmp256679[78]: 
reg_tmp256711[78]: 
reg_tmp256779[78]: 
reg_tmp256640[78]: 
reg_tmp257238[78]: 
reg_tmp256795[78]: 
reg_tmp256821[78]: 
reg_tmp256758[78]: 
reg_tmp256690[78]: 
reg_tmp256474[78]: 
reg_tmp256767[78]: 
reg_tmp256500[78]: 
reg_tmp256614[78]: 
reg_tmp256449[78]: 
reg_tmp256673[78]: 
reg_tmp256811[78]: 
reg_tmp256548[78]: 
reg_tmp256743[78]: 
reg_tmp256685[78]: 
reg_tmp256649[78]: 
reg_tmp256482[78]: 
reg_tmp256693[78]: 
reg_tmp256737[78]: 
reg_tmp256682[78]: 
reg_tmp256585[78]: 
reg_tmp256455[78]: 
reg_tmp256540[78]: 
reg_tmp256577[78]: 
reg_tmp256596[78]: 
reg_tmp256823[78]: 
reg_tmp256512[78]: 
reg_tmp256438[78]: 
reg_tmp256587[78]: 
reg_tmp256432[78]: 
reg_tmp256528[78]: 
reg_tmp256773[78]: 
reg_tmp256697[78]: 
reg_tmp256729[78]: 
reg_tmp256488[78]: 
reg_tmp256700[78]: 
reg_tmp35024[20]: 
reg_tmp256814[78]: 
reg_tmp256712[78]: 
reg_tmp256718[78]: 
reg_tmp256608[78]: 
reg_tmp256499[78]: 
reg_tmp256760[78]: 
reg_tmp256763[78]: 
reg_tmp256632[78]: 
reg_tmp256746[78]: 
reg_tmp256465[78]: 
reg_tmp256561[78]: 
reg_tmp256564[78]: 
reg_tmp257263[78]: 
reg_tmp256808[78]: 
reg_tmp256723[78]: 
reg_tmp257233[78]: 
reg_tmp256468[78]: 
reg_tmp256606[78]: 
reg_tmp256459[78]: 
reg_tmp256446[78]: 
reg_tmp256480[78]: 
reg_tmp256623[78]: 
reg_tmp256776[78]: 
reg_tmp256732[78]: 
reg_tmp257250[78]: 
reg_tmp256406[78]: 
reg_tmp256631[78]: 
reg_tmp256789[78]: 
reg_tmp256598[78]: 
reg_tmp256625[78]: 
reg_tmp256559[78]: 
reg_tmp257253[78]: 
reg_tmp257266[78]: 
reg_tmp256618[78]: 
reg_tmp256505[78]: 
reg_tmp257236[78]: 
reg_tmp256497[78]: 
reg_tmp256526[78]: 
reg_tmp256568[78]: 
reg_tmp256532[78]: 
reg_tmp256830[78]: 
reg_tmp256518[78]: 
reg_tmp256826[78]: 
reg_tmp256553[78]: 
reg_tmp256807[78]: 
reg_tmp256521[78]: 
reg_tmp257247[78]: 
reg_tmp256662[78]: 
reg_tmp256507[78]: 
reg_tmp256783[78]: 
reg_tmp256575[78]: 
reg_tmp33888[1]: 
reg_tmp34288[1]: 
mem_tmp59694, 7 x 78
{'tmp127768', 'tmp35876', 'tmp35880', 'tmp135628', 'tmp32593', 'tmp35872', 'tmp140568', 'tmp91925', 'tmp96479', 'tmp35864', 'tmp32614', 'tmp143499', 'tmp35868', 'tmp72536'}(14)(14) --> ('tmp143384', 'tmp144163', 'tmp143878', 'tmp144030', 'tmp144049', 'tmp143346', 'tmp143156', 'tmp143859', 'tmp144220', 'tmp143631', 'tmp143593', 'tmp143270', 'tmp143232', 'tmp143023', 'tmp143612', 'tmp143308', 'tmp143460', 'tmp143764', 'tmp144277', 'tmp143916', 'tmp143327', 'tmp143042', 'tmp143441', 'tmp142985', 'tmp144353', 'tmp144258', 'tmp143973', 'tmp144125', 'tmp143840', 'tmp143821', 'tmp143517', 'tmp143099', 'tmp143498', 'tmp144296', 'tmp144391', 'tmp143574', 'tmp143118', 'tmp143213', 'tmp144429', 'tmp144448', 'tmp143935', 'tmp143061', 'tmp143536', 'tmp143194', 'tmp144239', 'tmp143669', 'tmp144106', 'tmp144087', 'tmp143289', 'tmp143479', 'tmp143080', 'tmp143555', 'tmp143688', 'tmp143251', 'tmp143745', 'tmp143992', 'tmp143403', 'tmp143650', 'tmp144334', 'tmp144182', 'tmp144372', 'tmp144315', 'tmp143707', 'tmp144144', 'tmp144068', 'tmp144201', 'tmp143137', 'tmp143422', 'tmp143726', 'tmp143954', 'tmp143004', 'tmp144410', 'tmp143802', 'tmp143783', 'tmp143365', 'tmp143897', 'tmp144011', 'tmp143175'), (7 x 78)
++++++++++
mem_tmp59694
addr_width: 7
val_width: 78
write enable: tmp59694/1W
write_address: (7), ['tmp61274/1W', 'tmp61294/1W', 'tmp61314/1W', 'tmp61334/1W', 'tmp61354/1W', 'tmp61374/1W', 'tmp61394/1W']
write_port: (78), ['tmp56703/1W', 'tmp56798/1W', 'tmp57140/1W', 'tmp57444/1W', 'tmp57520/1W', 'tmp56855/1W', 'tmp58071/1W', 'tmp57235/1W', 'tmp57159/1W', 'tmp57615/1W', 'tmp56684/1W', 'tmp57425/1W', 'tmp57691/1W', 'tmp57577/1W', 'tmp56779/1W', 'tmp57596/1W', 'tmp57330/1W', 'tmp56874/1W', 'tmp57919/1W', 'tmp57216/1W', 'tmp57349/1W', 'tmp57710/1W', 'tmp56722/1W', 'tmp57007/1W', 'tmp57976/1W', 'tmp56969/1W', 'tmp57748/1W', 'tmp57843/1W', 'tmp57995/1W', 'tmp57558/1W', 'tmp57292/1W', 'tmp57311/1W', 'tmp57482/1W', 'tmp58109/1W', 'tmp57026/1W', 'tmp57083/1W', 'tmp57805/1W', 'tmp57786/1W', 'tmp57824/1W', 'tmp57653/1W', 'tmp57634/1W', 'tmp57102/1W', 'tmp57045/1W', 'tmp56741/1W', 'tmp57767/1W', 'tmp57881/1W', 'tmp56912/1W', 'tmp56836/1W', 'tmp57273/1W', 'tmp57254/1W', 'tmp57178/1W', 'tmp57121/1W', 'tmp57957/1W', 'tmp57938/1W', 'tmp57463/1W', 'tmp57672/1W', 'tmp57862/1W', 'tmp56760/1W', 'tmp57539/1W', 'tmp56646/1W', 'tmp57406/1W', 'tmp58014/1W', 'tmp58090/1W', 'tmp58033/1W', 'tmp57900/1W', 'tmp57064/1W', 'tmp56950/1W', 'tmp57368/1W', 'tmp57729/1W', 'tmp56665/1W', 'tmp57197/1W', 'tmp56931/1W', 'tmp57387/1W', 'tmp56817/1W', 'tmp56893/1W', 'tmp58052/1W', 'tmp57501/1W', 'tmp56988/1W']
read_ports:
----------
decomp time: 2949.35852599144 s
