Built netlist in 62.684s
Rewrote dffs and logic gates in 5.593s
Rewrote 144777 muxes to qmuxes in 1.202s
Rewrote 0 inverted muxes to qmuxes in 5.855s
Reduced all qmuxes in 11.847s
Found 90 read port(s) in 1.883s
Found 84 memory(ies) in 0.003s
Created 84 write port(s) in 210.741s
Found 84 memory(ies):
	Memory 0: width = 8, height = 512
		Read port 0:
			Read address: (1034882, 1034879, 1034876, 1034873, 1034870)...
			Read data: (194246, 194247, 194248, 194249, 194250)...
			Registers: [(44608, 44624, 44640, 44656, 44672), (44610, 44626, 44642, 44658, 44674), (44612, 44628, 44644, 44660, 44676), (44614, 44630, 44646, 44662, 44678), (44616, 44632, 44648, 44664, 44680)]...
		Write port:
			Write enable: 100000000
			Write address: (100000018, 100000018, 100000018, 100000018, 100000018)...
			Write data: (44607, 44609, 44611, 44613, 44615)...
	Memory 1: width = 8, height = 512
		Read port 0:
			Read address: (1034858, 1034855, 1034852, 1034849, 1034846)...
			Read data: (202431, 202432, 202433, 202434, 202435)...
			Registers: [(44592, 194256, 194272, 194288, 194304), (44594, 194258, 194274, 194290, 194306), (44596, 194260, 194276, 194292, 194308), (44598, 194262, 194278, 194294, 194310), (44600, 194264, 194280, 194296, 194312)]...
		Write port:
			Write enable: 100000019
			Write address: (100000018, 100000018, 100000018, 100000018, 100000018)...
			Write data: (44591, 44593, 44595, 44597, 44599)...
	Memory 2: width = 8, height = 512
		Read port 0:
			Read address: (1034834, 1034831, 1034828, 1034825, 1034822)...
			Read data: (210616, 210617, 210618, 210619, 210620)...
			Registers: [(44508, 202441, 202457, 202473, 202489), (44510, 202443, 202459, 202475, 202491), (44512, 202445, 202461, 202477, 202493), (44514, 202447, 202463, 202479, 202495), (44516, 202449, 202465, 202481, 202497)]...
		Write port:
			Write enable: 100000022
			Write address: (100000018, 100000018, 100000018, 100000018, 100000018)...
			Write data: (44507, 44509, 44511, 44513, 44515)...
	Memory 3: width = 8, height = 512
		Read port 0:
			Read address: (1034810, 1034807, 1034804, 1034801, 1034798)...
			Read data: (218801, 218802, 218803, 218804, 218805)...
			Registers: [(44424, 210626, 210642, 210658, 210674), (44426, 210628, 210644, 210660, 210676), (44428, 210630, 210646, 210662, 210678), (44430, 210632, 210648, 210664, 210680), (44432, 210634, 210650, 210666, 210682)]...
		Write port:
			Write enable: 100000025
			Write address: (100000018, 100000018, 100000018, 100000018, 100000018)...
			Write data: (44423, 44425, 44427, 44429, 44431)...
	Memory 4: width = 8, height = 512
		Read port 0:
			Read address: (1034786, 1034783, 1034780, 1034777, 1034774)...
			Read data: (226986, 226987, 226988, 226989, 226990)...
			Registers: [(44340, 218811, 218827, 218843, 218859), (44342, 218813, 218829, 218845, 218861), (44344, 218815, 218831, 218847, 218863), (44346, 218817, 218833, 218849, 218865), (44348, 218819, 218835, 218851, 218867)]...
		Write port:
			Write enable: 100000028
			Write address: (100000018, 100000018, 100000018, 100000018, 100000018)...
			Write data: (44339, 44341, 44343, 44345, 44347)...
	Memory 5: width = 8, height = 512
		Read port 0:
			Read address: (1034762, 1034759, 1034756, 1034753, 1034750)...
			Read data: (235171, 235172, 235173, 235174, 235175)...
			Registers: [(44256, 226996, 227012, 227028, 227044), (44258, 226998, 227014, 227030, 227046), (44260, 227000, 227016, 227032, 227048), (44262, 227002, 227018, 227034, 227050), (44264, 227004, 227020, 227036, 227052)]...
		Write port:
			Write enable: 100000031
			Write address: (100000018, 100000018, 100000018, 100000018, 100000018)...
			Write data: (44255, 44257, 44259, 44261, 44263)...
	Memory 6: width = 8, height = 512
		Read port 0:
			Read address: (1034738, 1034735, 1034732, 1034729, 1034726)...
			Read data: (243356, 243357, 243358, 243359, 243360)...
			Registers: [(44172, 235181, 235197, 235213, 235229), (44174, 235183, 235199, 235215, 235231), (44176, 235185, 235201, 235217, 235233), (44178, 235187, 235203, 235219, 235235), (44180, 235189, 235205, 235221, 235237)]...
		Write port:
			Write enable: 100000034
			Write address: (100000018, 100000018, 100000018, 100000018, 100000018)...
			Write data: (44171, 44173, 44175, 44177, 44179)...
	Memory 7: width = 8, height = 512
		Read port 0:
			Read address: (1034714, 1034711, 1034708, 1034705, 1034702)...
			Read data: (251541, 251542, 251543, 251544, 251545)...
			Registers: [(44088, 243366, 243382, 243398, 243414), (44090, 243368, 243384, 243400, 243416), (44092, 243370, 243386, 243402, 243418), (44094, 243372, 243388, 243404, 243420), (44096, 243374, 243390, 243406, 243422)]...
		Write port:
			Write enable: 100000037
			Write address: (100000018, 100000018, 100000018, 100000018, 100000018)...
			Write data: (44087, 44089, 44091, 44093, 44095)...
	Memory 8: width = 8, height = 512
		Read port 0:
			Read address: (1034690, 1034687, 1034684, 1034681, 1034678)...
			Read data: (259726, 259727, 259728, 259729, 259730)...
			Registers: [(44004, 251551, 251567, 251583, 251599), (44006, 251553, 251569, 251585, 251601), (44008, 251555, 251571, 251587, 251603), (44010, 251557, 251573, 251589, 251605), (44012, 251559, 251575, 251591, 251607)]...
		Write port:
			Write enable: 100000040
			Write address: (100000018, 100000018, 100000018, 100000018, 100000018)...
			Write data: (44003, 44005, 44007, 44009, 44011)...
	Memory 9: width = 8, height = 512
		Read port 0:
			Read address: (1034666, 1034663, 1034660, 1034657, 1034654)...
			Read data: (267911, 267912, 267913, 267914, 267915)...
			Registers: [(43920, 259736, 259752, 259768, 259784), (43922, 259738, 259754, 259770, 259786), (43924, 259740, 259756, 259772, 259788), (43926, 259742, 259758, 259774, 259790), (43928, 259744, 259760, 259776, 259792)]...
		Write port:
			Write enable: 100000043
			Write address: (100000018, 100000018, 100000018, 100000018, 100000018)...
			Write data: (43919, 43921, 43923, 43925, 43927)...
	Memory 10: width = 8, height = 512
		Read port 0:
			Read address: (1034642, 1034639, 1034636, 1034633, 1034630)...
			Read data: (276096, 276097, 276098, 276099, 276100)...
			Registers: [(43836, 267921, 267937, 267953, 267969), (43838, 267923, 267939, 267955, 267971), (43840, 267925, 267941, 267957, 267973), (43842, 267927, 267943, 267959, 267975), (43844, 267929, 267945, 267961, 267977)]...
		Write port:
			Write enable: 100000046
			Write address: (100000018, 100000018, 100000018, 100000018, 100000018)...
			Write data: (43835, 43837, 43839, 43841, 43843)...
	Memory 11: width = 8, height = 512
		Read port 0:
			Read address: (1034618, 1034615, 1034612, 1034609, 1034606)...
			Read data: (284281, 284282, 284283, 284284, 284285)...
			Registers: [(43752, 276106, 276122, 276138, 276154), (43754, 276108, 276124, 276140, 276156), (43756, 276110, 276126, 276142, 276158), (43758, 276112, 276128, 276144, 276160), (43760, 276114, 276130, 276146, 276162)]...
		Write port:
			Write enable: 100000049
			Write address: (100000018, 100000018, 100000018, 100000018, 100000018)...
			Write data: (43751, 43753, 43755, 43757, 43759)...
	Memory 12: width = 8, height = 512
		Read port 0:
			Read address: (1034594, 1034591, 1034588, 1034585, 1034582)...
			Read data: (292466, 292467, 292468, 292469, 292470)...
			Registers: [(43668, 284291, 284307, 284323, 284339), (43670, 284293, 284309, 284325, 284341), (43672, 284295, 284311, 284327, 284343), (43674, 284297, 284313, 284329, 284345), (43676, 284299, 284315, 284331, 284347)]...
		Write port:
			Write enable: 100000052
			Write address: (100000018, 100000018, 100000018, 100000018, 100000018)...
			Write data: (43667, 43669, 43671, 43673, 43675)...
	Memory 13: width = 8, height = 512
		Read port 0:
			Read address: (1034570, 1034567, 1034564, 1034561, 1034558)...
			Read data: (300651, 300652, 300653, 300654, 300655)...
			Registers: [(43584, 292476, 292492, 292508, 292524), (43586, 292478, 292494, 292510, 292526), (43588, 292480, 292496, 292512, 292528), (43590, 292482, 292498, 292514, 292530), (43592, 292484, 292500, 292516, 292532)]...
		Write port:
			Write enable: 100000055
			Write address: (100000018, 100000018, 100000018, 100000018, 100000018)...
			Write data: (43583, 43585, 43587, 43589, 43591)...
	Memory 14: width = 8, height = 512
		Read port 0:
			Read address: (1034546, 1034543, 1034540, 1034537, 1034534)...
			Read data: (308836, 308837, 308838, 308839, 308840)...
			Registers: [(43500, 300661, 300677, 300693, 300709), (43502, 300663, 300679, 300695, 300711), (43504, 300665, 300681, 300697, 300713), (43506, 300667, 300683, 300699, 300715), (43508, 300669, 300685, 300701, 300717)]...
		Write port:
			Write enable: 100000058
			Write address: (100000018, 100000018, 100000018, 100000018, 100000018)...
			Write data: (43499, 43501, 43503, 43505, 43507)...
	Memory 15: width = 8, height = 512
		Read port 0:
			Read address: (1034522, 1034519, 1034516, 1034513, 1034510)...
			Read data: (317021, 317022, 317023, 317024, 317025)...
			Registers: [(43416, 308846, 308862, 308878, 308894), (43418, 308848, 308864, 308880, 308896), (43420, 308850, 308866, 308882, 308898), (43422, 308852, 308868, 308884, 308900), (43424, 308854, 308870, 308886, 308902)]...
		Write port:
			Write enable: 100000061
			Write address: (100000018, 100000018, 100000018, 100000018, 100000018)...
			Write data: (43415, 43417, 43419, 43421, 43423)...
	Memory 16: width = 8, height = 512
		Read port 0:
			Read address: (1034498, 1034495, 1034492, 1034489, 1034486)...
			Read data: (325206, 325207, 325208, 325209, 325210)...
			Registers: [(43332, 317031, 317047, 317063, 317079), (43334, 317033, 317049, 317065, 317081), (43336, 317035, 317051, 317067, 317083), (43338, 317037, 317053, 317069, 317085), (43340, 317039, 317055, 317071, 317087)]...
		Write port:
			Write enable: 100000064
			Write address: (100000018, 100000018, 100000018, 100000018, 100000018)...
			Write data: (43331, 43333, 43335, 43337, 43339)...
	Memory 17: width = 8, height = 512
		Read port 0:
			Read address: (1034474, 1034471, 1034468, 1034465, 1034462)...
			Read data: (333391, 333392, 333393, 333394, 333395)...
			Registers: [(43248, 325216, 325232, 325248, 325264), (43250, 325218, 325234, 325250, 325266), (43252, 325220, 325236, 325252, 325268), (43254, 325222, 325238, 325254, 325270), (43256, 325224, 325240, 325256, 325272)]...
		Write port:
			Write enable: 100000067
			Write address: (100000018, 100000018, 100000018, 100000018, 100000018)...
			Write data: (43247, 43249, 43251, 43253, 43255)...
	Memory 18: width = 8, height = 512
		Read port 0:
			Read address: (1034450, 1034447, 1034444, 1034441, 1034438)...
			Read data: (341576, 341577, 341578, 341579, 341580)...
			Registers: [(43164, 333401, 333417, 333433, 333449), (43166, 333403, 333419, 333435, 333451), (43168, 333405, 333421, 333437, 333453), (43170, 333407, 333423, 333439, 333455), (43172, 333409, 333425, 333441, 333457)]...
		Write port:
			Write enable: 100000070
			Write address: (100000018, 100000018, 100000018, 100000018, 100000018)...
			Write data: (43163, 43165, 43167, 43169, 43171)...
	Memory 19: width = 8, height = 512
		Read port 0:
			Read address: (1034426, 1034423, 1034420, 1034417, 1034414)...
			Read data: (349761, 349762, 349763, 349764, 349765)...
			Registers: [(43080, 341586, 341602, 341618, 341634), (43082, 341588, 341604, 341620, 341636), (43084, 341590, 341606, 341622, 341638), (43086, 341592, 341608, 341624, 341640), (43088, 341594, 341610, 341626, 341642)]...
		Write port:
			Write enable: 100000073
			Write address: (100000018, 100000018, 100000018, 100000018, 100000018)...
			Write data: (43079, 43081, 43083, 43085, 43087)...
	Memory 20: width = 8, height = 512
		Read port 0:
			Read address: (1034402, 1034399, 1034396, 1034393, 1034390)...
			Read data: (357946, 357947, 357948, 357949, 357950)...
			Registers: [(42996, 349771, 349787, 349803, 349819), (42998, 349773, 349789, 349805, 349821), (43000, 349775, 349791, 349807, 349823), (43002, 349777, 349793, 349809, 349825), (43004, 349779, 349795, 349811, 349827)]...
		Write port:
			Write enable: 100000076
			Write address: (100000018, 100000018, 100000018, 100000018, 100000018)...
			Write data: (42995, 42997, 42999, 43001, 43003)...
	Memory 21: width = 8, height = 512
		Read port 0:
			Read address: (1034378, 1034375, 1034372, 1034369, 1034366)...
			Read data: (366131, 366132, 366133, 366134, 366135)...
			Registers: [(42912, 357956, 357972, 357988, 358004), (42914, 357958, 357974, 357990, 358006), (42916, 357960, 357976, 357992, 358008), (42918, 357962, 357978, 357994, 358010), (42920, 357964, 357980, 357996, 358012)]...
		Write port:
			Write enable: 100000079
			Write address: (100000018, 100000018, 100000018, 100000018, 100000018)...
			Write data: (42911, 42913, 42915, 42917, 42919)...
	Memory 22: width = 8, height = 512
		Read port 0:
			Read address: (1034354, 1034351, 1034348, 1034345, 1034342)...
			Read data: (374316, 374317, 374318, 374319, 374320)...
			Registers: [(42828, 366141, 366157, 366173, 366189), (42830, 366143, 366159, 366175, 366191), (42832, 366145, 366161, 366177, 366193), (42834, 366147, 366163, 366179, 366195), (42836, 366149, 366165, 366181, 366197)]...
		Write port:
			Write enable: 100000082
			Write address: (100000018, 100000018, 100000018, 100000018, 100000018)...
			Write data: (42827, 42829, 42831, 42833, 42835)...
	Memory 23: width = 8, height = 512
		Read port 0:
			Read address: (1034330, 1034327, 1034324, 1034321, 1034318)...
			Read data: (382501, 382502, 382503, 382504, 382505)...
			Registers: [(42744, 374326, 374342, 374358, 374374), (42746, 374328, 374344, 374360, 374376), (42748, 374330, 374346, 374362, 374378), (42750, 374332, 374348, 374364, 374380), (42752, 374334, 374350, 374366, 374382)]...
		Write port:
			Write enable: 100000085
			Write address: (100000018, 100000018, 100000018, 100000018, 100000018)...
			Write data: (42743, 42745, 42747, 42749, 42751)...
	Memory 24: width = 8, height = 512
		Read port 0:
			Read address: (1034306, 1034303, 1034300, 1034297, 1034294)...
			Read data: (390686, 390687, 390688, 390689, 390690)...
			Registers: [(42660, 382511, 382527, 382543, 382559), (42662, 382513, 382529, 382545, 382561), (42664, 382515, 382531, 382547, 382563), (42666, 382517, 382533, 382549, 382565), (42668, 382519, 382535, 382551, 382567)]...
		Write port:
			Write enable: 100000088
			Write address: (100000018, 100000018, 100000018, 100000018, 100000018)...
			Write data: (42659, 42661, 42663, 42665, 42667)...
	Memory 25: width = 8, height = 512
		Read port 0:
			Read address: (1034282, 1034279, 1034276, 1034273, 1034270)...
			Read data: (398871, 398872, 398873, 398874, 398875)...
			Registers: [(42576, 390696, 390712, 390728, 390744), (42578, 390698, 390714, 390730, 390746), (42580, 390700, 390716, 390732, 390748), (42582, 390702, 390718, 390734, 390750), (42584, 390704, 390720, 390736, 390752)]...
		Write port:
			Write enable: 100000091
			Write address: (100000018, 100000018, 100000018, 100000018, 100000018)...
			Write data: (42575, 42577, 42579, 42581, 42583)...
	Memory 26: width = 8, height = 512
		Read port 0:
			Read address: (1034258, 1034255, 1034252, 1034249, 1034246)...
			Read data: (407056, 407057, 407058, 407059, 407060)...
			Registers: [(42492, 398881, 398897, 398913, 398929), (42494, 398883, 398899, 398915, 398931), (42496, 398885, 398901, 398917, 398933), (42498, 398887, 398903, 398919, 398935), (42500, 398889, 398905, 398921, 398937)]...
		Write port:
			Write enable: 100000094
			Write address: (100000018, 100000018, 100000018, 100000018, 100000018)...
			Write data: (42491, 42493, 42495, 42497, 42499)...
	Memory 27: width = 8, height = 512
		Read port 0:
			Read address: (1034234, 1034231, 1034228, 1034225, 1034222)...
			Read data: (415241, 415242, 415243, 415244, 415245)...
			Registers: [(42408, 407066, 407082, 407098, 407114), (42410, 407068, 407084, 407100, 407116), (42412, 407070, 407086, 407102, 407118), (42414, 407072, 407088, 407104, 407120), (42416, 407074, 407090, 407106, 407122)]...
		Write port:
			Write enable: 100000097
			Write address: (100000018, 100000018, 100000018, 100000018, 100000018)...
			Write data: (42407, 42409, 42411, 42413, 42415)...
	Memory 28: width = 8, height = 512
		Read port 0:
			Read address: (1034210, 1034207, 1034204, 1034201, 1034198)...
			Read data: (423426, 423427, 423428, 423429, 423430)...
			Registers: [(42324, 415251, 415267, 415283, 415299), (42326, 415253, 415269, 415285, 415301), (42328, 415255, 415271, 415287, 415303), (42330, 415257, 415273, 415289, 415305), (42332, 415259, 415275, 415291, 415307)]...
		Write port:
			Write enable: 100000100
			Write address: (100000018, 100000018, 100000018, 100000018, 100000018)...
			Write data: (42323, 42325, 42327, 42329, 42331)...
	Memory 29: width = 8, height = 512
		Read port 0:
			Read address: (1034186, 1034183, 1034180, 1034177, 1034174)...
			Read data: (431611, 431612, 431613, 431614, 431615)...
			Registers: [(42240, 423436, 423452, 423468, 423484), (42242, 423438, 423454, 423470, 423486), (42244, 423440, 423456, 423472, 423488), (42246, 423442, 423458, 423474, 423490), (42248, 423444, 423460, 423476, 423492)]...
		Write port:
			Write enable: 100000103
			Write address: (100000018, 100000018, 100000018, 100000018, 100000018)...
			Write data: (42239, 42241, 42243, 42245, 42247)...
	Memory 30: width = 8, height = 512
		Read port 0:
			Read address: (1034162, 1034159, 1034156, 1034153, 1034150)...
			Read data: (439796, 439797, 439798, 439799, 439800)...
			Registers: [(42156, 431621, 431637, 431653, 431669), (42158, 431623, 431639, 431655, 431671), (42160, 431625, 431641, 431657, 431673), (42162, 431627, 431643, 431659, 431675), (42164, 431629, 431645, 431661, 431677)]...
		Write port:
			Write enable: 100000106
			Write address: (100000018, 100000018, 100000018, 100000018, 100000018)...
			Write data: (42155, 42157, 42159, 42161, 42163)...
	Memory 31: width = 8, height = 512
		Read port 0:
			Read address: (1034138, 1034135, 1034132, 1034129, 1034126)...
			Read data: (447981, 447982, 447983, 447984, 447985)...
			Registers: [(42072, 439806, 439822, 439838, 439854), (42074, 439808, 439824, 439840, 439856), (42076, 439810, 439826, 439842, 439858), (42078, 439812, 439828, 439844, 439860), (42080, 439814, 439830, 439846, 439862)]...
		Write port:
			Write enable: 100000109
			Write address: (100000018, 100000018, 100000018, 100000018, 100000018)...
			Write data: (42071, 42073, 42075, 42077, 42079)...
	Memory 32: width = 8, height = 512
		Read port 0:
			Read address: (1034114, 1034111, 1034108, 1034105, 1034102)...
			Read data: (456166, 456167, 456168, 456169, 456170)...
			Registers: [(41988, 447991, 448007, 448023, 448039), (41990, 447993, 448009, 448025, 448041), (41992, 447995, 448011, 448027, 448043), (41994, 447997, 448013, 448029, 448045), (41996, 447999, 448015, 448031, 448047)]...
		Write port:
			Write enable: 100000112
			Write address: (100000018, 100000018, 100000018, 100000018, 100000018)...
			Write data: (41987, 41989, 41991, 41993, 41995)...
	Memory 33: width = 8, height = 512
		Read port 0:
			Read address: (1034090, 1034087, 1034084, 1034081, 1034078)...
			Read data: (464351, 464352, 464353, 464354, 464355)...
			Registers: [(41904, 456176, 456192, 456208, 456224), (41906, 456178, 456194, 456210, 456226), (41908, 456180, 456196, 456212, 456228), (41910, 456182, 456198, 456214, 456230), (41912, 456184, 456200, 456216, 456232)]...
		Write port:
			Write enable: 100000115
			Write address: (100000018, 100000018, 100000018, 100000018, 100000018)...
			Write data: (41903, 41905, 41907, 41909, 41911)...
	Memory 34: width = 8, height = 512
		Read port 0:
			Read address: (1034066, 1034063, 1034060, 1034057, 1034054)...
			Read data: (472536, 472537, 472538, 472539, 472540)...
			Registers: [(41820, 464361, 464377, 464393, 464409), (41822, 464363, 464379, 464395, 464411), (41824, 464365, 464381, 464397, 464413), (41826, 464367, 464383, 464399, 464415), (41828, 464369, 464385, 464401, 464417)]...
		Write port:
			Write enable: 100000118
			Write address: (100000018, 100000018, 100000018, 100000018, 100000018)...
			Write data: (41819, 41821, 41823, 41825, 41827)...
	Memory 35: width = 8, height = 512
		Read port 0:
			Read address: (1034042, 1034039, 1034036, 1034033, 1034030)...
			Read data: (480721, 480722, 480723, 480724, 480725)...
			Registers: [(41736, 472546, 472562, 472578, 472594), (41738, 472548, 472564, 472580, 472596), (41740, 472550, 472566, 472582, 472598), (41742, 472552, 472568, 472584, 472600), (41744, 472554, 472570, 472586, 472602)]...
		Write port:
			Write enable: 100000121
			Write address: (100000018, 100000018, 100000018, 100000018, 100000018)...
			Write data: (41735, 41737, 41739, 41741, 41743)...
	Memory 36: width = 8, height = 512
		Read port 0:
			Read address: (1034018, 1034015, 1034012, 1034009, 1034006)...
			Read data: (488906, 488907, 488908, 488909, 488910)...
			Registers: [(41652, 480731, 480747, 480763, 480779), (41654, 480733, 480749, 480765, 480781), (41656, 480735, 480751, 480767, 480783), (41658, 480737, 480753, 480769, 480785), (41660, 480739, 480755, 480771, 480787)]...
		Write port:
			Write enable: 100000124
			Write address: (100000018, 100000018, 100000018, 100000018, 100000018)...
			Write data: (41651, 41653, 41655, 41657, 41659)...
	Memory 37: width = 8, height = 512
		Read port 0:
			Read address: (1033994, 1033991, 1033988, 1033985, 1033982)...
			Read data: (497091, 497092, 497093, 497094, 497095)...
			Registers: [(41568, 488916, 488932, 488948, 488964), (41570, 488918, 488934, 488950, 488966), (41572, 488920, 488936, 488952, 488968), (41574, 488922, 488938, 488954, 488970), (41576, 488924, 488940, 488956, 488972)]...
		Write port:
			Write enable: 100000127
			Write address: (100000018, 100000018, 100000018, 100000018, 100000018)...
			Write data: (41567, 41569, 41571, 41573, 41575)...
	Memory 38: width = 8, height = 512
		Read port 0:
			Read address: (1033970, 1033967, 1033964, 1033961, 1033958)...
			Read data: (505276, 505277, 505278, 505279, 505280)...
			Registers: [(41484, 497101, 497117, 497133, 497149), (41486, 497103, 497119, 497135, 497151), (41488, 497105, 497121, 497137, 497153), (41490, 497107, 497123, 497139, 497155), (41492, 497109, 497125, 497141, 497157)]...
		Write port:
			Write enable: 100000130
			Write address: (100000018, 100000018, 100000018, 100000018, 100000018)...
			Write data: (41483, 41485, 41487, 41489, 41491)...
	Memory 39: width = 8, height = 512
		Read port 0:
			Read address: (1033946, 1033943, 1033940, 1033937, 1033934)...
			Read data: (513461, 513462, 513463, 513464, 513465)...
			Registers: [(41400, 505286, 505302, 505318, 505334), (41402, 505288, 505304, 505320, 505336), (41404, 505290, 505306, 505322, 505338), (41406, 505292, 505308, 505324, 505340), (41408, 505294, 505310, 505326, 505342)]...
		Write port:
			Write enable: 100000133
			Write address: (100000018, 100000018, 100000018, 100000018, 100000018)...
			Write data: (41399, 41401, 41403, 41405, 41407)...
	Memory 40: width = 8, height = 512
		Read port 0:
			Read address: (1033922, 1033919, 1033916, 1033913, 1033910)...
			Read data: (521646, 521647, 521648, 521649, 521650)...
			Registers: [(41316, 513471, 513487, 513503, 513519), (41318, 513473, 513489, 513505, 513521), (41320, 513475, 513491, 513507, 513523), (41322, 513477, 513493, 513509, 513525), (41324, 513479, 513495, 513511, 513527)]...
		Write port:
			Write enable: 100000136
			Write address: (100000018, 100000018, 100000018, 100000018, 100000018)...
			Write data: (41315, 41317, 41319, 41321, 41323)...
	Memory 41: width = 8, height = 512
		Read port 0:
			Read address: (1033898, 1033895, 1033892, 1033889, 1033886)...
			Read data: (529831, 529832, 529833, 529834, 529835)...
			Registers: [(41232, 521656, 521672, 521688, 521704), (41234, 521658, 521674, 521690, 521706), (41236, 521660, 521676, 521692, 521708), (41238, 521662, 521678, 521694, 521710), (41240, 521664, 521680, 521696, 521712)]...
		Write port:
			Write enable: 100000139
			Write address: (100000018, 100000018, 100000018, 100000018, 100000018)...
			Write data: (41231, 41233, 41235, 41237, 41239)...
	Memory 42: width = 8, height = 512
		Read port 0:
			Read address: (1033874, 1033871, 1033868, 1033865, 1033862)...
			Read data: (538016, 538017, 538018, 538019, 538020)...
			Registers: [(41148, 529841, 529857, 529873, 529889), (41150, 529843, 529859, 529875, 529891), (41152, 529845, 529861, 529877, 529893), (41154, 529847, 529863, 529879, 529895), (41156, 529849, 529865, 529881, 529897)]...
		Write port:
			Write enable: 100000142
			Write address: (100000018, 100000018, 100000018, 100000018, 100000018)...
			Write data: (41147, 41149, 41151, 41153, 41155)...
	Memory 43: width = 8, height = 512
		Read port 0:
			Read address: (1033850, 1033847, 1033844, 1033841, 1033838)...
			Read data: (546201, 546202, 546203, 546204, 546205)...
			Registers: [(41064, 538026, 538042, 538058, 538074), (41066, 538028, 538044, 538060, 538076), (41068, 538030, 538046, 538062, 538078), (41070, 538032, 538048, 538064, 538080), (41072, 538034, 538050, 538066, 538082)]...
		Write port:
			Write enable: 100000145
			Write address: (100000018, 100000018, 100000018, 100000018, 100000018)...
			Write data: (41063, 41065, 41067, 41069, 41071)...
	Memory 44: width = 8, height = 512
		Read port 0:
			Read address: (1033826, 1033823, 1033820, 1033817, 1033814)...
			Read data: (554386, 554387, 554388, 554389, 554390)...
			Registers: [(40980, 546211, 546227, 546243, 546259), (40982, 546213, 546229, 546245, 546261), (40984, 546215, 546231, 546247, 546263), (40986, 546217, 546233, 546249, 546265), (40988, 546219, 546235, 546251, 546267)]...
		Write port:
			Write enable: 100000148
			Write address: (100000018, 100000018, 100000018, 100000018, 100000018)...
			Write data: (40979, 40981, 40983, 40985, 40987)...
	Memory 45: width = 8, height = 512
		Read port 0:
			Read address: (1033802, 1033799, 1033796, 1033793, 1033790)...
			Read data: (562571, 562572, 562573, 562574, 562575)...
			Registers: [(40896, 554396, 554412, 554428, 554444), (40898, 554398, 554414, 554430, 554446), (40900, 554400, 554416, 554432, 554448), (40902, 554402, 554418, 554434, 554450), (40904, 554404, 554420, 554436, 554452)]...
		Write port:
			Write enable: 100000151
			Write address: (100000018, 100000018, 100000018, 100000018, 100000018)...
			Write data: (40895, 40897, 40899, 40901, 40903)...
	Memory 46: width = 8, height = 512
		Read port 0:
			Read address: (1033778, 1033775, 1033772, 1033769, 1033766)...
			Read data: (570756, 570757, 570758, 570759, 570760)...
			Registers: [(40812, 562581, 562597, 562613, 562629), (40814, 562583, 562599, 562615, 562631), (40816, 562585, 562601, 562617, 562633), (40818, 562587, 562603, 562619, 562635), (40820, 562589, 562605, 562621, 562637)]...
		Write port:
			Write enable: 100000154
			Write address: (100000018, 100000018, 100000018, 100000018, 100000018)...
			Write data: (40811, 40813, 40815, 40817, 40819)...
	Memory 47: width = 8, height = 512
		Read port 0:
			Read address: (1033754, 1033751, 1033748, 1033745, 1033742)...
			Read data: (578941, 578942, 578943, 578944, 578945)...
			Registers: [(40728, 570766, 570782, 570798, 570814), (40730, 570768, 570784, 570800, 570816), (40732, 570770, 570786, 570802, 570818), (40734, 570772, 570788, 570804, 570820), (40736, 570774, 570790, 570806, 570822)]...
		Write port:
			Write enable: 100000157
			Write address: (100000018, 100000018, 100000018, 100000018, 100000018)...
			Write data: (40727, 40729, 40731, 40733, 40735)...
	Memory 48: width = 8, height = 512
		Read port 0:
			Read address: (1033730, 1033727, 1033724, 1033721, 1033718)...
			Read data: (587126, 587127, 587128, 587129, 587130)...
			Registers: [(40644, 578951, 578967, 578983, 578999), (40646, 578953, 578969, 578985, 579001), (40648, 578955, 578971, 578987, 579003), (40650, 578957, 578973, 578989, 579005), (40652, 578959, 578975, 578991, 579007)]...
		Write port:
			Write enable: 100000160
			Write address: (100000018, 100000018, 100000018, 100000018, 100000018)...
			Write data: (40643, 40645, 40647, 40649, 40651)...
	Memory 49: width = 8, height = 512
		Read port 0:
			Read address: (1033706, 1033703, 1033700, 1033697, 1033694)...
			Read data: (595311, 595312, 595313, 595314, 595315)...
			Registers: [(40560, 587136, 587152, 587168, 587184), (40562, 587138, 587154, 587170, 587186), (40564, 587140, 587156, 587172, 587188), (40566, 587142, 587158, 587174, 587190), (40568, 587144, 587160, 587176, 587192)]...
		Write port:
			Write enable: 100000163
			Write address: (100000018, 100000018, 100000018, 100000018, 100000018)...
			Write data: (40559, 40561, 40563, 40565, 40567)...
	Memory 50: width = 8, height = 512
		Read port 0:
			Read address: (1033682, 1033679, 1033676, 1033673, 1033670)...
			Read data: (603496, 603497, 603498, 603499, 603500)...
			Registers: [(40476, 595321, 595337, 595353, 595369), (40478, 595323, 595339, 595355, 595371), (40480, 595325, 595341, 595357, 595373), (40482, 595327, 595343, 595359, 595375), (40484, 595329, 595345, 595361, 595377)]...
		Write port:
			Write enable: 100000166
			Write address: (100000018, 100000018, 100000018, 100000018, 100000018)...
			Write data: (40475, 40477, 40479, 40481, 40483)...
	Memory 51: width = 8, height = 512
		Read port 0:
			Read address: (1033658, 1033655, 1033652, 1033649, 1033646)...
			Read data: (611681, 611682, 611683, 611684, 611685)...
			Registers: [(40392, 603506, 603522, 603538, 603554), (40394, 603508, 603524, 603540, 603556), (40396, 603510, 603526, 603542, 603558), (40398, 603512, 603528, 603544, 603560), (40400, 603514, 603530, 603546, 603562)]...
		Write port:
			Write enable: 100000169
			Write address: (100000018, 100000018, 100000018, 100000018, 100000018)...
			Write data: (40391, 40393, 40395, 40397, 40399)...
	Memory 52: width = 8, height = 512
		Read port 0:
			Read address: (1033634, 1033631, 1033628, 1033625, 1033622)...
			Read data: (619866, 619867, 619868, 619869, 619870)...
			Registers: [(40308, 611691, 611707, 611723, 611739), (40310, 611693, 611709, 611725, 611741), (40312, 611695, 611711, 611727, 611743), (40314, 611697, 611713, 611729, 611745), (40316, 611699, 611715, 611731, 611747)]...
		Write port:
			Write enable: 100000172
			Write address: (100000018, 100000018, 100000018, 100000018, 100000018)...
			Write data: (40307, 40309, 40311, 40313, 40315)...
	Memory 53: width = 8, height = 512
		Read port 0:
			Read address: (1033610, 1033607, 1033604, 1033601, 1033598)...
			Read data: (628051, 628052, 628053, 628054, 628055)...
			Registers: [(40224, 619876, 619892, 619908, 619924), (40226, 619878, 619894, 619910, 619926), (40228, 619880, 619896, 619912, 619928), (40230, 619882, 619898, 619914, 619930), (40232, 619884, 619900, 619916, 619932)]...
		Write port:
			Write enable: 100000175
			Write address: (100000018, 100000018, 100000018, 100000018, 100000018)...
			Write data: (40223, 40225, 40227, 40229, 40231)...
	Memory 54: width = 8, height = 512
		Read port 0:
			Read address: (1033586, 1033583, 1033580, 1033577, 1033574)...
			Read data: (636236, 636237, 636238, 636239, 636240)...
			Registers: [(40140, 628061, 628077, 628093, 628109), (40142, 628063, 628079, 628095, 628111), (40144, 628065, 628081, 628097, 628113), (40146, 628067, 628083, 628099, 628115), (40148, 628069, 628085, 628101, 628117)]...
		Write port:
			Write enable: 100000178
			Write address: (100000018, 100000018, 100000018, 100000018, 100000018)...
			Write data: (40139, 40141, 40143, 40145, 40147)...
	Memory 55: width = 8, height = 512
		Read port 0:
			Read address: (1033562, 1033559, 1033556, 1033553, 1033550)...
			Read data: (644421, 644422, 644423, 644424, 644425)...
			Registers: [(40056, 636246, 636262, 636278, 636294), (40058, 636248, 636264, 636280, 636296), (40060, 636250, 636266, 636282, 636298), (40062, 636252, 636268, 636284, 636300), (40064, 636254, 636270, 636286, 636302)]...
		Write port:
			Write enable: 100000181
			Write address: (100000018, 100000018, 100000018, 100000018, 100000018)...
			Write data: (40055, 40057, 40059, 40061, 40063)...
	Memory 56: width = 8, height = 512
		Read port 0:
			Read address: (1033538, 1033535, 1033532, 1033529, 1033526)...
			Read data: (652606, 652607, 652608, 652609, 652610)...
			Registers: [(39972, 644431, 644447, 644463, 644479), (39974, 644433, 644449, 644465, 644481), (39976, 644435, 644451, 644467, 644483), (39978, 644437, 644453, 644469, 644485), (39980, 644439, 644455, 644471, 644487)]...
		Write port:
			Write enable: 100000184
			Write address: (100000018, 100000018, 100000018, 100000018, 100000018)...
			Write data: (39971, 39973, 39975, 39977, 39979)...
	Memory 57: width = 8, height = 512
		Read port 0:
			Read address: (1033514, 1033511, 1033508, 1033505, 1033502)...
			Read data: (660791, 660792, 660793, 660794, 660795)...
			Registers: [(39888, 652616, 652632, 652648, 652664), (39890, 652618, 652634, 652650, 652666), (39892, 652620, 652636, 652652, 652668), (39894, 652622, 652638, 652654, 652670), (39896, 652624, 652640, 652656, 652672)]...
		Write port:
			Write enable: 100000187
			Write address: (100000018, 100000018, 100000018, 100000018, 100000018)...
			Write data: (39887, 39889, 39891, 39893, 39895)...
	Memory 58: width = 8, height = 512
		Read port 0:
			Read address: (1033490, 1033487, 1033484, 1033481, 1033478)...
			Read data: (668976, 668977, 668978, 668979, 668980)...
			Registers: [(39804, 660801, 660817, 660833, 660849), (39806, 660803, 660819, 660835, 660851), (39808, 660805, 660821, 660837, 660853), (39810, 660807, 660823, 660839, 660855), (39812, 660809, 660825, 660841, 660857)]...
		Write port:
			Write enable: 100000190
			Write address: (100000018, 100000018, 100000018, 100000018, 100000018)...
			Write data: (39803, 39805, 39807, 39809, 39811)...
	Memory 59: width = 8, height = 512
		Read port 0:
			Read address: (1033466, 1033463, 1033460, 1033457, 1033454)...
			Read data: (677161, 677162, 677163, 677164, 677165)...
			Registers: [(39720, 668986, 669002, 669018, 669034), (39722, 668988, 669004, 669020, 669036), (39724, 668990, 669006, 669022, 669038), (39726, 668992, 669008, 669024, 669040), (39728, 668994, 669010, 669026, 669042)]...
		Write port:
			Write enable: 100000193
			Write address: (100000018, 100000018, 100000018, 100000018, 100000018)...
			Write data: (39719, 39721, 39723, 39725, 39727)...
	Memory 60: width = 8, height = 512
		Read port 0:
			Read address: (1033442, 1033439, 1033436, 1033433, 1033430)...
			Read data: (685346, 685347, 685348, 685349, 685350)...
			Registers: [(39636, 677171, 677187, 677203, 677219), (39638, 677173, 677189, 677205, 677221), (39640, 677175, 677191, 677207, 677223), (39642, 677177, 677193, 677209, 677225), (39644, 677179, 677195, 677211, 677227)]...
		Write port:
			Write enable: 100000196
			Write address: (100000018, 100000018, 100000018, 100000018, 100000018)...
			Write data: (39635, 39637, 39639, 39641, 39643)...
	Memory 61: width = 8, height = 512
		Read port 0:
			Read address: (1033418, 1033415, 1033412, 1033409, 1033406)...
			Read data: (693531, 693532, 693533, 693534, 693535)...
			Registers: [(39552, 685356, 685372, 685388, 685404), (39554, 685358, 685374, 685390, 685406), (39556, 685360, 685376, 685392, 685408), (39558, 685362, 685378, 685394, 685410), (39560, 685364, 685380, 685396, 685412)]...
		Write port:
			Write enable: 100000199
			Write address: (100000018, 100000018, 100000018, 100000018, 100000018)...
			Write data: (39551, 39553, 39555, 39557, 39559)...
	Memory 62: width = 8, height = 512
		Read port 0:
			Read address: (1033394, 1033391, 1033388, 1033385, 1033382)...
			Read data: (701716, 701717, 701718, 701719, 701720)...
			Registers: [(39468, 693541, 693557, 693573, 693589), (39470, 693543, 693559, 693575, 693591), (39472, 693545, 693561, 693577, 693593), (39474, 693547, 693563, 693579, 693595), (39476, 693549, 693565, 693581, 693597)]...
		Write port:
			Write enable: 100000202
			Write address: (100000018, 100000018, 100000018, 100000018, 100000018)...
			Write data: (39467, 39469, 39471, 39473, 39475)...
	Memory 63: width = 8, height = 512
		Read port 0:
			Read address: (1033370, 1033367, 1033364, 1033361, 1033358)...
			Read data: (709901, 709902, 709903, 709904, 709905)...
			Registers: [(39384, 701726, 701742, 701758, 701774), (39386, 701728, 701744, 701760, 701776), (39388, 701730, 701746, 701762, 701778), (39390, 701732, 701748, 701764, 701780), (39392, 701734, 701750, 701766, 701782)]...
		Write port:
			Write enable: 100000205
			Write address: (100000018, 100000018, 100000018, 100000018, 100000018)...
			Write data: (39383, 39385, 39387, 39389, 39391)...
	Memory 64: width = 15, height = 64
		Read port 0:
			Read address: (1215, 1216, 1217, 1218, 1219)...
			Read data: (711800, 711801, 711802, 711803, 711804)...
			Registers: [(39286, 709911, 709941, 709971, 710001), (39288, 709913, 709943, 709973, 710003), (39290, 709915, 709945, 709975, 710005), (39292, 709917, 709947, 709977, 710007), (39294, 709919, 709949, 709979, 710009)]...
		Write port:
			Write enable: 100000208
			Write address: (100000015, 100000015, 100000015, 100000015, 100000015)...
			Write data: (39285, 39287, 39289, 39291, 39293)...
	Memory 65: width = 67, height = 32
		Read port 0:
			Read address: (5981616, 5981615, 5981614, 5981613, 5981612)...
			Read data: (1185165, 1185166, 1185167, 1185168, 1185169)
			Registers: [(183733, 183735, 183737, 183739, 183741), (183735, 183737, 183739, 183741, 183743), (183737, 183739, 183741, 183743, 183745), (183739, 183741, 183743, 183745, 183747), (183741, 183743, 183745, 183747, 183749)]...
		Read port 1:
			Read address: (5982217, 5982308, 5982305, 5982302, 5982299)...
			Read data: (1185617, 1185618, 1185619, 1185620, 1185621)
			Registers: [(183749, 183747, 183745, 183743, 183741), (183751, 183749, 183747, 183745, 183743), (183753, 183751, 183749, 183747, 183745), (183755, 183753, 183751, 183749, 183747), (183757, 183755, 183753, 183751, 183749)]...
		Read port 2:
			Read address: (5981936, 5981935, 5981934, 5981933, 5981932)...
			Read data: (5967293, 5967296, 5967299, 5967302, 5967305)
			Registers: [(183733, 183735, 183737, 183739, 183741), (183735, 183737, 183739, 183741, 183743), (183737, 183739, 183741, 183743, 183745), (183739, 183741, 183743, 183745, 183747), (183741, 183743, 183745, 183747, 183749)]...
		Write port:
			Write enable: 100000211
			Write address: (100000014, 100000014, 100000014, 100000014, 100000014)
			Write data: (183732, 183734, 183736, 183738, 183740)...
	Memory 66: width = 20, height = 32
		Read port 0:
			Read address: (6015573, 6015575, 6015577, 6015579, 6015581)...
			Read data: (5969469, 5969472, 5969475, 5969478, 5969481)
			Registers: [(186714, 186716, 186718, 186720, 186722), (186716, 186718, 186720, 186722, 186724), (186718, 186720, 186722, 186724, 186726), (186720, 186722, 186724, 186726, 186728), (186722, 186724, 186726, 186728, 186730)]...
		Write port:
			Write enable: 100000214
			Write address: (100000014, 100000014, 100000014, 100000014, 100000014)
			Write data: (186713, 186715, 186717, 186719, 186721)...
	Memory 67: width = 20, height = 32
		Read port 0:
			Read address: (6015925, 6015927, 6015929, 6015931, 6015933)...
			Read data: (5969707, 5969710, 5969713, 5969716, 5969719)
			Registers: [(186582, 186584, 186586, 186588, 186590), (186584, 186586, 186588, 186590, 186592), (186586, 186588, 186590, 186592, 186594), (186588, 186590, 186592, 186594, 186596), (186590, 186592, 186594, 186596, 186598)]...
		Write port:
			Write enable: 100000217
			Write address: (100000014, 100000014, 100000014, 100000014, 100000014)
			Write data: (186581, 186583, 186585, 186587, 186589)...
	Memory 68: width = 20, height = 32
		Read port 0:
			Read address: (6016297, 6016299, 6016301, 6016303, 6016305)...
			Read data: (5969945, 5969948, 5969951, 5969954, 5969957)
			Registers: [(184050, 184048, 184046, 184044, 184042), (184048, 184046, 184044, 184042, 184040), (184046, 184044, 184042, 184040, 184038), (184044, 184042, 184040, 184038, 184036), (184042, 184040, 184038, 184036, 184034)]...
		Write port:
			Write enable: 100000220
			Write address: (100000014, 100000014, 100000014, 100000014, 100000014)
			Write data: (186973, 186974, 186975, 186976, 186977)...
	Memory 69: width = 66, height = 32
		Read port 0:
			Read address: (1002719, 1002721, 1002722, 1002723, 1002724)...
			Read data: (717714, 717715, 717716, 717717, 717718)
			Registers: [(28107, 713623, 713755, 713887, 714019), (28109, 713625, 713757, 713889, 714021), (28111, 713627, 713759, 713891, 714023), (28113, 713629, 713761, 713893, 714025), (28115, 713631, 713763, 713895, 714027)]...
		Read port 1:
			Read address: (1003185, 1003187, 1003188, 1003189, 1003190)...
			Read data: (717719, 717720, 717721, 717722, 717723)
			Registers: [(28107, 713623, 713755, 713887, 714019), (28109, 713625, 713757, 713889, 714021), (28111, 713627, 713759, 713891, 714023), (28113, 713629, 713761, 713893, 714025), (28115, 713631, 713763, 713895, 714027)]...
		Write port:
			Write enable: 100000223
			Write address: (100000014, 100000014, 100000014, 100000014, 100000014)
			Write data: (28106, 28108, 28110, 28112, 28114)...
	Memory 70: width = 66, height = 32
		Read port 0:
			Read address: (1001187, 1001189, 1001190, 1001191, 1001192)...
			Read data: (721816, 721817, 721818, 721819, 721820)
			Registers: [(27305, 717725, 717857, 717989, 718121), (27307, 717727, 717859, 717991, 718123), (27309, 717729, 717861, 717993, 718125), (27311, 717731, 717863, 717995, 718127), (27313, 717733, 717865, 717997, 718129)]...
		Read port 1:
			Read address: (1001653, 1001655, 1001656, 1001657, 1001658)...
			Read data: (721821, 721822, 721823, 721824, 721825)
			Registers: [(27305, 717725, 717857, 717989, 718121), (27307, 717727, 717859, 717991, 718123), (27309, 717729, 717861, 717993, 718125), (27311, 717731, 717863, 717995, 718127), (27313, 717733, 717865, 717997, 718129)]...
		Read port 2:
			Read address: (1002119, 1002121, 1002122, 1002123, 1002124)...
			Read data: (721826, 721827, 721828, 721829, 721830)
			Registers: [(27305, 717725, 717857, 717989, 718121), (27307, 717727, 717859, 717991, 718123), (27309, 717729, 717861, 717993, 718125), (27311, 717731, 717863, 717995, 718127), (27313, 717733, 717865, 717997, 718129)]...
		Write port:
			Write enable: 100000226
			Write address: (100000014, 100000014, 100000014, 100000014, 100000014)
			Write data: (27304, 27306, 27308, 27310, 27312)...
	Memory 71: width = 184, height = 64
		Read port 0:
			Read address: (737418, 737419, 737420, 737421, 737422)...
			Read data: (1238, 1240, 1242, 1244, 1246)...
			Registers: [(24434, 24066, 23698, 23330, 22962), (24436, 24068, 23700, 23332, 22964), (24438, 24070, 23702, 23334, 22966), (24440, 24072, 23704, 23336, 22968), (24442, 24074, 23706, 23338, 22970)]...
		Write port:
			Write enable: 100000229
			Write address: (100000015, 100000015, 100000015, 100000015, 100000015)...
			Write data: (24433, 24435, 24437, 24439, 24441)...
	Memory 72: width = 80, height = 8
		Read port 0:
			Read address: (1003386, 1003388, 1003390, 1003392, 1003394)...
			Read data: (1004391, 1004390, 1004389)
			Registers: [(29017, 712503, 712663, 712823, 712983), (29019, 712505, 712665, 712825, 712985), (29021, 712507, 712667, 712827, 712987), (29023, 712509, 712669, 712829, 712989), (29025, 712511, 712671, 712831, 712991)]...
		Write port:
			Write enable: 100000232
			Write address: (100000012, 100000012, 100000012)
			Write data: (29016, 29018, 29020, 29022, 29024)...
	Memory 73: width = 15, height = 8
		Read port 0:
			Read address: (6015856, 6015858, 6015860, 6015862, 6015864)...
			Read data: (5969609, 5969612, 5969615)
			Registers: [(186772, 186774, 186776, 186778, 186780), (186774, 186776, 186778, 186780, 186782), (186776, 186778, 186780, 186782, 186784), (186778, 186780, 186782, 186784, 186786), (186780, 186782, 186784, 186786, 186788)]...
		Write port:
			Write enable: 100000235
			Write address: (100000012, 100000012, 100000012)
			Write data: (186771, 186773, 186775, 186777, 186779)...
	Memory 74: width = 15, height = 8
		Read port 0:
			Read address: (6016208, 6016210, 6016212, 6016214, 6016216)...
			Read data: (5969847, 5969850, 5969853)
			Registers: [(186640, 186642, 186644, 186646, 186648), (186642, 186644, 186646, 186648, 186650), (186644, 186646, 186648, 186650, 186652), (186646, 186648, 186650, 186652, 186654), (186648, 186650, 186652, 186654, 186656)]...
		Write port:
			Write enable: 100000238
			Write address: (100000012, 100000012, 100000012)
			Write data: (186639, 186641, 186643, 186645, 186647)...
	Memory 75: width = 15, height = 8
		Read port 0:
			Read address: (6016564, 6016566, 6016568, 6016570, 6016572)...
			Read data: (5970085, 5970088, 5970091)
			Registers: [(184008, 184006, 184004, 184002, 184000), (184006, 184004, 184002, 184000, 183998), (184004, 184002, 184000, 183998, 183996), (184002, 184000, 183998, 183996, 183994), (184000, 183998, 183996, 183994, 183992)]...
		Write port:
			Write enable: 100000241
			Write address: (100000012, 100000012, 100000012)
			Write data: (186544, 186545, 186546, 186547, 186548)...
	Memory 76: width = 174, height = 8
		Read port 0:
			Read address: (5849496, 5849499, 5849502, 1020652, 1020655)...
			Read data: (27769, 27771, 27773)
			Registers: [(34566, 34914, 35262, 35610, 35958), (34568, 34916, 35264, 35612, 35960), (34570, 34918, 35266, 35614, 35962), (34572, 34920, 35268, 35616, 35964), (34574, 34922, 35270, 35618, 35966)]...
		Write port:
			Write enable: 100000244
			Write address: (100000012, 100000012, 100000012)
			Write data: (34565, 34567, 34569, 34571, 34573)...
	Memory 77: width = 10, height = 4
		Read port 0:
			Read address: (6003815, 6003817, 6003819, 6002795, 6003821)...
			Read data: (1190210, 1190211)
			Registers: [(186712, 186714, 186716, 186718), (186714, 186716, 186718, 186720), (186716, 186718, 186720, 186722), (186718, 186716, 186714, 186712), (186718, 186720, 186722, 186724)]...
		Read port 1:
			Read address: (6004135, 6004137, 6004139, 6003115, 6004141)...
			Read data: (5968225, 5968228)
			Registers: [(186712, 186714, 186716, 186718), (186714, 186716, 186718, 186720), (186716, 186718, 186720, 186722), (186718, 186716, 186714, 186712), (186718, 186720, 186722, 186724)]...
		Write port:
			Write enable: 100000247
			Write address: (100000011, 100000011)
			Write data: (186711, 186713, 186715, 186717, 186717)...
	Memory 78: width = 114, height = 4
		Read port 0:
			Read address: (241, 242, 243, 244, 245)...
			Read data: (24806, 24808)
			Registers: [(26118, 26650, 721832, 722060), (26120, 26652, 721834, 722062), (26122, 26654, 721836, 722064), (26124, 26656, 721838, 722066), (26126, 26658, 721840, 722068)]...
		Write port:
			Write enable: 100000250
			Write address: (100000011, 100000011)
			Write data: (26117, 26119, 26121, 26123, 26125)...
	Memory 79: width = 42, height = 2
		Read port 0:
			Read address: (29180, 29182, 29184, 29192, 29194)...
			Read data: (1019176,)
			Registers: [(29181, 184660), (29183, 184662), (29185, 184664), (29193, 184670), (29195, 184672)]...
		Write port:
			Write enable: 100000253
			Write address: (5878074,)
			Write data: (29180, 29182, 29184, 29192, 29194)...
	Memory 80: width = 8, height = 2
		Read port 0:
			Read address: (31038, 31040, 31042, 31044, 31046)...
			Read data: (1020966,)
			Registers: [(31039, 31647), (31041, 31646), (31043, 184558), (31045, 184556), (31047, 184554)]...
		Write port:
			Write enable: 100000256
			Write address: (5878074,)
			Write data: (31038, 31040, 31042, 31044, 31046)...
	Memory 81: width = 138, height = 2
		Read port 0:
			Read address: (33599, 33601, 33603, 33605, 33607)...
			Read data: (1031115,)
			Registers: [(33600, 370), (33602, 369), (33604, 368), (33606, 367), (33608, 366)]...
		Write port:
			Write enable: 100000259
			Write address: (5878074,)
			Write data: (33599, 33601, 33603, 33605, 33607)...
	Memory 82: width = 26, height = 2
		Read port 0:
			Read address: (33883, 33885, 33887, 33889, 33891)...
			Read data: (1031133,)
			Registers: [(33884, 396), (33886, 395), (33888, 394), (33890, 393), (33892, 392)]...
		Write port:
			Write enable: 100000262
			Write address: (5878074,)
			Write data: (33883, 33885, 33887, 33889, 33891)...
	Memory 83: width = 33, height = 2
		Read port 0:
			Read address: (34061, 34117, 34119, 34121, 34123)...
			Read data: (1031136,)
			Registers: [(34062, 38850), (34118, 365), (34120, 366), (34122, 367), (34124, 368)]...
		Write port:
			Write enable: 100000265
			Write address: (5878074,)
			Write data: (34061, 34117, 34119, 34121, 34123)...
Total muxes replaced by read ports: 295232
Total estimated demuxes replaced by write ports: 284910
Time elapsed: 237.126s
