Built netlist in 51.464s
Rewrote dffs and logic gates in 4.858s
Rewrote 72101 muxes to qmuxes in 0.596s
Rewrote 0 inverted muxes to qmuxes in 2.247s
Reduced all qmuxes in 4.834s
Found 69 read port(s) in 0.710s
Found 69 memory(ies) in 0.001s
Created 69 write port(s) in 50.766s
Found 69 memory(ies):
	Memory 0: width = 8, height = 256
		Read port 0:
			Read address: (544295, 544298, 544301, 544304, 544307)...
			Read data: (103524, 103526, 103528, 103530, 103532)...
			Registers: [(325150, 99444, 99460, 99476, 99492), (325152, 99446, 99462, 99478, 99494), (325154, 99448, 99464, 99480, 99496), (325156, 99450, 99466, 99482, 99498), (325158, 99452, 99468, 99484, 99500)]...
		Write port:
			Write enable: 100000000
			Write address: (100000017, 100000017, 100000017, 100000017, 100000017)...
			Write data: (325149, 325151, 325153, 325155, 325157)...
	Memory 1: width = 8, height = 256
		Read port 0:
			Read address: (548383, 548386, 548389, 548392, 548395)...
			Read data: (107620, 107622, 107624, 107626, 107628)...
			Registers: [(325078, 103540, 103556, 103572, 103588), (325080, 103542, 103558, 103574, 103590), (325082, 103544, 103560, 103576, 103592), (325084, 103546, 103562, 103578, 103594), (325086, 103548, 103564, 103580, 103596)]...
		Write port:
			Write enable: 100000018
			Write address: (100000017, 100000017, 100000017, 100000017, 100000017)...
			Write data: (325077, 325079, 325081, 325083, 325085)...
	Memory 2: width = 8, height = 256
		Read port 0:
			Read address: (552471, 552474, 552477, 552480, 552483)...
			Read data: (111716, 111718, 111720, 111722, 111724)...
			Registers: [(325006, 107636, 107652, 107668, 107684), (325008, 107638, 107654, 107670, 107686), (325010, 107640, 107656, 107672, 107688), (325012, 107642, 107658, 107674, 107690), (325014, 107644, 107660, 107676, 107692)]...
		Write port:
			Write enable: 100000021
			Write address: (100000017, 100000017, 100000017, 100000017, 100000017)...
			Write data: (325005, 325007, 325009, 325011, 325013)...
	Memory 3: width = 8, height = 256
		Read port 0:
			Read address: (556559, 556562, 556565, 556568, 556571)...
			Read data: (115812, 115814, 115816, 115818, 115820)...
			Registers: [(324934, 111732, 111748, 111764, 111780), (324936, 111734, 111750, 111766, 111782), (324938, 111736, 111752, 111768, 111784), (324940, 111738, 111754, 111770, 111786), (324942, 111740, 111756, 111772, 111788)]...
		Write port:
			Write enable: 100000024
			Write address: (100000017, 100000017, 100000017, 100000017, 100000017)...
			Write data: (324933, 324935, 324937, 324939, 324941)...
	Memory 4: width = 8, height = 256
		Read port 0:
			Read address: (560647, 560650, 560653, 560656, 560659)...
			Read data: (119908, 119910, 119912, 119914, 119916)...
			Registers: [(324862, 115828, 115844, 115860, 115876), (324864, 115830, 115846, 115862, 115878), (324866, 115832, 115848, 115864, 115880), (324868, 115834, 115850, 115866, 115882), (324870, 115836, 115852, 115868, 115884)]...
		Write port:
			Write enable: 100000027
			Write address: (100000017, 100000017, 100000017, 100000017, 100000017)...
			Write data: (324861, 324863, 324865, 324867, 324869)...
	Memory 5: width = 8, height = 256
		Read port 0:
			Read address: (564735, 564738, 564741, 564744, 564747)...
			Read data: (124004, 124006, 124008, 124010, 124012)...
			Registers: [(324790, 119924, 119940, 119956, 119972), (324792, 119926, 119942, 119958, 119974), (324794, 119928, 119944, 119960, 119976), (324796, 119930, 119946, 119962, 119978), (324798, 119932, 119948, 119964, 119980)]...
		Write port:
			Write enable: 100000030
			Write address: (100000017, 100000017, 100000017, 100000017, 100000017)...
			Write data: (324789, 324791, 324793, 324795, 324797)...
	Memory 6: width = 8, height = 256
		Read port 0:
			Read address: (568823, 568826, 568829, 568832, 568835)...
			Read data: (128100, 128102, 128104, 128106, 128108)...
			Registers: [(324718, 124020, 124036, 124052, 124068), (324720, 124022, 124038, 124054, 124070), (324722, 124024, 124040, 124056, 124072), (324724, 124026, 124042, 124058, 124074), (324726, 124028, 124044, 124060, 124076)]...
		Write port:
			Write enable: 100000033
			Write address: (100000017, 100000017, 100000017, 100000017, 100000017)...
			Write data: (324717, 324719, 324721, 324723, 324725)...
	Memory 7: width = 8, height = 256
		Read port 0:
			Read address: (572911, 572914, 572917, 572920, 572923)...
			Read data: (132196, 132198, 132200, 132202, 132204)...
			Registers: [(324646, 128116, 128132, 128148, 128164), (324648, 128118, 128134, 128150, 128166), (324650, 128120, 128136, 128152, 128168), (324652, 128122, 128138, 128154, 128170), (324654, 128124, 128140, 128156, 128172)]...
		Write port:
			Write enable: 100000036
			Write address: (100000017, 100000017, 100000017, 100000017, 100000017)...
			Write data: (324645, 324647, 324649, 324651, 324653)...
	Memory 8: width = 8, height = 256
		Read port 0:
			Read address: (576999, 577002, 577005, 577008, 577011)...
			Read data: (136292, 136294, 136296, 136298, 136300)...
			Registers: [(324574, 132212, 132228, 132244, 132260), (324576, 132214, 132230, 132246, 132262), (324578, 132216, 132232, 132248, 132264), (324580, 132218, 132234, 132250, 132266), (324582, 132220, 132236, 132252, 132268)]...
		Write port:
			Write enable: 100000039
			Write address: (100000017, 100000017, 100000017, 100000017, 100000017)...
			Write data: (324573, 324575, 324577, 324579, 324581)...
	Memory 9: width = 8, height = 256
		Read port 0:
			Read address: (581087, 581090, 581093, 581096, 581099)...
			Read data: (140388, 140390, 140392, 140394, 140396)...
			Registers: [(324502, 136308, 136324, 136340, 136356), (324504, 136310, 136326, 136342, 136358), (324506, 136312, 136328, 136344, 136360), (324508, 136314, 136330, 136346, 136362), (324510, 136316, 136332, 136348, 136364)]...
		Write port:
			Write enable: 100000042
			Write address: (100000017, 100000017, 100000017, 100000017, 100000017)...
			Write data: (324501, 324503, 324505, 324507, 324509)...
	Memory 10: width = 8, height = 256
		Read port 0:
			Read address: (585175, 585178, 585181, 585184, 585187)...
			Read data: (144484, 144486, 144488, 144490, 144492)...
			Registers: [(324430, 140404, 140420, 140436, 140452), (324432, 140406, 140422, 140438, 140454), (324434, 140408, 140424, 140440, 140456), (324436, 140410, 140426, 140442, 140458), (324438, 140412, 140428, 140444, 140460)]...
		Write port:
			Write enable: 100000045
			Write address: (100000017, 100000017, 100000017, 100000017, 100000017)...
			Write data: (324429, 324431, 324433, 324435, 324437)...
	Memory 11: width = 8, height = 256
		Read port 0:
			Read address: (589263, 589266, 589269, 589272, 589275)...
			Read data: (148580, 148582, 148584, 148586, 148588)...
			Registers: [(324358, 144500, 144516, 144532, 144548), (324360, 144502, 144518, 144534, 144550), (324362, 144504, 144520, 144536, 144552), (324364, 144506, 144522, 144538, 144554), (324366, 144508, 144524, 144540, 144556)]...
		Write port:
			Write enable: 100000048
			Write address: (100000017, 100000017, 100000017, 100000017, 100000017)...
			Write data: (324357, 324359, 324361, 324363, 324365)...
	Memory 12: width = 8, height = 256
		Read port 0:
			Read address: (593351, 593354, 593357, 593360, 593363)...
			Read data: (152676, 152678, 152680, 152682, 152684)...
			Registers: [(324286, 148596, 148612, 148628, 148644), (324288, 148598, 148614, 148630, 148646), (324290, 148600, 148616, 148632, 148648), (324292, 148602, 148618, 148634, 148650), (324294, 148604, 148620, 148636, 148652)]...
		Write port:
			Write enable: 100000051
			Write address: (100000017, 100000017, 100000017, 100000017, 100000017)...
			Write data: (324285, 324287, 324289, 324291, 324293)...
	Memory 13: width = 8, height = 256
		Read port 0:
			Read address: (597439, 597442, 597445, 597448, 597451)...
			Read data: (156772, 156774, 156776, 156778, 156780)...
			Registers: [(324214, 152692, 152708, 152724, 152740), (324216, 152694, 152710, 152726, 152742), (324218, 152696, 152712, 152728, 152744), (324220, 152698, 152714, 152730, 152746), (324222, 152700, 152716, 152732, 152748)]...
		Write port:
			Write enable: 100000054
			Write address: (100000017, 100000017, 100000017, 100000017, 100000017)...
			Write data: (324213, 324215, 324217, 324219, 324221)...
	Memory 14: width = 8, height = 256
		Read port 0:
			Read address: (601527, 601530, 601533, 601536, 601539)...
			Read data: (160868, 160870, 160872, 160874, 160876)...
			Registers: [(324142, 156788, 156804, 156820, 156836), (324144, 156790, 156806, 156822, 156838), (324146, 156792, 156808, 156824, 156840), (324148, 156794, 156810, 156826, 156842), (324150, 156796, 156812, 156828, 156844)]...
		Write port:
			Write enable: 100000057
			Write address: (100000017, 100000017, 100000017, 100000017, 100000017)...
			Write data: (324141, 324143, 324145, 324147, 324149)...
	Memory 15: width = 8, height = 256
		Read port 0:
			Read address: (5099843, 5099845, 5099847, 5099849, 5099851)...
			Read data: (336508, 336509, 336510, 336511, 336512)...
			Registers: [(331498, 331482, 331466, 331450, 331434), (331500, 331484, 331468, 331452, 331436), (331502, 331486, 331470, 331454, 331438), (331504, 331488, 331472, 331456, 331440), (331506, 331490, 331474, 331458, 331442)]...
		Write port:
			Write enable: 100000060
			Write address: (100000017, 100000017, 100000017, 100000017, 100000017)...
			Write data: (331497, 331499, 331501, 331503, 331505)...
	Memory 16: width = 8, height = 256
		Read port 0:
			Read address: (5099827, 5099829, 5099831, 5099833, 5099835)...
			Read data: (340596, 340597, 340598, 340599, 340600)...
			Registers: [(328798, 336517, 336533, 336549, 336565), (328800, 336519, 336535, 336551, 336567), (328802, 336521, 336537, 336553, 336569), (328804, 336523, 336539, 336555, 336571), (328806, 336525, 336541, 336557, 336573)]...
		Write port:
			Write enable: 100000063
			Write address: (100000017, 100000017, 100000017, 100000017, 100000017)...
			Write data: (328797, 328799, 328801, 328803, 328805)...
	Memory 17: width = 8, height = 256
		Read port 0:
			Read address: (5099811, 5099813, 5099815, 5099817, 5099819)...
			Read data: (344684, 344685, 344686, 344687, 344688)...
			Registers: [(328718, 340605, 340621, 340637, 340653), (328720, 340607, 340623, 340639, 340655), (328722, 340609, 340625, 340641, 340657), (328724, 340611, 340627, 340643, 340659), (328726, 340613, 340629, 340645, 340661)]...
		Write port:
			Write enable: 100000066
			Write address: (100000017, 100000017, 100000017, 100000017, 100000017)...
			Write data: (328717, 328719, 328721, 328723, 328725)...
	Memory 18: width = 8, height = 256
		Read port 0:
			Read address: (5099795, 5099797, 5099799, 5099801, 5099803)...
			Read data: (348772, 348773, 348774, 348775, 348776)...
			Registers: [(328638, 344693, 344709, 344725, 344741), (328640, 344695, 344711, 344727, 344743), (328642, 344697, 344713, 344729, 344745), (328644, 344699, 344715, 344731, 344747), (328646, 344701, 344717, 344733, 344749)]...
		Write port:
			Write enable: 100000069
			Write address: (100000017, 100000017, 100000017, 100000017, 100000017)...
			Write data: (328637, 328639, 328641, 328643, 328645)...
	Memory 19: width = 8, height = 256
		Read port 0:
			Read address: (5099779, 5099781, 5099783, 5099785, 5099787)...
			Read data: (352860, 352861, 352862, 352863, 352864)...
			Registers: [(328558, 348781, 348797, 348813, 348829), (328560, 348783, 348799, 348815, 348831), (328562, 348785, 348801, 348817, 348833), (328564, 348787, 348803, 348819, 348835), (328566, 348789, 348805, 348821, 348837)]...
		Write port:
			Write enable: 100000072
			Write address: (100000017, 100000017, 100000017, 100000017, 100000017)...
			Write data: (328557, 328559, 328561, 328563, 328565)...
	Memory 20: width = 8, height = 256
		Read port 0:
			Read address: (5099763, 5099765, 5099767, 5099769, 5099771)...
			Read data: (356948, 356949, 356950, 356951, 356952)...
			Registers: [(328478, 352869, 352885, 352901, 352917), (328480, 352871, 352887, 352903, 352919), (328482, 352873, 352889, 352905, 352921), (328484, 352875, 352891, 352907, 352923), (328486, 352877, 352893, 352909, 352925)]...
		Write port:
			Write enable: 100000075
			Write address: (100000017, 100000017, 100000017, 100000017, 100000017)...
			Write data: (328477, 328479, 328481, 328483, 328485)...
	Memory 21: width = 8, height = 256
		Read port 0:
			Read address: (5099747, 5099749, 5099751, 5099753, 5099755)...
			Read data: (361036, 361037, 361038, 361039, 361040)...
			Registers: [(328398, 356957, 356973, 356989, 357005), (328400, 356959, 356975, 356991, 357007), (328402, 356961, 356977, 356993, 357009), (328404, 356963, 356979, 356995, 357011), (328406, 356965, 356981, 356997, 357013)]...
		Write port:
			Write enable: 100000078
			Write address: (100000017, 100000017, 100000017, 100000017, 100000017)...
			Write data: (328397, 328399, 328401, 328403, 328405)...
	Memory 22: width = 8, height = 256
		Read port 0:
			Read address: (5099731, 5099733, 5099735, 5099737, 5099739)...
			Read data: (365124, 365125, 365126, 365127, 365128)...
			Registers: [(328318, 361045, 361061, 361077, 361093), (328320, 361047, 361063, 361079, 361095), (328322, 361049, 361065, 361081, 361097), (328324, 361051, 361067, 361083, 361099), (328326, 361053, 361069, 361085, 361101)]...
		Write port:
			Write enable: 100000081
			Write address: (100000017, 100000017, 100000017, 100000017, 100000017)...
			Write data: (328317, 328319, 328321, 328323, 328325)...
	Memory 23: width = 8, height = 256
		Read port 0:
			Read address: (5099715, 5099717, 5099719, 5099721, 5099723)...
			Read data: (369212, 369213, 369214, 369215, 369216)...
			Registers: [(328238, 365133, 365149, 365165, 365181), (328240, 365135, 365151, 365167, 365183), (328242, 365137, 365153, 365169, 365185), (328244, 365139, 365155, 365171, 365187), (328246, 365141, 365157, 365173, 365189)]...
		Write port:
			Write enable: 100000084
			Write address: (100000017, 100000017, 100000017, 100000017, 100000017)...
			Write data: (328237, 328239, 328241, 328243, 328245)...
	Memory 24: width = 8, height = 256
		Read port 0:
			Read address: (5099699, 5099701, 5099703, 5099705, 5099707)...
			Read data: (373300, 373301, 373302, 373303, 373304)...
			Registers: [(328158, 369221, 369237, 369253, 369269), (328160, 369223, 369239, 369255, 369271), (328162, 369225, 369241, 369257, 369273), (328164, 369227, 369243, 369259, 369275), (328166, 369229, 369245, 369261, 369277)]...
		Write port:
			Write enable: 100000087
			Write address: (100000017, 100000017, 100000017, 100000017, 100000017)...
			Write data: (328157, 328159, 328161, 328163, 328165)...
	Memory 25: width = 8, height = 256
		Read port 0:
			Read address: (5099683, 5099685, 5099687, 5099689, 5099691)...
			Read data: (377388, 377389, 377390, 377391, 377392)...
			Registers: [(328078, 373309, 373325, 373341, 373357), (328080, 373311, 373327, 373343, 373359), (328082, 373313, 373329, 373345, 373361), (328084, 373315, 373331, 373347, 373363), (328086, 373317, 373333, 373349, 373365)]...
		Write port:
			Write enable: 100000090
			Write address: (100000017, 100000017, 100000017, 100000017, 100000017)...
			Write data: (328077, 328079, 328081, 328083, 328085)...
	Memory 26: width = 8, height = 256
		Read port 0:
			Read address: (5099667, 5099669, 5099671, 5099673, 5099675)...
			Read data: (381476, 381477, 381478, 381479, 381480)...
			Registers: [(327998, 377397, 377413, 377429, 377445), (328000, 377399, 377415, 377431, 377447), (328002, 377401, 377417, 377433, 377449), (328004, 377403, 377419, 377435, 377451), (328006, 377405, 377421, 377437, 377453)]...
		Write port:
			Write enable: 100000093
			Write address: (100000017, 100000017, 100000017, 100000017, 100000017)...
			Write data: (327997, 327999, 328001, 328003, 328005)...
	Memory 27: width = 8, height = 256
		Read port 0:
			Read address: (5099651, 5099653, 5099655, 5099657, 5099659)...
			Read data: (385564, 385565, 385566, 385567, 385568)...
			Registers: [(327918, 381485, 381501, 381517, 381533), (327920, 381487, 381503, 381519, 381535), (327922, 381489, 381505, 381521, 381537), (327924, 381491, 381507, 381523, 381539), (327926, 381493, 381509, 381525, 381541)]...
		Write port:
			Write enable: 100000096
			Write address: (100000017, 100000017, 100000017, 100000017, 100000017)...
			Write data: (327917, 327919, 327921, 327923, 327925)...
	Memory 28: width = 8, height = 256
		Read port 0:
			Read address: (5099635, 5099637, 5099639, 5099641, 5099643)...
			Read data: (389652, 389653, 389654, 389655, 389656)...
			Registers: [(327838, 385573, 385589, 385605, 385621), (327840, 385575, 385591, 385607, 385623), (327842, 385577, 385593, 385609, 385625), (327844, 385579, 385595, 385611, 385627), (327846, 385581, 385597, 385613, 385629)]...
		Write port:
			Write enable: 100000099
			Write address: (100000017, 100000017, 100000017, 100000017, 100000017)...
			Write data: (327837, 327839, 327841, 327843, 327845)...
	Memory 29: width = 8, height = 256
		Read port 0:
			Read address: (5099619, 5099621, 5099623, 5099625, 5099627)...
			Read data: (393740, 393741, 393742, 393743, 393744)...
			Registers: [(327758, 389661, 389677, 389693, 389709), (327760, 389663, 389679, 389695, 389711), (327762, 389665, 389681, 389697, 389713), (327764, 389667, 389683, 389699, 389715), (327766, 389669, 389685, 389701, 389717)]...
		Write port:
			Write enable: 100000102
			Write address: (100000017, 100000017, 100000017, 100000017, 100000017)...
			Write data: (327757, 327759, 327761, 327763, 327765)...
	Memory 30: width = 8, height = 256
		Read port 0:
			Read address: (5099603, 5099605, 5099607, 5099609, 5099611)...
			Read data: (397828, 397829, 397830, 397831, 397832)...
			Registers: [(327678, 393749, 393765, 393781, 393797), (327680, 393751, 393767, 393783, 393799), (327682, 393753, 393769, 393785, 393801), (327684, 393755, 393771, 393787, 393803), (327686, 393757, 393773, 393789, 393805)]...
		Write port:
			Write enable: 100000105
			Write address: (100000017, 100000017, 100000017, 100000017, 100000017)...
			Write data: (327677, 327679, 327681, 327683, 327685)...
	Memory 31: width = 8, height = 256
		Read port 0:
			Read address: (5099587, 5099589, 5099591, 5099593, 5099595)...
			Read data: (401916, 401917, 401918, 401919, 401920)...
			Registers: [(327598, 397837, 397853, 397869, 397885), (327600, 397839, 397855, 397871, 397887), (327602, 397841, 397857, 397873, 397889), (327604, 397843, 397859, 397875, 397891), (327606, 397845, 397861, 397877, 397893)]...
		Write port:
			Write enable: 100000108
			Write address: (100000017, 100000017, 100000017, 100000017, 100000017)...
			Write data: (327597, 327599, 327601, 327603, 327605)...
	Memory 32: width = 8, height = 256
		Read port 0:
			Read address: (5099571, 5099573, 5099575, 5099577, 5099579)...
			Read data: (406004, 406005, 406006, 406007, 406008)...
			Registers: [(327518, 401925, 401941, 401957, 401973), (327520, 401927, 401943, 401959, 401975), (327522, 401929, 401945, 401961, 401977), (327524, 401931, 401947, 401963, 401979), (327526, 401933, 401949, 401965, 401981)]...
		Write port:
			Write enable: 100000111
			Write address: (100000017, 100000017, 100000017, 100000017, 100000017)...
			Write data: (327517, 327519, 327521, 327523, 327525)...
	Memory 33: width = 8, height = 256
		Read port 0:
			Read address: (5099555, 5099557, 5099559, 5099561, 5099563)...
			Read data: (410092, 410093, 410094, 410095, 410096)...
			Registers: [(327438, 406013, 406029, 406045, 406061), (327440, 406015, 406031, 406047, 406063), (327442, 406017, 406033, 406049, 406065), (327444, 406019, 406035, 406051, 406067), (327446, 406021, 406037, 406053, 406069)]...
		Write port:
			Write enable: 100000114
			Write address: (100000017, 100000017, 100000017, 100000017, 100000017)...
			Write data: (327437, 327439, 327441, 327443, 327445)...
	Memory 34: width = 8, height = 256
		Read port 0:
			Read address: (5099539, 5099541, 5099543, 5099545, 5099547)...
			Read data: (414180, 414181, 414182, 414183, 414184)...
			Registers: [(327358, 410101, 410117, 410133, 410149), (327360, 410103, 410119, 410135, 410151), (327362, 410105, 410121, 410137, 410153), (327364, 410107, 410123, 410139, 410155), (327366, 410109, 410125, 410141, 410157)]...
		Write port:
			Write enable: 100000117
			Write address: (100000017, 100000017, 100000017, 100000017, 100000017)...
			Write data: (327357, 327359, 327361, 327363, 327365)...
	Memory 35: width = 8, height = 256
		Read port 0:
			Read address: (5099523, 5099525, 5099527, 5099529, 5099531)...
			Read data: (418268, 418269, 418270, 418271, 418272)...
			Registers: [(327278, 414189, 414205, 414221, 414237), (327280, 414191, 414207, 414223, 414239), (327282, 414193, 414209, 414225, 414241), (327284, 414195, 414211, 414227, 414243), (327286, 414197, 414213, 414229, 414245)]...
		Write port:
			Write enable: 100000120
			Write address: (100000017, 100000017, 100000017, 100000017, 100000017)...
			Write data: (327277, 327279, 327281, 327283, 327285)...
	Memory 36: width = 8, height = 256
		Read port 0:
			Read address: (5099507, 5099509, 5099511, 5099513, 5099515)...
			Read data: (422356, 422357, 422358, 422359, 422360)...
			Registers: [(327198, 418277, 418293, 418309, 418325), (327200, 418279, 418295, 418311, 418327), (327202, 418281, 418297, 418313, 418329), (327204, 418283, 418299, 418315, 418331), (327206, 418285, 418301, 418317, 418333)]...
		Write port:
			Write enable: 100000123
			Write address: (100000017, 100000017, 100000017, 100000017, 100000017)...
			Write data: (327197, 327199, 327201, 327203, 327205)...
	Memory 37: width = 8, height = 256
		Read port 0:
			Read address: (5099491, 5099493, 5099495, 5099497, 5099499)...
			Read data: (426444, 426445, 426446, 426447, 426448)...
			Registers: [(327118, 422365, 422381, 422397, 422413), (327120, 422367, 422383, 422399, 422415), (327122, 422369, 422385, 422401, 422417), (327124, 422371, 422387, 422403, 422419), (327126, 422373, 422389, 422405, 422421)]...
		Write port:
			Write enable: 100000126
			Write address: (100000017, 100000017, 100000017, 100000017, 100000017)...
			Write data: (327117, 327119, 327121, 327123, 327125)...
	Memory 38: width = 8, height = 256
		Read port 0:
			Read address: (5099475, 5099477, 5099479, 5099481, 5099483)...
			Read data: (430532, 430533, 430534, 430535, 430536)...
			Registers: [(327038, 426453, 426469, 426485, 426501), (327040, 426455, 426471, 426487, 426503), (327042, 426457, 426473, 426489, 426505), (327044, 426459, 426475, 426491, 426507), (327046, 426461, 426477, 426493, 426509)]...
		Write port:
			Write enable: 100000129
			Write address: (100000017, 100000017, 100000017, 100000017, 100000017)...
			Write data: (327037, 327039, 327041, 327043, 327045)...
	Memory 39: width = 8, height = 256
		Read port 0:
			Read address: (5099459, 5099461, 5099463, 5099465, 5099467)...
			Read data: (434620, 434621, 434622, 434623, 434624)...
			Registers: [(326958, 430541, 430557, 430573, 430589), (326960, 430543, 430559, 430575, 430591), (326962, 430545, 430561, 430577, 430593), (326964, 430547, 430563, 430579, 430595), (326966, 430549, 430565, 430581, 430597)]...
		Write port:
			Write enable: 100000132
			Write address: (100000017, 100000017, 100000017, 100000017, 100000017)...
			Write data: (326957, 326959, 326961, 326963, 326965)...
	Memory 40: width = 8, height = 256
		Read port 0:
			Read address: (454359, 454362, 454365, 454368, 454371)...
			Read data: (13412, 13414, 13416, 13418, 13420)...
			Registers: [(326734, 9332, 9348, 9364, 9380), (326736, 9334, 9350, 9366, 9382), (326738, 9336, 9352, 9368, 9384), (326740, 9338, 9354, 9370, 9386), (326742, 9340, 9356, 9372, 9388)]...
		Write port:
			Write enable: 100000135
			Write address: (100000017, 100000017, 100000017, 100000017, 100000017)...
			Write data: (326733, 326735, 326737, 326739, 326741)...
	Memory 41: width = 8, height = 256
		Read port 0:
			Read address: (458447, 458450, 458453, 458456, 458459)...
			Read data: (17508, 17510, 17512, 17514, 17516)...
			Registers: [(326662, 13428, 13444, 13460, 13476), (326664, 13430, 13446, 13462, 13478), (326666, 13432, 13448, 13464, 13480), (326668, 13434, 13450, 13466, 13482), (326670, 13436, 13452, 13468, 13484)]...
		Write port:
			Write enable: 100000138
			Write address: (100000017, 100000017, 100000017, 100000017, 100000017)...
			Write data: (326661, 326663, 326665, 326667, 326669)...
	Memory 42: width = 8, height = 256
		Read port 0:
			Read address: (462535, 462538, 462541, 462544, 462547)...
			Read data: (21604, 21606, 21608, 21610, 21612)...
			Registers: [(326590, 17524, 17540, 17556, 17572), (326592, 17526, 17542, 17558, 17574), (326594, 17528, 17544, 17560, 17576), (326596, 17530, 17546, 17562, 17578), (326598, 17532, 17548, 17564, 17580)]...
		Write port:
			Write enable: 100000141
			Write address: (100000017, 100000017, 100000017, 100000017, 100000017)...
			Write data: (326589, 326591, 326593, 326595, 326597)...
	Memory 43: width = 8, height = 256
		Read port 0:
			Read address: (466623, 466626, 466629, 466632, 466635)...
			Read data: (25700, 25702, 25704, 25706, 25708)...
			Registers: [(326518, 21620, 21636, 21652, 21668), (326520, 21622, 21638, 21654, 21670), (326522, 21624, 21640, 21656, 21672), (326524, 21626, 21642, 21658, 21674), (326526, 21628, 21644, 21660, 21676)]...
		Write port:
			Write enable: 100000144
			Write address: (100000017, 100000017, 100000017, 100000017, 100000017)...
			Write data: (326517, 326519, 326521, 326523, 326525)...
	Memory 44: width = 8, height = 256
		Read port 0:
			Read address: (470711, 470714, 470717, 470720, 470723)...
			Read data: (29796, 29798, 29800, 29802, 29804)...
			Registers: [(326446, 25716, 25732, 25748, 25764), (326448, 25718, 25734, 25750, 25766), (326450, 25720, 25736, 25752, 25768), (326452, 25722, 25738, 25754, 25770), (326454, 25724, 25740, 25756, 25772)]...
		Write port:
			Write enable: 100000147
			Write address: (100000017, 100000017, 100000017, 100000017, 100000017)...
			Write data: (326445, 326447, 326449, 326451, 326453)...
	Memory 45: width = 8, height = 256
		Read port 0:
			Read address: (474799, 474802, 474805, 474808, 474811)...
			Read data: (33892, 33894, 33896, 33898, 33900)...
			Registers: [(326374, 29812, 29828, 29844, 29860), (326376, 29814, 29830, 29846, 29862), (326378, 29816, 29832, 29848, 29864), (326380, 29818, 29834, 29850, 29866), (326382, 29820, 29836, 29852, 29868)]...
		Write port:
			Write enable: 100000150
			Write address: (100000017, 100000017, 100000017, 100000017, 100000017)...
			Write data: (326373, 326375, 326377, 326379, 326381)...
	Memory 46: width = 8, height = 256
		Read port 0:
			Read address: (478887, 478890, 478893, 478896, 478899)...
			Read data: (37988, 37990, 37992, 37994, 37996)...
			Registers: [(326302, 33908, 33924, 33940, 33956), (326304, 33910, 33926, 33942, 33958), (326306, 33912, 33928, 33944, 33960), (326308, 33914, 33930, 33946, 33962), (326310, 33916, 33932, 33948, 33964)]...
		Write port:
			Write enable: 100000153
			Write address: (100000017, 100000017, 100000017, 100000017, 100000017)...
			Write data: (326301, 326303, 326305, 326307, 326309)...
	Memory 47: width = 8, height = 256
		Read port 0:
			Read address: (482975, 482978, 482981, 482984, 482987)...
			Read data: (42084, 42086, 42088, 42090, 42092)...
			Registers: [(326230, 38004, 38020, 38036, 38052), (326232, 38006, 38022, 38038, 38054), (326234, 38008, 38024, 38040, 38056), (326236, 38010, 38026, 38042, 38058), (326238, 38012, 38028, 38044, 38060)]...
		Write port:
			Write enable: 100000156
			Write address: (100000017, 100000017, 100000017, 100000017, 100000017)...
			Write data: (326229, 326231, 326233, 326235, 326237)...
	Memory 48: width = 8, height = 256
		Read port 0:
			Read address: (487063, 487066, 487069, 487072, 487075)...
			Read data: (46180, 46182, 46184, 46186, 46188)...
			Registers: [(326158, 42100, 42116, 42132, 42148), (326160, 42102, 42118, 42134, 42150), (326162, 42104, 42120, 42136, 42152), (326164, 42106, 42122, 42138, 42154), (326166, 42108, 42124, 42140, 42156)]...
		Write port:
			Write enable: 100000159
			Write address: (100000017, 100000017, 100000017, 100000017, 100000017)...
			Write data: (326157, 326159, 326161, 326163, 326165)...
	Memory 49: width = 8, height = 256
		Read port 0:
			Read address: (491151, 491154, 491157, 491160, 491163)...
			Read data: (50276, 50278, 50280, 50282, 50284)...
			Registers: [(326086, 46196, 46212, 46228, 46244), (326088, 46198, 46214, 46230, 46246), (326090, 46200, 46216, 46232, 46248), (326092, 46202, 46218, 46234, 46250), (326094, 46204, 46220, 46236, 46252)]...
		Write port:
			Write enable: 100000162
			Write address: (100000017, 100000017, 100000017, 100000017, 100000017)...
			Write data: (326085, 326087, 326089, 326091, 326093)...
	Memory 50: width = 8, height = 256
		Read port 0:
			Read address: (495239, 495242, 495245, 495248, 495251)...
			Read data: (54372, 54374, 54376, 54378, 54380)...
			Registers: [(326014, 50292, 50308, 50324, 50340), (326016, 50294, 50310, 50326, 50342), (326018, 50296, 50312, 50328, 50344), (326020, 50298, 50314, 50330, 50346), (326022, 50300, 50316, 50332, 50348)]...
		Write port:
			Write enable: 100000165
			Write address: (100000017, 100000017, 100000017, 100000017, 100000017)...
			Write data: (326013, 326015, 326017, 326019, 326021)...
	Memory 51: width = 8, height = 256
		Read port 0:
			Read address: (499327, 499330, 499333, 499336, 499339)...
			Read data: (58468, 58470, 58472, 58474, 58476)...
			Registers: [(325942, 54388, 54404, 54420, 54436), (325944, 54390, 54406, 54422, 54438), (325946, 54392, 54408, 54424, 54440), (325948, 54394, 54410, 54426, 54442), (325950, 54396, 54412, 54428, 54444)]...
		Write port:
			Write enable: 100000168
			Write address: (100000017, 100000017, 100000017, 100000017, 100000017)...
			Write data: (325941, 325943, 325945, 325947, 325949)...
	Memory 52: width = 8, height = 256
		Read port 0:
			Read address: (503415, 503418, 503421, 503424, 503427)...
			Read data: (62564, 62566, 62568, 62570, 62572)...
			Registers: [(325870, 58484, 58500, 58516, 58532), (325872, 58486, 58502, 58518, 58534), (325874, 58488, 58504, 58520, 58536), (325876, 58490, 58506, 58522, 58538), (325878, 58492, 58508, 58524, 58540)]...
		Write port:
			Write enable: 100000171
			Write address: (100000017, 100000017, 100000017, 100000017, 100000017)...
			Write data: (325869, 325871, 325873, 325875, 325877)...
	Memory 53: width = 8, height = 256
		Read port 0:
			Read address: (507503, 507506, 507509, 507512, 507515)...
			Read data: (66660, 66662, 66664, 66666, 66668)...
			Registers: [(325798, 62580, 62596, 62612, 62628), (325800, 62582, 62598, 62614, 62630), (325802, 62584, 62600, 62616, 62632), (325804, 62586, 62602, 62618, 62634), (325806, 62588, 62604, 62620, 62636)]...
		Write port:
			Write enable: 100000174
			Write address: (100000017, 100000017, 100000017, 100000017, 100000017)...
			Write data: (325797, 325799, 325801, 325803, 325805)...
	Memory 54: width = 8, height = 256
		Read port 0:
			Read address: (511591, 511594, 511597, 511600, 511603)...
			Read data: (70756, 70758, 70760, 70762, 70764)...
			Registers: [(325726, 66676, 66692, 66708, 66724), (325728, 66678, 66694, 66710, 66726), (325730, 66680, 66696, 66712, 66728), (325732, 66682, 66698, 66714, 66730), (325734, 66684, 66700, 66716, 66732)]...
		Write port:
			Write enable: 100000177
			Write address: (100000017, 100000017, 100000017, 100000017, 100000017)...
			Write data: (325725, 325727, 325729, 325731, 325733)...
	Memory 55: width = 8, height = 256
		Read port 0:
			Read address: (515679, 515682, 515685, 515688, 515691)...
			Read data: (74852, 74854, 74856, 74858, 74860)...
			Registers: [(325654, 70772, 70788, 70804, 70820), (325656, 70774, 70790, 70806, 70822), (325658, 70776, 70792, 70808, 70824), (325660, 70778, 70794, 70810, 70826), (325662, 70780, 70796, 70812, 70828)]...
		Write port:
			Write enable: 100000180
			Write address: (100000017, 100000017, 100000017, 100000017, 100000017)...
			Write data: (325653, 325655, 325657, 325659, 325661)...
	Memory 56: width = 8, height = 256
		Read port 0:
			Read address: (519767, 519770, 519773, 519776, 519779)...
			Read data: (78948, 78950, 78952, 78954, 78956)...
			Registers: [(325582, 74868, 74884, 74900, 74916), (325584, 74870, 74886, 74902, 74918), (325586, 74872, 74888, 74904, 74920), (325588, 74874, 74890, 74906, 74922), (325590, 74876, 74892, 74908, 74924)]...
		Write port:
			Write enable: 100000183
			Write address: (100000017, 100000017, 100000017, 100000017, 100000017)...
			Write data: (325581, 325583, 325585, 325587, 325589)...
	Memory 57: width = 8, height = 256
		Read port 0:
			Read address: (523855, 523858, 523861, 523864, 523867)...
			Read data: (83044, 83046, 83048, 83050, 83052)...
			Registers: [(325510, 78964, 78980, 78996, 79012), (325512, 78966, 78982, 78998, 79014), (325514, 78968, 78984, 79000, 79016), (325516, 78970, 78986, 79002, 79018), (325518, 78972, 78988, 79004, 79020)]...
		Write port:
			Write enable: 100000186
			Write address: (100000017, 100000017, 100000017, 100000017, 100000017)...
			Write data: (325509, 325511, 325513, 325515, 325517)...
	Memory 58: width = 8, height = 256
		Read port 0:
			Read address: (527943, 527946, 527949, 527952, 527955)...
			Read data: (87140, 87142, 87144, 87146, 87148)...
			Registers: [(325438, 83060, 83076, 83092, 83108), (325440, 83062, 83078, 83094, 83110), (325442, 83064, 83080, 83096, 83112), (325444, 83066, 83082, 83098, 83114), (325446, 83068, 83084, 83100, 83116)]...
		Write port:
			Write enable: 100000189
			Write address: (100000017, 100000017, 100000017, 100000017, 100000017)...
			Write data: (325437, 325439, 325441, 325443, 325445)...
	Memory 59: width = 8, height = 256
		Read port 0:
			Read address: (532031, 532034, 532037, 532040, 532043)...
			Read data: (91236, 91238, 91240, 91242, 91244)...
			Registers: [(325366, 87156, 87172, 87188, 87204), (325368, 87158, 87174, 87190, 87206), (325370, 87160, 87176, 87192, 87208), (325372, 87162, 87178, 87194, 87210), (325374, 87164, 87180, 87196, 87212)]...
		Write port:
			Write enable: 100000192
			Write address: (100000017, 100000017, 100000017, 100000017, 100000017)...
			Write data: (325365, 325367, 325369, 325371, 325373)...
	Memory 60: width = 8, height = 256
		Read port 0:
			Read address: (536119, 536122, 536125, 536128, 536131)...
			Read data: (95332, 95334, 95336, 95338, 95340)...
			Registers: [(325294, 91252, 91268, 91284, 91300), (325296, 91254, 91270, 91286, 91302), (325298, 91256, 91272, 91288, 91304), (325300, 91258, 91274, 91290, 91306), (325302, 91260, 91276, 91292, 91308)]...
		Write port:
			Write enable: 100000195
			Write address: (100000017, 100000017, 100000017, 100000017, 100000017)...
			Write data: (325293, 325295, 325297, 325299, 325301)...
	Memory 61: width = 8, height = 256
		Read port 0:
			Read address: (540207, 540210, 540213, 540216, 540219)...
			Read data: (99428, 99430, 99432, 99434, 99436)...
			Registers: [(325222, 95348, 95364, 95380, 95396), (325224, 95350, 95366, 95382, 95398), (325226, 95352, 95368, 95384, 95400), (325228, 95354, 95370, 95386, 95402), (325230, 95356, 95372, 95388, 95404)]...
		Write port:
			Write enable: 100000198
			Write address: (100000017, 100000017, 100000017, 100000017, 100000017)...
			Write data: (325221, 325223, 325225, 325227, 325229)...
	Memory 62: width = 184, height = 64
		Read port 0:
			Read address: (605615, 605618, 605621, 605624, 605627)...
			Read data: (184068, 184070, 184072, 184074, 184076)...
			Registers: [(323718, 160884, 161252, 161620, 161988), (323720, 160886, 161254, 161622, 161990), (323722, 160888, 161256, 161624, 161992), (323724, 160890, 161258, 161626, 161994), (323726, 160892, 161260, 161628, 161996)]...
		Write port:
			Write enable: 100000201
			Write address: (100000015, 100000015, 100000015, 100000015, 100000015)...
			Write data: (323717, 323719, 323721, 323723, 323725)...
	Memory 63: width = 15, height = 64
		Read port 0:
			Read address: (1124, 1125, 1126, 1127, 1128)...
			Read data: (185460, 185462, 185464, 185466, 185468)...
			Registers: [(184110, 184170, 184140, 184080, 184200), (184112, 184172, 184142, 184082, 184202), (184114, 184174, 184144, 184084, 184204), (184116, 184176, 184146, 184086, 184206), (184118, 184178, 184148, 184088, 184208)]...
		Write port:
			Write enable: 100000204
			Write address: (100000015, 100000015, 100000015, 100000015, 100000015)...
			Write data: (184109, 184111, 184113, 184115, 184117)...
	Memory 64: width = 8, height = 256
		Read port 0:
			Read address: (446183, 446186, 446189, 446192, 446195)...
			Read data: (5220, 5222, 5224, 5226, 5228)...
			Registers: [(326878, 1140, 1156, 1172, 1188), (326880, 1142, 1158, 1174, 1190), (326882, 1144, 1160, 1176, 1192), (326884, 1146, 1162, 1178, 1194), (326886, 1148, 1164, 1180, 1196)]...
		Write port:
			Write enable: 100000207
			Write address: (100000017, 100000017, 100000017, 100000017, 100000017)...
			Write data: (326877, 326879, 326881, 326883, 326885)...
	Memory 65: width = 8, height = 256
		Read port 0:
			Read address: (450271, 450274, 450277, 450280, 450283)...
			Read data: (9316, 9318, 9320, 9322, 9324)...
			Registers: [(326806, 5236, 5252, 5268, 5284), (326808, 5238, 5254, 5270, 5286), (326810, 5240, 5256, 5272, 5288), (326812, 5242, 5258, 5274, 5290), (326814, 5244, 5260, 5276, 5292)]...
		Write port:
			Write enable: 100000210
			Write address: (100000017, 100000017, 100000017, 100000017, 100000017)...
			Write data: (326805, 326807, 326809, 326811, 326813)...
	Memory 66: width = 33, height = 2
		Read port 0:
			Read address: (331884, 331912, 331914, 331916, 331918)...
			Read data: (5101598,)
			Registers: [(331885, 273), (331913, 304), (331915, 303), (331917, 302), (331919, 301)]...
		Write port:
			Write enable: 100000213
			Write address: (100000010,)
			Write data: (331884, 331912, 331914, 331916, 331918)...
	Memory 67: width = 26, height = 2
		Read port 0:
			Read address: (332140, 332142, 332144, 332146, 332148)...
			Read data: (5101896,)
			Registers: [(332141, 280), (332143, 281), (332145, 282), (332147, 283), (332149, 284)]...
		Write port:
			Write enable: 100000216
			Write address: (100000010,)
			Write data: (332140, 332142, 332144, 332146, 332148)...
	Memory 68: width = 138, height = 2
		Read port 0:
			Read address: (332200, 332202, 332204, 332206, 332208)...
			Read data: (5101913,)
			Registers: [(332201, 285), (332203, 286), (332205, 287), (332207, 288), (332209, 289)]...
		Write port:
			Write enable: 100000219
			Write address: (100000010,)
			Write data: (332200, 332202, 332204, 332206, 332208)...
Total muxes replaced by read ports: 143294
Total estimated demuxes replaced by write ports: 143294
Time elapsed: 64.013s
