Built netlist in 55.193s
Rewrote dffs and logic gates in 5.335s
Rewrote 137185 muxes to qmuxes in 1.115s
Rewrote 0 inverted muxes to qmuxes in 2.312s
Reduced all qmuxes in 11.066s
Found 10 read port(s) in 0.363s
Found 10 memory(ies) in 0.001s
Created 10 write port(s) in 26.176s
Found 10 memory(ies):
	Memory 0: width = 64, height = 512
		Read port 0:
			Read address: (783315, 783318, 783321, 783324, 783327)...
			Read data: (209718, 209719, 209720, 209721, 209722)...
			Registers: [(142219, 144311, 144439, 144567, 144695), (142221, 144313, 144441, 144569, 144697), (142223, 144315, 144443, 144571, 144699), (142225, 144317, 144445, 144573, 144701), (142227, 144319, 144447, 144575, 144703)]...
		Write port:
			Write enable: 100000000
			Write address: (100000019, 100000019, 100000019, 100000019, 100000019)...
			Write data: (142218, 142220, 142222, 142224, 142226)...
	Memory 1: width = 64, height = 512
		Read port 0:
			Read address: (783123, 783126, 783129, 783132, 783135)...
			Read data: (275135, 275136, 275137, 275138, 275139)...
			Registers: [(141799, 209728, 209856, 209984, 210112), (141801, 209730, 209858, 209986, 210114), (141803, 209732, 209860, 209988, 210116), (141805, 209734, 209862, 209990, 210118), (141807, 209736, 209864, 209992, 210120)]...
		Write port:
			Write enable: 100000020
			Write address: (100000019, 100000019, 100000019, 100000019, 100000019)...
			Write data: (141798, 141800, 141802, 141804, 141806)...
	Memory 2: width = 64, height = 512
		Read port 0:
			Read address: (782931, 782934, 782937, 782940, 782943)...
			Read data: (340552, 340553, 340554, 340555, 340556)...
			Registers: [(141379, 275145, 275273, 275401, 275529), (141381, 275147, 275275, 275403, 275531), (141383, 275149, 275277, 275405, 275533), (141385, 275151, 275279, 275407, 275535), (141387, 275153, 275281, 275409, 275537)]...
		Write port:
			Write enable: 100000023
			Write address: (100000019, 100000019, 100000019, 100000019, 100000019)...
			Write data: (141378, 141380, 141382, 141384, 141386)...
	Memory 3: width = 64, height = 512
		Read port 0:
			Read address: (782739, 782742, 782745, 782748, 782751)...
			Read data: (405969, 405970, 405971, 405972, 405973)...
			Registers: [(140959, 340562, 340690, 340818, 340946), (140961, 340564, 340692, 340820, 340948), (140963, 340566, 340694, 340822, 340950), (140965, 340568, 340696, 340824, 340952), (140967, 340570, 340698, 340826, 340954)]...
		Write port:
			Write enable: 100000026
			Write address: (100000019, 100000019, 100000019, 100000019, 100000019)...
			Write data: (140958, 140960, 140962, 140964, 140966)...
	Memory 4: width = 64, height = 512
		Read port 0:
			Read address: (782547, 782550, 782553, 782556, 782559)...
			Read data: (471386, 471387, 471388, 471389, 471390)...
			Registers: [(140539, 405979, 406107, 406235, 406363), (140541, 405981, 406109, 406237, 406365), (140543, 405983, 406111, 406239, 406367), (140545, 405985, 406113, 406241, 406369), (140547, 405987, 406115, 406243, 406371)]...
		Write port:
			Write enable: 100000029
			Write address: (100000019, 100000019, 100000019, 100000019, 100000019)...
			Write data: (140538, 140540, 140542, 140544, 140546)...
	Memory 5: width = 64, height = 512
		Read port 0:
			Read address: (782355, 782358, 782361, 782364, 782367)...
			Read data: (536803, 536804, 536805, 536806, 536807)...
			Registers: [(140119, 471396, 471524, 471652, 471780), (140121, 471398, 471526, 471654, 471782), (140123, 471400, 471528, 471656, 471784), (140125, 471402, 471530, 471658, 471786), (140127, 471404, 471532, 471660, 471788)]...
		Write port:
			Write enable: 100000032
			Write address: (100000019, 100000019, 100000019, 100000019, 100000019)...
			Write data: (140118, 140120, 140122, 140124, 140126)...
	Memory 6: width = 64, height = 512
		Read port 0:
			Read address: (782163, 782166, 782169, 782172, 782175)...
			Read data: (602220, 602221, 602222, 602223, 602224)...
			Registers: [(139699, 536813, 536941, 537069, 537197), (139701, 536815, 536943, 537071, 537199), (139703, 536817, 536945, 537073, 537201), (139705, 536819, 536947, 537075, 537203), (139707, 536821, 536949, 537077, 537205)]...
		Write port:
			Write enable: 100000035
			Write address: (100000019, 100000019, 100000019, 100000019, 100000019)...
			Write data: (139698, 139700, 139702, 139704, 139706)...
	Memory 7: width = 64, height = 512
		Read port 0:
			Read address: (783507, 783510, 783513, 783516, 783519)...
			Read data: (633809, 633810, 633811, 633812, 633813)...
			Registers: [(144169, 144041, 143913, 633682, 633554), (144171, 144043, 143915, 633684, 633556), (144173, 144045, 143917, 633686, 633558), (144175, 144047, 143919, 633688, 633560), (144177, 144049, 143921, 633690, 633562)]...
		Write port:
			Write enable: 100000038
			Write address: (100000019, 100000019, 100000019, 100000019, 100000019)...
			Write data: (144168, 144170, 144172, 144174, 144176)...
	Memory 8: width = 184, height = 64
		Read port 0:
			Read address: (1272880, 1272883, 1272886, 1272889, 1272892)...
			Read data: (625413, 625414, 625415, 625416, 625417)...
			Registers: [(139039, 602230, 602598, 602966, 603334), (139041, 602232, 602600, 602968, 603336), (139043, 602234, 602602, 602970, 603338), (139045, 602236, 602604, 602972, 603340), (139047, 602238, 602606, 602974, 603342)]...
		Write port:
			Write enable: 100000041
			Write address: (100000016, 100000016, 100000016, 100000016, 100000016)...
			Write data: (139038, 139040, 139042, 139044, 139046)...
	Memory 9: width = 14, height = 32
		Read port 0:
			Read address: (5610831, 5610832, 5610833, 5610834, 5610835)...
			Read data: (626255, 626256, 626257, 626258, 626259)
			Registers: [(625960, 625974, 625988, 626002, 626072), (625962, 625976, 625990, 626004, 626074), (625964, 625978, 625992, 626006, 626076), (625966, 625980, 625994, 626008, 626078), (625968, 625982, 625996, 626010, 626080)]...
		Write port:
			Write enable: 100000044
			Write address: (100000015, 100000015, 100000015, 100000015, 100000015)
			Write data: (625959, 625961, 625963, 625965, 625967)...
Total muxes replaced by read ports: 273658
Total estimated demuxes replaced by write ports: 273658
Time elapsed: 46.368s
