Built netlist in 13.309s
Rewrote dffs and logic gates in 0.093s
Rewrote 358436 muxes to qmuxes in 3.637s
Reduced all qmuxes in 57.914s
Found 5 read port(s) in 0.710s
Found 4 memory(ies) in 0.002s
Created 4 write port(s) in 44.394s
Found 4 memory(ies):
	Memory 0: width = 144, height = 4096
		Read port 0:
			Read address: (24457, 32648, 40839, 49030, 57221)...
			Read data: (16265, 15400, 16273, 15394, 15396)...
			Registers: [(24441, 24442, 24444, 24445, 24434), (32632, 32633, 32635, 32636, 32625), (40823, 40824, 40826, 40827, 40816), (49014, 49015, 49017, 49018, 49007), (57205, 57206, 57208, 57209, 57198)]...
		Write port:
			Write enable: 100000000
			Write address: (100010239, 100012286, 100013821, 100014844, 100015483)...
			Write data: (1476213, 1477191, 1477139, 1476237, 1476233)...
	Memory 1: width = 170, height = 256
		Read port 0:
			Read address: (1251970, 1252225, 1252480, 1252735, 1252990)...
			Read data: (15362, 15365, 15369, 15372, 15377)...
			Registers: [(1218483, 1218484, 1218480, 1218481, 1218476), (1218994, 1218995, 1218991, 1218992, 1218987), (1219505, 1219506, 1219502, 1219503, 1219498), (1220016, 1220017, 1220013, 1220014, 1220009), (1220527, 1220528, 1220524, 1220525, 1220520)]...
		Read port 1:
			Read address: (1218492, 1219003, 1219514, 1220025, 1220536)...
			Read data: (15363, 15366, 15370, 15373, 15378)...
			Registers: [(1218483, 1218484, 1218480, 1218481, 1218476), (1218994, 1218995, 1218991, 1218992, 1218987), (1219505, 1219506, 1219502, 1219503, 1219498), (1220016, 1220017, 1220013, 1220014, 1220009), (1220527, 1220528, 1220524, 1220525, 1220520)]...
		Write port:
			Write enable: 100016359
			Write address: (100016998, 100017125, 100017220, 100017283, 100017322)...
			Write data: (1476985, 1489678, 1489602, 1490026, 1490027)...
	Memory 2: width = 64, height = 16
		Read port 0:
			Read address: (167, 168, 169, 170, 171)...
			Read data: (1336316, 1336321, 1336330, 1336347)
			Registers: [(1336314, 1336315, 1336318, 1336319, 1336323), (1336348, 1336349, 1336351, 1336352, 1336355), (1336378, 1336379, 1336381, 1336382, 1336385), (1336408, 1336409, 1336411, 1336412, 1336415), (1336438, 1336439, 1336441, 1336442, 1336445)]...
		Write port:
			Write enable: 100017366
			Write address: (100017405, 100017412, 100017417, 100017420)
			Write data: (1335998, 1336003, 1336008, 1336013, 1336018)...
	Memory 3: width = 16, height = 4
		Read port 0:
			Read address: (3861, 3795, 3826, 3668, 3699)...
			Read data: (3633, 3636)
			Registers: [(2781, 2780, 2784, 2783), (3279, 3278, 3282, 3281), (3328, 3327, 3331, 3330), (3379, 3378, 3382, 3381), (3428, 3427, 3431, 3430)]...
		Write port:
			Write enable: 100017421
			Write address: (100017430, 100017431)
			Write data: (1214369, 1216858, 1217106, 1217354, 1217602)...
Total muxes replaced by read ports: 677388
Total estimated demuxes replaced by write ports: 634038
Time elapsed: 106.752s
