emap is loaded successfully.
Testing design `practical_designs/e_bp_unicore_megaparrot_cfg-bp_unicore.json` with top module `bp_unicore`...
Database built in 5.53 seconds.
Rewrite 142567 ANDNOTs
Netlist saturated in 0.87 seconds.
Found 431591 muxes with DFFs as inputs.
393235 muxtree(s) reduced in 9.59 seconds.
Decoders reduced in 4553.53 seconds.
650 memories extracted in 291.48 seconds.
	Memory 0: width=66, height=32, #read-ports=2, #write-ports=1
	Memory 1: width=42, height=64, #read-ports=1, #write-ports=1
	Memory 2: width=1, height=64, #read-ports=1, #write-ports=1
	Memory 3: width=42, height=64, #read-ports=1, #write-ports=1
	Memory 4: width=1, height=64, #read-ports=1, #write-ports=1
	Memory 5: width=42, height=64, #read-ports=1, #write-ports=1
	Memory 6: width=1, height=64, #read-ports=1, #write-ports=1
	Memory 7: width=42, height=64, #read-ports=1, #write-ports=1
	Memory 8: width=1, height=64, #read-ports=1, #write-ports=1
	Memory 9: width=42, height=64, #read-ports=1, #write-ports=1
	Memory 10: width=1, height=64, #read-ports=1, #write-ports=1
	Memory 11: width=42, height=64, #read-ports=1, #write-ports=1
	Memory 12: width=1, height=64, #read-ports=1, #write-ports=1
	Memory 13: width=42, height=64, #read-ports=1, #write-ports=1
	Memory 14: width=1, height=64, #read-ports=1, #write-ports=1
	Memory 15: width=42, height=64, #read-ports=1, #write-ports=1
	Memory 16: width=1, height=64, #read-ports=1, #write-ports=1
	Memory 17: width=1, height=64, #read-ports=1, #write-ports=1
	Memory 18: width=1, height=64, #read-ports=1, #write-ports=1
	Memory 19: width=1, height=64, #read-ports=1, #write-ports=1
	Memory 20: width=1, height=64, #read-ports=1, #write-ports=1
	Memory 21: width=1, height=64, #read-ports=1, #write-ports=1
	Memory 22: width=1, height=64, #read-ports=1, #write-ports=1
	Memory 23: width=1, height=64, #read-ports=1, #write-ports=1
	Memory 24: width=1, height=128, #read-ports=1, #write-ports=1
	Memory 25: width=1, height=128, #read-ports=1, #write-ports=1
	Memory 26: width=1, height=128, #read-ports=1, #write-ports=1
	Memory 27: width=1, height=128, #read-ports=1, #write-ports=1
	Memory 28: width=1, height=128, #read-ports=1, #write-ports=1
	Memory 29: width=1, height=128, #read-ports=1, #write-ports=1
	Memory 30: width=1, height=128, #read-ports=1, #write-ports=1
	Memory 31: width=1, height=128, #read-ports=1, #write-ports=1
	Memory 32: width=1, height=128, #read-ports=1, #write-ports=1
	Memory 33: width=1, height=128, #read-ports=1, #write-ports=1
	Memory 34: width=1, height=128, #read-ports=1, #write-ports=1
	Memory 35: width=1, height=128, #read-ports=1, #write-ports=1
	Memory 36: width=1, height=128, #read-ports=1, #write-ports=1
	Memory 37: width=1, height=128, #read-ports=1, #write-ports=1
	Memory 38: width=1, height=128, #read-ports=1, #write-ports=1
	Memory 39: width=1, height=128, #read-ports=1, #write-ports=1
	Memory 40: width=1, height=128, #read-ports=1, #write-ports=1
	Memory 41: width=1, height=128, #read-ports=1, #write-ports=1
	Memory 42: width=1, height=128, #read-ports=1, #write-ports=1
	Memory 43: width=1, height=128, #read-ports=1, #write-ports=1
	Memory 44: width=1, height=128, #read-ports=1, #write-ports=1
	Memory 45: width=1, height=128, #read-ports=1, #write-ports=1
	Memory 46: width=1, height=128, #read-ports=1, #write-ports=1
	Memory 47: width=1, height=128, #read-ports=1, #write-ports=1
	Memory 48: width=1, height=128, #read-ports=1, #write-ports=1
	Memory 49: width=1, height=128, #read-ports=1, #write-ports=1
	Memory 50: width=1, height=128, #read-ports=1, #write-ports=1
	Memory 51: width=1, height=128, #read-ports=1, #write-ports=1
	Memory 52: width=1, height=128, #read-ports=1, #write-ports=1
	Memory 53: width=1, height=128, #read-ports=1, #write-ports=1
	Memory 54: width=1, height=128, #read-ports=1, #write-ports=1
	Memory 55: width=1, height=128, #read-ports=1, #write-ports=1
	Memory 56: width=1, height=128, #read-ports=1, #write-ports=1
	Memory 57: width=1, height=128, #read-ports=1, #write-ports=1
	Memory 58: width=1, height=128, #read-ports=1, #write-ports=1
	Memory 59: width=1, height=128, #read-ports=1, #write-ports=1
	Memory 60: width=1, height=128, #read-ports=1, #write-ports=1
	Memory 61: width=1, height=128, #read-ports=1, #write-ports=1
	Memory 62: width=1, height=128, #read-ports=1, #write-ports=1
	Memory 63: width=1, height=128, #read-ports=1, #write-ports=1
	Memory 64: width=1, height=128, #read-ports=1, #write-ports=1
	Memory 65: width=1, height=128, #read-ports=1, #write-ports=1
	Memory 66: width=1, height=128, #read-ports=1, #write-ports=1
	Memory 67: width=1, height=128, #read-ports=1, #write-ports=1
	Memory 68: width=1, height=128, #read-ports=1, #write-ports=1
	Memory 69: width=1, height=128, #read-ports=1, #write-ports=1
	Memory 70: width=1, height=128, #read-ports=1, #write-ports=1
	Memory 71: width=1, height=128, #read-ports=1, #write-ports=1
	Memory 72: width=1, height=128, #read-ports=1, #write-ports=1
	Memory 73: width=1, height=128, #read-ports=1, #write-ports=1
	Memory 74: width=1, height=128, #read-ports=1, #write-ports=1
	Memory 75: width=1, height=128, #read-ports=1, #write-ports=1
	Memory 76: width=1, height=128, #read-ports=1, #write-ports=1
	Memory 77: width=1, height=128, #read-ports=1, #write-ports=1
	Memory 78: width=1, height=128, #read-ports=1, #write-ports=1
	Memory 79: width=1, height=128, #read-ports=1, #write-ports=1
	Memory 80: width=1, height=128, #read-ports=1, #write-ports=1
	Memory 81: width=1, height=128, #read-ports=1, #write-ports=1
	Memory 82: width=1, height=128, #read-ports=1, #write-ports=1
	Memory 83: width=1, height=128, #read-ports=1, #write-ports=1
	Memory 84: width=1, height=128, #read-ports=1, #write-ports=1
	Memory 85: width=1, height=128, #read-ports=1, #write-ports=1
	Memory 86: width=1, height=128, #read-ports=1, #write-ports=1
	Memory 87: width=1, height=128, #read-ports=1, #write-ports=1
	Memory 88: width=1, height=128, #read-ports=1, #write-ports=1
	Memory 89: width=1, height=128, #read-ports=1, #write-ports=1
	Memory 90: width=1, height=128, #read-ports=1, #write-ports=1
	Memory 91: width=1, height=128, #read-ports=1, #write-ports=1
	Memory 92: width=1, height=128, #read-ports=1, #write-ports=1
	Memory 93: width=1, height=128, #read-ports=1, #write-ports=1
	Memory 94: width=1, height=128, #read-ports=1, #write-ports=1
	Memory 95: width=1, height=128, #read-ports=1, #write-ports=1
	Memory 96: width=1, height=128, #read-ports=1, #write-ports=1
	Memory 97: width=1, height=128, #read-ports=1, #write-ports=1
	Memory 98: width=1, height=128, #read-ports=1, #write-ports=1
	Memory 99: width=1, height=128, #read-ports=1, #write-ports=1
	Memory 100: width=1, height=128, #read-ports=1, #write-ports=1
	Memory 101: width=1, height=128, #read-ports=1, #write-ports=1
	Memory 102: width=1, height=128, #read-ports=1, #write-ports=1
	Memory 103: width=1, height=128, #read-ports=1, #write-ports=1
	Memory 104: width=1, height=128, #read-ports=1, #write-ports=1
	Memory 105: width=1, height=128, #read-ports=1, #write-ports=1
	Memory 106: width=1, height=128, #read-ports=1, #write-ports=1
	Memory 107: width=1, height=128, #read-ports=1, #write-ports=1
	Memory 108: width=1, height=128, #read-ports=1, #write-ports=1
	Memory 109: width=1, height=128, #read-ports=1, #write-ports=1
	Memory 110: width=1, height=128, #read-ports=1, #write-ports=1
	Memory 111: width=1, height=128, #read-ports=1, #write-ports=1
	Memory 112: width=1, height=128, #read-ports=1, #write-ports=1
	Memory 113: width=1, height=128, #read-ports=1, #write-ports=1
	Memory 114: width=1, height=128, #read-ports=1, #write-ports=1
	Memory 115: width=1, height=128, #read-ports=1, #write-ports=1
	Memory 116: width=1, height=128, #read-ports=1, #write-ports=1
	Memory 117: width=1, height=128, #read-ports=1, #write-ports=1
	Memory 118: width=1, height=128, #read-ports=1, #write-ports=1
	Memory 119: width=1, height=128, #read-ports=1, #write-ports=1
	Memory 120: width=1, height=128, #read-ports=1, #write-ports=1
	Memory 121: width=1, height=128, #read-ports=1, #write-ports=1
	Memory 122: width=1, height=128, #read-ports=1, #write-ports=1
	Memory 123: width=1, height=128, #read-ports=1, #write-ports=1
	Memory 124: width=1, height=128, #read-ports=1, #write-ports=1
	Memory 125: width=1, height=128, #read-ports=1, #write-ports=1
	Memory 126: width=1, height=128, #read-ports=1, #write-ports=1
	Memory 127: width=1, height=128, #read-ports=1, #write-ports=1
	Memory 128: width=1, height=128, #read-ports=1, #write-ports=1
	Memory 129: width=1, height=128, #read-ports=1, #write-ports=1
	Memory 130: width=1, height=128, #read-ports=1, #write-ports=1
	Memory 131: width=1, height=128, #read-ports=1, #write-ports=1
	Memory 132: width=1, height=128, #read-ports=1, #write-ports=1
	Memory 133: width=1, height=128, #read-ports=1, #write-ports=1
	Memory 134: width=1, height=128, #read-ports=1, #write-ports=1
	Memory 135: width=1, height=128, #read-ports=1, #write-ports=1
	Memory 136: width=42, height=128, #read-ports=1, #write-ports=1
	Memory 137: width=1, height=128, #read-ports=1, #write-ports=1
	Memory 138: width=1, height=128, #read-ports=1, #write-ports=1
	Memory 139: width=42, height=128, #read-ports=1, #write-ports=1
	Memory 140: width=1, height=128, #read-ports=1, #write-ports=1
	Memory 141: width=1, height=128, #read-ports=1, #write-ports=1
	Memory 142: width=42, height=128, #read-ports=1, #write-ports=1
	Memory 143: width=1, height=128, #read-ports=1, #write-ports=1
	Memory 144: width=1, height=128, #read-ports=1, #write-ports=1
	Memory 145: width=42, height=128, #read-ports=1, #write-ports=1
	Memory 146: width=1, height=128, #read-ports=1, #write-ports=1
	Memory 147: width=1, height=128, #read-ports=1, #write-ports=1
	Memory 148: width=42, height=128, #read-ports=1, #write-ports=1
	Memory 149: width=1, height=128, #read-ports=1, #write-ports=1
	Memory 150: width=1, height=128, #read-ports=1, #write-ports=1
	Memory 151: width=42, height=128, #read-ports=1, #write-ports=1
	Memory 152: width=1, height=128, #read-ports=1, #write-ports=1
	Memory 153: width=1, height=128, #read-ports=1, #write-ports=1
	Memory 154: width=42, height=128, #read-ports=1, #write-ports=1
	Memory 155: width=1, height=128, #read-ports=1, #write-ports=1
	Memory 156: width=1, height=128, #read-ports=1, #write-ports=1
	Memory 157: width=42, height=128, #read-ports=1, #write-ports=1
	Memory 158: width=1, height=128, #read-ports=1, #write-ports=1
	Memory 159: width=1, height=128, #read-ports=1, #write-ports=1
	Memory 160: width=1, height=128, #read-ports=1, #write-ports=1
	Memory 161: width=1, height=128, #read-ports=1, #write-ports=1
	Memory 162: width=1, height=128, #read-ports=1, #write-ports=1
	Memory 163: width=1, height=128, #read-ports=1, #write-ports=1
	Memory 164: width=1, height=128, #read-ports=1, #write-ports=1
	Memory 165: width=1, height=128, #read-ports=1, #write-ports=1
	Memory 166: width=1, height=128, #read-ports=1, #write-ports=1
	Memory 167: width=1, height=128, #read-ports=1, #write-ports=1
	Memory 168: width=42, height=128, #read-ports=1, #write-ports=1
	Memory 169: width=1, height=128, #read-ports=1, #write-ports=1
	Memory 170: width=1, height=128, #read-ports=1, #write-ports=1
	Memory 171: width=42, height=128, #read-ports=1, #write-ports=1
	Memory 172: width=1, height=128, #read-ports=1, #write-ports=1
	Memory 173: width=1, height=128, #read-ports=1, #write-ports=1
	Memory 174: width=42, height=128, #read-ports=1, #write-ports=1
	Memory 175: width=1, height=128, #read-ports=1, #write-ports=1
	Memory 176: width=1, height=128, #read-ports=1, #write-ports=1
	Memory 177: width=42, height=128, #read-ports=1, #write-ports=1
	Memory 178: width=1, height=128, #read-ports=1, #write-ports=1
	Memory 179: width=1, height=128, #read-ports=1, #write-ports=1
	Memory 180: width=42, height=128, #read-ports=1, #write-ports=1
	Memory 181: width=1, height=128, #read-ports=1, #write-ports=1
	Memory 182: width=1, height=128, #read-ports=1, #write-ports=1
	Memory 183: width=42, height=128, #read-ports=1, #write-ports=1
	Memory 184: width=1, height=128, #read-ports=1, #write-ports=1
	Memory 185: width=1, height=128, #read-ports=1, #write-ports=1
	Memory 186: width=42, height=128, #read-ports=1, #write-ports=1
	Memory 187: width=1, height=128, #read-ports=1, #write-ports=1
	Memory 188: width=1, height=128, #read-ports=1, #write-ports=1
	Memory 189: width=42, height=128, #read-ports=1, #write-ports=1
	Memory 190: width=1, height=128, #read-ports=1, #write-ports=1
	Memory 191: width=1, height=128, #read-ports=1, #write-ports=1
	Memory 192: width=1, height=128, #read-ports=1, #write-ports=1
	Memory 193: width=1, height=128, #read-ports=1, #write-ports=1
	Memory 194: width=1, height=128, #read-ports=1, #write-ports=1
	Memory 195: width=1, height=128, #read-ports=1, #write-ports=1
	Memory 196: width=1, height=128, #read-ports=1, #write-ports=1
	Memory 197: width=1, height=128, #read-ports=1, #write-ports=1
	Memory 198: width=1, height=128, #read-ports=1, #write-ports=1
	Memory 199: width=1, height=128, #read-ports=1, #write-ports=1
	Memory 200: width=42, height=128, #read-ports=1, #write-ports=1
	Memory 201: width=1, height=128, #read-ports=1, #write-ports=1
	Memory 202: width=1, height=128, #read-ports=1, #write-ports=1
	Memory 203: width=42, height=128, #read-ports=1, #write-ports=1
	Memory 204: width=1, height=128, #read-ports=1, #write-ports=1
	Memory 205: width=1, height=128, #read-ports=1, #write-ports=1
	Memory 206: width=42, height=128, #read-ports=1, #write-ports=1
	Memory 207: width=1, height=128, #read-ports=1, #write-ports=1
	Memory 208: width=1, height=128, #read-ports=1, #write-ports=1
	Memory 209: width=42, height=128, #read-ports=1, #write-ports=1
	Memory 210: width=1, height=128, #read-ports=1, #write-ports=1
	Memory 211: width=1, height=128, #read-ports=1, #write-ports=1
	Memory 212: width=42, height=128, #read-ports=1, #write-ports=1
	Memory 213: width=1, height=128, #read-ports=1, #write-ports=1
	Memory 214: width=1, height=128, #read-ports=1, #write-ports=1
	Memory 215: width=42, height=128, #read-ports=1, #write-ports=1
	Memory 216: width=1, height=128, #read-ports=1, #write-ports=1
	Memory 217: width=1, height=128, #read-ports=1, #write-ports=1
	Memory 218: width=42, height=128, #read-ports=1, #write-ports=1
	Memory 219: width=1, height=128, #read-ports=1, #write-ports=1
	Memory 220: width=1, height=128, #read-ports=1, #write-ports=1
	Memory 221: width=42, height=128, #read-ports=1, #write-ports=1
	Memory 222: width=1, height=128, #read-ports=1, #write-ports=1
	Memory 223: width=1, height=128, #read-ports=1, #write-ports=1
	Memory 224: width=1, height=128, #read-ports=1, #write-ports=1
	Memory 225: width=1, height=128, #read-ports=1, #write-ports=1
	Memory 226: width=1, height=128, #read-ports=1, #write-ports=1
	Memory 227: width=1, height=128, #read-ports=1, #write-ports=1
	Memory 228: width=1, height=128, #read-ports=1, #write-ports=1
	Memory 229: width=1, height=128, #read-ports=1, #write-ports=1
	Memory 230: width=1, height=128, #read-ports=1, #write-ports=1
	Memory 231: width=1, height=128, #read-ports=1, #write-ports=1
	Memory 232: width=42, height=128, #read-ports=1, #write-ports=1
	Memory 233: width=1, height=128, #read-ports=1, #write-ports=1
	Memory 234: width=1, height=128, #read-ports=1, #write-ports=1
	Memory 235: width=42, height=128, #read-ports=1, #write-ports=1
	Memory 236: width=1, height=128, #read-ports=1, #write-ports=1
	Memory 237: width=1, height=128, #read-ports=1, #write-ports=1
	Memory 238: width=42, height=128, #read-ports=1, #write-ports=1
	Memory 239: width=1, height=128, #read-ports=1, #write-ports=1
	Memory 240: width=1, height=128, #read-ports=1, #write-ports=1
	Memory 241: width=42, height=128, #read-ports=1, #write-ports=1
	Memory 242: width=1, height=128, #read-ports=1, #write-ports=1
	Memory 243: width=1, height=128, #read-ports=1, #write-ports=1
	Memory 244: width=42, height=128, #read-ports=1, #write-ports=1
	Memory 245: width=1, height=128, #read-ports=1, #write-ports=1
	Memory 246: width=1, height=128, #read-ports=1, #write-ports=1
	Memory 247: width=42, height=128, #read-ports=1, #write-ports=1
	Memory 248: width=1, height=128, #read-ports=1, #write-ports=1
	Memory 249: width=1, height=128, #read-ports=1, #write-ports=1
	Memory 250: width=42, height=128, #read-ports=1, #write-ports=1
	Memory 251: width=1, height=128, #read-ports=1, #write-ports=1
	Memory 252: width=1, height=128, #read-ports=1, #write-ports=1
	Memory 253: width=42, height=128, #read-ports=1, #write-ports=1
	Memory 254: width=1, height=128, #read-ports=1, #write-ports=1
	Memory 255: width=1, height=128, #read-ports=1, #write-ports=1
	Memory 256: width=1, height=128, #read-ports=1, #write-ports=1
	Memory 257: width=1, height=128, #read-ports=1, #write-ports=1
	Memory 258: width=1, height=128, #read-ports=1, #write-ports=1
	Memory 259: width=1, height=128, #read-ports=1, #write-ports=1
	Memory 260: width=1, height=128, #read-ports=1, #write-ports=1
	Memory 261: width=1, height=128, #read-ports=1, #write-ports=1
	Memory 262: width=1, height=128, #read-ports=1, #write-ports=1
	Memory 263: width=1, height=128, #read-ports=1, #write-ports=1
	Memory 264: width=42, height=128, #read-ports=1, #write-ports=1
	Memory 265: width=1, height=128, #read-ports=1, #write-ports=1
	Memory 266: width=1, height=128, #read-ports=1, #write-ports=1
	Memory 267: width=42, height=128, #read-ports=1, #write-ports=1
	Memory 268: width=1, height=128, #read-ports=1, #write-ports=1
	Memory 269: width=1, height=128, #read-ports=1, #write-ports=1
	Memory 270: width=42, height=128, #read-ports=1, #write-ports=1
	Memory 271: width=1, height=128, #read-ports=1, #write-ports=1
	Memory 272: width=1, height=128, #read-ports=1, #write-ports=1
	Memory 273: width=42, height=128, #read-ports=1, #write-ports=1
	Memory 274: width=1, height=128, #read-ports=1, #write-ports=1
	Memory 275: width=1, height=128, #read-ports=1, #write-ports=1
	Memory 276: width=42, height=128, #read-ports=1, #write-ports=1
	Memory 277: width=1, height=128, #read-ports=1, #write-ports=1
	Memory 278: width=1, height=128, #read-ports=1, #write-ports=1
	Memory 279: width=42, height=128, #read-ports=1, #write-ports=1
	Memory 280: width=1, height=128, #read-ports=1, #write-ports=1
	Memory 281: width=1, height=128, #read-ports=1, #write-ports=1
	Memory 282: width=42, height=128, #read-ports=1, #write-ports=1
	Memory 283: width=1, height=128, #read-ports=1, #write-ports=1
	Memory 284: width=1, height=128, #read-ports=1, #write-ports=1
	Memory 285: width=42, height=128, #read-ports=1, #write-ports=1
	Memory 286: width=1, height=128, #read-ports=1, #write-ports=1
	Memory 287: width=1, height=128, #read-ports=1, #write-ports=1
	Memory 288: width=1, height=128, #read-ports=1, #write-ports=1
	Memory 289: width=1, height=128, #read-ports=1, #write-ports=1
	Memory 290: width=1, height=128, #read-ports=1, #write-ports=1
	Memory 291: width=1, height=128, #read-ports=1, #write-ports=1
	Memory 292: width=1, height=128, #read-ports=1, #write-ports=1
	Memory 293: width=1, height=128, #read-ports=1, #write-ports=1
	Memory 294: width=1, height=128, #read-ports=1, #write-ports=1
	Memory 295: width=1, height=128, #read-ports=1, #write-ports=1
	Memory 296: width=42, height=128, #read-ports=1, #write-ports=1
	Memory 297: width=1, height=128, #read-ports=1, #write-ports=1
	Memory 298: width=1, height=128, #read-ports=1, #write-ports=1
	Memory 299: width=42, height=128, #read-ports=1, #write-ports=1
	Memory 300: width=1, height=128, #read-ports=1, #write-ports=1
	Memory 301: width=1, height=128, #read-ports=1, #write-ports=1
	Memory 302: width=42, height=128, #read-ports=1, #write-ports=1
	Memory 303: width=1, height=128, #read-ports=1, #write-ports=1
	Memory 304: width=1, height=128, #read-ports=1, #write-ports=1
	Memory 305: width=42, height=128, #read-ports=1, #write-ports=1
	Memory 306: width=1, height=128, #read-ports=1, #write-ports=1
	Memory 307: width=1, height=128, #read-ports=1, #write-ports=1
	Memory 308: width=42, height=128, #read-ports=1, #write-ports=1
	Memory 309: width=1, height=128, #read-ports=1, #write-ports=1
	Memory 310: width=1, height=128, #read-ports=1, #write-ports=1
	Memory 311: width=42, height=128, #read-ports=1, #write-ports=1
	Memory 312: width=1, height=128, #read-ports=1, #write-ports=1
	Memory 313: width=1, height=128, #read-ports=1, #write-ports=1
	Memory 314: width=42, height=128, #read-ports=1, #write-ports=1
	Memory 315: width=1, height=128, #read-ports=1, #write-ports=1
	Memory 316: width=1, height=128, #read-ports=1, #write-ports=1
	Memory 317: width=42, height=128, #read-ports=1, #write-ports=1
	Memory 318: width=1, height=128, #read-ports=1, #write-ports=1
	Memory 319: width=1, height=128, #read-ports=1, #write-ports=1
	Memory 320: width=1, height=128, #read-ports=1, #write-ports=1
	Memory 321: width=1, height=128, #read-ports=1, #write-ports=1
	Memory 322: width=1, height=128, #read-ports=1, #write-ports=1
	Memory 323: width=1, height=128, #read-ports=1, #write-ports=1
	Memory 324: width=1, height=128, #read-ports=1, #write-ports=1
	Memory 325: width=1, height=128, #read-ports=1, #write-ports=1
	Memory 326: width=1, height=128, #read-ports=1, #write-ports=1
	Memory 327: width=1, height=128, #read-ports=1, #write-ports=1
	Memory 328: width=42, height=128, #read-ports=1, #write-ports=1
	Memory 329: width=1, height=128, #read-ports=1, #write-ports=1
	Memory 330: width=1, height=128, #read-ports=1, #write-ports=1
	Memory 331: width=42, height=128, #read-ports=1, #write-ports=1
	Memory 332: width=1, height=128, #read-ports=1, #write-ports=1
	Memory 333: width=1, height=128, #read-ports=1, #write-ports=1
	Memory 334: width=42, height=128, #read-ports=1, #write-ports=1
	Memory 335: width=1, height=128, #read-ports=1, #write-ports=1
	Memory 336: width=1, height=128, #read-ports=1, #write-ports=1
	Memory 337: width=42, height=128, #read-ports=1, #write-ports=1
	Memory 338: width=1, height=128, #read-ports=1, #write-ports=1
	Memory 339: width=1, height=128, #read-ports=1, #write-ports=1
	Memory 340: width=42, height=128, #read-ports=1, #write-ports=1
	Memory 341: width=1, height=128, #read-ports=1, #write-ports=1
	Memory 342: width=1, height=128, #read-ports=1, #write-ports=1
	Memory 343: width=42, height=128, #read-ports=1, #write-ports=1
	Memory 344: width=1, height=128, #read-ports=1, #write-ports=1
	Memory 345: width=1, height=128, #read-ports=1, #write-ports=1
	Memory 346: width=42, height=128, #read-ports=1, #write-ports=1
	Memory 347: width=1, height=128, #read-ports=1, #write-ports=1
	Memory 348: width=1, height=128, #read-ports=1, #write-ports=1
	Memory 349: width=42, height=128, #read-ports=1, #write-ports=1
	Memory 350: width=1, height=128, #read-ports=1, #write-ports=1
	Memory 351: width=1, height=128, #read-ports=1, #write-ports=1
	Memory 352: width=1, height=128, #read-ports=1, #write-ports=1
	Memory 353: width=1, height=128, #read-ports=1, #write-ports=1
	Memory 354: width=1, height=128, #read-ports=1, #write-ports=1
	Memory 355: width=1, height=128, #read-ports=1, #write-ports=1
	Memory 356: width=1, height=128, #read-ports=1, #write-ports=1
	Memory 357: width=1, height=128, #read-ports=1, #write-ports=1
	Memory 358: width=1, height=128, #read-ports=1, #write-ports=1
	Memory 359: width=1, height=128, #read-ports=1, #write-ports=1
	Memory 360: width=42, height=128, #read-ports=1, #write-ports=1
	Memory 361: width=1, height=128, #read-ports=1, #write-ports=1
	Memory 362: width=1, height=128, #read-ports=1, #write-ports=1
	Memory 363: width=42, height=128, #read-ports=1, #write-ports=1
	Memory 364: width=1, height=128, #read-ports=1, #write-ports=1
	Memory 365: width=1, height=128, #read-ports=1, #write-ports=1
	Memory 366: width=42, height=128, #read-ports=1, #write-ports=1
	Memory 367: width=1, height=128, #read-ports=1, #write-ports=1
	Memory 368: width=1, height=128, #read-ports=1, #write-ports=1
	Memory 369: width=42, height=128, #read-ports=1, #write-ports=1
	Memory 370: width=1, height=128, #read-ports=1, #write-ports=1
	Memory 371: width=1, height=128, #read-ports=1, #write-ports=1
	Memory 372: width=42, height=128, #read-ports=1, #write-ports=1
	Memory 373: width=1, height=128, #read-ports=1, #write-ports=1
	Memory 374: width=1, height=128, #read-ports=1, #write-ports=1
	Memory 375: width=42, height=128, #read-ports=1, #write-ports=1
	Memory 376: width=1, height=128, #read-ports=1, #write-ports=1
	Memory 377: width=1, height=128, #read-ports=1, #write-ports=1
	Memory 378: width=42, height=128, #read-ports=1, #write-ports=1
	Memory 379: width=1, height=128, #read-ports=1, #write-ports=1
	Memory 380: width=1, height=128, #read-ports=1, #write-ports=1
	Memory 381: width=42, height=128, #read-ports=1, #write-ports=1
	Memory 382: width=1, height=128, #read-ports=1, #write-ports=1
	Memory 383: width=1, height=128, #read-ports=1, #write-ports=1
	Memory 384: width=1, height=128, #read-ports=1, #write-ports=1
	Memory 385: width=1, height=128, #read-ports=1, #write-ports=1
	Memory 386: width=1, height=128, #read-ports=1, #write-ports=1
	Memory 387: width=1, height=128, #read-ports=1, #write-ports=1
	Memory 388: width=1, height=128, #read-ports=1, #write-ports=1
	Memory 389: width=1, height=128, #read-ports=1, #write-ports=1
	Memory 390: width=1, height=128, #read-ports=1, #write-ports=1
	Memory 391: width=1, height=128, #read-ports=1, #write-ports=1
	Memory 392: width=42, height=128, #read-ports=1, #write-ports=1
	Memory 393: width=1, height=128, #read-ports=1, #write-ports=1
	Memory 394: width=1, height=128, #read-ports=1, #write-ports=1
	Memory 395: width=42, height=128, #read-ports=1, #write-ports=1
	Memory 396: width=1, height=128, #read-ports=1, #write-ports=1
	Memory 397: width=1, height=128, #read-ports=1, #write-ports=1
	Memory 398: width=42, height=128, #read-ports=1, #write-ports=1
	Memory 399: width=1, height=128, #read-ports=1, #write-ports=1
	Memory 400: width=1, height=128, #read-ports=1, #write-ports=1
	Memory 401: width=42, height=128, #read-ports=1, #write-ports=1
	Memory 402: width=1, height=128, #read-ports=1, #write-ports=1
	Memory 403: width=1, height=128, #read-ports=1, #write-ports=1
	Memory 404: width=42, height=128, #read-ports=1, #write-ports=1
	Memory 405: width=1, height=128, #read-ports=1, #write-ports=1
	Memory 406: width=1, height=128, #read-ports=1, #write-ports=1
	Memory 407: width=42, height=128, #read-ports=1, #write-ports=1
	Memory 408: width=1, height=128, #read-ports=1, #write-ports=1
	Memory 409: width=1, height=128, #read-ports=1, #write-ports=1
	Memory 410: width=42, height=128, #read-ports=1, #write-ports=1
	Memory 411: width=1, height=128, #read-ports=1, #write-ports=1
	Memory 412: width=1, height=128, #read-ports=1, #write-ports=1
	Memory 413: width=42, height=128, #read-ports=1, #write-ports=1
	Memory 414: width=1, height=128, #read-ports=1, #write-ports=1
	Memory 415: width=1, height=128, #read-ports=1, #write-ports=1
	Memory 416: width=1, height=128, #read-ports=1, #write-ports=1
	Memory 417: width=1, height=128, #read-ports=1, #write-ports=1
	Memory 418: width=1, height=128, #read-ports=1, #write-ports=1
	Memory 419: width=1, height=128, #read-ports=1, #write-ports=1
	Memory 420: width=1, height=128, #read-ports=1, #write-ports=1
	Memory 421: width=1, height=128, #read-ports=1, #write-ports=1
	Memory 422: width=1, height=128, #read-ports=1, #write-ports=1
	Memory 423: width=1, height=128, #read-ports=1, #write-ports=1
	Memory 424: width=42, height=128, #read-ports=1, #write-ports=1
	Memory 425: width=1, height=128, #read-ports=1, #write-ports=1
	Memory 426: width=1, height=128, #read-ports=1, #write-ports=1
	Memory 427: width=42, height=128, #read-ports=1, #write-ports=1
	Memory 428: width=1, height=128, #read-ports=1, #write-ports=1
	Memory 429: width=1, height=128, #read-ports=1, #write-ports=1
	Memory 430: width=42, height=128, #read-ports=1, #write-ports=1
	Memory 431: width=1, height=128, #read-ports=1, #write-ports=1
	Memory 432: width=1, height=128, #read-ports=1, #write-ports=1
	Memory 433: width=42, height=128, #read-ports=1, #write-ports=1
	Memory 434: width=1, height=128, #read-ports=1, #write-ports=1
	Memory 435: width=1, height=128, #read-ports=1, #write-ports=1
	Memory 436: width=42, height=128, #read-ports=1, #write-ports=1
	Memory 437: width=1, height=128, #read-ports=1, #write-ports=1
	Memory 438: width=1, height=128, #read-ports=1, #write-ports=1
	Memory 439: width=42, height=128, #read-ports=1, #write-ports=1
	Memory 440: width=1, height=128, #read-ports=1, #write-ports=1
	Memory 441: width=1, height=128, #read-ports=1, #write-ports=1
	Memory 442: width=42, height=128, #read-ports=1, #write-ports=1
	Memory 443: width=1, height=128, #read-ports=1, #write-ports=1
	Memory 444: width=1, height=128, #read-ports=1, #write-ports=1
	Memory 445: width=42, height=128, #read-ports=1, #write-ports=1
	Memory 446: width=1, height=128, #read-ports=1, #write-ports=1
	Memory 447: width=1, height=128, #read-ports=1, #write-ports=1
	Memory 448: width=1, height=128, #read-ports=1, #write-ports=1
	Memory 449: width=1, height=128, #read-ports=1, #write-ports=1
	Memory 450: width=1, height=128, #read-ports=1, #write-ports=1
	Memory 451: width=1, height=128, #read-ports=1, #write-ports=1
	Memory 452: width=1, height=128, #read-ports=1, #write-ports=1
	Memory 453: width=1, height=128, #read-ports=1, #write-ports=1
	Memory 454: width=1, height=128, #read-ports=1, #write-ports=1
	Memory 455: width=1, height=128, #read-ports=1, #write-ports=1
	Memory 456: width=42, height=128, #read-ports=1, #write-ports=1
	Memory 457: width=1, height=128, #read-ports=1, #write-ports=1
	Memory 458: width=1, height=128, #read-ports=1, #write-ports=1
	Memory 459: width=42, height=128, #read-ports=1, #write-ports=1
	Memory 460: width=1, height=128, #read-ports=1, #write-ports=1
	Memory 461: width=1, height=128, #read-ports=1, #write-ports=1
	Memory 462: width=42, height=128, #read-ports=1, #write-ports=1
	Memory 463: width=1, height=128, #read-ports=1, #write-ports=1
	Memory 464: width=1, height=128, #read-ports=1, #write-ports=1
	Memory 465: width=42, height=128, #read-ports=1, #write-ports=1
	Memory 466: width=1, height=128, #read-ports=1, #write-ports=1
	Memory 467: width=1, height=128, #read-ports=1, #write-ports=1
	Memory 468: width=42, height=128, #read-ports=1, #write-ports=1
	Memory 469: width=1, height=128, #read-ports=1, #write-ports=1
	Memory 470: width=1, height=128, #read-ports=1, #write-ports=1
	Memory 471: width=42, height=128, #read-ports=1, #write-ports=1
	Memory 472: width=1, height=128, #read-ports=1, #write-ports=1
	Memory 473: width=1, height=128, #read-ports=1, #write-ports=1
	Memory 474: width=42, height=128, #read-ports=1, #write-ports=1
	Memory 475: width=1, height=128, #read-ports=1, #write-ports=1
	Memory 476: width=1, height=128, #read-ports=1, #write-ports=1
	Memory 477: width=42, height=128, #read-ports=1, #write-ports=1
	Memory 478: width=1, height=128, #read-ports=1, #write-ports=1
	Memory 479: width=1, height=128, #read-ports=1, #write-ports=1
	Memory 480: width=1, height=128, #read-ports=1, #write-ports=1
	Memory 481: width=1, height=128, #read-ports=1, #write-ports=1
	Memory 482: width=1, height=128, #read-ports=1, #write-ports=1
	Memory 483: width=1, height=128, #read-ports=1, #write-ports=1
	Memory 484: width=1, height=128, #read-ports=1, #write-ports=1
	Memory 485: width=1, height=128, #read-ports=1, #write-ports=1
	Memory 486: width=1, height=128, #read-ports=1, #write-ports=1
	Memory 487: width=1, height=128, #read-ports=1, #write-ports=1
	Memory 488: width=42, height=128, #read-ports=1, #write-ports=1
	Memory 489: width=1, height=128, #read-ports=1, #write-ports=1
	Memory 490: width=1, height=128, #read-ports=1, #write-ports=1
	Memory 491: width=42, height=128, #read-ports=1, #write-ports=1
	Memory 492: width=1, height=128, #read-ports=1, #write-ports=1
	Memory 493: width=1, height=128, #read-ports=1, #write-ports=1
	Memory 494: width=42, height=128, #read-ports=1, #write-ports=1
	Memory 495: width=1, height=128, #read-ports=1, #write-ports=1
	Memory 496: width=1, height=128, #read-ports=1, #write-ports=1
	Memory 497: width=42, height=128, #read-ports=1, #write-ports=1
	Memory 498: width=1, height=128, #read-ports=1, #write-ports=1
	Memory 499: width=1, height=128, #read-ports=1, #write-ports=1
	Memory 500: width=42, height=128, #read-ports=1, #write-ports=1
	Memory 501: width=1, height=128, #read-ports=1, #write-ports=1
	Memory 502: width=1, height=128, #read-ports=1, #write-ports=1
	Memory 503: width=42, height=128, #read-ports=1, #write-ports=1
	Memory 504: width=1, height=128, #read-ports=1, #write-ports=1
	Memory 505: width=1, height=128, #read-ports=1, #write-ports=1
	Memory 506: width=42, height=128, #read-ports=1, #write-ports=1
	Memory 507: width=1, height=128, #read-ports=1, #write-ports=1
	Memory 508: width=1, height=128, #read-ports=1, #write-ports=1
	Memory 509: width=42, height=128, #read-ports=1, #write-ports=1
	Memory 510: width=1, height=128, #read-ports=1, #write-ports=1
	Memory 511: width=1, height=128, #read-ports=1, #write-ports=1
	Memory 512: width=1, height=128, #read-ports=1, #write-ports=1
	Memory 513: width=1, height=128, #read-ports=1, #write-ports=1
	Memory 514: width=1, height=128, #read-ports=1, #write-ports=1
	Memory 515: width=1, height=128, #read-ports=1, #write-ports=1
	Memory 516: width=1, height=128, #read-ports=1, #write-ports=1
	Memory 517: width=1, height=128, #read-ports=1, #write-ports=1
	Memory 518: width=1, height=128, #read-ports=1, #write-ports=1
	Memory 519: width=1, height=128, #read-ports=1, #write-ports=1
	Memory 520: width=42, height=128, #read-ports=1, #write-ports=1
	Memory 521: width=1, height=128, #read-ports=1, #write-ports=1
	Memory 522: width=1, height=128, #read-ports=1, #write-ports=1
	Memory 523: width=42, height=128, #read-ports=1, #write-ports=1
	Memory 524: width=1, height=128, #read-ports=1, #write-ports=1
	Memory 525: width=1, height=128, #read-ports=1, #write-ports=1
	Memory 526: width=42, height=128, #read-ports=1, #write-ports=1
	Memory 527: width=1, height=128, #read-ports=1, #write-ports=1
	Memory 528: width=1, height=128, #read-ports=1, #write-ports=1
	Memory 529: width=42, height=128, #read-ports=1, #write-ports=1
	Memory 530: width=1, height=128, #read-ports=1, #write-ports=1
	Memory 531: width=1, height=128, #read-ports=1, #write-ports=1
	Memory 532: width=42, height=128, #read-ports=1, #write-ports=1
	Memory 533: width=1, height=128, #read-ports=1, #write-ports=1
	Memory 534: width=1, height=128, #read-ports=1, #write-ports=1
	Memory 535: width=42, height=128, #read-ports=1, #write-ports=1
	Memory 536: width=1, height=128, #read-ports=1, #write-ports=1
	Memory 537: width=1, height=128, #read-ports=1, #write-ports=1
	Memory 538: width=42, height=128, #read-ports=1, #write-ports=1
	Memory 539: width=1, height=128, #read-ports=1, #write-ports=1
	Memory 540: width=1, height=128, #read-ports=1, #write-ports=1
	Memory 541: width=42, height=128, #read-ports=1, #write-ports=1
	Memory 542: width=1, height=128, #read-ports=1, #write-ports=1
	Memory 543: width=1, height=128, #read-ports=1, #write-ports=1
	Memory 544: width=1, height=128, #read-ports=1, #write-ports=1
	Memory 545: width=1, height=128, #read-ports=1, #write-ports=1
	Memory 546: width=1, height=128, #read-ports=1, #write-ports=1
	Memory 547: width=1, height=128, #read-ports=1, #write-ports=1
	Memory 548: width=1, height=128, #read-ports=1, #write-ports=1
	Memory 549: width=1, height=128, #read-ports=1, #write-ports=1
	Memory 550: width=1, height=128, #read-ports=1, #write-ports=1
	Memory 551: width=1, height=128, #read-ports=1, #write-ports=1
	Memory 552: width=42, height=128, #read-ports=1, #write-ports=1
	Memory 553: width=1, height=128, #read-ports=1, #write-ports=1
	Memory 554: width=1, height=128, #read-ports=1, #write-ports=1
	Memory 555: width=42, height=128, #read-ports=1, #write-ports=1
	Memory 556: width=1, height=128, #read-ports=1, #write-ports=1
	Memory 557: width=1, height=128, #read-ports=1, #write-ports=1
	Memory 558: width=42, height=128, #read-ports=1, #write-ports=1
	Memory 559: width=1, height=128, #read-ports=1, #write-ports=1
	Memory 560: width=1, height=128, #read-ports=1, #write-ports=1
	Memory 561: width=42, height=128, #read-ports=1, #write-ports=1
	Memory 562: width=1, height=128, #read-ports=1, #write-ports=1
	Memory 563: width=1, height=128, #read-ports=1, #write-ports=1
	Memory 564: width=42, height=128, #read-ports=1, #write-ports=1
	Memory 565: width=1, height=128, #read-ports=1, #write-ports=1
	Memory 566: width=1, height=128, #read-ports=1, #write-ports=1
	Memory 567: width=42, height=128, #read-ports=1, #write-ports=1
	Memory 568: width=1, height=128, #read-ports=1, #write-ports=1
	Memory 569: width=1, height=128, #read-ports=1, #write-ports=1
	Memory 570: width=42, height=128, #read-ports=1, #write-ports=1
	Memory 571: width=1, height=128, #read-ports=1, #write-ports=1
	Memory 572: width=1, height=128, #read-ports=1, #write-ports=1
	Memory 573: width=42, height=128, #read-ports=1, #write-ports=1
	Memory 574: width=1, height=128, #read-ports=1, #write-ports=1
	Memory 575: width=1, height=128, #read-ports=1, #write-ports=1
	Memory 576: width=1, height=128, #read-ports=1, #write-ports=1
	Memory 577: width=1, height=128, #read-ports=1, #write-ports=1
	Memory 578: width=1, height=128, #read-ports=1, #write-ports=1
	Memory 579: width=1, height=128, #read-ports=1, #write-ports=1
	Memory 580: width=1, height=128, #read-ports=1, #write-ports=1
	Memory 581: width=1, height=128, #read-ports=1, #write-ports=1
	Memory 582: width=1, height=128, #read-ports=1, #write-ports=1
	Memory 583: width=1, height=128, #read-ports=1, #write-ports=1
	Memory 584: width=42, height=128, #read-ports=1, #write-ports=1
	Memory 585: width=1, height=128, #read-ports=1, #write-ports=1
	Memory 586: width=1, height=128, #read-ports=1, #write-ports=1
	Memory 587: width=42, height=128, #read-ports=1, #write-ports=1
	Memory 588: width=1, height=128, #read-ports=1, #write-ports=1
	Memory 589: width=1, height=128, #read-ports=1, #write-ports=1
	Memory 590: width=42, height=128, #read-ports=1, #write-ports=1
	Memory 591: width=1, height=128, #read-ports=1, #write-ports=1
	Memory 592: width=1, height=128, #read-ports=1, #write-ports=1
	Memory 593: width=42, height=128, #read-ports=1, #write-ports=1
	Memory 594: width=1, height=128, #read-ports=1, #write-ports=1
	Memory 595: width=1, height=128, #read-ports=1, #write-ports=1
	Memory 596: width=42, height=128, #read-ports=1, #write-ports=1
	Memory 597: width=1, height=128, #read-ports=1, #write-ports=1
	Memory 598: width=1, height=128, #read-ports=1, #write-ports=1
	Memory 599: width=42, height=128, #read-ports=1, #write-ports=1
	Memory 600: width=1, height=128, #read-ports=1, #write-ports=1
	Memory 601: width=1, height=128, #read-ports=1, #write-ports=1
	Memory 602: width=42, height=128, #read-ports=1, #write-ports=1
	Memory 603: width=1, height=128, #read-ports=1, #write-ports=1
	Memory 604: width=1, height=128, #read-ports=1, #write-ports=1
	Memory 605: width=42, height=128, #read-ports=1, #write-ports=1
	Memory 606: width=1, height=128, #read-ports=1, #write-ports=1
	Memory 607: width=1, height=128, #read-ports=1, #write-ports=1
	Memory 608: width=1, height=128, #read-ports=1, #write-ports=1
	Memory 609: width=1, height=128, #read-ports=1, #write-ports=1
	Memory 610: width=1, height=128, #read-ports=1, #write-ports=1
	Memory 611: width=1, height=128, #read-ports=1, #write-ports=1
	Memory 612: width=1, height=128, #read-ports=1, #write-ports=1
	Memory 613: width=1, height=128, #read-ports=1, #write-ports=1
	Memory 614: width=1, height=128, #read-ports=1, #write-ports=1
	Memory 615: width=1, height=128, #read-ports=1, #write-ports=1
	Memory 616: width=42, height=128, #read-ports=1, #write-ports=1
	Memory 617: width=1, height=128, #read-ports=1, #write-ports=1
	Memory 618: width=1, height=128, #read-ports=1, #write-ports=1
	Memory 619: width=42, height=128, #read-ports=1, #write-ports=1
	Memory 620: width=1, height=128, #read-ports=1, #write-ports=1
	Memory 621: width=1, height=128, #read-ports=1, #write-ports=1
	Memory 622: width=42, height=128, #read-ports=1, #write-ports=1
	Memory 623: width=1, height=128, #read-ports=1, #write-ports=1
	Memory 624: width=1, height=128, #read-ports=1, #write-ports=1
	Memory 625: width=42, height=128, #read-ports=1, #write-ports=1
	Memory 626: width=1, height=128, #read-ports=1, #write-ports=1
	Memory 627: width=1, height=128, #read-ports=1, #write-ports=1
	Memory 628: width=42, height=128, #read-ports=1, #write-ports=1
	Memory 629: width=1, height=128, #read-ports=1, #write-ports=1
	Memory 630: width=1, height=128, #read-ports=1, #write-ports=1
	Memory 631: width=42, height=128, #read-ports=1, #write-ports=1
	Memory 632: width=1, height=128, #read-ports=1, #write-ports=1
	Memory 633: width=1, height=128, #read-ports=1, #write-ports=1
	Memory 634: width=42, height=128, #read-ports=1, #write-ports=1
	Memory 635: width=1, height=128, #read-ports=1, #write-ports=1
	Memory 636: width=1, height=128, #read-ports=1, #write-ports=1
	Memory 637: width=42, height=128, #read-ports=1, #write-ports=1
	Memory 638: width=1, height=128, #read-ports=1, #write-ports=1
	Memory 639: width=1, height=128, #read-ports=1, #write-ports=1
	Memory 640: width=1, height=128, #read-ports=1, #write-ports=1
	Memory 641: width=1, height=128, #read-ports=1, #write-ports=1
	Memory 642: width=1, height=128, #read-ports=1, #write-ports=1
	Memory 643: width=1, height=128, #read-ports=1, #write-ports=1
	Memory 644: width=1, height=128, #read-ports=1, #write-ports=1
	Memory 645: width=1, height=128, #read-ports=1, #write-ports=1
	Memory 646: width=1, height=128, #read-ports=1, #write-ports=1
	Memory 647: width=1, height=128, #read-ports=1, #write-ports=1
	Memory 648: width=50, height=256, #read-ports=1, #write-ports=1
	Memory 649: width=8, height=1024, #read-ports=1, #write-ports=1
Total time: 4861.00 seconds.

